PLINK v1.90b6.21 64-bit (19 Oct 2020)
Options in effect:
  --1
  --all-pheno
  --allow-no-sex
  --bfile /scratch/mjb51923/Ab10_Global_Survey/out/AlignGBS_HiFiAb10Corrected_v2/CoordinateOnly_Ab10BChrom.chr1to9.filt4.1Perc
  --covar /scratch/mjb51923/Ab10_Global_Survey/Ab10-Global-Survey/8_SNPs/plink.eigenvec
  --logistic
  --out Ab10_logistic_results_PCA
  --pheno /scratch/mjb51923/Ab10_Global_Survey/out/AlignGBS_HiFiAb10Corrected_v2/Ab10Call_ForPLINK.txt

Hostname: c4-20
Working directory: /scratch/mjb51923/Ab10_Global_Survey/Ab10-Global-Survey/8_SNPs
Start time: Thu Feb 13 11:01:00 2025

Random number seed: 1739462460
192032 MB RAM detected; reserving 96016 MB for main workspace.
354 variants loaded from .bim file.
4446 people (0 males, 0 females, 4446 ambiguous) loaded from .fam.
Ambiguous sex IDs written to Ab10_logistic_results_PCA.nosex .
4031 phenotype values present after --pheno.
Using 1 thread (no multithreaded calculations invoked).
--covar: 10 covariates loaded.
Before main variant filters, 4446 founders and 0 nonfounders present.
Calculating allele frequencies... done.
Total genotyping rate is 0.843922.
354 variants and 4446 people pass filters and QC.
Among remaining phenotypes, 4031 are cases and 0 are controls.  (415 phenotypes
are missing.)
4031 phenotype values present after --pheno.
PHENOTYPE has 4031 cases, 0 controls, and 415 missing phenotypes.
Warning: Skipping --linear/--logistic since phenotype is constant.

End time: Thu Feb 13 11:01:00 2025
