To execute Beagle-5.4.22Jul22.46e run: java -jar ${EBROOTBEAGLE}/beagle.jar
############ working on chr8
beagle.22Jul22.46e.jar (version 5.4)
Copyright (C) 2014-2022 Brian L. Browning
Enter "java -jar beagle.22Jul22.46e.jar" to list command line argument
Start time: 02:11 PM EDT on 18 Mar 2025

Command line: java -Xmx92160m -jar beagle.22Jul22.46e.jar
  gt=/scratch/mjb51923/Ab10_Global_Survey/out/AlignGBS_HiFiAb10Corrected_v2/GWAS_Mo17_Ab10.chr.filt2_chr8.vcf.gz
  out=/scratch/mjb51923/Ab10_Global_Survey/out/AlignGBS_HiFiAb10Corrected_v2GWAS_Mo17_Ab10.chr.filt2_chr8.imputed.vcf.gz
  nthreads=24

No genetic map is specified: using 1 cM = 1 Mb

Reference samples:                    0
Study     samples:               10,567

Window 1 [8:299265-40240808]
Study     markers:                7,324

Burnin  iteration 1:           33 seconds
Burnin  iteration 2:           29 seconds
Burnin  iteration 3:           29 seconds

Estimated ne:                  2632676
Estimated err:                 2.8e-03

Phasing iteration 1:           28 seconds
Phasing iteration 2:           27 seconds
Phasing iteration 3:           27 seconds
Phasing iteration 4:           29 seconds
Phasing iteration 5:           27 seconds
Phasing iteration 6:           28 seconds
Phasing iteration 7:           28 seconds
Phasing iteration 8:           27 seconds
Phasing iteration 9:           27 seconds
Phasing iteration 10:          28 seconds
Phasing iteration 11:          27 seconds
Phasing iteration 12:          23 seconds

Window 2 [8:38151519-78285377]
Study     markers:                2,913

Burnin  iteration 1:           12 seconds
Burnin  iteration 2:           11 seconds
Burnin  iteration 3:           10 seconds

Estimated ne:                  906692
Estimated err:                 1.7e-03

Phasing iteration 1:           10 seconds
Phasing iteration 2:           10 seconds
Phasing iteration 3:           11 seconds
Phasing iteration 4:           10 seconds
Phasing iteration 5:           10 seconds
Phasing iteration 6:           10 seconds
Phasing iteration 7:           10 seconds
Phasing iteration 8:           10 seconds
Phasing iteration 9:           9 seconds
Phasing iteration 10:          10 seconds
Phasing iteration 11:          11 seconds
Phasing iteration 12:          10 seconds

Window 3 [8:76256096-116282614]
Study     markers:                4,589

Burnin  iteration 1:           20 seconds
Burnin  iteration 2:           18 seconds
Burnin  iteration 3:           17 seconds

Estimated ne:                  1635328
Estimated err:                 1.7e-03

Phasing iteration 1:           18 seconds
Phasing iteration 2:           15 seconds
Phasing iteration 3:           15 seconds
Phasing iteration 4:           16 seconds
Phasing iteration 5:           15 seconds
Phasing iteration 6:           15 seconds
Phasing iteration 7:           15 seconds
Phasing iteration 8:           16 seconds
Phasing iteration 9:           16 seconds
Phasing iteration 10:          16 seconds
Phasing iteration 11:          16 seconds
Phasing iteration 12:          15 seconds

Window 4 [8:114214233-154299066]
Study     markers:                6,829

Burnin  iteration 1:           31 seconds
Burnin  iteration 2:           26 seconds
Burnin  iteration 3:           28 seconds

Estimated ne:                  2459816
Estimated err:                 2.1e-03

Phasing iteration 1:           27 seconds
Phasing iteration 2:           26 seconds
Phasing iteration 3:           27 seconds
Phasing iteration 4:           26 seconds
Phasing iteration 5:           25 seconds
Phasing iteration 6:           25 seconds
Phasing iteration 7:           26 seconds
Phasing iteration 8:           26 seconds
Phasing iteration 9:           25 seconds
Phasing iteration 10:          25 seconds
Phasing iteration 11:          32 seconds
Phasing iteration 12:          24 seconds

Window 5 [8:152245177-192298795]
Study     markers:                5,374

Burnin  iteration 1:           21 seconds
Burnin  iteration 2:           19 seconds
Burnin  iteration 3:           20 seconds

Estimated ne:                  1252018
Estimated err:                 3.3e-03

Phasing iteration 1:           20 seconds
Phasing iteration 2:           19 seconds
Phasing iteration 3:           19 seconds
Phasing iteration 4:           19 seconds
Phasing iteration 5:           18 seconds
Phasing iteration 6:           25 seconds
Phasing iteration 7:           22 seconds
Phasing iteration 8:           18 seconds
Phasing iteration 9:           20 seconds
Phasing iteration 10:          19 seconds
Phasing iteration 11:          18 seconds
Phasing iteration 12:          18 seconds

Window 6 [8:190149572-208378064]
Study     markers:                8,046

Burnin  iteration 1:           35 seconds
Burnin  iteration 2:           32 seconds
Burnin  iteration 3:           32 seconds

Estimated ne:                  6262679
Estimated err:                 2.2e-03

Phasing iteration 1:           31 seconds
Phasing iteration 2:           29 seconds
Phasing iteration 3:           29 seconds
Phasing iteration 4:           30 seconds
Phasing iteration 5:           30 seconds
Phasing iteration 6:           26 seconds
Phasing iteration 7:           30 seconds
Phasing iteration 8:           25 seconds
Phasing iteration 9:           29 seconds
Phasing iteration 10:          28 seconds
Phasing iteration 11:          23 seconds
Phasing iteration 12:          21 seconds

Cumulative Statistics:

Study     markers:               32,673

Haplotype phasing time:        32 minutes 20 seconds
Total time:                    33 minutes 22 seconds

End time: 02:44 PM EDT on 18 Mar 2025
beagle.22Jul22.46e.jar finished
