To execute Beagle-5.4.22Jul22.46e run: java -jar ${EBROOTBEAGLE}/beagle.jar
/var/lib/slurmd/job35848410/slurm_script: line 25: GWAS_Mo17_Bchr.chr.landrace.filt_chr5.vcf.gz: command not found
############ working on chr3
beagle.22Jul22.46e.jar (version 5.4)
Copyright (C) 2014-2022 Brian L. Browning
Enter "java -jar beagle.22Jul22.46e.jar" to list command line argument
Start time: 08:45 PM EDT on 22 Mar 2025

Command line: java -Xmx92160m -jar beagle.22Jul22.46e.jar
  gt=/scratch/mjb51923/Ab10_Global_Survey/out/AlignGBS_HiFiAb10Corrected_v2/GWAS_Mo17_Bchr.chr.landrace.filt_chr3.vcf.gz
  out=/scratch/mjb51923/Ab10_Global_Survey/out/AlignGBS_HiFiAb10Corrected_v2/GWAS_Mo17_Bchr.chr.landrace.filt_chr3.imputed
  ne=1000
  nthreads=24

No genetic map is specified: using 1 cM = 1 Mb

Reference samples:                    0
Study     samples:                5,401

Window 1 [3:141775-40134138]
Study     markers:                1,507

Burnin  iteration 1:           3 seconds
Burnin  iteration 2:           3 seconds
Burnin  iteration 3:           1 second

Estimated ne:                  728576
Estimated err:                 9.8e-03

Phasing iteration 1:           1 second
Phasing iteration 2:           1 second
Phasing iteration 3:           1 second
Phasing iteration 4:           1 second
Phasing iteration 5:           1 second
Phasing iteration 6:           1 second
Phasing iteration 7:           1 second
Phasing iteration 8:           1 second
Phasing iteration 9:           1 second
Phasing iteration 10:          1 second
Phasing iteration 11:          1 second
Phasing iteration 12:          1 second

Window 2 [3:37943497-77824978]
Study     markers:                  506

Burnin  iteration 1:           1 second
Burnin  iteration 2:           0 seconds
Burnin  iteration 3:           0 seconds

Estimated ne:                  219263
Estimated err:                 5.4e-03

Phasing iteration 1:           0 seconds
Phasing iteration 2:           0 seconds
Phasing iteration 3:           0 seconds
Phasing iteration 4:           0 seconds
Phasing iteration 5:           0 seconds
Phasing iteration 6:           0 seconds
Phasing iteration 7:           0 seconds
Phasing iteration 8:           0 seconds
Phasing iteration 9:           0 seconds
Phasing iteration 10:          0 seconds
Phasing iteration 11:          0 seconds
Phasing iteration 12:          0 seconds

Window 3 [3:75369291-116119554]
Study     markers:                  206

Burnin  iteration 1:           0 seconds
Burnin  iteration 2:           0 seconds
Burnin  iteration 3:           0 seconds

Estimated ne:                  98203
Estimated err:                 2.7e-03

Phasing iteration 1:           0 seconds
Phasing iteration 2:           0 seconds
Phasing iteration 3:           0 seconds
Phasing iteration 4:           0 seconds
Phasing iteration 5:           0 seconds
Phasing iteration 6:           0 seconds
Phasing iteration 7:           0 seconds
Phasing iteration 8:           0 seconds
Phasing iteration 9:           0 seconds
Phasing iteration 10:          0 seconds
Phasing iteration 11:          0 seconds
Phasing iteration 12:          0 seconds

Window 4 [3:114038073-153993601]
Study     markers:                  791

Burnin  iteration 1:           1 second
Burnin  iteration 2:           1 second
Burnin  iteration 3:           1 second

Estimated ne:                  366730
Estimated err:                 5.6e-03

Phasing iteration 1:           1 second
Phasing iteration 2:           1 second
Phasing iteration 3:           1 second
Phasing iteration 4:           1 second
Phasing iteration 5:           1 second
Phasing iteration 6:           1 second
Phasing iteration 7:           1 second
Phasing iteration 8:           1 second
Phasing iteration 9:           1 second
Phasing iteration 10:          1 second
Phasing iteration 11:          1 second
Phasing iteration 12:          1 second

Window 5 [3:151987507-192075739]
Study     markers:                1,260

Burnin  iteration 1:           1 second
Burnin  iteration 2:           1 second
Burnin  iteration 3:           1 second

Estimated ne:                  571002
Estimated err:                 7.1e-03

Phasing iteration 1:           1 second
Phasing iteration 2:           1 second
Phasing iteration 3:           1 second
Phasing iteration 4:           1 second
Phasing iteration 5:           1 second
Phasing iteration 6:           1 second
Phasing iteration 7:           1 second
Phasing iteration 8:           1 second
Phasing iteration 9:           1 second
Phasing iteration 10:          1 second
Phasing iteration 11:          1 second
Phasing iteration 12:          1 second

Window 6 [3:189940528-229943654]
Study     markers:                1,801

Burnin  iteration 1:           2 seconds
Burnin  iteration 2:           1 second
Burnin  iteration 3:           1 second

Estimated ne:                  815174
Estimated err:                 7.4e-03

Phasing iteration 1:           1 second
Phasing iteration 2:           1 second
Phasing iteration 3:           1 second
Phasing iteration 4:           1 second
Phasing iteration 5:           1 second
Phasing iteration 6:           1 second
Phasing iteration 7:           1 second
Phasing iteration 8:           1 second
Phasing iteration 9:           1 second
Phasing iteration 10:          1 second
Phasing iteration 11:          1 second
Phasing iteration 12:          1 second

Window 7 [3:227787686-242190634]
Study     markers:                  650

Burnin  iteration 1:           1 second
Burnin  iteration 2:           1 second
Burnin  iteration 3:           0 seconds

Estimated ne:                  857506
Estimated err:                 7.4e-03

Phasing iteration 1:           0 seconds
Phasing iteration 2:           0 seconds
Phasing iteration 3:           0 seconds
Phasing iteration 4:           1 second
Phasing iteration 5:           0 seconds
Phasing iteration 6:           0 seconds
Phasing iteration 7:           0 seconds
Phasing iteration 8:           0 seconds
Phasing iteration 9:           0 seconds
Phasing iteration 10:          0 seconds
Phasing iteration 11:          0 seconds
Phasing iteration 12:          0 seconds

Cumulative Statistics:

Study     markers:                6,379

Haplotype phasing time:        1 minute 16 seconds
Total time:                    1 minute 31 seconds

End time: 08:47 PM EDT on 22 Mar 2025
beagle.22Jul22.46e.jar finished
[W::vcf_parse] Contig '3' is not defined in the header. (Quick workaround: index the file with tabix.)
Checking the headers and starting positions of 10 files
Concatenating /scratch/mjb51923/Ab10_Global_Survey/out/AlignGBS_HiFiAb10Corrected_v2/GWAS_Mo17_Bchr.chr.landrace.filt_chr1.imputed.filt.vcf.gz	0.002182 seconds
Concatenating /scratch/mjb51923/Ab10_Global_Survey/out/AlignGBS_HiFiAb10Corrected_v2/GWAS_Mo17_Bchr.chr.landrace.filt_chr10.imputed.filt.vcf.gz	0.001926 seconds
Concatenating /scratch/mjb51923/Ab10_Global_Survey/out/AlignGBS_HiFiAb10Corrected_v2/GWAS_Mo17_Bchr.chr.landrace.filt_chr2.imputed.filt.vcf.gz	0.002338 seconds
Concatenating /scratch/mjb51923/Ab10_Global_Survey/out/AlignGBS_HiFiAb10Corrected_v2/GWAS_Mo17_Bchr.chr.landrace.filt_chr3.imputed.filt.vcf.gz	0.001828 seconds
Concatenating /scratch/mjb51923/Ab10_Global_Survey/out/AlignGBS_HiFiAb10Corrected_v2/GWAS_Mo17_Bchr.chr.landrace.filt_chr4.imputed.filt.vcf.gz	0.002390 seconds
Concatenating /scratch/mjb51923/Ab10_Global_Survey/out/AlignGBS_HiFiAb10Corrected_v2/GWAS_Mo17_Bchr.chr.landrace.filt_chr5.imputed.filt.vcf.gz	0.002102 seconds
Concatenating /scratch/mjb51923/Ab10_Global_Survey/out/AlignGBS_HiFiAb10Corrected_v2/GWAS_Mo17_Bchr.chr.landrace.filt_chr6.imputed.filt.vcf.gz	0.002091 seconds
Concatenating /scratch/mjb51923/Ab10_Global_Survey/out/AlignGBS_HiFiAb10Corrected_v2/GWAS_Mo17_Bchr.chr.landrace.filt_chr7.imputed.filt.vcf.gz	0.002471 seconds
Concatenating /scratch/mjb51923/Ab10_Global_Survey/out/AlignGBS_HiFiAb10Corrected_v2/GWAS_Mo17_Bchr.chr.landrace.filt_chr8.imputed.filt.vcf.gz	0.002295 seconds
Concatenating /scratch/mjb51923/Ab10_Global_Survey/out/AlignGBS_HiFiAb10Corrected_v2/GWAS_Mo17_Bchr.chr.landrace.filt_chr9.imputed.filt.vcf.gz	0.002331 seconds
