To execute Beagle-5.4.22Jul22.46e run: java -jar ${EBROOTBEAGLE}/beagle.jar
############ working on chr4
beagle.22Jul22.46e.jar (version 5.4)
Copyright (C) 2014-2022 Brian L. Browning
Enter "java -jar beagle.22Jul22.46e.jar" to list command line argument
Start time: 04:48 PM EDT on 18 Mar 2025

Command line: java -Xmx92160m -jar beagle.22Jul22.46e.jar
  gt=/scratch/mjb51923/Ab10_Global_Survey/out/AlignGBS_HiFiAb10Corrected_v2/GWAS_Mo17_Ab10.chr.filt2_chr4.vcf.gz
  out=/scratch/mjb51923/Ab10_Global_Survey/out/AlignGBS_HiFiAb10Corrected_v2/GWAS_Mo17_Ab10.chr.filt2_chr4.imputed
  nthreads=24

No genetic map is specified: using 1 cM = 1 Mb

Reference samples:                    0
Study     samples:               10,567

Window 1 [4:359661-40292875]
Study     markers:                7,980

Burnin  iteration 1:           29 seconds
Burnin  iteration 2:           22 seconds
Burnin  iteration 3:           21 seconds

Estimated ne:                  2932150
Estimated err:                 2.6e-03

Phasing iteration 1:           21 seconds
Phasing iteration 2:           24 seconds
Phasing iteration 3:           20 seconds
Phasing iteration 4:           21 seconds
Phasing iteration 5:           20 seconds
Phasing iteration 6:           20 seconds
Phasing iteration 7:           29 seconds
Phasing iteration 8:           22 seconds
Phasing iteration 9:           20 seconds
Phasing iteration 10:          19 seconds
Phasing iteration 11:          19 seconds
Phasing iteration 12:          18 seconds

Window 2 [4:38139570-78340128]
Study     markers:                3,928

Burnin  iteration 1:           11 seconds
Burnin  iteration 2:           10 seconds
Burnin  iteration 3:           13 seconds

Estimated ne:                  1348817
Estimated err:                 1.6e-03

Phasing iteration 1:           10 seconds
Phasing iteration 2:           11 seconds
Phasing iteration 3:           10 seconds
Phasing iteration 4:           12 seconds
Phasing iteration 5:           9 seconds
Phasing iteration 6:           9 seconds
Phasing iteration 7:           14 seconds
Phasing iteration 8:           9 seconds
Phasing iteration 9:           10 seconds
Phasing iteration 10:          9 seconds
Phasing iteration 11:          12 seconds
Phasing iteration 12:          8 seconds

Window 3 [4:76296416-116355637]
Study     markers:                2,119

Burnin  iteration 1:           7 seconds
Burnin  iteration 2:           5 seconds
Burnin  iteration 3:           6 seconds

Estimated ne:                  819135
Estimated err:                 1.6e-03

Phasing iteration 1:           6 seconds
Phasing iteration 2:           6 seconds
Phasing iteration 3:           5 seconds
Phasing iteration 4:           8 seconds
Phasing iteration 5:           5 seconds
Phasing iteration 6:           7 seconds
Phasing iteration 7:           5 seconds
Phasing iteration 8:           5 seconds
Phasing iteration 9:           5 seconds
Phasing iteration 10:          5 seconds
Phasing iteration 11:          5 seconds
Phasing iteration 12:          5 seconds

Window 4 [4:114315916-154336889]
Study     markers:                2,977

Burnin  iteration 1:           9 seconds
Burnin  iteration 2:           9 seconds
Burnin  iteration 3:           8 seconds

Estimated ne:                  1089407
Estimated err:                 2.0e-03

Phasing iteration 1:           8 seconds
Phasing iteration 2:           8 seconds
Phasing iteration 3:           7 seconds
Phasing iteration 4:           7 seconds
Phasing iteration 5:           8 seconds
Phasing iteration 6:           8 seconds
Phasing iteration 7:           7 seconds
Phasing iteration 8:           9 seconds
Phasing iteration 9:           9 seconds
Phasing iteration 10:          7 seconds
Phasing iteration 11:          8 seconds
Phasing iteration 12:          7 seconds

Window 5 [4:152316365-192357396]
Study     markers:                9,134

Burnin  iteration 1:           29 seconds
Burnin  iteration 2:           31 seconds
Burnin  iteration 3:           26 seconds

Estimated ne:                  3015228
Estimated err:                 2.1e-03

Phasing iteration 1:           25 seconds
Phasing iteration 2:           25 seconds
Phasing iteration 3:           27 seconds
Phasing iteration 4:           25 seconds
Phasing iteration 5:           25 seconds
Phasing iteration 6:           24 seconds
Phasing iteration 7:           25 seconds
Phasing iteration 8:           23 seconds
Phasing iteration 9:           23 seconds
Phasing iteration 10:          23 seconds
Phasing iteration 11:          22 seconds
Phasing iteration 12:          21 seconds

Window 6 [4:190308453-230353971]
Study     markers:                7,238

Burnin  iteration 1:           22 seconds
Burnin  iteration 2:           20 seconds
Burnin  iteration 3:           19 seconds

Estimated ne:                  2648425
Estimated err:                 2.1e-03

Phasing iteration 1:           18 seconds
Phasing iteration 2:           20 seconds
Phasing iteration 3:           19 seconds
Phasing iteration 4:           18 seconds
Phasing iteration 5:           18 seconds
Phasing iteration 6:           20 seconds
Phasing iteration 7:           19 seconds
Phasing iteration 8:           17 seconds
Phasing iteration 9:           17 seconds
Phasing iteration 10:          20 seconds
Phasing iteration 11:          20 seconds
Phasing iteration 12:          17 seconds

Window 7 [4:228298680-250816141]
Study     markers:                6,071

Burnin  iteration 1:           18 seconds
Burnin  iteration 2:           23 seconds
Burnin  iteration 3:           17 seconds

Estimated ne:                  4215109
Estimated err:                 2.6e-03

Phasing iteration 1:           16 seconds
Phasing iteration 2:           16 seconds
Phasing iteration 3:           15 seconds
Phasing iteration 4:           15 seconds
Phasing iteration 5:           15 seconds
Phasing iteration 6:           15 seconds
Phasing iteration 7:           21 seconds
Phasing iteration 8:           17 seconds
Phasing iteration 9:           14 seconds
Phasing iteration 10:          16 seconds
Phasing iteration 11:          14 seconds
Phasing iteration 12:          21 seconds

Cumulative Statistics:

Study     markers:               37,967

Haplotype phasing time:        26 minutes 37 seconds
Total time:                    27 minutes 26 seconds

End time: 05:16 PM EDT on 18 Mar 2025
beagle.22Jul22.46e.jar finished
[W::bcf_hdr_check_sanity] PL should be declared as Number=G
[filter.c:2903 filters_init1] Error: the tag "DR2" is not defined in the VCF header
[tabix] the compression of '/scratch/mjb51923/Ab10_Global_Survey/out/AlignGBS_HiFiAb10Corrected_v2/GWAS_Mo17_Ab10.chr.filt2_chr4.imputed.vcf.gz' is not BGZF
Checking the headers and starting positions of 10 files
[E::bcf_hdr_read] Input is not detected as bcf or vcf format
Failed to parse header: /scratch/mjb51923/Ab10_Global_Survey/out/AlignGBS_HiFiAb10Corrected_v2/GWAS_Mo17_Ab10.chr.filt2_chr10.imputed.vcf.gz
