To execute Beagle-5.4.22Jul22.46e run: java -jar ${EBROOTBEAGLE}/beagle.jar
############ working on chr8
beagle.22Jul22.46e.jar (version 5.4)
Copyright (C) 2014-2022 Brian L. Browning
Enter "java -jar beagle.22Jul22.46e.jar" to list command line argument
Start time: 04:32 PM EDT on 18 Mar 2025

Command line: java -Xmx92160m -jar beagle.22Jul22.46e.jar
  gt=/scratch/mjb51923/Ab10_Global_Survey/out/AlignGBS_HiFiAb10Corrected_v2/GWAS_Mo17_Ab10.chr.filt2_chr8.vcf.gz
  out=/scratch/mjb51923/Ab10_Global_Survey/out/AlignGBS_HiFiAb10Corrected_v2/GWAS_Mo17_Ab10.chr.filt2_chr8.imputed
  nthreads=24

No genetic map is specified: using 1 cM = 1 Mb

Reference samples:                    0
Study     samples:               10,567

Window 1 [8:299265-40240808]
Study     markers:                7,324

Burnin  iteration 1:           16 seconds
Burnin  iteration 2:           14 seconds
Burnin  iteration 3:           13 seconds

Estimated ne:                  2632676
Estimated err:                 2.8e-03

Phasing iteration 1:           12 seconds
Phasing iteration 2:           14 seconds
Phasing iteration 3:           12 seconds
Phasing iteration 4:           12 seconds
Phasing iteration 5:           13 seconds
Phasing iteration 6:           11 seconds
Phasing iteration 7:           12 seconds
Phasing iteration 8:           11 seconds
Phasing iteration 9:           12 seconds
Phasing iteration 10:          12 seconds
Phasing iteration 11:          11 seconds
Phasing iteration 12:          11 seconds

Window 2 [8:38151519-78285377]
Study     markers:                2,913

Burnin  iteration 1:           6 seconds
Burnin  iteration 2:           5 seconds
Burnin  iteration 3:           5 seconds

Estimated ne:                  906692
Estimated err:                 1.7e-03

Phasing iteration 1:           5 seconds
Phasing iteration 2:           4 seconds
Phasing iteration 3:           4 seconds
Phasing iteration 4:           4 seconds
Phasing iteration 5:           4 seconds
Phasing iteration 6:           4 seconds
Phasing iteration 7:           4 seconds
Phasing iteration 8:           4 seconds
Phasing iteration 9:           4 seconds
Phasing iteration 10:          4 seconds
Phasing iteration 11:          4 seconds
Phasing iteration 12:          4 seconds

Window 3 [8:76256096-116282614]
Study     markers:                4,589

Burnin  iteration 1:           9 seconds
Burnin  iteration 2:           8 seconds
Burnin  iteration 3:           8 seconds

Estimated ne:                  1635328
Estimated err:                 1.7e-03

Phasing iteration 1:           8 seconds
Phasing iteration 2:           7 seconds
Phasing iteration 3:           7 seconds
Phasing iteration 4:           8 seconds
Phasing iteration 5:           8 seconds
Phasing iteration 6:           7 seconds
Phasing iteration 7:           7 seconds
Phasing iteration 8:           7 seconds
Phasing iteration 9:           7 seconds
Phasing iteration 10:          7 seconds
Phasing iteration 11:          7 seconds
Phasing iteration 12:          7 seconds

Window 4 [8:114214233-154299066]
Study     markers:                6,829

Burnin  iteration 1:           14 seconds
Burnin  iteration 2:           12 seconds
Burnin  iteration 3:           12 seconds

Estimated ne:                  2459816
Estimated err:                 2.1e-03

Phasing iteration 1:           13 seconds
Phasing iteration 2:           11 seconds
Phasing iteration 3:           12 seconds
Phasing iteration 4:           11 seconds
Phasing iteration 5:           10 seconds
Phasing iteration 6:           11 seconds
Phasing iteration 7:           11 seconds
Phasing iteration 8:           11 seconds
Phasing iteration 9:           10 seconds
Phasing iteration 10:          11 seconds
Phasing iteration 11:          11 seconds
Phasing iteration 12:          10 seconds

Window 5 [8:152245177-192298795]
Study     markers:                5,374

Burnin  iteration 1:           10 seconds
Burnin  iteration 2:           9 seconds
Burnin  iteration 3:           9 seconds

Estimated ne:                  1252018
Estimated err:                 3.3e-03

Phasing iteration 1:           8 seconds
Phasing iteration 2:           8 seconds
Phasing iteration 3:           9 seconds
Phasing iteration 4:           9 seconds
Phasing iteration 5:           9 seconds
Phasing iteration 6:           9 seconds
Phasing iteration 7:           8 seconds
Phasing iteration 8:           8 seconds
Phasing iteration 9:           8 seconds
Phasing iteration 10:          8 seconds
Phasing iteration 11:          8 seconds
Phasing iteration 12:          8 seconds

Window 6 [8:190149572-208378064]
Study     markers:                8,046

Burnin  iteration 1:           16 seconds
Burnin  iteration 2:           14 seconds
Burnin  iteration 3:           14 seconds

Estimated ne:                  6262679
Estimated err:                 2.2e-03

Phasing iteration 1:           13 seconds
Phasing iteration 2:           14 seconds
Phasing iteration 3:           13 seconds
Phasing iteration 4:           14 seconds
Phasing iteration 5:           12 seconds
Phasing iteration 6:           12 seconds
Phasing iteration 7:           12 seconds
Phasing iteration 8:           13 seconds
Phasing iteration 9:           12 seconds
Phasing iteration 10:          12 seconds
Phasing iteration 11:          12 seconds
Phasing iteration 12:          11 seconds

Cumulative Statistics:

Study     markers:               32,673

Haplotype phasing time:        14 minutes 15 seconds
Total time:                    14 minutes 48 seconds

End time: 04:46 PM EDT on 18 Mar 2025
beagle.22Jul22.46e.jar finished
[W::bcf_hdr_check_sanity] PL should be declared as Number=G
[filter.c:2903 filters_init1] Error: the tag "R2" is not defined in the VCF header
[tabix] the compression of '/scratch/mjb51923/Ab10_Global_Survey/out/AlignGBS_HiFiAb10Corrected_v2/GWAS_Mo17_Ab10.chr.filt2_chr8.imputed.vcf.gz' is not BGZF
Checking the headers and starting positions of 10 files
[E::bcf_hdr_read] Input is not detected as bcf or vcf format
Failed to parse header: /scratch/mjb51923/Ab10_Global_Survey/out/AlignGBS_HiFiAb10Corrected_v2/GWAS_Mo17_Ab10.chr.filt2_chr8.imputed.vcf.gz
