To execute Beagle-5.4.22Jul22.46e run: java -jar ${EBROOTBEAGLE}/beagle.jar
############ working on chr3
beagle.22Jul22.46e.jar (version 5.4)
Copyright (C) 2014-2022 Brian L. Browning
Enter "java -jar beagle.22Jul22.46e.jar" to list command line argument
Start time: 05:02 PM EDT on 18 Mar 2025

Command line: java -Xmx92160m -jar beagle.22Jul22.46e.jar
  gt=/scratch/mjb51923/Ab10_Global_Survey/out/AlignGBS_HiFiAb10Corrected_v2/GWAS_Mo17_K10L2.chr.filt2_chr3.vcf.gz
  out=/scratch/mjb51923/Ab10_Global_Survey/out/AlignGBS_HiFiAb10Corrected_v2/GWAS_Mo17_K10L2.chr.filt2_chr3.imputed
  nthreads=24

No genetic map is specified: using 1 cM = 1 Mb

Reference samples:                    0
Study     samples:               10,567

Window 1 [3:81708-40055393]
Study     markers:                9,918

Burnin  iteration 1:           26 seconds
Burnin  iteration 2:           22 seconds
Burnin  iteration 3:           21 seconds

Estimated ne:                  3668557
Estimated err:                 2.9e-03

Phasing iteration 1:           19 seconds
Phasing iteration 2:           20 seconds
Phasing iteration 3:           22 seconds
Phasing iteration 4:           19 seconds
Phasing iteration 5:           20 seconds
Phasing iteration 6:           21 seconds
Phasing iteration 7:           22 seconds
Phasing iteration 8:           21 seconds
Phasing iteration 9:           22 seconds
Phasing iteration 10:          21 seconds
Phasing iteration 11:          21 seconds
Phasing iteration 12:          20 seconds

Window 2 [3:37944126-77854022]
Study     markers:                3,477

Burnin  iteration 1:           7 seconds
Burnin  iteration 2:           7 seconds
Burnin  iteration 3:           6 seconds

Estimated ne:                  1236706
Estimated err:                 1.9e-03

Phasing iteration 1:           6 seconds
Phasing iteration 2:           6 seconds
Phasing iteration 3:           6 seconds
Phasing iteration 4:           7 seconds
Phasing iteration 5:           6 seconds
Phasing iteration 6:           6 seconds
Phasing iteration 7:           6 seconds
Phasing iteration 8:           6 seconds
Phasing iteration 9:           6 seconds
Phasing iteration 10:          6 seconds
Phasing iteration 11:          5 seconds
Phasing iteration 12:          6 seconds

Window 3 [3:75633224-116025969]
Study     markers:                2,163

Burnin  iteration 1:           5 seconds
Burnin  iteration 2:           4 seconds
Burnin  iteration 3:           4 seconds

Estimated ne:                  763247
Estimated err:                 1.3e-03

Phasing iteration 1:           4 seconds
Phasing iteration 2:           4 seconds
Phasing iteration 3:           4 seconds
Phasing iteration 4:           4 seconds
Phasing iteration 5:           4 seconds
Phasing iteration 6:           3 seconds
Phasing iteration 7:           3 seconds
Phasing iteration 8:           3 seconds
Phasing iteration 9:           3 seconds
Phasing iteration 10:          3 seconds
Phasing iteration 11:          3 seconds
Phasing iteration 12:          3 seconds

Window 4 [3:113889443-154000296]
Study     markers:                5,435

Burnin  iteration 1:           13 seconds
Burnin  iteration 2:           11 seconds
Burnin  iteration 3:           11 seconds

Estimated ne:                  1797475
Estimated err:                 2.0e-03

Phasing iteration 1:           12 seconds
Phasing iteration 2:           12 seconds
Phasing iteration 3:           11 seconds
Phasing iteration 4:           11 seconds
Phasing iteration 5:           10 seconds
Phasing iteration 6:           10 seconds
Phasing iteration 7:           10 seconds
Phasing iteration 8:           11 seconds
Phasing iteration 9:           12 seconds
Phasing iteration 10:          11 seconds
Phasing iteration 11:          10 seconds
Phasing iteration 12:          9 seconds

Window 5 [3:151998363-192076611]
Study     markers:                8,684

Burnin  iteration 1:           21 seconds
Burnin  iteration 2:           21 seconds
Burnin  iteration 3:           20 seconds

Estimated ne:                  2965390
Estimated err:                 2.5e-03

Phasing iteration 1:           19 seconds
Phasing iteration 2:           18 seconds
Phasing iteration 3:           18 seconds
Phasing iteration 4:           17 seconds
Phasing iteration 5:           17 seconds
Phasing iteration 6:           16 seconds
Phasing iteration 7:           17 seconds
Phasing iteration 8:           16 seconds
Phasing iteration 9:           17 seconds
Phasing iteration 10:          16 seconds
Phasing iteration 11:          17 seconds
Phasing iteration 12:          15 seconds

Window 6 [3:190074166-230014128]
Study     markers:               11,679

Burnin  iteration 1:           28 seconds
Burnin  iteration 2:           26 seconds
Burnin  iteration 3:           25 seconds

Estimated ne:                  4033397
Estimated err:                 2.4e-03

Phasing iteration 1:           25 seconds
Phasing iteration 2:           24 seconds
Phasing iteration 3:           24 seconds
Phasing iteration 4:           22 seconds
Phasing iteration 5:           23 seconds
Phasing iteration 6:           24 seconds
Phasing iteration 7:           24 seconds
Phasing iteration 8:           22 seconds
Phasing iteration 9:           23 seconds
Phasing iteration 10:          26 seconds
Phasing iteration 11:          25 seconds
Phasing iteration 12:          21 seconds

Window 7 [3:227981698-242693285]
Study     markers:                4,463

Burnin  iteration 1:           9 seconds
Burnin  iteration 2:           8 seconds
Burnin  iteration 3:           8 seconds

Estimated ne:                  4340327
Estimated err:                 2.1e-03

Phasing iteration 1:           8 seconds
Phasing iteration 2:           7 seconds
Phasing iteration 3:           7 seconds
Phasing iteration 4:           7 seconds
Phasing iteration 5:           7 seconds
Phasing iteration 6:           7 seconds
Phasing iteration 7:           7 seconds
Phasing iteration 8:           7 seconds
Phasing iteration 9:           7 seconds
Phasing iteration 10:          8 seconds
Phasing iteration 11:          7 seconds
Phasing iteration 12:          7 seconds

Cumulative Statistics:

Study     markers:               43,389

Haplotype phasing time:        22 minutes 39 seconds
Total time:                    23 minutes 17 seconds

End time: 05:26 PM EDT on 18 Mar 2025
beagle.22Jul22.46e.jar finished
/var/lib/slurmd/job35703572/slurm_script: line 37: bcftools: command not found
/var/lib/slurmd/job35703572/slurm_script: line 38: tabix: command not found
/var/lib/slurmd/job35703572/slurm_script: line 41: bcftools: command not found
