To execute Beagle-5.4.22Jul22.46e run: java -jar ${EBROOTBEAGLE}/beagle.jar
/var/lib/slurmd/job35840479/slurm_script: line 25: GWAS_Mo17_Bchr.chr.landrace.filt_chr5.vcf.gz: command not found
############ working on chr4
beagle.22Jul22.46e.jar (version 5.4)
Copyright (C) 2014-2022 Brian L. Browning
Enter "java -jar beagle.22Jul22.46e.jar" to list command line argument
Start time: 09:53 AM EDT on 22 Mar 2025

Command line: java -Xmx92160m -jar beagle.22Jul22.46e.jar
  gt=/scratch/mjb51923/Ab10_Global_Survey/out/AlignGBS_HiFiAb10Corrected_v2/GWAS_Mo17_Bchr.chr.landrace.filt_chr4.vcf.gz
  out=/scratch/mjb51923/Ab10_Global_Survey/out/AlignGBS_HiFiAb10Corrected_v2/GWAS_Mo17_Bchr.chr.landrace.filt_chr4.imputed
  ne=1000
  nthreads=24

No genetic map is specified: using 1 cM = 1 Mb

Reference samples:                    0
Study     samples:                5,401

Window 1 [4:371206-40292875]
Study     markers:                3,410

Burnin  iteration 1:           5 seconds
Burnin  iteration 2:           3 seconds
Burnin  iteration 3:           3 seconds

Estimated ne:                  1261128
Estimated err:                 1.1e-02

Phasing iteration 1:           3 seconds
Phasing iteration 2:           3 seconds
Phasing iteration 3:           3 seconds
Phasing iteration 4:           3 seconds
Phasing iteration 5:           3 seconds
Phasing iteration 6:           3 seconds
Phasing iteration 7:           3 seconds
Phasing iteration 8:           3 seconds
Phasing iteration 9:           3 seconds
Phasing iteration 10:          2 seconds
Phasing iteration 11:          3 seconds
Phasing iteration 12:          2 seconds

Window 2 [4:37970458-78324148]
Study     markers:                1,452

Burnin  iteration 1:           1 second
Burnin  iteration 2:           1 second
Burnin  iteration 3:           1 second

Estimated ne:                  520819
Estimated err:                 7.0e-03

Phasing iteration 1:           1 second
Phasing iteration 2:           1 second
Phasing iteration 3:           1 second
Phasing iteration 4:           1 second
Phasing iteration 5:           1 second
Phasing iteration 6:           1 second
Phasing iteration 7:           1 second
Phasing iteration 8:           1 second
Phasing iteration 9:           1 second
Phasing iteration 10:          1 second
Phasing iteration 11:          1 second
Phasing iteration 12:          1 second

Window 3 [4:76296416-116305694]
Study     markers:                  646

Burnin  iteration 1:           1 second
Burnin  iteration 2:           1 second
Burnin  iteration 3:           1 second

Estimated ne:                  250570
Estimated err:                 8.5e-03

Phasing iteration 1:           0 seconds
Phasing iteration 2:           0 seconds
Phasing iteration 3:           0 seconds
Phasing iteration 4:           1 second
Phasing iteration 5:           0 seconds
Phasing iteration 6:           0 seconds
Phasing iteration 7:           0 seconds
Phasing iteration 8:           0 seconds
Phasing iteration 9:           0 seconds
Phasing iteration 10:          0 seconds
Phasing iteration 11:          0 seconds
Phasing iteration 12:          0 seconds

Window 4 [4:113487119-154336779]
Study     markers:                1,181

Burnin  iteration 1:           1 second
Burnin  iteration 2:           1 second
Burnin  iteration 3:           1 second

Estimated ne:                  415039
Estimated err:                 7.2e-03

Phasing iteration 1:           1 second
Phasing iteration 2:           1 second
Phasing iteration 3:           1 second
Phasing iteration 4:           1 second
Phasing iteration 5:           1 second
Phasing iteration 6:           1 second
Phasing iteration 7:           1 second
Phasing iteration 8:           1 second
Phasing iteration 9:           1 second
Phasing iteration 10:          1 second
Phasing iteration 11:          1 second
Phasing iteration 12:          1 second

Window 5 [4:152293354-192349390]
Study     markers:                3,994

Burnin  iteration 1:           4 seconds
Burnin  iteration 2:           3 seconds
Burnin  iteration 3:           3 seconds

Estimated ne:                  1313173
Estimated err:                 7.9e-03

Phasing iteration 1:           3 seconds
Phasing iteration 2:           3 seconds
Phasing iteration 3:           3 seconds
Phasing iteration 4:           3 seconds
Phasing iteration 5:           3 seconds
Phasing iteration 6:           3 seconds
Phasing iteration 7:           3 seconds
Phasing iteration 8:           3 seconds
Phasing iteration 9:           3 seconds
Phasing iteration 10:          3 seconds
Phasing iteration 11:          3 seconds
Phasing iteration 12:          3 seconds

Window 6 [4:190293276-230362914]
Study     markers:                2,965

Burnin  iteration 1:           3 seconds
Burnin  iteration 2:           3 seconds
Burnin  iteration 3:           3 seconds

Estimated ne:                  1120300
Estimated err:                 8.8e-03

Phasing iteration 1:           2 seconds
Phasing iteration 2:           2 seconds
Phasing iteration 3:           2 seconds
Phasing iteration 4:           2 seconds
Phasing iteration 5:           2 seconds
Phasing iteration 6:           2 seconds
Phasing iteration 7:           2 seconds
Phasing iteration 8:           2 seconds
Phasing iteration 9:           2 seconds
Phasing iteration 10:          2 seconds
Phasing iteration 11:          2 seconds
Phasing iteration 12:          2 seconds

Window 7 [4:228298640-250816115]
Study     markers:                2,698

Burnin  iteration 1:           3 seconds
Burnin  iteration 2:           2 seconds
Burnin  iteration 3:           2 seconds

Estimated ne:                  1857028
Estimated err:                 1.1e-02

Phasing iteration 1:           2 seconds
Phasing iteration 2:           2 seconds
Phasing iteration 3:           2 seconds
Phasing iteration 4:           2 seconds
Phasing iteration 5:           2 seconds
Phasing iteration 6:           2 seconds
Phasing iteration 7:           2 seconds
Phasing iteration 8:           2 seconds
Phasing iteration 9:           2 seconds
Phasing iteration 10:          2 seconds
Phasing iteration 11:          2 seconds
Phasing iteration 12:          2 seconds

Cumulative Statistics:

Study     markers:               15,762

Haplotype phasing time:        3 minutes 13 seconds
Total time:                    3 minutes 24 seconds

End time: 09:57 AM EDT on 22 Mar 2025
beagle.22Jul22.46e.jar finished
[W::vcf_parse] Contig '4' is not defined in the header. (Quick workaround: index the file with tabix.)
Checking the headers and starting positions of 3 files
Concatenating /scratch/mjb51923/Ab10_Global_Survey/out/AlignGBS_HiFiAb10Corrected_v2/GWAS_Mo17_Bchr.chr.landrace.filt_chr10.imputed.filt.vcf.gz	0.002954 seconds
Concatenating /scratch/mjb51923/Ab10_Global_Survey/out/AlignGBS_HiFiAb10Corrected_v2/GWAS_Mo17_Bchr.chr.landrace.filt_chr4.imputed.filt.vcf.gz	0.002254 seconds
Concatenating /scratch/mjb51923/Ab10_Global_Survey/out/AlignGBS_HiFiAb10Corrected_v2/GWAS_Mo17_Bchr.chr.landrace.filt_chr9.imputed.filt.vcf.gz	0.002769 seconds
