To execute Beagle-5.4.22Jul22.46e run: java -jar ${EBROOTBEAGLE}/beagle.jar
############ working on chr2
beagle.22Jul22.46e.jar (version 5.4)
Copyright (C) 2014-2022 Brian L. Browning
Enter "java -jar beagle.22Jul22.46e.jar" to list command line argument
Start time: 04:48 PM EDT on 18 Mar 2025

Command line: java -Xmx92160m -jar beagle.22Jul22.46e.jar
  gt=/scratch/mjb51923/Ab10_Global_Survey/out/AlignGBS_HiFiAb10Corrected_v2/GWAS_Mo17_Ab10.chr.filt2_chr2.vcf.gz
  out=/scratch/mjb51923/Ab10_Global_Survey/out/AlignGBS_HiFiAb10Corrected_v2/GWAS_Mo17_Ab10.chr.filt2_chr2.imputed
  nthreads=24

No genetic map is specified: using 1 cM = 1 Mb

Reference samples:                    0
Study     samples:               10,567

Window 1 [2:410557-40406734]
Study     markers:               14,156

Burnin  iteration 1:           51 seconds
Burnin  iteration 2:           44 seconds
Burnin  iteration 3:           40 seconds

Estimated ne:                  5178084
Estimated err:                 2.5e-03

Phasing iteration 1:           38 seconds
Phasing iteration 2:           37 seconds
Phasing iteration 3:           38 seconds
Phasing iteration 4:           37 seconds
Phasing iteration 5:           35 seconds
Phasing iteration 6:           38 seconds
Phasing iteration 7:           35 seconds
Phasing iteration 8:           34 seconds
Phasing iteration 9:           35 seconds
Phasing iteration 10:          34 seconds
Phasing iteration 11:          37 seconds
Phasing iteration 12:          33 seconds

Window 2 [2:38379256-78071425]
Study     markers:                6,220

Burnin  iteration 1:           18 seconds
Burnin  iteration 2:           17 seconds
Burnin  iteration 3:           16 seconds

Estimated ne:                  2191157
Estimated err:                 2.4e-03

Phasing iteration 1:           16 seconds
Phasing iteration 2:           22 seconds
Phasing iteration 3:           15 seconds
Phasing iteration 4:           15 seconds
Phasing iteration 5:           15 seconds
Phasing iteration 6:           15 seconds
Phasing iteration 7:           16 seconds
Phasing iteration 8:           15 seconds
Phasing iteration 9:           15 seconds
Phasing iteration 10:          14 seconds
Phasing iteration 11:          19 seconds
Phasing iteration 12:          14 seconds

Window 3 [2:75966903-116403931]
Study     markers:                2,499

Burnin  iteration 1:           7 seconds
Burnin  iteration 2:           8 seconds
Burnin  iteration 3:           6 seconds

Estimated ne:                  868089
Estimated err:                 1.7e-03

Phasing iteration 1:           6 seconds
Phasing iteration 2:           6 seconds
Phasing iteration 3:           6 seconds
Phasing iteration 4:           6 seconds
Phasing iteration 5:           9 seconds
Phasing iteration 6:           6 seconds
Phasing iteration 7:           6 seconds
Phasing iteration 8:           6 seconds
Phasing iteration 9:           9 seconds
Phasing iteration 10:          6 seconds
Phasing iteration 11:          6 seconds
Phasing iteration 12:          6 seconds

Window 4 [2:114327806-154303322]
Study     markers:                3,278

Burnin  iteration 1:           11 seconds
Burnin  iteration 2:           9 seconds
Burnin  iteration 3:           9 seconds

Estimated ne:                  1131544
Estimated err:                 2.1e-03

Phasing iteration 1:           8 seconds
Phasing iteration 2:           8 seconds
Phasing iteration 3:           8 seconds
Phasing iteration 4:           8 seconds
Phasing iteration 5:           8 seconds
Phasing iteration 6:           8 seconds
Phasing iteration 7:           11 seconds
Phasing iteration 8:           7 seconds
Phasing iteration 9:           8 seconds
Phasing iteration 10:          7 seconds
Phasing iteration 11:          7 seconds
Phasing iteration 12:          7 seconds

Window 5 [2:152254311-192404777]
Study     markers:                5,865

Burnin  iteration 1:           18 seconds
Burnin  iteration 2:           16 seconds
Burnin  iteration 3:           16 seconds

Estimated ne:                  2089808
Estimated err:                 2.2e-03

Phasing iteration 1:           15 seconds
Phasing iteration 2:           15 seconds
Phasing iteration 3:           15 seconds
Phasing iteration 4:           17 seconds
Phasing iteration 5:           15 seconds
Phasing iteration 6:           14 seconds
Phasing iteration 7:           15 seconds
Phasing iteration 8:           14 seconds
Phasing iteration 9:           17 seconds
Phasing iteration 10:          14 seconds
Phasing iteration 11:          14 seconds
Phasing iteration 12:          13 seconds

Window 6 [2:190293235-230318425]
Study     markers:               11,854

Burnin  iteration 1:           37 seconds
Burnin  iteration 2:           32 seconds
Burnin  iteration 3:           32 seconds

Estimated ne:                  4048250
Estimated err:                 2.4e-03

Phasing iteration 1:           32 seconds
Phasing iteration 2:           32 seconds
Phasing iteration 3:           30 seconds
Phasing iteration 4:           36 seconds
Phasing iteration 5:           31 seconds
Phasing iteration 6:           29 seconds
Phasing iteration 7:           28 seconds
Phasing iteration 8:           28 seconds
Phasing iteration 9:           40 seconds
Phasing iteration 10:          29 seconds
Phasing iteration 11:          31 seconds
Phasing iteration 12:          28 seconds

Window 7 [2:228317644-247252456]
Study     markers:                5,073

Burnin  iteration 1:           15 seconds
Burnin  iteration 2:           13 seconds
Burnin  iteration 3:           13 seconds

Estimated ne:                  3882521
Estimated err:                 2.6e-03

Phasing iteration 1:           12 seconds
Phasing iteration 2:           12 seconds
Phasing iteration 3:           12 seconds
Phasing iteration 4:           12 seconds
Phasing iteration 5:           12 seconds
Phasing iteration 6:           12 seconds
Phasing iteration 7:           12 seconds
Phasing iteration 8:           16 seconds
Phasing iteration 9:           16 seconds
Phasing iteration 10:          11 seconds
Phasing iteration 11:          15 seconds
Phasing iteration 12:          11 seconds

Cumulative Statistics:

Study     markers:               46,734

Haplotype phasing time:        32 minutes 10 seconds
Total time:                    33 minutes 8 seconds

End time: 05:21 PM EDT on 18 Mar 2025
beagle.22Jul22.46e.jar finished
[W::bcf_hdr_check_sanity] PL should be declared as Number=G
[filter.c:2903 filters_init1] Error: the tag "DR2" is not defined in the VCF header
[tabix] the compression of '/scratch/mjb51923/Ab10_Global_Survey/out/AlignGBS_HiFiAb10Corrected_v2/GWAS_Mo17_Ab10.chr.filt2_chr2.imputed.vcf.gz' is not BGZF
Checking the headers and starting positions of 10 files
[E::bcf_hdr_read] Input is not detected as bcf or vcf format
Failed to parse header: /scratch/mjb51923/Ab10_Global_Survey/out/AlignGBS_HiFiAb10Corrected_v2/GWAS_Mo17_Ab10.chr.filt2_chr10.imputed.vcf.gz
