To execute Beagle-5.4.22Jul22.46e run: java -jar ${EBROOTBEAGLE}/beagle.jar
############ working on chr5
beagle.22Jul22.46e.jar (version 5.4)
Copyright (C) 2014-2022 Brian L. Browning
Enter "java -jar beagle.22Jul22.46e.jar" to list command line argument
Start time: 04:32 PM EDT on 18 Mar 2025

Command line: java -Xmx92160m -jar beagle.22Jul22.46e.jar
  gt=/scratch/mjb51923/Ab10_Global_Survey/out/AlignGBS_HiFiAb10Corrected_v2/GWAS_Mo17_Ab10.chr.filt2_chr5.vcf.gz
  out=/scratch/mjb51923/Ab10_Global_Survey/out/AlignGBS_HiFiAb10Corrected_v2/GWAS_Mo17_Ab10.chr.filt2_chr5.imputed
  nthreads=24

No genetic map is specified: using 1 cM = 1 Mb

Reference samples:                    0
Study     samples:               10,567

Window 1 [5:122876-40118069]
Study     markers:               12,732

Burnin  iteration 1:           32 seconds
Burnin  iteration 2:           33 seconds
Burnin  iteration 3:           32 seconds

Estimated ne:                  4701466
Estimated err:                 2.5e-03

Phasing iteration 1:           32 seconds
Phasing iteration 2:           31 seconds
Phasing iteration 3:           30 seconds
Phasing iteration 4:           29 seconds
Phasing iteration 5:           26 seconds
Phasing iteration 6:           30 seconds
Phasing iteration 7:           29 seconds
Phasing iteration 8:           29 seconds
Phasing iteration 9:           28 seconds
Phasing iteration 10:          30 seconds
Phasing iteration 11:          29 seconds
Phasing iteration 12:          28 seconds

Window 2 [5:38038484-78048576]
Study     markers:                6,455

Burnin  iteration 1:           15 seconds
Burnin  iteration 2:           17 seconds
Burnin  iteration 3:           16 seconds

Estimated ne:                  2214090
Estimated err:                 2.0e-03

Phasing iteration 1:           17 seconds
Phasing iteration 2:           13 seconds
Phasing iteration 3:           16 seconds
Phasing iteration 4:           13 seconds
Phasing iteration 5:           14 seconds
Phasing iteration 6:           12 seconds
Phasing iteration 7:           15 seconds
Phasing iteration 8:           12 seconds
Phasing iteration 9:           15 seconds
Phasing iteration 10:          13 seconds
Phasing iteration 11:          14 seconds
Phasing iteration 12:          13 seconds

Window 3 [5:75881584-116117658]
Study     markers:                3,474

Burnin  iteration 1:           8 seconds
Burnin  iteration 2:           7 seconds
Burnin  iteration 3:           7 seconds

Estimated ne:                  1223074
Estimated err:                 1.8e-03

Phasing iteration 1:           7 seconds
Phasing iteration 2:           6 seconds
Phasing iteration 3:           7 seconds
Phasing iteration 4:           7 seconds
Phasing iteration 5:           6 seconds
Phasing iteration 6:           7 seconds
Phasing iteration 7:           5 seconds
Phasing iteration 8:           7 seconds
Phasing iteration 9:           6 seconds
Phasing iteration 10:          7 seconds
Phasing iteration 11:          6 seconds
Phasing iteration 12:          5 seconds

Window 4 [5:114102999-154040010]
Study     markers:                2,762

Burnin  iteration 1:           7 seconds
Burnin  iteration 2:           5 seconds
Burnin  iteration 3:           6 seconds

Estimated ne:                  1041808
Estimated err:                 1.5e-03

Phasing iteration 1:           5 seconds
Phasing iteration 2:           6 seconds
Phasing iteration 3:           5 seconds
Phasing iteration 4:           6 seconds
Phasing iteration 5:           5 seconds
Phasing iteration 6:           5 seconds
Phasing iteration 7:           5 seconds
Phasing iteration 8:           5 seconds
Phasing iteration 9:           5 seconds
Phasing iteration 10:          4 seconds
Phasing iteration 11:          5 seconds
Phasing iteration 12:          4 seconds

Window 5 [5:152008464-192044879]
Study     markers:                8,331

Burnin  iteration 1:           24 seconds
Burnin  iteration 2:           18 seconds
Burnin  iteration 3:           19 seconds

Estimated ne:                  2988092
Estimated err:                 2.4e-03

Phasing iteration 1:           16 seconds
slurmstepd: error: *** JOB 35703263 ON a4-22 CANCELLED AT 2025-03-18T16:48:03 ***
