To execute Beagle-5.4.22Jul22.46e run: java -jar ${EBROOTBEAGLE}/beagle.jar
############ working on chr9
beagle.22Jul22.46e.jar (version 5.4)
Copyright (C) 2014-2022 Brian L. Browning
Enter "java -jar beagle.22Jul22.46e.jar" to list command line argument
Start time: 02:11 PM EDT on 18 Mar 2025

Command line: java -Xmx92160m -jar beagle.22Jul22.46e.jar
  gt=/scratch/mjb51923/Ab10_Global_Survey/out/AlignGBS_HiFiAb10Corrected_v2/GWAS_Mo17_Ab10.chr.filt2_chr9.vcf.gz
  out=/scratch/mjb51923/Ab10_Global_Survey/out/AlignGBS_HiFiAb10Corrected_v2GWAS_Mo17_Ab10.chr.filt2_chr9.imputed.vcf.gz
  nthreads=24

No genetic map is specified: using 1 cM = 1 Mb

Reference samples:                    0
Study     samples:               10,567

Window 1 [9:829787-40810818]
Study     markers:                7,945

Burnin  iteration 1:           44 seconds
Burnin  iteration 2:           40 seconds
Burnin  iteration 3:           36 seconds

Estimated ne:                  2931222
Estimated err:                 2.5e-03

Phasing iteration 1:           36 seconds
Phasing iteration 2:           35 seconds
Phasing iteration 3:           36 seconds
Phasing iteration 4:           35 seconds
Phasing iteration 5:           36 seconds
Phasing iteration 6:           37 seconds
Phasing iteration 7:           36 seconds
Phasing iteration 8:           37 seconds
Phasing iteration 9:           36 seconds
Phasing iteration 10:          39 seconds
Phasing iteration 11:          37 seconds
Phasing iteration 12:          37 seconds

Window 2 [9:38797734-78827892]
Study     markers:                2,826

Burnin  iteration 1:           16 seconds
Burnin  iteration 2:           14 seconds
Burnin  iteration 3:           13 seconds

Estimated ne:                  977164
Estimated err:                 1.7e-03

Phasing iteration 1:           12 seconds
Phasing iteration 2:           12 seconds
Phasing iteration 3:           12 seconds
Phasing iteration 4:           12 seconds
Phasing iteration 5:           11 seconds
Phasing iteration 6:           11 seconds
Phasing iteration 7:           11 seconds
Phasing iteration 8:           11 seconds
Phasing iteration 9:           11 seconds
Phasing iteration 10:          11 seconds
Phasing iteration 11:          11 seconds
Phasing iteration 12:          11 seconds

Window 3 [9:76816957-116823004]
Study     markers:                4,891

Burnin  iteration 1:           26 seconds
Burnin  iteration 2:           23 seconds
Burnin  iteration 3:           23 seconds

Estimated ne:                  1623586
Estimated err:                 2.0e-03

Phasing iteration 1:           21 seconds
Phasing iteration 2:           21 seconds
Phasing iteration 3:           21 seconds
Phasing iteration 4:           21 seconds
Phasing iteration 5:           21 seconds
Phasing iteration 6:           22 seconds
Phasing iteration 7:           21 seconds
Phasing iteration 8:           21 seconds
Phasing iteration 9:           20 seconds
Phasing iteration 10:          20 seconds
Phasing iteration 11:          21 seconds
Phasing iteration 12:          19 seconds

Window 4 [9:114799637-154779021]
Study     markers:                9,615

Burnin  iteration 1:           49 seconds
Burnin  iteration 2:           44 seconds
Burnin  iteration 3:           45 seconds

Estimated ne:                  3415575
Estimated err:                 2.0e-03

Phasing iteration 1:           42 seconds
Phasing iteration 2:           41 seconds
Phasing iteration 3:           41 seconds
Phasing iteration 4:           41 seconds
Phasing iteration 5:           42 seconds
Phasing iteration 6:           42 seconds
Phasing iteration 7:           39 seconds
Phasing iteration 8:           41 seconds
Phasing iteration 9:           41 seconds
Phasing iteration 10:          40 seconds
Phasing iteration 11:          41 seconds
Phasing iteration 12:          40 seconds

Window 5 [9:152692586-167873056]
Study     markers:                6,072

Burnin  iteration 1:           30 seconds
Burnin  iteration 2:           28 seconds
Burnin  iteration 3:           28 seconds

Estimated ne:                  5544819
Estimated err:                 2.2e-03

Phasing iteration 1:           26 seconds
Phasing iteration 2:           26 seconds
Phasing iteration 3:           25 seconds
Phasing iteration 4:           25 seconds
Phasing iteration 5:           24 seconds
Phasing iteration 6:           23 seconds
Phasing iteration 7:           23 seconds
Phasing iteration 8:           23 seconds
Phasing iteration 9:           23 seconds
Phasing iteration 10:          23 seconds
Phasing iteration 11:          23 seconds
Phasing iteration 12:          22 seconds

Cumulative Statistics:

Study     markers:               29,734

Haplotype phasing time:        34 minutes 16 seconds
Total time:                    35 minutes 15 seconds

End time: 02:46 PM EDT on 18 Mar 2025
beagle.22Jul22.46e.jar finished
