To execute Beagle-5.4.22Jul22.46e run: java -jar ${EBROOTBEAGLE}/beagle.jar
############ working on chr4
beagle.22Jul22.46e.jar (version 5.4)
Copyright (C) 2014-2022 Brian L. Browning
Enter "java -jar beagle.22Jul22.46e.jar" to list command line argument
Start time: 05:02 PM EDT on 18 Mar 2025

Command line: java -Xmx92160m -jar beagle.22Jul22.46e.jar
  gt=/scratch/mjb51923/Ab10_Global_Survey/out/AlignGBS_HiFiAb10Corrected_v2/GWAS_Mo17_K10L2.chr.filt2_chr4.vcf.gz
  out=/scratch/mjb51923/Ab10_Global_Survey/out/AlignGBS_HiFiAb10Corrected_v2/GWAS_Mo17_K10L2.chr.filt2_chr4.imputed
  nthreads=24

No genetic map is specified: using 1 cM = 1 Mb

Reference samples:                    0
Study     samples:               10,567

Window 1 [4:359661-40292875]
Study     markers:                8,177

Burnin  iteration 1:           18 seconds
Burnin  iteration 2:           17 seconds
Burnin  iteration 3:           14 seconds

Estimated ne:                  2972155
Estimated err:                 2.6e-03

Phasing iteration 1:           14 seconds
Phasing iteration 2:           14 seconds
Phasing iteration 3:           14 seconds
Phasing iteration 4:           15 seconds
Phasing iteration 5:           16 seconds
Phasing iteration 6:           14 seconds
Phasing iteration 7:           14 seconds
Phasing iteration 8:           14 seconds
Phasing iteration 9:           15 seconds
Phasing iteration 10:          13 seconds
Phasing iteration 11:          13 seconds
Phasing iteration 12:          13 seconds

Window 2 [4:38139570-78340128]
Study     markers:                3,936

Burnin  iteration 1:           8 seconds
Burnin  iteration 2:           6 seconds
Burnin  iteration 3:           7 seconds

Estimated ne:                  1351649
Estimated err:                 1.6e-03

Phasing iteration 1:           6 seconds
Phasing iteration 2:           7 seconds
Phasing iteration 3:           6 seconds
Phasing iteration 4:           6 seconds
Phasing iteration 5:           6 seconds
Phasing iteration 6:           6 seconds
Phasing iteration 7:           6 seconds
Phasing iteration 8:           6 seconds
Phasing iteration 9:           6 seconds
Phasing iteration 10:          6 seconds
Phasing iteration 11:          6 seconds
Phasing iteration 12:          6 seconds

Window 3 [4:76296416-116355637]
Study     markers:                2,137

Burnin  iteration 1:           4 seconds
Burnin  iteration 2:           4 seconds
Burnin  iteration 3:           3 seconds

Estimated ne:                  828350
Estimated err:                 1.6e-03

Phasing iteration 1:           3 seconds
Phasing iteration 2:           3 seconds
Phasing iteration 3:           3 seconds
Phasing iteration 4:           3 seconds
Phasing iteration 5:           3 seconds
Phasing iteration 6:           3 seconds
Phasing iteration 7:           3 seconds
Phasing iteration 8:           3 seconds
Phasing iteration 9:           3 seconds
Phasing iteration 10:          3 seconds
Phasing iteration 11:          3 seconds
Phasing iteration 12:          3 seconds

Window 4 [4:114315916-154336889]
Study     markers:                2,987

Burnin  iteration 1:           6 seconds
Burnin  iteration 2:           5 seconds
Burnin  iteration 3:           5 seconds

Estimated ne:                  1088040
Estimated err:                 2.0e-03

Phasing iteration 1:           5 seconds
Phasing iteration 2:           5 seconds
Phasing iteration 3:           4 seconds
Phasing iteration 4:           5 seconds
Phasing iteration 5:           5 seconds
Phasing iteration 6:           5 seconds
Phasing iteration 7:           5 seconds
Phasing iteration 8:           5 seconds
Phasing iteration 9:           5 seconds
Phasing iteration 10:          5 seconds
Phasing iteration 11:          4 seconds
Phasing iteration 12:          4 seconds

Window 5 [4:152316365-192357396]
Study     markers:                9,159

Burnin  iteration 1:           20 seconds
Burnin  iteration 2:           17 seconds
Burnin  iteration 3:           17 seconds

Estimated ne:                  3023540
Estimated err:                 2.1e-03

Phasing iteration 1:           16 seconds
Phasing iteration 2:           17 seconds
Phasing iteration 3:           15 seconds
Phasing iteration 4:           19 seconds
Phasing iteration 5:           16 seconds
Phasing iteration 6:           15 seconds
Phasing iteration 7:           16 seconds
Phasing iteration 8:           15 seconds
Phasing iteration 9:           17 seconds
Phasing iteration 10:          14 seconds
Phasing iteration 11:          15 seconds
Phasing iteration 12:          15 seconds

Window 6 [4:190308453-230353971]
Study     markers:                7,255

Burnin  iteration 1:           15 seconds
Burnin  iteration 2:           13 seconds
Burnin  iteration 3:           13 seconds

Estimated ne:                  2652526
Estimated err:                 2.1e-03

Phasing iteration 1:           12 seconds
Phasing iteration 2:           15 seconds
Phasing iteration 3:           12 seconds
Phasing iteration 4:           15 seconds
Phasing iteration 5:           13 seconds
Phasing iteration 6:           12 seconds
Phasing iteration 7:           11 seconds
Phasing iteration 8:           12 seconds
Phasing iteration 9:           12 seconds
Phasing iteration 10:          12 seconds
Phasing iteration 11:          14 seconds
Phasing iteration 12:          12 seconds

Window 7 [4:228298680-250816141]
Study     markers:                6,076

Burnin  iteration 1:           13 seconds
Burnin  iteration 2:           11 seconds
Burnin  iteration 3:           12 seconds

Estimated ne:                  4226533
Estimated err:                 2.5e-03

Phasing iteration 1:           10 seconds
Phasing iteration 2:           10 seconds
Phasing iteration 3:           10 seconds
Phasing iteration 4:           10 seconds
Phasing iteration 5:           10 seconds
Phasing iteration 6:           10 seconds
Phasing iteration 7:           10 seconds
Phasing iteration 8:           10 seconds
Phasing iteration 9:           11 seconds
Phasing iteration 10:          10 seconds
Phasing iteration 11:          9 seconds
Phasing iteration 12:          9 seconds

Cumulative Statistics:

Study     markers:               38,245

Haplotype phasing time:        17 minutes 6 seconds
Total time:                    17 minutes 42 seconds

End time: 05:20 PM EDT on 18 Mar 2025
beagle.22Jul22.46e.jar finished
/var/lib/slurmd/job35703573/slurm_script: line 37: bcftools: command not found
/var/lib/slurmd/job35703573/slurm_script: line 38: tabix: command not found
/var/lib/slurmd/job35703573/slurm_script: line 41: bcftools: command not found
