To execute Beagle-5.4.22Jul22.46e run: java -jar ${EBROOTBEAGLE}/beagle.jar
############ working on chr7
beagle.22Jul22.46e.jar (version 5.4)
Copyright (C) 2014-2022 Brian L. Browning
Enter "java -jar beagle.22Jul22.46e.jar" to list command line argument
Start time: 04:32 PM EDT on 18 Mar 2025

Command line: java -Xmx92160m -jar beagle.22Jul22.46e.jar
  gt=/scratch/mjb51923/Ab10_Global_Survey/out/AlignGBS_HiFiAb10Corrected_v2/GWAS_Mo17_Ab10.chr.filt2_chr7.vcf.gz
  out=/scratch/mjb51923/Ab10_Global_Survey/out/AlignGBS_HiFiAb10Corrected_v2/GWAS_Mo17_Ab10.chr.filt2_chr7.imputed
  nthreads=24

No genetic map is specified: using 1 cM = 1 Mb

Reference samples:                    0
Study     samples:               10,567

Window 1 [7:269909-40240108]
Study     markers:                7,341

Burnin  iteration 1:           17 seconds
Burnin  iteration 2:           14 seconds
Burnin  iteration 3:           15 seconds

Estimated ne:                  2798583
Estimated err:                 3.1e-03

Phasing iteration 1:           16 seconds
Phasing iteration 2:           15 seconds
Phasing iteration 3:           14 seconds
Phasing iteration 4:           14 seconds
Phasing iteration 5:           14 seconds
Phasing iteration 6:           13 seconds
Phasing iteration 7:           14 seconds
Phasing iteration 8:           14 seconds
Phasing iteration 9:           13 seconds
Phasing iteration 10:          13 seconds
Phasing iteration 11:          13 seconds
Phasing iteration 12:          13 seconds

Window 2 [7:38228584-78263913]
Study     markers:                2,132

Burnin  iteration 1:           4 seconds
Burnin  iteration 2:           4 seconds
Burnin  iteration 3:           4 seconds

Estimated ne:                  741619
Estimated err:                 1.1e-03

Phasing iteration 1:           3 seconds
Phasing iteration 2:           3 seconds
Phasing iteration 3:           3 seconds
Phasing iteration 4:           3 seconds
Phasing iteration 5:           3 seconds
Phasing iteration 6:           3 seconds
Phasing iteration 7:           3 seconds
Phasing iteration 8:           4 seconds
Phasing iteration 9:           3 seconds
Phasing iteration 10:          3 seconds
Phasing iteration 11:          3 seconds
Phasing iteration 12:          3 seconds

Window 3 [7:76191907-116005063]
Study     markers:                3,664

Burnin  iteration 1:           8 seconds
Burnin  iteration 2:           7 seconds
Burnin  iteration 3:           6 seconds

Estimated ne:                  1300536
Estimated err:                 1.9e-03

Phasing iteration 1:           6 seconds
Phasing iteration 2:           6 seconds
Phasing iteration 3:           6 seconds
Phasing iteration 4:           6 seconds
Phasing iteration 5:           6 seconds
Phasing iteration 6:           6 seconds
Phasing iteration 7:           6 seconds
Phasing iteration 8:           6 seconds
Phasing iteration 9:           6 seconds
Phasing iteration 10:          6 seconds
Phasing iteration 11:          6 seconds
Phasing iteration 12:          6 seconds

Window 4 [7:113947715-154244141]
Study     markers:                8,848

Burnin  iteration 1:           23 seconds
Burnin  iteration 2:           19 seconds
Burnin  iteration 3:           17 seconds

Estimated ne:                  3135250
Estimated err:                 2.4e-03

Phasing iteration 1:           16 seconds
Phasing iteration 2:           20 seconds
Phasing iteration 3:           15 seconds
Phasing iteration 4:           16 seconds
Phasing iteration 5:           15 seconds
Phasing iteration 6:           15 seconds
Phasing iteration 7:           17 seconds
Phasing iteration 8:           15 seconds
Phasing iteration 9:           15 seconds
Phasing iteration 10:          14 seconds
Phasing iteration 11:          15 seconds
Phasing iteration 12:          15 seconds

Window 5 [7:152243306-181062921]
Study     markers:               11,536

Burnin  iteration 1:           26 seconds
Burnin  iteration 2:           22 seconds
Burnin  iteration 3:           21 seconds

Estimated ne:                  5731574
Estimated err:                 2.3e-03

Phasing iteration 1:           22 seconds
Phasing iteration 2:           20 seconds
Phasing iteration 3:           24 seconds
Phasing iteration 4:           20 seconds
Phasing iteration 5:           19 seconds
Phasing iteration 6:           21 seconds
Phasing iteration 7:           21 seconds
Phasing iteration 8:           25 seconds
Phasing iteration 9:           19 seconds
Phasing iteration 10:          24 seconds
Phasing iteration 11:          24 seconds
slurmstepd: error: *** JOB 35703265 ON a4-5 CANCELLED AT 2025-03-18T16:48:03 ***
