To execute Beagle-5.4.22Jul22.46e run: java -jar ${EBROOTBEAGLE}/beagle.jar
############ working on chr6
beagle.22Jul22.46e.jar (version 5.4)
Copyright (C) 2014-2022 Brian L. Browning
Enter "java -jar beagle.22Jul22.46e.jar" to list command line argument
Start time: 02:52 PM EDT on 19 Mar 2025

Command line: java -Xmx92160m -jar beagle.22Jul22.46e.jar
  gt=/scratch/mjb51923/Ab10_Global_Survey/out/AlignGBS_HiFiAb10Corrected_v2/GWAS_Mo17_Ab10.chr.highcov.filt2_chr6.vcf.gz
  out=/scratch/mjb51923/Ab10_Global_Survey/out/AlignGBS_HiFiAb10Corrected_v2/GWAS_Mo17_Ab10.chr.highcov.filt2_chr6.imputed
  ne=1000
  nthreads=24

No genetic map is specified: using 1 cM = 1 Mb

Reference samples:                    0
Study     samples:                1,006

Window 1 [6:48493-16356250]
Study     markers:                1,327

Burnin  iteration 1:           5 seconds
Burnin  iteration 2:           2 seconds
Burnin  iteration 3:           1 second

Estimated ne:                  105616
Estimated err:                 1.7e-02

Phasing iteration 1:           0 seconds
Phasing iteration 2:           1 second
Phasing iteration 3:           0 seconds
Phasing iteration 4:           0 seconds
Phasing iteration 5:           0 seconds
Phasing iteration 6:           1 second
Phasing iteration 7:           0 seconds
Phasing iteration 8:           0 seconds
Phasing iteration 9:           1 second
Phasing iteration 10:          1 second
Phasing iteration 11:          0 seconds
Phasing iteration 12:          1 second

Window 2 [6:14201096-77783272]
Study     markers:                1,738

Burnin  iteration 1:           2 seconds
Burnin  iteration 2:           2 seconds
Burnin  iteration 3:           1 second

Estimated ne:                  31782
Estimated err:                 1.4e-02

Phasing iteration 1:           1 second
Phasing iteration 2:           1 second
Phasing iteration 3:           1 second
Phasing iteration 4:           1 second
Phasing iteration 5:           1 second
Phasing iteration 6:           1 second
Phasing iteration 7:           1 second
Phasing iteration 8:           1 second
Phasing iteration 9:           1 second
Phasing iteration 10:          1 second
Phasing iteration 11:          1 second
Phasing iteration 12:          1 second

Window 3 [6:75766998-116013045]
Study     markers:                1,789

Burnin  iteration 1:           3 seconds
Burnin  iteration 2:           2 seconds
Burnin  iteration 3:           1 second

Estimated ne:                  67739
Estimated err:                 9.2e-03

Phasing iteration 1:           1 second
Phasing iteration 2:           1 second
Phasing iteration 3:           1 second
Phasing iteration 4:           1 second
Phasing iteration 5:           1 second
Phasing iteration 6:           1 second
Phasing iteration 7:           1 second
Phasing iteration 8:           1 second
Phasing iteration 9:           1 second
Phasing iteration 10:          1 second
Phasing iteration 11:          1 second
Phasing iteration 12:          1 second

Window 4 [6:114007366-154041426]
Study     markers:                4,383

Burnin  iteration 1:           5 seconds
Burnin  iteration 2:           3 seconds
Burnin  iteration 3:           3 seconds

Estimated ne:                  181916
Estimated err:                 1.1e-02

Phasing iteration 1:           2 seconds
Phasing iteration 2:           2 seconds
Phasing iteration 3:           1 second
Phasing iteration 4:           2 seconds
Phasing iteration 5:           1 second
Phasing iteration 6:           2 seconds
Phasing iteration 7:           2 seconds
Phasing iteration 8:           2 seconds
Phasing iteration 9:           1 second
Phasing iteration 10:          1 second
Phasing iteration 11:          1 second
Phasing iteration 12:          1 second

Window 5 [6:152040371-192044080]
Study     markers:                5,959

Burnin  iteration 1:           7 seconds
Burnin  iteration 2:           4 seconds
Burnin  iteration 3:           4 seconds

Estimated ne:                  275811
Estimated err:                 1.1e-02

Phasing iteration 1:           2 seconds
Phasing iteration 2:           2 seconds
Phasing iteration 3:           2 seconds
Phasing iteration 4:           2 seconds
Phasing iteration 5:           2 seconds
Phasing iteration 6:           2 seconds
Phasing iteration 7:           2 seconds
Phasing iteration 8:           2 seconds
Phasing iteration 9:           2 seconds
Phasing iteration 10:          2 seconds
Phasing iteration 11:          2 seconds
Phasing iteration 12:          2 seconds

Window 6 [6:190006310-201458030]
Study     markers:                3,136

Burnin  iteration 1:           3 seconds
Burnin  iteration 2:           2 seconds
Burnin  iteration 3:           2 seconds

Estimated ne:                  462106
Estimated err:                 1.2e-02

Phasing iteration 1:           1 second
Phasing iteration 2:           1 second
Phasing iteration 3:           1 second
Phasing iteration 4:           1 second
Phasing iteration 5:           1 second
Phasing iteration 6:           1 second
Phasing iteration 7:           1 second
Phasing iteration 8:           1 second
Phasing iteration 9:           1 second
Phasing iteration 10:          1 second
Phasing iteration 11:          1 second
Phasing iteration 12:          1 second

Cumulative Statistics:

Study     markers:               17,339

Haplotype phasing time:        2 minutes 3 seconds
Total time:                    2 minutes 15 seconds

End time: 02:54 PM EDT on 19 Mar 2025
beagle.22Jul22.46e.jar finished
