To execute Beagle-5.4.22Jul22.46e run: java -jar ${EBROOTBEAGLE}/beagle.jar
############ working on chr10
beagle.22Jul22.46e.jar (version 5.4)
Copyright (C) 2014-2022 Brian L. Browning
Enter "java -jar beagle.22Jul22.46e.jar" to list command line argument
Start time: 05:18 PM EDT on 18 Mar 2025

Command line: java -Xmx92160m -jar beagle.22Jul22.46e.jar
  gt=/scratch/mjb51923/Ab10_Global_Survey/out/AlignGBS_HiFiAb10Corrected_v2/GWAS_Mo17_K10L2.chr.filt2_chr10.vcf.gz
  out=/scratch/mjb51923/Ab10_Global_Survey/out/AlignGBS_HiFiAb10Corrected_v2/GWAS_Mo17_K10L2.chr.filt2_chr10.imputed
  nthreads=24

No genetic map is specified: using 1 cM = 1 Mb

Reference samples:                    0
Study     samples:               10,567

Window 1 [10:46182-40029151]
Study     markers:                6,124

Burnin  iteration 1:           14 seconds
Burnin  iteration 2:           12 seconds
Burnin  iteration 3:           13 seconds

Estimated ne:                  2341800
Estimated err:                 3.3e-03

Phasing iteration 1:           11 seconds
Phasing iteration 2:           11 seconds
Phasing iteration 3:           11 seconds
Phasing iteration 4:           11 seconds
Phasing iteration 5:           12 seconds
Phasing iteration 6:           13 seconds
Phasing iteration 7:           12 seconds
Phasing iteration 8:           12 seconds
Phasing iteration 9:           11 seconds
Phasing iteration 10:          12 seconds
Phasing iteration 11:          12 seconds
Phasing iteration 12:          12 seconds

Window 2 [10:37604458-78024665]
Study     markers:                3,251

Burnin  iteration 1:           7 seconds
Burnin  iteration 2:           6 seconds
Burnin  iteration 3:           6 seconds

Estimated ne:                  1182253
Estimated err:                 1.6e-03

Phasing iteration 1:           5 seconds
Phasing iteration 2:           6 seconds
Phasing iteration 3:           5 seconds
Phasing iteration 4:           6 seconds
Phasing iteration 5:           5 seconds
Phasing iteration 6:           5 seconds
Phasing iteration 7:           5 seconds
Phasing iteration 8:           5 seconds
Phasing iteration 9:           5 seconds
Phasing iteration 10:          5 seconds
Phasing iteration 11:          6 seconds
Phasing iteration 12:          5 seconds

Window 3 [10:76020060-116003855]
Study     markers:                5,830

Burnin  iteration 1:           13 seconds
Burnin  iteration 2:           11 seconds
Burnin  iteration 3:           11 seconds

Estimated ne:                  1981241
Estimated err:                 1.6e-03

Phasing iteration 1:           11 seconds
Phasing iteration 2:           10 seconds
Phasing iteration 3:           10 seconds
Phasing iteration 4:           11 seconds
Phasing iteration 5:           11 seconds
Phasing iteration 6:           12 seconds
Phasing iteration 7:           11 seconds
Phasing iteration 8:           12 seconds
Phasing iteration 9:           11 seconds
Phasing iteration 10:          12 seconds
Phasing iteration 11:          10 seconds
Phasing iteration 12:          11 seconds

Window 4 [10:113907853-138621319]
Study     markers:                6,545

Burnin  iteration 1:           14 seconds
Burnin  iteration 2:           13 seconds
Burnin  iteration 3:           12 seconds

Estimated ne:                  3732575
Estimated err:                 2.5e-03

Phasing iteration 1:           12 seconds
Phasing iteration 2:           12 seconds
Phasing iteration 3:           11 seconds
Phasing iteration 4:           12 seconds
Phasing iteration 5:           11 seconds
Phasing iteration 6:           11 seconds
Phasing iteration 7:           11 seconds
Phasing iteration 8:           12 seconds
Phasing iteration 9:           12 seconds
Phasing iteration 10:          11 seconds
Phasing iteration 11:          11 seconds
Phasing iteration 12:          11 seconds

Cumulative Statistics:

Study     markers:               20,898

Haplotype phasing time:        10 minutes 4 seconds
Total time:                    10 minutes 25 seconds

End time: 05:28 PM EDT on 18 Mar 2025
beagle.22Jul22.46e.jar finished
/var/lib/slurmd/job35703569/slurm_script: line 37: bcftools: command not found
/var/lib/slurmd/job35703569/slurm_script: line 38: tabix: command not found
/var/lib/slurmd/job35703569/slurm_script: line 41: bcftools: command not found
