To execute Beagle-5.4.22Jul22.46e run: java -jar ${EBROOTBEAGLE}/beagle.jar
/var/lib/slurmd/job35840471/slurm_script: line 25: GWAS_Mo17_Bchr.chr.landrace.filt_chr5.vcf.gz: command not found
############ working on chr10
beagle.22Jul22.46e.jar (version 5.4)
Copyright (C) 2014-2022 Brian L. Browning
Enter "java -jar beagle.22Jul22.46e.jar" to list command line argument
Start time: 09:53 AM EDT on 22 Mar 2025

Command line: java -Xmx92160m -jar beagle.22Jul22.46e.jar
  gt=/scratch/mjb51923/Ab10_Global_Survey/out/AlignGBS_HiFiAb10Corrected_v2/GWAS_Mo17_Bchr.chr.landrace.filt_chr10.vcf.gz
  out=/scratch/mjb51923/Ab10_Global_Survey/out/AlignGBS_HiFiAb10Corrected_v2/GWAS_Mo17_Bchr.chr.landrace.filt_chr10.imputed
  ne=1000
  nthreads=24

No genetic map is specified: using 1 cM = 1 Mb

Reference samples:                    0
Study     samples:                5,401

Window 1 [10:166702-40029151]
Study     markers:                2,558

Burnin  iteration 1:           5 seconds
Burnin  iteration 2:           3 seconds
Burnin  iteration 3:           2 seconds

Estimated ne:                  940546
Estimated err:                 1.4e-02

Phasing iteration 1:           2 seconds
Phasing iteration 2:           2 seconds
Phasing iteration 3:           2 seconds
Phasing iteration 4:           2 seconds
Phasing iteration 5:           2 seconds
Phasing iteration 6:           2 seconds
Phasing iteration 7:           2 seconds
Phasing iteration 8:           2 seconds
Phasing iteration 9:           2 seconds
Phasing iteration 10:          2 seconds
Phasing iteration 11:          2 seconds
Phasing iteration 12:          2 seconds

Window 2 [10:37604458-77963341]
Study     markers:                1,153

Burnin  iteration 1:           2 seconds
Burnin  iteration 2:           1 second
Burnin  iteration 3:           1 second

Estimated ne:                  410787
Estimated err:                 5.9e-03

Phasing iteration 1:           1 second
Phasing iteration 2:           1 second
Phasing iteration 3:           1 second
Phasing iteration 4:           1 second
Phasing iteration 5:           1 second
Phasing iteration 6:           1 second
Phasing iteration 7:           1 second
Phasing iteration 8:           1 second
Phasing iteration 9:           1 second
Phasing iteration 10:          1 second
Phasing iteration 11:          1 second
Phasing iteration 12:          1 second

Window 3 [10:75870470-116163953]
Study     markers:                2,179

Burnin  iteration 1:           2 seconds
Burnin  iteration 2:           2 seconds
Burnin  iteration 3:           2 seconds

Estimated ne:                  778062
Estimated err:                 6.6e-03

Phasing iteration 1:           2 seconds
Phasing iteration 2:           2 seconds
Phasing iteration 3:           2 seconds
Phasing iteration 4:           2 seconds
Phasing iteration 5:           2 seconds
Phasing iteration 6:           2 seconds
Phasing iteration 7:           2 seconds
Phasing iteration 8:           2 seconds
Phasing iteration 9:           2 seconds
Phasing iteration 10:          2 seconds
Phasing iteration 11:          2 seconds
Phasing iteration 12:          2 seconds

Window 4 [10:114131171-149673064]
Study     markers:                5,554

Burnin  iteration 1:           6 seconds
Burnin  iteration 2:           5 seconds
Burnin  iteration 3:           5 seconds

Estimated ne:                  2205541
Estimated err:                 1.0e-02

Phasing iteration 1:           5 seconds
Phasing iteration 2:           5 seconds
Phasing iteration 3:           4 seconds
Phasing iteration 4:           4 seconds
Phasing iteration 5:           4 seconds
Phasing iteration 6:           4 seconds
Phasing iteration 7:           4 seconds
Phasing iteration 8:           4 seconds
Phasing iteration 9:           4 seconds
Phasing iteration 10:          4 seconds
Phasing iteration 11:          4 seconds
Phasing iteration 12:          4 seconds

Cumulative Statistics:

Study     markers:               11,059

Haplotype phasing time:        2 minutes 24 seconds
Total time:                    2 minutes 34 seconds

End time: 09:56 AM EDT on 22 Mar 2025
beagle.22Jul22.46e.jar finished
[W::vcf_parse] Contig '10' is not defined in the header. (Quick workaround: index the file with tabix.)
Checking the headers and starting positions of 1 files
Concatenating /scratch/mjb51923/Ab10_Global_Survey/out/AlignGBS_HiFiAb10Corrected_v2/GWAS_Mo17_Bchr.chr.landrace.filt_chr10.imputed.filt.vcf.gz	0.003185 seconds
