To execute Beagle-5.4.22Jul22.46e run: java -jar ${EBROOTBEAGLE}/beagle.jar
############ working on chr7
beagle.22Jul22.46e.jar (version 5.4)
Copyright (C) 2014-2022 Brian L. Browning
Enter "java -jar beagle.22Jul22.46e.jar" to list command line argument
Start time: 05:03 PM EDT on 18 Mar 2025

Command line: java -Xmx92160m -jar beagle.22Jul22.46e.jar
  gt=/scratch/mjb51923/Ab10_Global_Survey/out/AlignGBS_HiFiAb10Corrected_v2/GWAS_Mo17_K10L2.chr.filt2_chr7.vcf.gz
  out=/scratch/mjb51923/Ab10_Global_Survey/out/AlignGBS_HiFiAb10Corrected_v2/GWAS_Mo17_K10L2.chr.filt2_chr7.imputed
  nthreads=24

No genetic map is specified: using 1 cM = 1 Mb

Reference samples:                    0
Study     samples:               10,567

Window 1 [7:269909-40240108]
Study     markers:                7,333

Burnin  iteration 1:           20 seconds
Burnin  iteration 2:           16 seconds
Burnin  iteration 3:           14 seconds

Estimated ne:                  2807044
Estimated err:                 3.1e-03

Phasing iteration 1:           14 seconds
Phasing iteration 2:           15 seconds
Phasing iteration 3:           14 seconds
Phasing iteration 4:           13 seconds
Phasing iteration 5:           13 seconds
Phasing iteration 6:           15 seconds
Phasing iteration 7:           13 seconds
Phasing iteration 8:           13 seconds
Phasing iteration 9:           12 seconds
Phasing iteration 10:          12 seconds
Phasing iteration 11:          14 seconds
Phasing iteration 12:          12 seconds

Window 2 [7:38228584-78263913]
Study     markers:                2,142

Burnin  iteration 1:           4 seconds
Burnin  iteration 2:           3 seconds
Burnin  iteration 3:           4 seconds

Estimated ne:                  747421
Estimated err:                 1.1e-03

Phasing iteration 1:           3 seconds
Phasing iteration 2:           3 seconds
Phasing iteration 3:           3 seconds
Phasing iteration 4:           3 seconds
Phasing iteration 5:           3 seconds
Phasing iteration 6:           3 seconds
Phasing iteration 7:           3 seconds
Phasing iteration 8:           3 seconds
Phasing iteration 9:           3 seconds
Phasing iteration 10:          3 seconds
Phasing iteration 11:          3 seconds
Phasing iteration 12:          3 seconds

Window 3 [7:76191907-116005063]
Study     markers:                3,657

Burnin  iteration 1:           8 seconds
Burnin  iteration 2:           7 seconds
Burnin  iteration 3:           6 seconds

Estimated ne:                  1299612
Estimated err:                 1.8e-03

Phasing iteration 1:           6 seconds
Phasing iteration 2:           6 seconds
Phasing iteration 3:           6 seconds
Phasing iteration 4:           6 seconds
Phasing iteration 5:           6 seconds
Phasing iteration 6:           6 seconds
Phasing iteration 7:           6 seconds
Phasing iteration 8:           6 seconds
Phasing iteration 9:           6 seconds
Phasing iteration 10:          6 seconds
Phasing iteration 11:          5 seconds
Phasing iteration 12:          6 seconds

Window 4 [7:113947715-154244141]
Study     markers:                8,860

Burnin  iteration 1:           18 seconds
Burnin  iteration 2:           18 seconds
Burnin  iteration 3:           19 seconds

Estimated ne:                  3146081
Estimated err:                 2.5e-03

Phasing iteration 1:           16 seconds
Phasing iteration 2:           18 seconds
Phasing iteration 3:           17 seconds
Phasing iteration 4:           18 seconds
Phasing iteration 5:           16 seconds
Phasing iteration 6:           17 seconds
Phasing iteration 7:           16 seconds
Phasing iteration 8:           18 seconds
Phasing iteration 9:           16 seconds
Phasing iteration 10:          17 seconds
Phasing iteration 11:          16 seconds
Phasing iteration 12:          16 seconds

Window 5 [7:152243306-181062921]
Study     markers:               11,553

Burnin  iteration 1:           27 seconds
Burnin  iteration 2:           22 seconds
Burnin  iteration 3:           22 seconds

Estimated ne:                  5738222
Estimated err:                 2.3e-03

Phasing iteration 1:           21 seconds
Phasing iteration 2:           21 seconds
Phasing iteration 3:           21 seconds
Phasing iteration 4:           21 seconds
Phasing iteration 5:           21 seconds
Phasing iteration 6:           22 seconds
Phasing iteration 7:           22 seconds
Phasing iteration 8:           22 seconds
Phasing iteration 9:           22 seconds
Phasing iteration 10:          22 seconds
Phasing iteration 11:          22 seconds
Phasing iteration 12:          22 seconds

Cumulative Statistics:

Study     markers:               32,716

Haplotype phasing time:        15 minutes 35 seconds
Total time:                    16 minutes 5 seconds

End time: 05:19 PM EDT on 18 Mar 2025
beagle.22Jul22.46e.jar finished
/var/lib/slurmd/job35703576/slurm_script: line 37: bcftools: command not found
/var/lib/slurmd/job35703576/slurm_script: line 38: tabix: command not found
/var/lib/slurmd/job35703576/slurm_script: line 41: bcftools: command not found
