To execute Beagle-5.4.22Jul22.46e run: java -jar ${EBROOTBEAGLE}/beagle.jar
############ working on chr1
beagle.22Jul22.46e.jar (version 5.4)
Copyright (C) 2014-2022 Brian L. Browning
Enter "java -jar beagle.22Jul22.46e.jar" to list command line argument
Start time: 05:02 PM EDT on 18 Mar 2025

Command line: java -Xmx92160m -jar beagle.22Jul22.46e.jar
  gt=/scratch/mjb51923/Ab10_Global_Survey/out/AlignGBS_HiFiAb10Corrected_v2/GWAS_Mo17_K10L2.chr.filt2_chr1.vcf.gz
  out=/scratch/mjb51923/Ab10_Global_Survey/out/AlignGBS_HiFiAb10Corrected_v2/GWAS_Mo17_K10L2.chr.filt2_chr1.imputed
  nthreads=24

No genetic map is specified: using 1 cM = 1 Mb

Reference samples:                    0
Study     samples:               10,567

Window 1 [1:205484-40169906]
Study     markers:               12,683

Burnin  iteration 1:           28 seconds
Burnin  iteration 2:           26 seconds
Burnin  iteration 3:           23 seconds

Estimated ne:                  4615755
Estimated err:                 2.5e-03

Phasing iteration 1:           24 seconds
Phasing iteration 2:           22 seconds
Phasing iteration 3:           23 seconds
Phasing iteration 4:           22 seconds
Phasing iteration 5:           22 seconds
Phasing iteration 6:           21 seconds
Phasing iteration 7:           21 seconds
Phasing iteration 8:           21 seconds
Phasing iteration 9:           22 seconds
Phasing iteration 10:          22 seconds
Phasing iteration 11:          22 seconds
Phasing iteration 12:          22 seconds

Window 2 [1:37995766-78048916]
Study     markers:                8,507

Burnin  iteration 1:           17 seconds
Burnin  iteration 2:           16 seconds
Burnin  iteration 3:           15 seconds

Estimated ne:                  2947753
Estimated err:                 2.2e-03

Phasing iteration 1:           15 seconds
Phasing iteration 2:           14 seconds
Phasing iteration 3:           14 seconds
Phasing iteration 4:           18 seconds
Phasing iteration 5:           15 seconds
Phasing iteration 6:           13 seconds
Phasing iteration 7:           14 seconds
Phasing iteration 8:           16 seconds
Phasing iteration 9:           13 seconds
Phasing iteration 10:          14 seconds
Phasing iteration 11:          15 seconds
Phasing iteration 12:          13 seconds

Window 3 [1:76034716-116086105]
Study     markers:                5,129

Burnin  iteration 1:           10 seconds
Burnin  iteration 2:           9 seconds
Burnin  iteration 3:           9 seconds

Estimated ne:                  1722812
Estimated err:                 1.7e-03

Phasing iteration 1:           8 seconds
Phasing iteration 2:           9 seconds
Phasing iteration 3:           10 seconds
Phasing iteration 4:           8 seconds
Phasing iteration 5:           8 seconds
Phasing iteration 6:           8 seconds
Phasing iteration 7:           9 seconds
Phasing iteration 8:           8 seconds
Phasing iteration 9:           8 seconds
Phasing iteration 10:          8 seconds
Phasing iteration 11:          7 seconds
Phasing iteration 12:          7 seconds

Window 4 [1:113997637-154194074]
Study     markers:                2,376

Burnin  iteration 1:           4 seconds
Burnin  iteration 2:           4 seconds
Burnin  iteration 3:           4 seconds

Estimated ne:                  849516
Estimated err:                 1.1e-03

Phasing iteration 1:           3 seconds
Phasing iteration 2:           4 seconds
Phasing iteration 3:           4 seconds
Phasing iteration 4:           4 seconds
Phasing iteration 5:           3 seconds
Phasing iteration 6:           4 seconds
Phasing iteration 7:           3 seconds
Phasing iteration 8:           4 seconds
Phasing iteration 9:           3 seconds
Phasing iteration 10:          3 seconds
Phasing iteration 11:          3 seconds
Phasing iteration 12:          3 seconds

Window 5 [1:152080987-192135867]
Study     markers:                6,143

Burnin  iteration 1:           12 seconds
Burnin  iteration 2:           10 seconds
Burnin  iteration 3:           11 seconds

Estimated ne:                  2130267
Estimated err:                 2.5e-03

Phasing iteration 1:           10 seconds
Phasing iteration 2:           10 seconds
Phasing iteration 3:           10 seconds
Phasing iteration 4:           10 seconds
Phasing iteration 5:           10 seconds
Phasing iteration 6:           10 seconds
Phasing iteration 7:           10 seconds
Phasing iteration 8:           10 seconds
Phasing iteration 9:           9 seconds
Phasing iteration 10:          9 seconds
Phasing iteration 11:          9 seconds
Phasing iteration 12:          9 seconds

Window 6 [1:190134783-230145115]
Study     markers:                9,010

Burnin  iteration 1:           18 seconds
Burnin  iteration 2:           16 seconds
Burnin  iteration 3:           17 seconds

Estimated ne:                  3160181
Estimated err:                 2.6e-03

Phasing iteration 1:           15 seconds
Phasing iteration 2:           15 seconds
Phasing iteration 3:           14 seconds
Phasing iteration 4:           16 seconds
Phasing iteration 5:           14 seconds
Phasing iteration 6:           14 seconds
Phasing iteration 7:           14 seconds
Phasing iteration 8:           14 seconds
Phasing iteration 9:           14 seconds
Phasing iteration 10:          14 seconds
Phasing iteration 11:          14 seconds
Phasing iteration 12:          14 seconds

Window 7 [1:228139820-268179376]
Study     markers:                8,495

Burnin  iteration 1:           18 seconds
Burnin  iteration 2:           15 seconds
Burnin  iteration 3:           15 seconds

Estimated ne:                  2914240
Estimated err:                 1.9e-03

Phasing iteration 1:           14 seconds
Phasing iteration 2:           15 seconds
Phasing iteration 3:           13 seconds
Phasing iteration 4:           14 seconds
Phasing iteration 5:           15 seconds
Phasing iteration 6:           13 seconds
Phasing iteration 7:           13 seconds
Phasing iteration 8:           13 seconds
Phasing iteration 9:           13 seconds
Phasing iteration 10:          13 seconds
Phasing iteration 11:          15 seconds
Phasing iteration 12:          12 seconds

Window 8 [1:266169516-306203622]
Study     markers:               11,221

Burnin  iteration 1:           22 seconds
Burnin  iteration 2:           21 seconds
Burnin  iteration 3:           21 seconds

Estimated ne:                  4077216
Estimated err:                 2.4e-03

Phasing iteration 1:           19 seconds
Phasing iteration 2:           19 seconds
Phasing iteration 3:           21 seconds
Phasing iteration 4:           19 seconds
Phasing iteration 5:           20 seconds
Phasing iteration 6:           19 seconds
Phasing iteration 7:           18 seconds
Phasing iteration 8:           19 seconds
Phasing iteration 9:           20 seconds
Phasing iteration 10:          18 seconds
Phasing iteration 11:          18 seconds
Phasing iteration 12:          18 seconds

Window 9 [1:304203330-307030069]
Study     markers:                  787

Burnin  iteration 1:           1 second
Burnin  iteration 2:           1 second
Burnin  iteration 3:           1 second

Estimated ne:                  3428239
Estimated err:                 2.0e-03

Phasing iteration 1:           1 second
Phasing iteration 2:           1 second
Phasing iteration 3:           1 second
Phasing iteration 4:           1 second
Phasing iteration 5:           1 second
Phasing iteration 6:           1 second
Phasing iteration 7:           1 second
Phasing iteration 8:           1 second
Phasing iteration 9:           1 second
Phasing iteration 10:          1 second
Phasing iteration 11:          1 second
Phasing iteration 12:          1 second

Cumulative Statistics:

Study     markers:               60,825

Haplotype phasing time:        27 minutes 7 seconds
Total time:                    27 minutes 52 seconds

End time: 05:30 PM EDT on 18 Mar 2025
beagle.22Jul22.46e.jar finished
/var/lib/slurmd/job35703570/slurm_script: line 37: bcftools: command not found
/var/lib/slurmd/job35703570/slurm_script: line 38: tabix: command not found
/var/lib/slurmd/job35703570/slurm_script: line 41: bcftools: command not found
