To execute Beagle-5.4.22Jul22.46e run: java -jar ${EBROOTBEAGLE}/beagle.jar
############ working on chr3
beagle.22Jul22.46e.jar (version 5.4)
Copyright (C) 2014-2022 Brian L. Browning
Enter "java -jar beagle.22Jul22.46e.jar" to list command line argument
Start time: 04:32 PM EDT on 18 Mar 2025

Command line: java -Xmx92160m -jar beagle.22Jul22.46e.jar
  gt=/scratch/mjb51923/Ab10_Global_Survey/out/AlignGBS_HiFiAb10Corrected_v2/GWAS_Mo17_Ab10.chr.filt2_chr3.vcf.gz
  out=/scratch/mjb51923/Ab10_Global_Survey/out/AlignGBS_HiFiAb10Corrected_v2/GWAS_Mo17_Ab10.chr.filt2_chr3.imputed
  nthreads=24

No genetic map is specified: using 1 cM = 1 Mb

Reference samples:                    0
Study     samples:               10,567

Window 1 [3:81708-40055393]
Study     markers:                9,876

Burnin  iteration 1:           24 seconds
Burnin  iteration 2:           20 seconds
Burnin  iteration 3:           19 seconds

Estimated ne:                  3639881
Estimated err:                 2.8e-03

Phasing iteration 1:           18 seconds
Phasing iteration 2:           18 seconds
Phasing iteration 3:           17 seconds
Phasing iteration 4:           19 seconds
Phasing iteration 5:           18 seconds
Phasing iteration 6:           17 seconds
Phasing iteration 7:           17 seconds
Phasing iteration 8:           18 seconds
Phasing iteration 9:           17 seconds
Phasing iteration 10:          17 seconds
Phasing iteration 11:          17 seconds
Phasing iteration 12:          17 seconds

Window 2 [3:37944126-77854022]
Study     markers:                3,466

Burnin  iteration 1:           6 seconds
Burnin  iteration 2:           6 seconds
Burnin  iteration 3:           6 seconds

Estimated ne:                  1232046
Estimated err:                 1.9e-03

Phasing iteration 1:           5 seconds
Phasing iteration 2:           5 seconds
Phasing iteration 3:           5 seconds
Phasing iteration 4:           5 seconds
Phasing iteration 5:           5 seconds
Phasing iteration 6:           5 seconds
Phasing iteration 7:           5 seconds
Phasing iteration 8:           5 seconds
Phasing iteration 9:           5 seconds
Phasing iteration 10:          5 seconds
Phasing iteration 11:          5 seconds
Phasing iteration 12:          5 seconds

Window 3 [3:75633224-116025969]
Study     markers:                2,139

Burnin  iteration 1:           4 seconds
Burnin  iteration 2:           4 seconds
Burnin  iteration 3:           4 seconds

Estimated ne:                  751960
Estimated err:                 1.2e-03

Phasing iteration 1:           3 seconds
Phasing iteration 2:           3 seconds
Phasing iteration 3:           3 seconds
Phasing iteration 4:           3 seconds
Phasing iteration 5:           3 seconds
Phasing iteration 6:           3 seconds
Phasing iteration 7:           3 seconds
Phasing iteration 8:           3 seconds
Phasing iteration 9:           3 seconds
Phasing iteration 10:          3 seconds
Phasing iteration 11:          3 seconds
Phasing iteration 12:          3 seconds

Window 4 [3:113889443-154000296]
Study     markers:                5,400

Burnin  iteration 1:           11 seconds
Burnin  iteration 2:           10 seconds
Burnin  iteration 3:           10 seconds

Estimated ne:                  1782016
Estimated err:                 2.0e-03

Phasing iteration 1:           9 seconds
Phasing iteration 2:           9 seconds
Phasing iteration 3:           9 seconds
Phasing iteration 4:           8 seconds
Phasing iteration 5:           9 seconds
Phasing iteration 6:           9 seconds
Phasing iteration 7:           9 seconds
Phasing iteration 8:           9 seconds
Phasing iteration 9:           8 seconds
Phasing iteration 10:          8 seconds
Phasing iteration 11:          9 seconds
Phasing iteration 12:          8 seconds

Window 5 [3:151998363-192076611]
Study     markers:                8,673

Burnin  iteration 1:           18 seconds
Burnin  iteration 2:           17 seconds
Burnin  iteration 3:           15 seconds

Estimated ne:                  2972354
Estimated err:                 2.4e-03

Phasing iteration 1:           15 seconds
Phasing iteration 2:           15 seconds
Phasing iteration 3:           15 seconds
Phasing iteration 4:           15 seconds
Phasing iteration 5:           19 seconds
Phasing iteration 6:           15 seconds
Phasing iteration 7:           14 seconds
Phasing iteration 8:           15 seconds
Phasing iteration 9:           15 seconds
Phasing iteration 10:          15 seconds
Phasing iteration 11:          15 seconds
Phasing iteration 12:          14 seconds

Window 6 [3:190074166-230014128]
Study     markers:               11,652

Burnin  iteration 1:           24 seconds
Burnin  iteration 2:           25 seconds
Burnin  iteration 3:           21 seconds

Estimated ne:                  4026471
Estimated err:                 2.4e-03

Phasing iteration 1:           22 seconds
Phasing iteration 2:           21 seconds
Phasing iteration 3:           22 seconds
slurmstepd: error: *** JOB 35703261 ON a4-15 CANCELLED AT 2025-03-18T16:48:03 ***
