To execute Beagle-5.4.22Jul22.46e run: java -jar ${EBROOTBEAGLE}/beagle.jar
############ working on chr9
beagle.22Jul22.46e.jar (version 5.4)
Copyright (C) 2014-2022 Brian L. Browning
Enter "java -jar beagle.22Jul22.46e.jar" to list command line argument
Start time: 05:17 PM EDT on 18 Mar 2025

Command line: java -Xmx92160m -jar beagle.22Jul22.46e.jar
  gt=/scratch/mjb51923/Ab10_Global_Survey/out/AlignGBS_HiFiAb10Corrected_v2/GWAS_Mo17_K10L2.chr.filt2_chr9.vcf.gz
  out=/scratch/mjb51923/Ab10_Global_Survey/out/AlignGBS_HiFiAb10Corrected_v2/GWAS_Mo17_K10L2.chr.filt2_chr9.imputed
  nthreads=24

No genetic map is specified: using 1 cM = 1 Mb

Reference samples:                    0
Study     samples:               10,567

Window 1 [9:829787-40810818]
Study     markers:                7,949

Burnin  iteration 1:           19 seconds
Burnin  iteration 2:           18 seconds
Burnin  iteration 3:           18 seconds

Estimated ne:                  2939778
Estimated err:                 2.5e-03

Phasing iteration 1:           17 seconds
Phasing iteration 2:           15 seconds
Phasing iteration 3:           18 seconds
Phasing iteration 4:           18 seconds
Phasing iteration 5:           15 seconds
Phasing iteration 6:           15 seconds
Phasing iteration 7:           15 seconds
Phasing iteration 8:           15 seconds
Phasing iteration 9:           15 seconds
Phasing iteration 10:          14 seconds
Phasing iteration 11:          14 seconds
Phasing iteration 12:          14 seconds

Window 2 [9:38797734-78827892]
Study     markers:                2,836

Burnin  iteration 1:           6 seconds
Burnin  iteration 2:           5 seconds
Burnin  iteration 3:           5 seconds

Estimated ne:                  978870
Estimated err:                 1.7e-03

Phasing iteration 1:           4 seconds
Phasing iteration 2:           4 seconds
Phasing iteration 3:           4 seconds
Phasing iteration 4:           4 seconds
Phasing iteration 5:           4 seconds
Phasing iteration 6:           4 seconds
Phasing iteration 7:           4 seconds
Phasing iteration 8:           4 seconds
Phasing iteration 9:           4 seconds
Phasing iteration 10:          4 seconds
Phasing iteration 11:          4 seconds
Phasing iteration 12:          4 seconds

Window 3 [9:76816957-116823004]
Study     markers:                4,904

Burnin  iteration 1:           10 seconds
Burnin  iteration 2:           9 seconds
Burnin  iteration 3:           10 seconds

Estimated ne:                  1632924
Estimated err:                 2.0e-03

Phasing iteration 1:           8 seconds
Phasing iteration 2:           10 seconds
Phasing iteration 3:           9 seconds
Phasing iteration 4:           8 seconds
Phasing iteration 5:           10 seconds
Phasing iteration 6:           9 seconds
Phasing iteration 7:           8 seconds
Phasing iteration 8:           9 seconds
Phasing iteration 9:           8 seconds
Phasing iteration 10:          8 seconds
Phasing iteration 11:          8 seconds
Phasing iteration 12:          8 seconds

Window 4 [9:114799637-154779021]
Study     markers:                9,621

Burnin  iteration 1:           21 seconds
Burnin  iteration 2:           22 seconds
Burnin  iteration 3:           20 seconds

Estimated ne:                  3413736
Estimated err:                 2.0e-03

Phasing iteration 1:           18 seconds
Phasing iteration 2:           21 seconds
Phasing iteration 3:           20 seconds
Phasing iteration 4:           18 seconds
Phasing iteration 5:           20 seconds
Phasing iteration 6:           19 seconds
Phasing iteration 7:           17 seconds
Phasing iteration 8:           18 seconds
Phasing iteration 9:           20 seconds
Phasing iteration 10:          21 seconds
Phasing iteration 11:          17 seconds
Phasing iteration 12:          21 seconds

Window 5 [9:152692586-167873056]
Study     markers:                6,080

Burnin  iteration 1:           13 seconds
Burnin  iteration 2:           12 seconds
Burnin  iteration 3:           12 seconds

Estimated ne:                  5553937
Estimated err:                 2.2e-03

Phasing iteration 1:           10 seconds
Phasing iteration 2:           10 seconds
Phasing iteration 3:           11 seconds
Phasing iteration 4:           12 seconds
Phasing iteration 5:           11 seconds
Phasing iteration 6:           10 seconds
Phasing iteration 7:           12 seconds
Phasing iteration 8:           10 seconds
Phasing iteration 9:           11 seconds
Phasing iteration 10:          9 seconds
Phasing iteration 11:          10 seconds
Phasing iteration 12:          11 seconds

Cumulative Statistics:

Study     markers:               29,775

Haplotype phasing time:        14 minutes 58 seconds
Total time:                    15 minutes 30 seconds

End time: 05:33 PM EDT on 18 Mar 2025
beagle.22Jul22.46e.jar finished
/var/lib/slurmd/job35703674/slurm_script: line 37: bcftools: command not found
/var/lib/slurmd/job35703674/slurm_script: line 38: tabix: command not found
/var/lib/slurmd/job35703674/slurm_script: line 41: bcftools: command not found
