To execute Beagle-5.4.22Jul22.46e run: java -jar ${EBROOTBEAGLE}/beagle.jar
############ working on chr1
beagle.22Jul22.46e.jar (version 5.4)
Copyright (C) 2014-2022 Brian L. Browning
Enter "java -jar beagle.22Jul22.46e.jar" to list command line argument
Start time: 07:01 PM EDT on 18 Mar 2025

Command line: java -Xmx92160m -jar beagle.22Jul22.46e.jar
  gt=/scratch/mjb51923/Ab10_Global_Survey/out/AlignGBS_HiFiAb10Corrected_v2/GWAS_Mo17_Ab10.chr.filt2_chr1.vcf.gz
  out=/scratch/mjb51923/Ab10_Global_Survey/out/AlignGBS_HiFiAb10Corrected_v2/GWAS_Mo17_Ab10.chr.filt2_chr1.imputed
  nthreads=24

No genetic map is specified: using 1 cM = 1 Mb

Reference samples:                    0
Study     samples:               10,567

Window 1 [1:205484-40169906]
Study     markers:               12,636

Burnin  iteration 1:           33 seconds
Burnin  iteration 2:           28 seconds
Burnin  iteration 3:           26 seconds

Estimated ne:                  4604055
Estimated err:                 2.5e-03

Phasing iteration 1:           25 seconds
Phasing iteration 2:           28 seconds
Phasing iteration 3:           24 seconds
Phasing iteration 4:           25 seconds
Phasing iteration 5:           25 seconds
Phasing iteration 6:           27 seconds
Phasing iteration 7:           27 seconds
Phasing iteration 8:           25 seconds
Phasing iteration 9:           27 seconds
Phasing iteration 10:          26 seconds
Phasing iteration 11:          27 seconds
Phasing iteration 12:          26 seconds

Window 2 [1:37995766-78048916]
Study     markers:                8,477

Burnin  iteration 1:           22 seconds
Burnin  iteration 2:           20 seconds
Burnin  iteration 3:           21 seconds

Estimated ne:                  2938775
Estimated err:                 2.2e-03

Phasing iteration 1:           18 seconds
Phasing iteration 2:           17 seconds
Phasing iteration 3:           17 seconds
Phasing iteration 4:           17 seconds
Phasing iteration 5:           16 seconds
Phasing iteration 6:           19 seconds
Phasing iteration 7:           21 seconds
Phasing iteration 8:           16 seconds
Phasing iteration 9:           16 seconds
Phasing iteration 10:          20 seconds
Phasing iteration 11:          17 seconds
Phasing iteration 12:          15 seconds

Window 3 [1:76034716-116086105]
Study     markers:                5,115

Burnin  iteration 1:           12 seconds
Burnin  iteration 2:           10 seconds
Burnin  iteration 3:           12 seconds

Estimated ne:                  1718982
Estimated err:                 1.7e-03

Phasing iteration 1:           11 seconds
Phasing iteration 2:           12 seconds
Phasing iteration 3:           11 seconds
Phasing iteration 4:           11 seconds
Phasing iteration 5:           10 seconds
Phasing iteration 6:           10 seconds
Phasing iteration 7:           10 seconds
Phasing iteration 8:           10 seconds
Phasing iteration 9:           10 seconds
Phasing iteration 10:          10 seconds
Phasing iteration 11:          10 seconds
Phasing iteration 12:          11 seconds

Window 4 [1:113997637-154194074]
Study     markers:                2,364

Burnin  iteration 1:           6 seconds
Burnin  iteration 2:           4 seconds
Burnin  iteration 3:           4 seconds

Estimated ne:                  842109
Estimated err:                 1.1e-03

Phasing iteration 1:           4 seconds
Phasing iteration 2:           4 seconds
Phasing iteration 3:           4 seconds
Phasing iteration 4:           4 seconds
Phasing iteration 5:           4 seconds
Phasing iteration 6:           4 seconds
Phasing iteration 7:           4 seconds
Phasing iteration 8:           4 seconds
Phasing iteration 9:           4 seconds
Phasing iteration 10:          4 seconds
Phasing iteration 11:          4 seconds
Phasing iteration 12:          4 seconds

Window 5 [1:152080987-192135867]
Study     markers:                6,135

Burnin  iteration 1:           17 seconds
Burnin  iteration 2:           14 seconds
Burnin  iteration 3:           14 seconds

Estimated ne:                  2131907
Estimated err:                 2.5e-03

Phasing iteration 1:           16 seconds
Phasing iteration 2:           13 seconds
Phasing iteration 3:           15 seconds
Phasing iteration 4:           13 seconds
Phasing iteration 5:           17 seconds
Phasing iteration 6:           12 seconds
Phasing iteration 7:           13 seconds
Phasing iteration 8:           12 seconds
Phasing iteration 9:           12 seconds
Phasing iteration 10:          13 seconds
Phasing iteration 11:          13 seconds
Phasing iteration 12:          12 seconds

Window 6 [1:190134783-230145115]
Study     markers:                9,017

Burnin  iteration 1:           24 seconds
Burnin  iteration 2:           20 seconds
Burnin  iteration 3:           20 seconds

Estimated ne:                  3159334
Estimated err:                 2.5e-03

Phasing iteration 1:           22 seconds
Phasing iteration 2:           19 seconds
Phasing iteration 3:           20 seconds
Phasing iteration 4:           19 seconds
Phasing iteration 5:           20 seconds
Phasing iteration 6:           19 seconds
Phasing iteration 7:           19 seconds
Phasing iteration 8:           18 seconds
Phasing iteration 9:           19 seconds
Phasing iteration 10:          18 seconds
Phasing iteration 11:          18 seconds
Phasing iteration 12:          17 seconds

Window 7 [1:228139820-268179376]
Study     markers:                8,481

Burnin  iteration 1:           22 seconds
Burnin  iteration 2:           20 seconds
Burnin  iteration 3:           21 seconds

Estimated ne:                  2900778
Estimated err:                 1.9e-03

Phasing iteration 1:           17 seconds
Phasing iteration 2:           19 seconds
Phasing iteration 3:           17 seconds
Phasing iteration 4:           17 seconds
Phasing iteration 5:           20 seconds
Phasing iteration 6:           16 seconds
Phasing iteration 7:           17 seconds
Phasing iteration 8:           21 seconds
Phasing iteration 9:           19 seconds
Phasing iteration 10:          17 seconds
Phasing iteration 11:          19 seconds
Phasing iteration 12:          20 seconds

Window 8 [1:266169516-306203622]
Study     markers:               11,192

Burnin  iteration 1:           29 seconds
Burnin  iteration 2:           24 seconds
Burnin  iteration 3:           29 seconds

Estimated ne:                  4066618
Estimated err:                 2.4e-03

Phasing iteration 1:           22 seconds
Phasing iteration 2:           28 seconds
Phasing iteration 3:           23 seconds
Phasing iteration 4:           25 seconds
Phasing iteration 5:           21 seconds
Phasing iteration 6:           25 seconds
Phasing iteration 7:           23 seconds
Phasing iteration 8:           21 seconds
Phasing iteration 9:           27 seconds
Phasing iteration 10:          22 seconds
Phasing iteration 11:          25 seconds
Phasing iteration 12:          21 seconds

Window 9 [1:304203330-307030069]
Study     markers:                  788

Burnin  iteration 1:           1 second
Burnin  iteration 2:           1 second
Burnin  iteration 3:           1 second

Estimated ne:                  3415457
Estimated err:                 2.0e-03

Phasing iteration 1:           1 second
Phasing iteration 2:           1 second
Phasing iteration 3:           1 second
Phasing iteration 4:           1 second
Phasing iteration 5:           1 second
Phasing iteration 6:           1 second
Phasing iteration 7:           1 second
Phasing iteration 8:           1 second
Phasing iteration 9:           1 second
Phasing iteration 10:          1 second
Phasing iteration 11:          1 second
Phasing iteration 12:          1 second

Cumulative Statistics:

Study     markers:               60,678

Haplotype phasing time:        34 minutes 16 seconds
Total time:                    35 minutes 1 second

End time: 07:36 PM EDT on 18 Mar 2025
beagle.22Jul22.46e.jar finished
[W::vcf_parse] Contig '1' is not defined in the header. (Quick workaround: index the file with tabix.)
