To execute Beagle-5.4.22Jul22.46e run: java -jar ${EBROOTBEAGLE}/beagle.jar
############ working on chr10
beagle.22Jul22.46e.jar (version 5.4)
Copyright (C) 2014-2022 Brian L. Browning
Enter "java -jar beagle.22Jul22.46e.jar" to list command line argument
Start time: 07:18 PM EDT on 18 Mar 2025

Command line: java -Xmx92160m -jar beagle.22Jul22.46e.jar
  gt=/scratch/mjb51923/Ab10_Global_Survey/out/AlignGBS_HiFiAb10Corrected_v2/GWAS_Mo17_Ab10.chr.filt2_chr10.vcf.gz
  out=/scratch/mjb51923/Ab10_Global_Survey/out/AlignGBS_HiFiAb10Corrected_v2/GWAS_Mo17_Ab10.chr.filt2_chr10.imputed
  nthreads=24

No genetic map is specified: using 1 cM = 1 Mb

Reference samples:                    0
Study     samples:               10,567

Window 1 [10:46182-40029151]
Study     markers:                6,115

Burnin  iteration 1:           23 seconds
Burnin  iteration 2:           19 seconds
Burnin  iteration 3:           24 seconds

Estimated ne:                  2339434
Estimated err:                 3.3e-03

Phasing iteration 1:           19 seconds
Phasing iteration 2:           17 seconds
Phasing iteration 3:           23 seconds
Phasing iteration 4:           16 seconds
Phasing iteration 5:           16 seconds
Phasing iteration 6:           16 seconds
Phasing iteration 7:           23 seconds
Phasing iteration 8:           16 seconds
Phasing iteration 9:           15 seconds
Phasing iteration 10:          17 seconds
Phasing iteration 11:          16 seconds
Phasing iteration 12:          14 seconds

Window 2 [10:37604458-78024665]
Study     markers:                3,247

Burnin  iteration 1:           14 seconds
Burnin  iteration 2:           10 seconds
Burnin  iteration 3:           10 seconds

Estimated ne:                  1180934
Estimated err:                 1.6e-03

Phasing iteration 1:           9 seconds
Phasing iteration 2:           9 seconds
Phasing iteration 3:           9 seconds
Phasing iteration 4:           8 seconds
Phasing iteration 5:           9 seconds
Phasing iteration 6:           12 seconds
Phasing iteration 7:           9 seconds
Phasing iteration 8:           8 seconds
Phasing iteration 9:           8 seconds
Phasing iteration 10:          9 seconds
Phasing iteration 11:          8 seconds
Phasing iteration 12:          8 seconds

Window 3 [10:76020060-116003855]
Study     markers:                5,805

Burnin  iteration 1:           20 seconds
Burnin  iteration 2:           16 seconds
Burnin  iteration 3:           16 seconds

Estimated ne:                  1970292
Estimated err:                 1.6e-03

Phasing iteration 1:           17 seconds
Phasing iteration 2:           15 seconds
Phasing iteration 3:           15 seconds
Phasing iteration 4:           16 seconds
Phasing iteration 5:           22 seconds
Phasing iteration 6:           16 seconds
Phasing iteration 7:           14 seconds
Phasing iteration 8:           15 seconds
Phasing iteration 9:           16 seconds
Phasing iteration 10:          14 seconds
Phasing iteration 11:          15 seconds
Phasing iteration 12:          14 seconds

Window 4 [10:113907853-138621319]
Study     markers:                6,524

Burnin  iteration 1:           26 seconds
Burnin  iteration 2:           22 seconds
Burnin  iteration 3:           18 seconds

Estimated ne:                  3723935
Estimated err:                 2.6e-03

Phasing iteration 1:           17 seconds
Phasing iteration 2:           25 seconds
Phasing iteration 3:           22 seconds
Phasing iteration 4:           17 seconds
Phasing iteration 5:           16 seconds
Phasing iteration 6:           16 seconds
Phasing iteration 7:           17 seconds
Phasing iteration 8:           24 seconds
Phasing iteration 9:           17 seconds
Phasing iteration 10:          15 seconds
Phasing iteration 11:          23 seconds
Phasing iteration 12:          22 seconds

Cumulative Statistics:

Study     markers:               20,861

Haplotype phasing time:        15 minutes 53 seconds
Total time:                    16 minutes 22 seconds

End time: 07:34 PM EDT on 18 Mar 2025
beagle.22Jul22.46e.jar finished
[W::vcf_parse] Contig '10' is not defined in the header. (Quick workaround: index the file with tabix.)
