To execute Beagle-5.4.22Jul22.46e run: java -jar ${EBROOTBEAGLE}/beagle.jar
############ working on chr8
beagle.22Jul22.46e.jar (version 5.4)
Copyright (C) 2014-2022 Brian L. Browning
Enter "java -jar beagle.22Jul22.46e.jar" to list command line argument
Start time: 05:05 PM EDT on 18 Mar 2025

Command line: java -Xmx92160m -jar beagle.22Jul22.46e.jar
  gt=/scratch/mjb51923/Ab10_Global_Survey/out/AlignGBS_HiFiAb10Corrected_v2/GWAS_Mo17_K10L2.chr.filt2_chr8.vcf.gz
  out=/scratch/mjb51923/Ab10_Global_Survey/out/AlignGBS_HiFiAb10Corrected_v2/GWAS_Mo17_K10L2.chr.filt2_chr8.imputed
  nthreads=24

No genetic map is specified: using 1 cM = 1 Mb

Reference samples:                    0
Study     samples:               10,567

Window 1 [8:299265-40240808]
Study     markers:                7,346

Burnin  iteration 1:           18 seconds
Burnin  iteration 2:           16 seconds
Burnin  iteration 3:           14 seconds

Estimated ne:                  2648188
Estimated err:                 2.8e-03

Phasing iteration 1:           14 seconds
Phasing iteration 2:           13 seconds
Phasing iteration 3:           13 seconds
Phasing iteration 4:           13 seconds
Phasing iteration 5:           14 seconds
Phasing iteration 6:           16 seconds
Phasing iteration 7:           15 seconds
Phasing iteration 8:           14 seconds
Phasing iteration 9:           14 seconds
Phasing iteration 10:          14 seconds
Phasing iteration 11:          13 seconds
Phasing iteration 12:          14 seconds

Window 2 [8:38151519-78285377]
Study     markers:                2,921

Burnin  iteration 1:           6 seconds
Burnin  iteration 2:           5 seconds
Burnin  iteration 3:           5 seconds

Estimated ne:                  912565
Estimated err:                 1.6e-03

Phasing iteration 1:           5 seconds
Phasing iteration 2:           5 seconds
Phasing iteration 3:           5 seconds
Phasing iteration 4:           5 seconds
Phasing iteration 5:           5 seconds
Phasing iteration 6:           5 seconds
Phasing iteration 7:           5 seconds
Phasing iteration 8:           5 seconds
Phasing iteration 9:           5 seconds
Phasing iteration 10:          5 seconds
Phasing iteration 11:          5 seconds
Phasing iteration 12:          4 seconds

Window 3 [8:76256096-116282614]
Study     markers:                4,611

Burnin  iteration 1:           10 seconds
Burnin  iteration 2:           9 seconds
Burnin  iteration 3:           8 seconds

Estimated ne:                  1637972
Estimated err:                 1.8e-03

Phasing iteration 1:           8 seconds
Phasing iteration 2:           9 seconds
Phasing iteration 3:           9 seconds
Phasing iteration 4:           8 seconds
Phasing iteration 5:           9 seconds
Phasing iteration 6:           8 seconds
Phasing iteration 7:           8 seconds
Phasing iteration 8:           8 seconds
Phasing iteration 9:           7 seconds
Phasing iteration 10:          8 seconds
Phasing iteration 11:          8 seconds
Phasing iteration 12:          8 seconds

Window 4 [8:114214233-154299066]
Study     markers:                6,857

Burnin  iteration 1:           16 seconds
Burnin  iteration 2:           13 seconds
Burnin  iteration 3:           15 seconds

Estimated ne:                  2468741
Estimated err:                 2.0e-03

Phasing iteration 1:           12 seconds
Phasing iteration 2:           15 seconds
Phasing iteration 3:           12 seconds
Phasing iteration 4:           15 seconds
Phasing iteration 5:           12 seconds
Phasing iteration 6:           12 seconds
Phasing iteration 7:           12 seconds
Phasing iteration 8:           12 seconds
Phasing iteration 9:           14 seconds
Phasing iteration 10:          13 seconds
Phasing iteration 11:          13 seconds
Phasing iteration 12:          14 seconds

Window 5 [8:152245177-192298795]
Study     markers:                5,377

Burnin  iteration 1:           11 seconds
Burnin  iteration 2:           11 seconds
Burnin  iteration 3:           10 seconds

Estimated ne:                  1254063
Estimated err:                 3.3e-03

Phasing iteration 1:           10 seconds
Phasing iteration 2:           9 seconds
Phasing iteration 3:           9 seconds
Phasing iteration 4:           9 seconds
Phasing iteration 5:           9 seconds
Phasing iteration 6:           9 seconds
Phasing iteration 7:           9 seconds
Phasing iteration 8:           9 seconds
Phasing iteration 9:           9 seconds
Phasing iteration 10:          8 seconds
Phasing iteration 11:          9 seconds
Phasing iteration 12:          8 seconds

Window 6 [8:190149572-208378064]
Study     markers:                8,053

Burnin  iteration 1:           19 seconds
Burnin  iteration 2:           16 seconds
Burnin  iteration 3:           15 seconds

Estimated ne:                  6284582
Estimated err:                 2.2e-03

Phasing iteration 1:           14 seconds
Phasing iteration 2:           13 seconds
Phasing iteration 3:           14 seconds
Phasing iteration 4:           14 seconds
Phasing iteration 5:           14 seconds
Phasing iteration 6:           14 seconds
Phasing iteration 7:           14 seconds
Phasing iteration 8:           14 seconds
Phasing iteration 9:           14 seconds
Phasing iteration 10:          14 seconds
Phasing iteration 11:          14 seconds
Phasing iteration 12:          14 seconds

Cumulative Statistics:

Study     markers:               32,759

Haplotype phasing time:        16 minutes 12 seconds
Total time:                    16 minutes 47 seconds

End time: 05:22 PM EDT on 18 Mar 2025
beagle.22Jul22.46e.jar finished
/var/lib/slurmd/job35703591/slurm_script: line 37: bcftools: command not found
/var/lib/slurmd/job35703591/slurm_script: line 38: tabix: command not found
/var/lib/slurmd/job35703591/slurm_script: line 41: bcftools: command not found
