To execute Beagle-5.4.22Jul22.46e run: java -jar ${EBROOTBEAGLE}/beagle.jar
############ working on chr2
beagle.22Jul22.46e.jar (version 5.4)
Copyright (C) 2014-2022 Brian L. Browning
Enter "java -jar beagle.22Jul22.46e.jar" to list command line argument
Start time: 04:32 PM EDT on 18 Mar 2025

Command line: java -Xmx92160m -jar beagle.22Jul22.46e.jar
  gt=/scratch/mjb51923/Ab10_Global_Survey/out/AlignGBS_HiFiAb10Corrected_v2/GWAS_Mo17_Ab10.chr.filt2_chr2.vcf.gz
  out=/scratch/mjb51923/Ab10_Global_Survey/out/AlignGBS_HiFiAb10Corrected_v2/GWAS_Mo17_Ab10.chr.filt2_chr2.imputed
  nthreads=24

No genetic map is specified: using 1 cM = 1 Mb

Reference samples:                    0
Study     samples:               10,567

Window 1 [2:410557-40406734]
Study     markers:               14,156

Burnin  iteration 1:           38 seconds
Burnin  iteration 2:           32 seconds
Burnin  iteration 3:           30 seconds

Estimated ne:                  5178084
Estimated err:                 2.5e-03

Phasing iteration 1:           29 seconds
Phasing iteration 2:           28 seconds
Phasing iteration 3:           28 seconds
Phasing iteration 4:           26 seconds
Phasing iteration 5:           26 seconds
Phasing iteration 6:           27 seconds
Phasing iteration 7:           27 seconds
Phasing iteration 8:           25 seconds
Phasing iteration 9:           27 seconds
Phasing iteration 10:          25 seconds
Phasing iteration 11:          27 seconds
Phasing iteration 12:          25 seconds

Window 2 [2:38379256-78071425]
Study     markers:                6,220

Burnin  iteration 1:           13 seconds
Burnin  iteration 2:           13 seconds
Burnin  iteration 3:           12 seconds

Estimated ne:                  2191157
Estimated err:                 2.4e-03

Phasing iteration 1:           12 seconds
Phasing iteration 2:           12 seconds
Phasing iteration 3:           11 seconds
Phasing iteration 4:           12 seconds
Phasing iteration 5:           11 seconds
Phasing iteration 6:           11 seconds
Phasing iteration 7:           11 seconds
Phasing iteration 8:           11 seconds
Phasing iteration 9:           11 seconds
Phasing iteration 10:          10 seconds
Phasing iteration 11:          10 seconds
Phasing iteration 12:          10 seconds

Window 3 [2:75966903-116403931]
Study     markers:                2,499

Burnin  iteration 1:           5 seconds
Burnin  iteration 2:           4 seconds
Burnin  iteration 3:           4 seconds

Estimated ne:                  868089
Estimated err:                 1.7e-03

Phasing iteration 1:           4 seconds
Phasing iteration 2:           4 seconds
Phasing iteration 3:           4 seconds
Phasing iteration 4:           4 seconds
Phasing iteration 5:           4 seconds
Phasing iteration 6:           4 seconds
Phasing iteration 7:           4 seconds
Phasing iteration 8:           4 seconds
Phasing iteration 9:           4 seconds
Phasing iteration 10:          4 seconds
Phasing iteration 11:          4 seconds
Phasing iteration 12:          4 seconds

Window 4 [2:114327806-154303322]
Study     markers:                3,278

Burnin  iteration 1:           7 seconds
Burnin  iteration 2:           6 seconds
Burnin  iteration 3:           6 seconds

Estimated ne:                  1131544
Estimated err:                 2.1e-03

Phasing iteration 1:           5 seconds
Phasing iteration 2:           6 seconds
Phasing iteration 3:           5 seconds
Phasing iteration 4:           5 seconds
Phasing iteration 5:           5 seconds
Phasing iteration 6:           5 seconds
Phasing iteration 7:           5 seconds
Phasing iteration 8:           5 seconds
Phasing iteration 9:           5 seconds
Phasing iteration 10:          5 seconds
Phasing iteration 11:          5 seconds
Phasing iteration 12:          5 seconds

Window 5 [2:152254311-192404777]
Study     markers:                5,865

Burnin  iteration 1:           13 seconds
Burnin  iteration 2:           11 seconds
Burnin  iteration 3:           11 seconds

Estimated ne:                  2089808
Estimated err:                 2.2e-03

Phasing iteration 1:           11 seconds
Phasing iteration 2:           12 seconds
Phasing iteration 3:           11 seconds
Phasing iteration 4:           10 seconds
Phasing iteration 5:           10 seconds
Phasing iteration 6:           10 seconds
Phasing iteration 7:           10 seconds
Phasing iteration 8:           10 seconds
Phasing iteration 9:           10 seconds
Phasing iteration 10:          10 seconds
Phasing iteration 11:          10 seconds
Phasing iteration 12:          10 seconds

Window 6 [2:190293235-230318425]
Study     markers:               11,854
slurmstepd: error: *** JOB 35703260 ON a4-2 CANCELLED AT 2025-03-18T16:48:03 ***
