To execute Beagle-5.4.22Jul22.46e run: java -jar ${EBROOTBEAGLE}/beagle.jar
############ working on chr5
beagle.22Jul22.46e.jar (version 5.4)
Copyright (C) 2014-2022 Brian L. Browning
Enter "java -jar beagle.22Jul22.46e.jar" to list command line argument
Start time: 04:48 PM EDT on 18 Mar 2025

Command line: java -Xmx92160m -jar beagle.22Jul22.46e.jar
  gt=/scratch/mjb51923/Ab10_Global_Survey/out/AlignGBS_HiFiAb10Corrected_v2/GWAS_Mo17_Ab10.chr.filt2_chr5.vcf.gz
  out=/scratch/mjb51923/Ab10_Global_Survey/out/AlignGBS_HiFiAb10Corrected_v2/GWAS_Mo17_Ab10.chr.filt2_chr5.imputed
  nthreads=24

No genetic map is specified: using 1 cM = 1 Mb

Reference samples:                    0
Study     samples:               10,567

Window 1 [5:122876-40118069]
Study     markers:               12,732

Burnin  iteration 1:           46 seconds
Burnin  iteration 2:           41 seconds
Burnin  iteration 3:           37 seconds

Estimated ne:                  4701466
Estimated err:                 2.5e-03

Phasing iteration 1:           35 seconds
Phasing iteration 2:           34 seconds
Phasing iteration 3:           35 seconds
Phasing iteration 4:           34 seconds
Phasing iteration 5:           41 seconds
Phasing iteration 6:           43 seconds
Phasing iteration 7:           33 seconds
Phasing iteration 8:           31 seconds
Phasing iteration 9:           33 seconds
Phasing iteration 10:          45 seconds
Phasing iteration 11:          35 seconds
Phasing iteration 12:          32 seconds

Window 2 [5:38038484-78048576]
Study     markers:                6,455

Burnin  iteration 1:           28 seconds
Burnin  iteration 2:           24 seconds
Burnin  iteration 3:           22 seconds

Estimated ne:                  2214090
Estimated err:                 2.0e-03

Phasing iteration 1:           17 seconds
Phasing iteration 2:           22 seconds
Phasing iteration 3:           17 seconds
Phasing iteration 4:           22 seconds
Phasing iteration 5:           17 seconds
Phasing iteration 6:           24 seconds
Phasing iteration 7:           16 seconds
Phasing iteration 8:           16 seconds
Phasing iteration 9:           26 seconds
Phasing iteration 10:          15 seconds
Phasing iteration 11:          15 seconds
Phasing iteration 12:          26 seconds

Window 3 [5:75881584-116117658]
Study     markers:                3,474

Burnin  iteration 1:           16 seconds
Burnin  iteration 2:           15 seconds
Burnin  iteration 3:           14 seconds

Estimated ne:                  1223074
Estimated err:                 1.8e-03

Phasing iteration 1:           9 seconds
Phasing iteration 2:           9 seconds
Phasing iteration 3:           14 seconds
Phasing iteration 4:           9 seconds
Phasing iteration 5:           8 seconds
Phasing iteration 6:           14 seconds
Phasing iteration 7:           12 seconds
Phasing iteration 8:           14 seconds
Phasing iteration 9:           14 seconds
Phasing iteration 10:          9 seconds
Phasing iteration 11:          14 seconds
Phasing iteration 12:          10 seconds

Window 4 [5:114102999-154040010]
Study     markers:                2,762

Burnin  iteration 1:           9 seconds
Burnin  iteration 2:           12 seconds
Burnin  iteration 3:           12 seconds

Estimated ne:                  1041808
Estimated err:                 1.5e-03

Phasing iteration 1:           7 seconds
Phasing iteration 2:           11 seconds
Phasing iteration 3:           7 seconds
Phasing iteration 4:           11 seconds
Phasing iteration 5:           7 seconds
Phasing iteration 6:           11 seconds
Phasing iteration 7:           7 seconds
Phasing iteration 8:           7 seconds
Phasing iteration 9:           11 seconds
Phasing iteration 10:          8 seconds
Phasing iteration 11:          7 seconds
Phasing iteration 12:          6 seconds

Window 5 [5:152008464-192044879]
Study     markers:                8,331

Burnin  iteration 1:           26 seconds
Burnin  iteration 2:           23 seconds
Burnin  iteration 3:           23 seconds

Estimated ne:                  2988092
Estimated err:                 2.4e-03

Phasing iteration 1:           21 seconds
Phasing iteration 2:           24 seconds
Phasing iteration 3:           33 seconds
Phasing iteration 4:           25 seconds
Phasing iteration 5:           22 seconds
Phasing iteration 6:           31 seconds
Phasing iteration 7:           26 seconds
Phasing iteration 8:           22 seconds
Phasing iteration 9:           22 seconds
Phasing iteration 10:          21 seconds
Phasing iteration 11:          34 seconds
Phasing iteration 12:          19 seconds

Window 6 [5:189986666-220112182]
Study     markers:               12,216

Burnin  iteration 1:           51 seconds
Burnin  iteration 2:           37 seconds
Burnin  iteration 3:           36 seconds

Estimated ne:                  5646756
Estimated err:                 2.5e-03

Phasing iteration 1:           48 seconds
Phasing iteration 2:           34 seconds
Phasing iteration 3:           32 seconds
Phasing iteration 4:           31 seconds
Phasing iteration 5:           31 seconds
Phasing iteration 6:           31 seconds
Phasing iteration 7:           31 seconds
Phasing iteration 8:           31 seconds
Phasing iteration 9:           30 seconds
Phasing iteration 10:          30 seconds
Phasing iteration 11:          30 seconds
Phasing iteration 12:          29 seconds

Cumulative Statistics:

Study     markers:               44,278

Haplotype phasing time:        34 minutes 18 seconds
Total time:                    35 minutes 15 seconds

End time: 05:24 PM EDT on 18 Mar 2025
beagle.22Jul22.46e.jar finished
[W::bcf_hdr_check_sanity] PL should be declared as Number=G
[filter.c:2903 filters_init1] Error: the tag "DR2" is not defined in the VCF header
[tabix] the compression of '/scratch/mjb51923/Ab10_Global_Survey/out/AlignGBS_HiFiAb10Corrected_v2/GWAS_Mo17_Ab10.chr.filt2_chr5.imputed.vcf.gz' is not BGZF
Checking the headers and starting positions of 10 files
[E::bcf_hdr_read] Input is not detected as bcf or vcf format
Failed to parse header: /scratch/mjb51923/Ab10_Global_Survey/out/AlignGBS_HiFiAb10Corrected_v2/GWAS_Mo17_Ab10.chr.filt2_chr10.imputed.vcf.gz
