To execute Beagle-5.4.22Jul22.46e run: java -jar ${EBROOTBEAGLE}/beagle.jar
############ working on chr5
beagle.22Jul22.46e.jar (version 5.4)
Copyright (C) 2014-2022 Brian L. Browning
Enter "java -jar beagle.22Jul22.46e.jar" to list command line argument
Start time: 05:02 PM EDT on 18 Mar 2025

Command line: java -Xmx92160m -jar beagle.22Jul22.46e.jar
  gt=/scratch/mjb51923/Ab10_Global_Survey/out/AlignGBS_HiFiAb10Corrected_v2/GWAS_Mo17_K10L2.chr.filt2_chr5.vcf.gz
  out=/scratch/mjb51923/Ab10_Global_Survey/out/AlignGBS_HiFiAb10Corrected_v2/GWAS_Mo17_K10L2.chr.filt2_chr5.imputed
  nthreads=24

No genetic map is specified: using 1 cM = 1 Mb

Reference samples:                    0
Study     samples:               10,567

Window 1 [5:122876-40118069]
Study     markers:               12,791

Burnin  iteration 1:           30 seconds
Burnin  iteration 2:           26 seconds
Burnin  iteration 3:           25 seconds

Estimated ne:                  4708389
Estimated err:                 2.5e-03

Phasing iteration 1:           23 seconds
Phasing iteration 2:           23 seconds
Phasing iteration 3:           25 seconds
Phasing iteration 4:           24 seconds
Phasing iteration 5:           24 seconds
Phasing iteration 6:           25 seconds
Phasing iteration 7:           27 seconds
Phasing iteration 8:           23 seconds
Phasing iteration 9:           23 seconds
Phasing iteration 10:          24 seconds
Phasing iteration 11:          23 seconds
Phasing iteration 12:          23 seconds

Window 2 [5:38038484-78048576]
Study     markers:                6,458

Burnin  iteration 1:           13 seconds
Burnin  iteration 2:           12 seconds
Burnin  iteration 3:           12 seconds

Estimated ne:                  2210889
Estimated err:                 2.0e-03

Phasing iteration 1:           11 seconds
Phasing iteration 2:           11 seconds
Phasing iteration 3:           10 seconds
Phasing iteration 4:           12 seconds
Phasing iteration 5:           11 seconds
Phasing iteration 6:           11 seconds
Phasing iteration 7:           11 seconds
Phasing iteration 8:           10 seconds
Phasing iteration 9:           11 seconds
Phasing iteration 10:          10 seconds
Phasing iteration 11:          11 seconds
Phasing iteration 12:          10 seconds

Window 3 [5:75881584-116117658]
Study     markers:                3,478

Burnin  iteration 1:           7 seconds
Burnin  iteration 2:           6 seconds
Burnin  iteration 3:           6 seconds

Estimated ne:                  1221922
Estimated err:                 1.7e-03

Phasing iteration 1:           6 seconds
Phasing iteration 2:           6 seconds
Phasing iteration 3:           6 seconds
Phasing iteration 4:           5 seconds
Phasing iteration 5:           5 seconds
Phasing iteration 6:           6 seconds
Phasing iteration 7:           5 seconds
Phasing iteration 8:           5 seconds
Phasing iteration 9:           5 seconds
Phasing iteration 10:          6 seconds
Phasing iteration 11:          5 seconds
Phasing iteration 12:          5 seconds

Window 4 [5:114102999-154040010]
Study     markers:                2,758

Burnin  iteration 1:           6 seconds
Burnin  iteration 2:           5 seconds
Burnin  iteration 3:           5 seconds

Estimated ne:                  1040493
Estimated err:                 1.5e-03

Phasing iteration 1:           5 seconds
Phasing iteration 2:           4 seconds
Phasing iteration 3:           4 seconds
Phasing iteration 4:           4 seconds
Phasing iteration 5:           4 seconds
Phasing iteration 6:           4 seconds
Phasing iteration 7:           4 seconds
Phasing iteration 8:           4 seconds
Phasing iteration 9:           4 seconds
Phasing iteration 10:          4 seconds
Phasing iteration 11:          4 seconds
Phasing iteration 12:          4 seconds

Window 5 [5:152008464-192044879]
Study     markers:                8,356

Burnin  iteration 1:           19 seconds
Burnin  iteration 2:           17 seconds
Burnin  iteration 3:           16 seconds

Estimated ne:                  2996029
Estimated err:                 2.5e-03

Phasing iteration 1:           14 seconds
Phasing iteration 2:           15 seconds
Phasing iteration 3:           13 seconds
Phasing iteration 4:           14 seconds
Phasing iteration 5:           16 seconds
Phasing iteration 6:           14 seconds
Phasing iteration 7:           14 seconds
Phasing iteration 8:           15 seconds
Phasing iteration 9:           15 seconds
Phasing iteration 10:          15 seconds
Phasing iteration 11:          15 seconds
Phasing iteration 12:          13 seconds

Window 6 [5:189986666-220112182]
Study     markers:               12,266

Burnin  iteration 1:           28 seconds
Burnin  iteration 2:           23 seconds
Burnin  iteration 3:           24 seconds

Estimated ne:                  5662540
Estimated err:                 2.5e-03

Phasing iteration 1:           24 seconds
Phasing iteration 2:           21 seconds
Phasing iteration 3:           21 seconds
Phasing iteration 4:           26 seconds
Phasing iteration 5:           20 seconds
Phasing iteration 6:           21 seconds
Phasing iteration 7:           23 seconds
Phasing iteration 8:           21 seconds
Phasing iteration 9:           23 seconds
Phasing iteration 10:          21 seconds
Phasing iteration 11:          20 seconds
Phasing iteration 12:          22 seconds

Cumulative Statistics:

Study     markers:               44,397

Haplotype phasing time:        20 minutes 50 seconds
Total time:                    21 minutes 32 seconds

End time: 05:24 PM EDT on 18 Mar 2025
beagle.22Jul22.46e.jar finished
/var/lib/slurmd/job35703574/slurm_script: line 37: bcftools: command not found
/var/lib/slurmd/job35703574/slurm_script: line 38: tabix: command not found
/var/lib/slurmd/job35703574/slurm_script: line 41: bcftools: command not found
