To execute Beagle-5.4.22Jul22.46e run: java -jar ${EBROOTBEAGLE}/beagle.jar
############ working on chr6
beagle.22Jul22.46e.jar (version 5.4)
Copyright (C) 2014-2022 Brian L. Browning
Enter "java -jar beagle.22Jul22.46e.jar" to list command line argument
Start time: 05:02 PM EDT on 18 Mar 2025

Command line: java -Xmx92160m -jar beagle.22Jul22.46e.jar
  gt=/scratch/mjb51923/Ab10_Global_Survey/out/AlignGBS_HiFiAb10Corrected_v2/GWAS_Mo17_K10L2.chr.filt2_chr6.vcf.gz
  out=/scratch/mjb51923/Ab10_Global_Survey/out/AlignGBS_HiFiAb10Corrected_v2/GWAS_Mo17_K10L2.chr.filt2_chr6.imputed
  nthreads=24

No genetic map is specified: using 1 cM = 1 Mb

Reference samples:                    0
Study     samples:               10,567

Window 1 [6:37299-36374190]
Study     markers:                2,074

Burnin  iteration 1:           6 seconds
Burnin  iteration 2:           4 seconds
Burnin  iteration 3:           3 seconds

Estimated ne:                  606206
Estimated err:                 6.7e-03

Phasing iteration 1:           3 seconds
Phasing iteration 2:           3 seconds
Phasing iteration 3:           3 seconds
Phasing iteration 4:           3 seconds
Phasing iteration 5:           3 seconds
Phasing iteration 6:           3 seconds
Phasing iteration 7:           3 seconds
Phasing iteration 8:           3 seconds
Phasing iteration 9:           3 seconds
Phasing iteration 10:          3 seconds
Phasing iteration 11:          3 seconds
Phasing iteration 12:          3 seconds

Window 2 [6:32442098-78021847]
Study     markers:                2,774

Burnin  iteration 1:           6 seconds
Burnin  iteration 2:           5 seconds
Burnin  iteration 3:           5 seconds

Estimated ne:                  780086
Estimated err:                 2.9e-03

Phasing iteration 1:           5 seconds
Phasing iteration 2:           5 seconds
Phasing iteration 3:           5 seconds
Phasing iteration 4:           5 seconds
Phasing iteration 5:           4 seconds
Phasing iteration 6:           4 seconds
Phasing iteration 7:           4 seconds
Phasing iteration 8:           4 seconds
Phasing iteration 9:           4 seconds
Phasing iteration 10:          4 seconds
Phasing iteration 11:          5 seconds
Phasing iteration 12:          4 seconds

Window 3 [6:75857169-116034615]
Study     markers:                3,256

Burnin  iteration 1:           7 seconds
Burnin  iteration 2:           6 seconds
Burnin  iteration 3:           6 seconds

Estimated ne:                  1090235
Estimated err:                 2.1e-03

Phasing iteration 1:           5 seconds
Phasing iteration 2:           5 seconds
Phasing iteration 3:           6 seconds
Phasing iteration 4:           5 seconds
Phasing iteration 5:           5 seconds
Phasing iteration 6:           6 seconds
Phasing iteration 7:           5 seconds
Phasing iteration 8:           5 seconds
Phasing iteration 9:           5 seconds
Phasing iteration 10:          6 seconds
Phasing iteration 11:          5 seconds
Phasing iteration 12:          5 seconds

Window 4 [6:114008299-153947294]
Study     markers:                7,867

Burnin  iteration 1:           18 seconds
Burnin  iteration 2:           15 seconds
Burnin  iteration 3:           17 seconds

Estimated ne:                  2720445
Estimated err:                 2.1e-03

Phasing iteration 1:           18 seconds
Phasing iteration 2:           14 seconds
Phasing iteration 3:           14 seconds
Phasing iteration 4:           15 seconds
Phasing iteration 5:           14 seconds
Phasing iteration 6:           15 seconds
Phasing iteration 7:           15 seconds
Phasing iteration 8:           15 seconds
Phasing iteration 9:           14 seconds
Phasing iteration 10:          14 seconds
Phasing iteration 11:          19 seconds
Phasing iteration 12:          14 seconds

Window 5 [6:151935053-192019412]
Study     markers:               10,586

Burnin  iteration 1:           24 seconds
Burnin  iteration 2:           22 seconds
Burnin  iteration 3:           23 seconds

Estimated ne:                  4051995
Estimated err:                 2.2e-03

Phasing iteration 1:           21 seconds
Phasing iteration 2:           21 seconds
Phasing iteration 3:           20 seconds
Phasing iteration 4:           21 seconds
Phasing iteration 5:           20 seconds
Phasing iteration 6:           21 seconds
Phasing iteration 7:           22 seconds
Phasing iteration 8:           23 seconds
Phasing iteration 9:           20 seconds
Phasing iteration 10:          21 seconds
Phasing iteration 11:          21 seconds
Phasing iteration 12:          22 seconds

Window 6 [6:190006310-201513481]
Study     markers:                5,550

Burnin  iteration 1:           13 seconds
Burnin  iteration 2:           10 seconds
Burnin  iteration 3:           10 seconds

Estimated ne:                  6565380
Estimated err:                 2.2e-03

Phasing iteration 1:           9 seconds
Phasing iteration 2:           10 seconds
Phasing iteration 3:           9 seconds
Phasing iteration 4:           10 seconds
Phasing iteration 5:           9 seconds
Phasing iteration 6:           11 seconds
Phasing iteration 7:           9 seconds
Phasing iteration 8:           12 seconds
Phasing iteration 9:           9 seconds
Phasing iteration 10:          11 seconds
Phasing iteration 11:          9 seconds
Phasing iteration 12:          8 seconds

Cumulative Statistics:

Study     markers:               30,554

Haplotype phasing time:        14 minutes 58 seconds
Total time:                    15 minutes 27 seconds

End time: 05:18 PM EDT on 18 Mar 2025
beagle.22Jul22.46e.jar finished
/var/lib/slurmd/job35703575/slurm_script: line 37: bcftools: command not found
/var/lib/slurmd/job35703575/slurm_script: line 38: tabix: command not found
/var/lib/slurmd/job35703575/slurm_script: line 41: bcftools: command not found
