To execute Beagle-5.4.22Jul22.46e run: java -jar ${EBROOTBEAGLE}/beagle.jar
############ working on chr6
beagle.22Jul22.46e.jar (version 5.4)
Copyright (C) 2014-2022 Brian L. Browning
Enter "java -jar beagle.22Jul22.46e.jar" to list command line argument
Start time: 09:28 AM EDT on 22 Mar 2025

Command line: java -Xmx92160m -jar beagle.22Jul22.46e.jar
  gt=/scratch/mjb51923/Ab10_Global_Survey/out/AlignGBS_HiFiAb10Corrected_v2/GWAS_Mo17_Ab10.chr.landrace.filt_chr6.vcf.gz
  out=/scratch/mjb51923/Ab10_Global_Survey/out/AlignGBS_HiFiAb10Corrected_v2/GWAS_Mo17_Ab10.chr.landrace.filt_chr6.imputed
  ne=1000
  nthreads=24

No genetic map is specified: using 1 cM = 1 Mb

Reference samples:                    0
Study     samples:                5,401

Window 1 [6:37299-16356250]
Study     markers:                  909

Burnin  iteration 1:           4 seconds
Burnin  iteration 2:           2 seconds
Burnin  iteration 3:           1 second

Estimated ne:                  676857
Estimated err:                 1.8e-02

Phasing iteration 1:           1 second
Phasing iteration 2:           1 second
Phasing iteration 3:           1 second
Phasing iteration 4:           1 second
Phasing iteration 5:           1 second
Phasing iteration 6:           1 second
Phasing iteration 7:           1 second
Phasing iteration 8:           1 second
Phasing iteration 9:           1 second
Phasing iteration 10:          1 second
Phasing iteration 11:          1 second
Phasing iteration 12:          1 second

Window 2 [6:14352274-78021847]
Study     markers:                1,246

Burnin  iteration 1:           2 seconds
Burnin  iteration 2:           2 seconds
Burnin  iteration 3:           1 second

Estimated ne:                  215771
Estimated err:                 1.4e-02

Phasing iteration 1:           1 second
Phasing iteration 2:           1 second
Phasing iteration 3:           1 second
Phasing iteration 4:           1 second
Phasing iteration 5:           1 second
Phasing iteration 6:           1 second
Phasing iteration 7:           1 second
Phasing iteration 8:           1 second
Phasing iteration 9:           1 second
Phasing iteration 10:          1 second
Phasing iteration 11:          1 second
Phasing iteration 12:          1 second

Window 3 [6:75857156-116013446]
Study     markers:                1,231

Burnin  iteration 1:           2 seconds
Burnin  iteration 2:           2 seconds
Burnin  iteration 3:           1 second

Estimated ne:                  416351
Estimated err:                 9.7e-03

Phasing iteration 1:           1 second
Phasing iteration 2:           1 second
Phasing iteration 3:           1 second
Phasing iteration 4:           1 second
Phasing iteration 5:           1 second
Phasing iteration 6:           1 second
Phasing iteration 7:           1 second
Phasing iteration 8:           1 second
Phasing iteration 9:           1 second
Phasing iteration 10:          1 second
Phasing iteration 11:          1 second
Phasing iteration 12:          1 second

Window 4 [6:114008299-153946306]
Study     markers:                3,100

Burnin  iteration 1:           5 seconds
Burnin  iteration 2:           4 seconds
Burnin  iteration 3:           4 seconds

Estimated ne:                  1179716
Estimated err:                 9.4e-03

Phasing iteration 1:           4 seconds
Phasing iteration 2:           3 seconds
Phasing iteration 3:           3 seconds
Phasing iteration 4:           3 seconds
Phasing iteration 5:           3 seconds
Phasing iteration 6:           3 seconds
Phasing iteration 7:           3 seconds
Phasing iteration 8:           3 seconds
Phasing iteration 9:           3 seconds
Phasing iteration 10:          3 seconds
Phasing iteration 11:          3 seconds
Phasing iteration 12:          3 seconds

Window 5 [6:151934883-192019191]
Study     markers:                4,442

Burnin  iteration 1:           7 seconds
Burnin  iteration 2:           6 seconds
Burnin  iteration 3:           6 seconds

Estimated ne:                  1745497
Estimated err:                 8.7e-03

Phasing iteration 1:           5 seconds
Phasing iteration 2:           5 seconds
Phasing iteration 3:           5 seconds
Phasing iteration 4:           5 seconds
Phasing iteration 5:           5 seconds
Phasing iteration 6:           5 seconds
Phasing iteration 7:           5 seconds
Phasing iteration 8:           5 seconds
Phasing iteration 9:           5 seconds
Phasing iteration 10:          5 seconds
Phasing iteration 11:          5 seconds
Phasing iteration 12:          5 seconds

Window 6 [6:190006310-201513481]
Study     markers:                2,345

Burnin  iteration 1:           3 seconds
Burnin  iteration 2:           3 seconds
Burnin  iteration 3:           3 seconds

Estimated ne:                  3016925
Estimated err:                 9.5e-03

Phasing iteration 1:           3 seconds
Phasing iteration 2:           2 seconds
Phasing iteration 3:           2 seconds
Phasing iteration 4:           2 seconds
Phasing iteration 5:           2 seconds
Phasing iteration 6:           2 seconds
Phasing iteration 7:           2 seconds
Phasing iteration 8:           2 seconds
Phasing iteration 9:           2 seconds
Phasing iteration 10:          2 seconds
Phasing iteration 11:          2 seconds
Phasing iteration 12:          2 seconds

Cumulative Statistics:

Study     markers:               12,532

Haplotype phasing time:        3 minutes 42 seconds
Total time:                    3 minutes 55 seconds

End time: 09:32 AM EDT on 22 Mar 2025
beagle.22Jul22.46e.jar finished
