To execute Beagle-5.4.22Jul22.46e run: java -jar ${EBROOTBEAGLE}/beagle.jar
############ working on chr2
beagle.22Jul22.46e.jar (version 5.4)
Copyright (C) 2014-2022 Brian L. Browning
Enter "java -jar beagle.22Jul22.46e.jar" to list command line argument
Start time: 05:02 PM EDT on 18 Mar 2025

Command line: java -Xmx92160m -jar beagle.22Jul22.46e.jar
  gt=/scratch/mjb51923/Ab10_Global_Survey/out/AlignGBS_HiFiAb10Corrected_v2/GWAS_Mo17_K10L2.chr.filt2_chr2.vcf.gz
  out=/scratch/mjb51923/Ab10_Global_Survey/out/AlignGBS_HiFiAb10Corrected_v2/GWAS_Mo17_K10L2.chr.filt2_chr2.imputed
  nthreads=24

No genetic map is specified: using 1 cM = 1 Mb

Reference samples:                    0
Study     samples:               10,567

Window 1 [2:410557-40406734]
Study     markers:               14,159

Burnin  iteration 1:           36 seconds
Burnin  iteration 2:           35 seconds
Burnin  iteration 3:           35 seconds

Estimated ne:                  5175813
Estimated err:                 2.5e-03

Phasing iteration 1:           34 seconds
Phasing iteration 2:           27 seconds
Phasing iteration 3:           31 seconds
Phasing iteration 4:           34 seconds
Phasing iteration 5:           31 seconds
Phasing iteration 6:           30 seconds
Phasing iteration 7:           30 seconds
Phasing iteration 8:           35 seconds
Phasing iteration 9:           32 seconds
Phasing iteration 10:          31 seconds
Phasing iteration 11:          31 seconds
Phasing iteration 12:          32 seconds

Window 2 [2:38379256-78071425]
Study     markers:                6,224

Burnin  iteration 1:           15 seconds
Burnin  iteration 2:           15 seconds
Burnin  iteration 3:           12 seconds

Estimated ne:                  2188486
Estimated err:                 2.4e-03

Phasing iteration 1:           15 seconds
Phasing iteration 2:           11 seconds
Phasing iteration 3:           12 seconds
Phasing iteration 4:           12 seconds
Phasing iteration 5:           14 seconds
Phasing iteration 6:           13 seconds
Phasing iteration 7:           14 seconds
Phasing iteration 8:           12 seconds
Phasing iteration 9:           13 seconds
Phasing iteration 10:          13 seconds
Phasing iteration 11:          13 seconds
Phasing iteration 12:          12 seconds

Window 3 [2:75966903-116403931]
Study     markers:                2,504

Burnin  iteration 1:           6 seconds
Burnin  iteration 2:           5 seconds
Burnin  iteration 3:           5 seconds

Estimated ne:                  869040
Estimated err:                 1.7e-03

Phasing iteration 1:           5 seconds
Phasing iteration 2:           4 seconds
Phasing iteration 3:           5 seconds
Phasing iteration 4:           4 seconds
Phasing iteration 5:           4 seconds
Phasing iteration 6:           4 seconds
Phasing iteration 7:           4 seconds
Phasing iteration 8:           4 seconds
Phasing iteration 9:           4 seconds
Phasing iteration 10:          4 seconds
Phasing iteration 11:          4 seconds
Phasing iteration 12:          5 seconds

Window 4 [2:114327806-154303322]
Study     markers:                3,315

Burnin  iteration 1:           8 seconds
Burnin  iteration 2:           7 seconds
Burnin  iteration 3:           7 seconds

Estimated ne:                  1146153
Estimated err:                 2.1e-03

Phasing iteration 1:           6 seconds
Phasing iteration 2:           6 seconds
Phasing iteration 3:           6 seconds
Phasing iteration 4:           6 seconds
Phasing iteration 5:           6 seconds
Phasing iteration 6:           6 seconds
Phasing iteration 7:           6 seconds
Phasing iteration 8:           6 seconds
Phasing iteration 9:           6 seconds
Phasing iteration 10:          6 seconds
Phasing iteration 11:          5 seconds
Phasing iteration 12:          5 seconds

Window 5 [2:152254311-192404777]
Study     markers:                5,887

Burnin  iteration 1:           14 seconds
Burnin  iteration 2:           11 seconds
Burnin  iteration 3:           13 seconds

Estimated ne:                  2101006
Estimated err:                 2.2e-03

Phasing iteration 1:           11 seconds
Phasing iteration 2:           13 seconds
Phasing iteration 3:           13 seconds
Phasing iteration 4:           13 seconds
Phasing iteration 5:           13 seconds
Phasing iteration 6:           12 seconds
Phasing iteration 7:           12 seconds
Phasing iteration 8:           12 seconds
Phasing iteration 9:           12 seconds
Phasing iteration 10:          11 seconds
Phasing iteration 11:          12 seconds
Phasing iteration 12:          10 seconds

Window 6 [2:190293235-230318425]
Study     markers:               11,867

Burnin  iteration 1:           32 seconds
Burnin  iteration 2:           28 seconds
Burnin  iteration 3:           28 seconds

Estimated ne:                  4047671
Estimated err:                 2.4e-03

Phasing iteration 1:           27 seconds
Phasing iteration 2:           29 seconds
Phasing iteration 3:           25 seconds
Phasing iteration 4:           23 seconds
Phasing iteration 5:           25 seconds
Phasing iteration 6:           25 seconds
Phasing iteration 7:           24 seconds
Phasing iteration 8:           24 seconds
Phasing iteration 9:           25 seconds
Phasing iteration 10:          23 seconds
Phasing iteration 11:          24 seconds
Phasing iteration 12:          23 seconds

Window 7 [2:228317644-247252456]
Study     markers:                5,106

Burnin  iteration 1:           12 seconds
Burnin  iteration 2:           11 seconds
Burnin  iteration 3:           10 seconds

Estimated ne:                  3899033
Estimated err:                 2.7e-03

Phasing iteration 1:           10 seconds
Phasing iteration 2:           10 seconds
Phasing iteration 3:           10 seconds
Phasing iteration 4:           11 seconds
Phasing iteration 5:           9 seconds
Phasing iteration 6:           10 seconds
Phasing iteration 7:           10 seconds
Phasing iteration 8:           10 seconds
Phasing iteration 9:           9 seconds
Phasing iteration 10:          9 seconds
Phasing iteration 11:          10 seconds
Phasing iteration 12:          9 seconds

Cumulative Statistics:

Study     markers:               46,844

Haplotype phasing time:        25 minutes 57 seconds
Total time:                    26 minutes 37 seconds

End time: 05:29 PM EDT on 18 Mar 2025
beagle.22Jul22.46e.jar finished
/var/lib/slurmd/job35703571/slurm_script: line 37: bcftools: command not found
/var/lib/slurmd/job35703571/slurm_script: line 38: tabix: command not found
/var/lib/slurmd/job35703571/slurm_script: line 41: bcftools: command not found
