To execute Beagle-5.4.22Jul22.46e run: java -jar ${EBROOTBEAGLE}/beagle.jar
############ working on chr3
beagle.22Jul22.46e.jar (version 5.4)
Copyright (C) 2014-2022 Brian L. Browning
Enter "java -jar beagle.22Jul22.46e.jar" to list command line argument
Start time: 04:38 PM EDT on 22 Mar 2025

Command line: java -Xmx92160m -jar beagle.22Jul22.46e.jar
  gt=/scratch/mjb51923/Ab10_Global_Survey/out/AlignGBS_HiFiAb10Corrected_v2/GWAS_Mo17_Ab10.chr.landrace.filt_chr3.vcf.gz
  out=/scratch/mjb51923/Ab10_Global_Survey/out/AlignGBS_HiFiAb10Corrected_v2/GWAS_Mo17_Ab10.chr.landrace.filt_chr3.imputed
  ne=1000
  nthreads=24

No genetic map is specified: using 1 cM = 1 Mb

Reference samples:                    0
Study     samples:                5,401

Window 1 [3:141775-40134138]
Study     markers:                3,118

Burnin  iteration 1:           7 seconds
Burnin  iteration 2:           5 seconds
Burnin  iteration 3:           4 seconds

Estimated ne:                  1232268
Estimated err:                 1.1e-02

Phasing iteration 1:           3 seconds
Phasing iteration 2:           3 seconds
Phasing iteration 3:           3 seconds
Phasing iteration 4:           3 seconds
Phasing iteration 5:           3 seconds
Phasing iteration 6:           3 seconds
Phasing iteration 7:           3 seconds
Phasing iteration 8:           3 seconds
Phasing iteration 9:           3 seconds
Phasing iteration 10:          3 seconds
Phasing iteration 11:          3 seconds
Phasing iteration 12:          3 seconds

Window 2 [3:38086421-77848205]
Study     markers:                1,034

Burnin  iteration 1:           2 seconds
Burnin  iteration 2:           1 second
Burnin  iteration 3:           1 second

Estimated ne:                  380208
Estimated err:                 7.1e-03

Phasing iteration 1:           1 second
Phasing iteration 2:           1 second
Phasing iteration 3:           1 second
Phasing iteration 4:           1 second
Phasing iteration 5:           1 second
Phasing iteration 6:           1 second
Phasing iteration 7:           1 second
Phasing iteration 8:           1 second
Phasing iteration 9:           1 second
Phasing iteration 10:          1 second
Phasing iteration 11:          1 second
Phasing iteration 12:          1 second

Window 3 [3:75633216-116119779]
Study     markers:                  487

Burnin  iteration 1:           1 second
Burnin  iteration 2:           1 second
Burnin  iteration 3:           1 second

Estimated ne:                  188029
Estimated err:                 5.4e-03

Phasing iteration 1:           1 second
Phasing iteration 2:           1 second
Phasing iteration 3:           1 second
Phasing iteration 4:           1 second
Phasing iteration 5:           1 second
Phasing iteration 6:           1 second
Phasing iteration 7:           1 second
Phasing iteration 8:           1 second
Phasing iteration 9:           1 second
Phasing iteration 10:          1 second
Phasing iteration 11:          1 second
Phasing iteration 12:          0 seconds

Window 4 [3:114038073-153997434]
Study     markers:                1,571

Burnin  iteration 1:           2 seconds
Burnin  iteration 2:           2 seconds
Burnin  iteration 3:           2 seconds

Estimated ne:                  616040
Estimated err:                 8.0e-03

Phasing iteration 1:           2 seconds
Phasing iteration 2:           2 seconds
Phasing iteration 3:           2 seconds
Phasing iteration 4:           2 seconds
Phasing iteration 5:           2 seconds
Phasing iteration 6:           2 seconds
Phasing iteration 7:           2 seconds
Phasing iteration 8:           2 seconds
Phasing iteration 9:           2 seconds
Phasing iteration 10:          2 seconds
Phasing iteration 11:          2 seconds
Phasing iteration 12:          2 seconds

Window 5 [3:151995766-192076256]
Study     markers:                2,503

Burnin  iteration 1:           4 seconds
Burnin  iteration 2:           3 seconds
Burnin  iteration 3:           3 seconds

Estimated ne:                  969791
Estimated err:                 8.7e-03

Phasing iteration 1:           3 seconds
Phasing iteration 2:           3 seconds
Phasing iteration 3:           3 seconds
Phasing iteration 4:           3 seconds
Phasing iteration 5:           3 seconds
Phasing iteration 6:           3 seconds
Phasing iteration 7:           3 seconds
Phasing iteration 8:           3 seconds
Phasing iteration 9:           2 seconds
Phasing iteration 10:          2 seconds
Phasing iteration 11:          2 seconds
Phasing iteration 12:          2 seconds

Window 6 [3:190074166-230013983]
Study     markers:                3,643

Burnin  iteration 1:           5 seconds
Burnin  iteration 2:           4 seconds
Burnin  iteration 3:           4 seconds

Estimated ne:                  1402646
Estimated err:                 9.0e-03

Phasing iteration 1:           4 seconds
Phasing iteration 2:           4 seconds
Phasing iteration 3:           4 seconds
Phasing iteration 4:           4 seconds
Phasing iteration 5:           4 seconds
Phasing iteration 6:           4 seconds
Phasing iteration 7:           4 seconds
Phasing iteration 8:           4 seconds
Phasing iteration 9:           4 seconds
Phasing iteration 10:          4 seconds
Phasing iteration 11:          4 seconds
Phasing iteration 12:          4 seconds

Window 7 [3:227981639-242586764]
Study     markers:                1,288

Burnin  iteration 1:           2 seconds
Burnin  iteration 2:           1 second
Burnin  iteration 3:           1 second

Estimated ne:                  1461004
Estimated err:                 8.4e-03

Phasing iteration 1:           1 second
Phasing iteration 2:           1 second
Phasing iteration 3:           1 second
Phasing iteration 4:           1 second
Phasing iteration 5:           1 second
Phasing iteration 6:           1 second
Phasing iteration 7:           1 second
Phasing iteration 8:           1 second
Phasing iteration 9:           1 second
Phasing iteration 10:          1 second
Phasing iteration 11:          1 second
Phasing iteration 12:          1 second

Cumulative Statistics:

Study     markers:               12,934

Haplotype phasing time:        3 minutes 42 seconds
Total time:                    3 minutes 57 seconds

End time: 04:42 PM EDT on 22 Mar 2025
beagle.22Jul22.46e.jar finished
