To execute Beagle-5.4.22Jul22.46e run: java -jar ${EBROOTBEAGLE}/beagle.jar
############ working on chr1
beagle.22Jul22.46e.jar (version 5.4)
Copyright (C) 2014-2022 Brian L. Browning
Enter "java -jar beagle.22Jul22.46e.jar" to list command line argument
Start time: 04:48 PM EDT on 18 Mar 2025

Command line: java -Xmx92160m -jar beagle.22Jul22.46e.jar
  gt=/scratch/mjb51923/Ab10_Global_Survey/out/AlignGBS_HiFiAb10Corrected_v2/GWAS_Mo17_Ab10.chr.filt2_chr1.vcf.gz
  out=/scratch/mjb51923/Ab10_Global_Survey/out/AlignGBS_HiFiAb10Corrected_v2/GWAS_Mo17_Ab10.chr.filt2_chr1.imputed
  nthreads=24

No genetic map is specified: using 1 cM = 1 Mb

Reference samples:                    0
Study     samples:               10,567

Window 1 [1:205484-40169906]
Study     markers:               12,636

Burnin  iteration 1:           37 seconds
Burnin  iteration 2:           31 seconds
Burnin  iteration 3:           31 seconds

Estimated ne:                  4604055
Estimated err:                 2.5e-03

Phasing iteration 1:           29 seconds
Phasing iteration 2:           29 seconds
Phasing iteration 3:           28 seconds
Phasing iteration 4:           28 seconds
Phasing iteration 5:           28 seconds
Phasing iteration 6:           28 seconds
Phasing iteration 7:           28 seconds
Phasing iteration 8:           28 seconds
Phasing iteration 9:           27 seconds
Phasing iteration 10:          34 seconds
Phasing iteration 11:          28 seconds
Phasing iteration 12:          27 seconds

Window 2 [1:37995766-78048916]
Study     markers:                8,477

Burnin  iteration 1:           23 seconds
Burnin  iteration 2:           21 seconds
Burnin  iteration 3:           20 seconds

Estimated ne:                  2938775
Estimated err:                 2.2e-03

Phasing iteration 1:           19 seconds
Phasing iteration 2:           19 seconds
Phasing iteration 3:           19 seconds
Phasing iteration 4:           19 seconds
Phasing iteration 5:           18 seconds
Phasing iteration 6:           19 seconds
Phasing iteration 7:           18 seconds
Phasing iteration 8:           19 seconds
Phasing iteration 9:           18 seconds
Phasing iteration 10:          18 seconds
Phasing iteration 11:          18 seconds
Phasing iteration 12:          18 seconds

Window 3 [1:76034716-116086105]
Study     markers:                5,115

Burnin  iteration 1:           14 seconds
Burnin  iteration 2:           12 seconds
Burnin  iteration 3:           12 seconds

Estimated ne:                  1718982
Estimated err:                 1.7e-03

Phasing iteration 1:           11 seconds
Phasing iteration 2:           11 seconds
Phasing iteration 3:           11 seconds
Phasing iteration 4:           11 seconds
Phasing iteration 5:           11 seconds
Phasing iteration 6:           11 seconds
Phasing iteration 7:           11 seconds
Phasing iteration 8:           11 seconds
Phasing iteration 9:           11 seconds
Phasing iteration 10:          11 seconds
Phasing iteration 11:          11 seconds
Phasing iteration 12:          11 seconds

Window 4 [1:113997637-154194074]
Study     markers:                2,364

Burnin  iteration 1:           7 seconds
Burnin  iteration 2:           6 seconds
Burnin  iteration 3:           6 seconds

Estimated ne:                  842109
Estimated err:                 1.1e-03

Phasing iteration 1:           5 seconds
Phasing iteration 2:           5 seconds
Phasing iteration 3:           5 seconds
Phasing iteration 4:           5 seconds
Phasing iteration 5:           5 seconds
Phasing iteration 6:           5 seconds
Phasing iteration 7:           5 seconds
Phasing iteration 8:           5 seconds
Phasing iteration 9:           5 seconds
Phasing iteration 10:          5 seconds
Phasing iteration 11:          5 seconds
Phasing iteration 12:          5 seconds

Window 5 [1:152080987-192135867]
Study     markers:                6,135

Burnin  iteration 1:           17 seconds
Burnin  iteration 2:           15 seconds
Burnin  iteration 3:           15 seconds

Estimated ne:                  2131907
Estimated err:                 2.5e-03

Phasing iteration 1:           14 seconds
Phasing iteration 2:           14 seconds
Phasing iteration 3:           14 seconds
Phasing iteration 4:           14 seconds
Phasing iteration 5:           13 seconds
Phasing iteration 6:           14 seconds
Phasing iteration 7:           14 seconds
Phasing iteration 8:           13 seconds
Phasing iteration 9:           13 seconds
Phasing iteration 10:          13 seconds
Phasing iteration 11:          13 seconds
Phasing iteration 12:          13 seconds

Window 6 [1:190134783-230145115]
Study     markers:                9,017

Burnin  iteration 1:           24 seconds
Burnin  iteration 2:           21 seconds
Burnin  iteration 3:           22 seconds

Estimated ne:                  3159334
Estimated err:                 2.5e-03

Phasing iteration 1:           20 seconds
Phasing iteration 2:           20 seconds
Phasing iteration 3:           20 seconds
Phasing iteration 4:           20 seconds
Phasing iteration 5:           20 seconds
Phasing iteration 6:           20 seconds
Phasing iteration 7:           19 seconds
Phasing iteration 8:           19 seconds
Phasing iteration 9:           19 seconds
Phasing iteration 10:          19 seconds
Phasing iteration 11:          19 seconds
Phasing iteration 12:          19 seconds

Window 7 [1:228139820-268179376]
Study     markers:                8,481

Burnin  iteration 1:           23 seconds
Burnin  iteration 2:           20 seconds
Burnin  iteration 3:           20 seconds

Estimated ne:                  2900778
Estimated err:                 1.9e-03

Phasing iteration 1:           19 seconds
Phasing iteration 2:           19 seconds
Phasing iteration 3:           19 seconds
Phasing iteration 4:           19 seconds
Phasing iteration 5:           19 seconds
Phasing iteration 6:           19 seconds
Phasing iteration 7:           18 seconds
Phasing iteration 8:           18 seconds
Phasing iteration 9:           18 seconds
Phasing iteration 10:          18 seconds
Phasing iteration 11:          18 seconds
Phasing iteration 12:          17 seconds

Window 8 [1:266169516-306203622]
Study     markers:               11,192

Burnin  iteration 1:           30 seconds
Burnin  iteration 2:           27 seconds
Burnin  iteration 3:           27 seconds

Estimated ne:                  4066618
Estimated err:                 2.4e-03

Phasing iteration 1:           25 seconds
Phasing iteration 2:           25 seconds
Phasing iteration 3:           25 seconds
Phasing iteration 4:           25 seconds
Phasing iteration 5:           25 seconds
Phasing iteration 6:           25 seconds
Phasing iteration 7:           24 seconds
Phasing iteration 8:           24 seconds
Phasing iteration 9:           24 seconds
Phasing iteration 10:          24 seconds
Phasing iteration 11:          24 seconds
Phasing iteration 12:          24 seconds

Window 9 [1:304203330-307030069]
Study     markers:                  788

Burnin  iteration 1:           2 seconds
Burnin  iteration 2:           1 second
Burnin  iteration 3:           1 second

Estimated ne:                  3415457
Estimated err:                 2.0e-03

Phasing iteration 1:           1 second
Phasing iteration 2:           1 second
Phasing iteration 3:           1 second
Phasing iteration 4:           1 second
Phasing iteration 5:           1 second
Phasing iteration 6:           1 second
Phasing iteration 7:           1 second
Phasing iteration 8:           1 second
Phasing iteration 9:           1 second
Phasing iteration 10:          1 second
Phasing iteration 11:          1 second
Phasing iteration 12:          1 second

Cumulative Statistics:

Study     markers:               60,678

Haplotype phasing time:        36 minutes 13 seconds
Total time:                    37 minutes 23 seconds

End time: 05:26 PM EDT on 18 Mar 2025
beagle.22Jul22.46e.jar finished
[W::bcf_hdr_check_sanity] PL should be declared as Number=G
[filter.c:2903 filters_init1] Error: the tag "DR2" is not defined in the VCF header
[tabix] the compression of '/scratch/mjb51923/Ab10_Global_Survey/out/AlignGBS_HiFiAb10Corrected_v2/GWAS_Mo17_Ab10.chr.filt2_chr1.imputed.vcf.gz' is not BGZF
Checking the headers and starting positions of 10 files
[E::bcf_hdr_read] Input is not detected as bcf or vcf format
Failed to parse header: /scratch/mjb51923/Ab10_Global_Survey/out/AlignGBS_HiFiAb10Corrected_v2/GWAS_Mo17_Ab10.chr.filt2_chr1.imputed.vcf.gz
