--2025-03-21 18:54:30--  https://datacommons.cyverse.org/browse/iplant/home/shared/commons_repo/curated/Qi_Sun_Zea_mays_haplotype_map_2018/hmp321_imputed/merged_flt_c10.imputed.vcf.gz
Resolving datacommons.cyverse.org (datacommons.cyverse.org)... 128.196.254.75
Connecting to datacommons.cyverse.org (datacommons.cyverse.org)|128.196.254.75|:443... connected.
HTTP request sent, awaiting response... 200 OK
Length: unspecified [text/html]
Saving to: ‘merged_flt_c10.imputed.vcf.gz’

     0K ......                                                 4.08M=0.002s

2025-03-21 18:54:38 (4.08 MB/s) - ‘merged_flt_c10.imputed.vcf.gz’ saved [7085]

--2025-03-21 18:54:38--  https://datacommons.cyverse.org/browse/iplant/home/shared/commons_repo/curated/Qi_Sun_Zea_mays_haplotype_map_2018/hmp321_imputed/merged_flt_c1.imputed.vcf.gz
Resolving datacommons.cyverse.org (datacommons.cyverse.org)... 128.196.254.75
Connecting to datacommons.cyverse.org (datacommons.cyverse.org)|128.196.254.75|:443... connected.
HTTP request sent, awaiting response... 200 OK
Length: unspecified [text/html]
Saving to: ‘merged_flt_c1.imputed.vcf.gz’

     0K ......                                                 6.18M=0.001s

2025-03-21 18:54:38 (6.18 MB/s) - ‘merged_flt_c1.imputed.vcf.gz’ saved [7084]

--2025-03-21 18:54:38--  https://datacommons.cyverse.org/browse/iplant/home/shared/commons_repo/curated/Qi_Sun_Zea_mays_haplotype_map_2018/hmp321_imputed/merged_flt_c2.imputed.vcf.gz
Resolving datacommons.cyverse.org (datacommons.cyverse.org)... 128.196.254.75
Connecting to datacommons.cyverse.org (datacommons.cyverse.org)|128.196.254.75|:443... connected.
HTTP request sent, awaiting response... 200 OK
Length: unspecified [text/html]
Saving to: ‘merged_flt_c2.imputed.vcf.gz’

     0K ......                                                 5.31M=0.001s

2025-03-21 18:54:38 (5.31 MB/s) - ‘merged_flt_c2.imputed.vcf.gz’ saved [7084]

--2025-03-21 18:54:38--  https://datacommons.cyverse.org/browse/iplant/home/shared/commons_repo/curated/Qi_Sun_Zea_mays_haplotype_map_2018/hmp321_imputed/merged_flt_c3.imputed.vcf.gz
Resolving datacommons.cyverse.org (datacommons.cyverse.org)... 128.196.254.75
Connecting to datacommons.cyverse.org (datacommons.cyverse.org)|128.196.254.75|:443... connected.
HTTP request sent, awaiting response... 200 OK
Length: unspecified [text/html]
Saving to: ‘merged_flt_c3.imputed.vcf.gz’

     0K ......                                                 7.56M=0.001s

2025-03-21 18:54:39 (7.56 MB/s) - ‘merged_flt_c3.imputed.vcf.gz’ saved [7084]

--2025-03-21 18:54:39--  https://datacommons.cyverse.org/browse/iplant/home/shared/commons_repo/curated/Qi_Sun_Zea_mays_haplotype_map_2018/hmp321_imputed/merged_flt_c4.imputed.vcf.gz
Resolving datacommons.cyverse.org (datacommons.cyverse.org)... 128.196.254.75
Connecting to datacommons.cyverse.org (datacommons.cyverse.org)|128.196.254.75|:443... connected.
HTTP request sent, awaiting response... 200 OK
Length: unspecified [text/html]
Saving to: ‘merged_flt_c4.imputed.vcf.gz’

     0K ......                                                 5.23M=0.001s

2025-03-21 18:54:40 (5.23 MB/s) - ‘merged_flt_c4.imputed.vcf.gz’ saved [7084]

--2025-03-21 18:54:40--  https://datacommons.cyverse.org/browse/iplant/home/shared/commons_repo/curated/Qi_Sun_Zea_mays_haplotype_map_2018/hmp321_imputed/merged_flt_c5.imputed.vcf.gz
Resolving datacommons.cyverse.org (datacommons.cyverse.org)... 128.196.254.75
Connecting to datacommons.cyverse.org (datacommons.cyverse.org)|128.196.254.75|:443... connected.
HTTP request sent, awaiting response... 200 OK
Length: unspecified [text/html]
Saving to: ‘merged_flt_c5.imputed.vcf.gz’

     0K ......                                                 8.45M=0.001s

2025-03-21 18:54:41 (8.45 MB/s) - ‘merged_flt_c5.imputed.vcf.gz’ saved [7084]

--2025-03-21 18:54:41--  https://datacommons.cyverse.org/browse/iplant/home/shared/commons_repo/curated/Qi_Sun_Zea_mays_haplotype_map_2018/hmp321_imputed/merged_flt_c6.imputed.vcf.gz
Resolving datacommons.cyverse.org (datacommons.cyverse.org)... 128.196.254.75
Connecting to datacommons.cyverse.org (datacommons.cyverse.org)|128.196.254.75|:443... connected.
HTTP request sent, awaiting response... 200 OK
Length: unspecified [text/html]
Saving to: ‘merged_flt_c6.imputed.vcf.gz’

     0K ......                                                 5.80M=0.001s

2025-03-21 18:55:19 (5.80 MB/s) - ‘merged_flt_c6.imputed.vcf.gz’ saved [7084]

--2025-03-21 18:55:19--  https://datacommons.cyverse.org/browse/iplant/home/shared/commons_repo/curated/Qi_Sun_Zea_mays_haplotype_map_2018/hmp321_imputed/merged_flt_c7.imputed.vcf.gz
Resolving datacommons.cyverse.org (datacommons.cyverse.org)... 128.196.254.75
Connecting to datacommons.cyverse.org (datacommons.cyverse.org)|128.196.254.75|:443... connected.
HTTP request sent, awaiting response... 200 OK
Length: unspecified [text/html]
Saving to: ‘merged_flt_c7.imputed.vcf.gz’

     0K ......                                                 7.04M=0.001s

2025-03-21 18:55:19 (7.04 MB/s) - ‘merged_flt_c7.imputed.vcf.gz’ saved [7084]

--2025-03-21 18:55:19--  https://datacommons.cyverse.org/browse/iplant/home/shared/commons_repo/curated/Qi_Sun_Zea_mays_haplotype_map_2018/hmp321_imputed/merged_flt_c8.imputed.vcf.gz
Resolving datacommons.cyverse.org (datacommons.cyverse.org)... 128.196.254.75
Connecting to datacommons.cyverse.org (datacommons.cyverse.org)|128.196.254.75|:443... connected.
HTTP request sent, awaiting response... 200 OK
Length: unspecified [text/html]
Saving to: ‘merged_flt_c8.imputed.vcf.gz’

     0K ......                                                 6.78M=0.001s

2025-03-21 18:55:20 (6.78 MB/s) - ‘merged_flt_c8.imputed.vcf.gz’ saved [7084]

--2025-03-21 18:55:20--  https://datacommons.cyverse.org/browse/iplant/home/shared/commons_repo/curated/Qi_Sun_Zea_mays_haplotype_map_2018/hmp321_imputed/merged_flt_c9.imputed.vcf.gz
Resolving datacommons.cyverse.org (datacommons.cyverse.org)... 128.196.254.75
Connecting to datacommons.cyverse.org (datacommons.cyverse.org)|128.196.254.75|:443... connected.
HTTP request sent, awaiting response... 200 OK
Length: unspecified [text/html]
Saving to: ‘merged_flt_c9.imputed.vcf.gz’

     0K ......                                                 7.09M=0.001s

2025-03-21 18:55:20 (7.09 MB/s) - ‘merged_flt_c9.imputed.vcf.gz’ saved [7084]

Checking the headers and starting positions of 10 files
[E::bcf_hdr_read] Input is not detected as bcf or vcf format
Failed to parse header: /scratch/mjb51923/Ab10_Global_Survey/out/AlignGBS_HiFiAb10Corrected_v2/merged_flt_c1.imputed.vcf.gz
