
Kalign (3.3.2)

Copyright (C) 2006,2019,2020,2021 Timo Lassmann

This program comes with ABSOLUTELY NO WARRANTY; for details type:
`kalign -showw'.
This is free software, and you are welcome to redistribute it
under certain conditions; consult the COPYING file for details.

Please cite:
  Lassmann, Timo.
  "Kalign 3: multiple sequence alignment of large data sets."
  Bioinformatics (2019) 
  https://doi.org/10.1093/bioinformatics/btz795

[2024-12-14 11:22:59] :     LOG : reading fasta
[2024-12-14 11:23:11] :     LOG : Detected DNA sequences.
[2024-12-14 11:23:12] : WARNING : -------------------------------------------- (rwalign.c line 530)
[2024-12-14 11:23:12] : WARNING : All input sequences have the same length.    (rwalign.c line 531)
[2024-12-14 11:23:12] : WARNING : BUT there are no gap characters.             (rwalign.c line 532)
[2024-12-14 11:23:12] : WARNING :                                              (rwalign.c line 533)
[2024-12-14 11:23:12] : WARNING : Unable to determine whether the sequences    (rwalign.c line 534)
[2024-12-14 11:23:12] : WARNING : are already aligned.                         (rwalign.c line 535)
[2024-12-14 11:23:12] : WARNING : Kalign will align the sequences.             (rwalign.c line 536)
[2024-12-14 11:23:12] : WARNING : -------------------------------------------- (rwalign.c line 537)
[2024-12-14 11:23:12] :     LOG : CPU Time: 15.44u 00:00:15.44 Elapsed: 00:00:15.00
[2024-12-14 11:23:12] :     LOG : Detected DNA sequences.
[2024-12-14 11:23:13] : WARNING : -------------------------------------------- (rwalign.c line 530)
[2024-12-14 11:23:13] : WARNING : All input sequences have the same length.    (rwalign.c line 531)
[2024-12-14 11:23:13] : WARNING : BUT there are no gap characters.             (rwalign.c line 532)
[2024-12-14 11:23:13] : WARNING :                                              (rwalign.c line 533)
[2024-12-14 11:23:13] : WARNING : Unable to determine whether the sequences    (rwalign.c line 534)
[2024-12-14 11:23:13] : WARNING : are already aligned.                         (rwalign.c line 535)
[2024-12-14 11:23:13] : WARNING : Kalign will align the sequences.             (rwalign.c line 536)
[2024-12-14 11:23:13] : WARNING : -------------------------------------------- (rwalign.c line 537)
[2024-12-14 11:23:13] :     LOG : Detected: 70 sequences.
[2024-12-14 11:23:14] :     LOG : Calculating pairwise distances
[2024-12-14 11:23:31] :     LOG : CPU Time: 405.81u 00:06:45.81 Elapsed: 00:00:17.00
[2024-12-14 11:23:31] :     LOG : 32 anchors 
[2024-12-14 11:23:31] :     LOG : Building guide tree.
[2024-12-14 11:36:16] :     LOG : CPU Time: 761.10u 00:12:41.10 Elapsed: 00:12:45.00
[2024-12-14 11:36:16] :     LOG : Aligning
/var/lib/slurmd/job33417352/slurm_script: line 17: 2972473 Killed                  kalign -n 30 -i $DIR/Consensus/HigginsN10_Shared3.fa -o $DIR/HigginsN10_Shared3.kaln.fasta
slurmstepd: error: Detected 1 oom_kill event in StepId=33417352.batch. Some of the step tasks have been OOM Killed.
