mkdir: cannot create directory ‘/scratch/mjb51923/Ab10_Global_Survey/out/OrthoFinder/Mo17_K10L2_proteomes’: File exists

OrthoFinder version 2.5.5 Copyright (C) 2014 David Emms

2025-02-14 14:36:34 : Starting OrthoFinder 2.5.5
30 thread(s) for highly parallel tasks (BLAST searches etc.)
3 thread(s) for OrthoFinder algorithm

Checking required programs are installed
----------------------------------------
Test can run "mcl -h" - ok
Test can run "fastme -i /scratch/mjb51923/Ab10_Global_Survey/out/OrthoFinder/Mo17_K10L2_proteomes/OrthoFinder/Results_Feb14_1/WorkingDirectory/dependencies/SimpleTest.phy -o /scratch/mjb51923/Ab10_Global_Survey/out/OrthoFinder/Mo17_K10L2_proteomes/OrthoFinder/Results_Feb14_1/WorkingDirectory/dependencies/SimpleTest.tre" - ok

Dividing up work for BLAST for parallel processing
--------------------------------------------------
2025-02-14 14:36:35 : Creating diamond database 1 of 2
2025-02-14 14:36:35 : Creating diamond database 2 of 2

Running diamond all-versus-all
------------------------------
Using 30 thread(s)
2025-02-14 14:36:35 : This may take some time....
2025-02-14 14:44:26 : Done all-versus-all sequence search

Running OrthoFinder algorithm
-----------------------------
2025-02-14 14:44:26 : Initial processing of each species
2025-02-14 14:44:26 : Initial processing of species 0 complete
2025-02-14 14:44:36 : Initial processing of species 1 complete
2025-02-14 14:44:39 : Connected putative homologues
2025-02-14 14:44:39 : Written final scores for species 0 to graph file
2025-02-14 14:44:41 : Written final scores for species 1 to graph file

WARNING: program called by OrthoFinder produced output to stderr

Command: mcl /scratch/mjb51923/Ab10_Global_Survey/out/OrthoFinder/Mo17_K10L2_proteomes/OrthoFinder/Results_Feb14_1/WorkingDirectory/OrthoFinder_graph.txt -I 1.5 -o /scratch/mjb51923/Ab10_Global_Survey/out/OrthoFinder/Mo17_K10L2_proteomes/OrthoFinder/Results_Feb14_1/WorkingDirectory/clusters_OrthoFinder_I1.5.txt -te 3 -V all

stdout
------
b''
stderr
------
b'[mcl] cut <1> instances of overlap\n'
2025-02-14 14:44:49 : Ran MCL

Writing orthogroups to file
---------------------------
OrthoFinder assigned 38406 genes (90.0% of total) to 5207 orthogroups. Fifty percent of all genes were in orthogroups with 11 or more genes (G50 was 11) and were contained in the largest 918 orthogroups (O50 was 918). There were 64 orthogroups with all species present and 31 of these consisted entirely of single-copy genes.

2025-02-14 14:45:08 : Done orthogroups

Analysing Orthogroups
=====================

Calculating gene distances
--------------------------
2025-02-14 14:45:34 : Done
2025-02-14 14:45:35 : Done 0 of 2827
2025-02-14 14:45:36 : Done 1000 of 2827
2025-02-14 14:45:37 : Done 2000 of 2827

Inferring gene and species trees
--------------------------------

Reconciling gene trees and species tree
---------------------------------------
2025-02-14 14:45:38 : Starting Recon and orthologues
2025-02-14 14:45:38 : Starting OF Orthologues
2025-02-14 14:45:38 : Done 0 of 2827
2025-02-14 14:45:42 : Done 1000 of 2827
2025-02-14 14:45:44 : Done 2000 of 2827
2025-02-14 14:45:48 : Done OF Orthologues

Writing results files
=====================
2025-02-14 14:45:50 : Done orthologues

Results:
    /scratch/mjb51923/Ab10_Global_Survey/out/OrthoFinder/Mo17_K10L2_proteomes/OrthoFinder/Results_Feb14_1/

CITATION:
 When publishing work that uses OrthoFinder please cite:
 Emms D.M. & Kelly S. (2019), Genome Biology 20:238

 If you use the species tree in your work then please also cite:
 Emms D.M. & Kelly S. (2017), MBE 34(12): 3267-3278
 Emms D.M. & Kelly S. (2018), bioRxiv https://doi.org/10.1101/267914
