PLINK v1.90b6.21 64-bit (19 Oct 2020)
Options in effect:
  --allow-extra-chr
  --bfile /scratch/mjb51923/Ab10_Global_Survey/out/AlignGBS_HiFiAb10Corrected_v2/CoordinateOnly_Ab10BChrom.chr1to9.filt4.1Perc
  --pca 10 header tabs var-wts

Hostname: c4-20
Working directory: /scratch/mjb51923/Ab10_Global_Survey/Ab10-Global-Survey/8_SNPs
Start time: Thu Feb 13 10:56:56 2025

Random number seed: 1739462216
192032 MB RAM detected; reserving 96016 MB for main workspace.
354 variants loaded from .bim file.
4446 people (0 males, 0 females, 4446 ambiguous) loaded from .fam.
Ambiguous sex IDs written to plink.nosex .
Using up to 31 threads (change this with --threads).
Before main variant filters, 4446 founders and 0 nonfounders present.
Calculating allele frequencies... done.
Total genotyping rate is 0.843922.
354 variants and 4446 people pass filters and QC.
Note: No phenotypes present.
Relationship matrix calculation complete.
--pca: Results saved to plink.eigenval , plink.eigenvec , and
plink.eigenvec.var .

End time: Thu Feb 13 10:57:17 2025
