
RAxML-NG v. 1.2.2-master released on 30.04.2024 by The Exelixis Lab.
Developed by: Alexey M. Kozlov and Alexandros Stamatakis.
Contributors: Diego Darriba, Tomas Flouri, Benoit Morel, Sarah Lutteropp, Ben Bettisworth, Julia Haag, Anastasis Togkousidis.
Latest version: https://github.com/amkozlov/raxml-ng
Questions/problems/suggestions? Please visit: https://groups.google.com/forum/#!forum/raxml

System: AMD EPYC 7702P 64-Core Processor, 64 cores, 125 GB RAM (allocated: 5 physical cores)

RAxML-NG was called at 11-Dec-2024 15:20:00 as follows:

raxml-ng --all --msa /scratch/mjb51923/Ab10_Global_Survey/out/AlignGBS_HiFiAb10Corrected_v2/HigginsN10_Shared1.kaln.fasta --model GTR+G --seed 10 --prefix HigginsN10_Shared1

Analysis options:
  run mode: ML tree search + bootstrapping (Felsenstein Bootstrap)
  start tree(s): random (10) + parsimony (10)
  bootstrap replicates: parsimony (max: 1000) + bootstopping (autoMRE, cutoff: 0.030000)
  random seed: 10
  tip-inner: OFF
  pattern compression: ON
  per-rate scalers: OFF
  site repeats: ON
  logLH epsilon: general: 10.000000, brlen-triplet: 1000.000000
  fast spr radius: AUTO
  spr subtree cutoff: 1.000000
  fast CLV updates: ON
  branch lengths: proportional (ML estimate, algorithm: NR-FAST)
  SIMD kernels: AVX2
  parallelization: coarse-grained (auto), PTHREADS (auto)

[00:00:00] Reading alignment from file: /scratch/mjb51923/Ab10_Global_Survey/out/AlignGBS_HiFiAb10Corrected_v2/HigginsN10_Shared1.kaln.fasta
[00:00:00] Loaded alignment with 70 taxa and 1359457 sites

Alignment comprises 1 partitions and 64 patterns

Partition 0: noname
Model: GTR+FO+G4m
Alignment sites / patterns: 1359457 / 64
Gaps: 0.00 %
Invariant sites: 100.00 %


NOTE: Binary MSA file already exists: HigginsN10_Shared1.raxml.rba

Parallelization scheme autoconfig: 5 worker(s) x 1 thread(s)

Parallel reduction/worker buffer size: 1 KB  / 0 KB

[00:00:02] Data distribution: max. partitions/sites/weight per thread: 1 / 64 / 1024
[00:00:02] Data distribution: max. searches per worker: 204

Starting ML tree search with 20 distinct starting trees

[00:00:03] [worker #1] ML tree search #2, logLikelihood: -1887174.323281
[00:00:03] [worker #0] ML tree search #1, logLikelihood: -1887223.298554
[00:00:03] [worker #4] ML tree search #5, logLikelihood: -1887258.936280
[00:00:03] [worker #3] ML tree search #4, logLikelihood: -1887221.218362
[00:00:03] [worker #2] ML tree search #3, logLikelihood: -1887212.805711
[00:00:04] [worker #1] ML tree search #7, logLikelihood: -1887223.252581
[00:00:04] [worker #4] ML tree search #10, logLikelihood: -1887232.172006
[00:00:04] [worker #2] ML tree search #8, logLikelihood: -1887193.514500
[00:00:04] [worker #3] ML tree search #9, logLikelihood: -1887206.056434
[00:00:05] [worker #0] ML tree search #6, logLikelihood: -1887220.707546
[00:00:05] [worker #1] ML tree search #12, logLikelihood: -1887198.725327
[00:00:06] [worker #4] ML tree search #15, logLikelihood: -1887182.094802
[00:00:06] [worker #2] ML tree search #13, logLikelihood: -1887214.952582
[00:00:06] [worker #3] ML tree search #14, logLikelihood: -1887201.147803
[00:00:06] [worker #0] ML tree search #11, logLikelihood: -1887193.618693
[00:00:07] [worker #4] ML tree search #20, logLikelihood: -1887208.603313
[00:00:07] [worker #1] ML tree search #17, logLikelihood: -1887184.166912
[00:00:07] [worker #2] ML tree search #18, logLikelihood: -1887247.623600
[00:00:07] [worker #3] ML tree search #19, logLikelihood: -1887197.435921
[00:00:07] [worker #0] ML tree search #16, logLikelihood: -1887249.692312

[00:00:07] ML tree search completed, best tree logLH: -1887174.323281

[00:00:07] Starting bootstrapping analysis with 1000 replicates.

[00:00:08] [worker #1] Bootstrap tree #2, logLikelihood: -1886887.455848
[00:00:08] [worker #3] Bootstrap tree #4, logLikelihood: -1886708.254861
[00:00:08] [worker #2] Bootstrap tree #3, logLikelihood: -1886879.605410
[00:00:08] [worker #0] Bootstrap tree #1, logLikelihood: -1886259.056358
[00:00:08] [worker #4] Bootstrap tree #5, logLikelihood: -1885740.831577
[00:00:09] [worker #3] Bootstrap tree #9, logLikelihood: -1884889.786462
[00:00:09] [worker #2] Bootstrap tree #8, logLikelihood: -1886276.558216
[00:00:09] [worker #1] Bootstrap tree #7, logLikelihood: -1885995.291201
[00:00:09] [worker #0] Bootstrap tree #6, logLikelihood: -1886936.996405
[00:00:09] [worker #4] Bootstrap tree #10, logLikelihood: -1887551.267149
[00:00:10] [worker #3] Bootstrap tree #14, logLikelihood: -1886455.417917
[00:00:10] [worker #2] Bootstrap tree #13, logLikelihood: -1886764.713405
[00:00:10] [worker #4] Bootstrap tree #15, logLikelihood: -1885799.664531
[00:00:10] [worker #1] Bootstrap tree #12, logLikelihood: -1888084.677815
[00:00:10] [worker #0] Bootstrap tree #11, logLikelihood: -1887227.808965
[00:00:10] [worker #3] Bootstrap tree #19, logLikelihood: -1886237.744444
[00:00:11] [worker #2] Bootstrap tree #18, logLikelihood: -1887737.876389
[00:00:11] [worker #4] Bootstrap tree #20, logLikelihood: -1884571.573028
[00:00:11] [worker #0] Bootstrap tree #16, logLikelihood: -1885484.017502
[00:00:11] [worker #1] Bootstrap tree #17, logLikelihood: -1886958.391890
[00:00:11] [worker #3] Bootstrap tree #24, logLikelihood: -1887299.707026
[00:00:11] [worker #2] Bootstrap tree #23, logLikelihood: -1887064.954560
[00:00:12] [worker #1] Bootstrap tree #22, logLikelihood: -1886036.074590
[00:00:12] [worker #4] Bootstrap tree #25, logLikelihood: -1886976.332374
[00:00:12] [worker #0] Bootstrap tree #21, logLikelihood: -1886695.635458
[00:00:12] [worker #2] Bootstrap tree #28, logLikelihood: -1886672.488571
[00:00:12] [worker #3] Bootstrap tree #29, logLikelihood: -1885501.073998
[00:00:13] [worker #1] Bootstrap tree #27, logLikelihood: -1886970.717460
[00:00:13] [worker #0] Bootstrap tree #26, logLikelihood: -1886987.857939
[00:00:13] [worker #3] Bootstrap tree #34, logLikelihood: -1887364.755554
[00:00:13] [worker #2] Bootstrap tree #33, logLikelihood: -1887933.179288
[00:00:13] [worker #4] Bootstrap tree #30, logLikelihood: -1887366.932563
[00:00:13] [worker #1] Bootstrap tree #32, logLikelihood: -1886438.278693
[00:00:14] [worker #3] Bootstrap tree #39, logLikelihood: -1886041.834778
[00:00:14] [worker #2] Bootstrap tree #38, logLikelihood: -1886669.773421
[00:00:14] [worker #0] Bootstrap tree #31, logLikelihood: -1887032.977155
[00:00:14] [worker #1] Bootstrap tree #37, logLikelihood: -1885943.096820
[00:00:14] [worker #4] Bootstrap tree #35, logLikelihood: -1886851.574748
[00:00:15] [worker #3] Bootstrap tree #44, logLikelihood: -1885418.102552
[00:00:15] [worker #2] Bootstrap tree #43, logLikelihood: -1885882.007766
[00:00:15] [worker #1] Bootstrap tree #42, logLikelihood: -1885533.026177
[00:00:15] [worker #0] Bootstrap tree #36, logLikelihood: -1887235.852250
[00:00:15] [worker #4] Bootstrap tree #40, logLikelihood: -1887046.932763
[00:00:16] [worker #3] Bootstrap tree #49, logLikelihood: -1886700.923673
[00:00:16] [worker #2] Bootstrap tree #48, logLikelihood: -1885619.991545
[00:00:16] [worker #1] Bootstrap tree #47, logLikelihood: -1886114.123770
[00:00:16] [worker #4] Bootstrap tree #45, logLikelihood: -1886222.787397
[00:00:16] [worker #0] Bootstrap tree #41, logLikelihood: -1885581.657382
[00:00:17] [worker #0] Bootstrap tree #46, logLikelihood: -1886214.826036
[00:00:17] [worker #4] Bootstrap tree #50, logLikelihood: -1888046.652903
[00:00:18] [worker #2] Bootstrap tree #53, logLikelihood: -1885837.069820
[00:00:18] [worker #3] Bootstrap tree #54, logLikelihood: -1885623.272777
[00:00:18] [worker #4] Bootstrap tree #55, logLikelihood: -1886387.348228
[00:00:19] [worker #1] Bootstrap tree #52, logLikelihood: -1886293.758820
[00:00:19] [worker #0] Bootstrap tree #51, logLikelihood: -1885533.800189
[00:00:19] [worker #4] Bootstrap tree #60, logLikelihood: -1886653.934164
[00:00:19] [worker #2] Bootstrap tree #58, logLikelihood: -1886159.780911
[00:00:19] [worker #1] Bootstrap tree #57, logLikelihood: -1885032.116042
[00:00:20] [worker #3] Bootstrap tree #59, logLikelihood: -1885985.500916
[00:00:20] [worker #0] Bootstrap tree #56, logLikelihood: -1887078.201605
[00:00:20] [worker #2] Bootstrap tree #63, logLikelihood: -1886036.053668
[00:00:20] [worker #4] Bootstrap tree #65, logLikelihood: -1888161.889894
[00:00:20] [worker #1] Bootstrap tree #62, logLikelihood: -1887349.404696
[00:00:20] [worker #3] Bootstrap tree #64, logLikelihood: -1886966.179082
[00:00:21] [worker #0] Bootstrap tree #61, logLikelihood: -1886814.500313
[00:00:21] [worker #2] Bootstrap tree #68, logLikelihood: -1886510.969647
[00:00:21] [worker #4] Bootstrap tree #70, logLikelihood: -1885731.858886
[00:00:21] [worker #1] Bootstrap tree #67, logLikelihood: -1886341.353576
[00:00:22] [worker #2] Bootstrap tree #73, logLikelihood: -1886608.472739
[00:00:22] [worker #0] Bootstrap tree #66, logLikelihood: -1885384.072400
[00:00:22] [worker #1] Bootstrap tree #72, logLikelihood: -1885665.682671
[00:00:22] [worker #3] Bootstrap tree #69, logLikelihood: -1887399.468738
[00:00:22] [worker #4] Bootstrap tree #75, logLikelihood: -1885726.697388
[00:00:23] [worker #2] Bootstrap tree #78, logLikelihood: -1886171.093033
[00:00:23] [worker #0] Bootstrap tree #71, logLikelihood: -1887696.132697
[00:00:23] [worker #3] Bootstrap tree #74, logLikelihood: -1887920.894155
[00:00:23] [worker #4] Bootstrap tree #80, logLikelihood: -1886683.848484
[00:00:23] [worker #1] Bootstrap tree #77, logLikelihood: -1886056.277568
[00:00:23] [worker #2] Bootstrap tree #83, logLikelihood: -1886444.154488
[00:00:24] [worker #0] Bootstrap tree #76, logLikelihood: -1886529.566048
[00:00:24] [worker #3] Bootstrap tree #79, logLikelihood: -1884768.948642
[00:00:24] [worker #1] Bootstrap tree #82, logLikelihood: -1885948.995982
[00:00:24] [worker #2] Bootstrap tree #88, logLikelihood: -1887014.449442
[00:00:24] [worker #4] Bootstrap tree #85, logLikelihood: -1887209.121355
[00:00:25] [worker #0] Bootstrap tree #81, logLikelihood: -1886561.157274
[00:00:25] [worker #1] Bootstrap tree #87, logLikelihood: -1886620.987698
[00:00:25] [worker #3] Bootstrap tree #84, logLikelihood: -1886876.416069
[00:00:25] [worker #2] Bootstrap tree #93, logLikelihood: -1886638.481010
[00:00:25] [worker #4] Bootstrap tree #90, logLikelihood: -1885863.713692
[00:00:26] [worker #0] Bootstrap tree #86, logLikelihood: -1885360.259428
[00:00:26] [worker #1] Bootstrap tree #92, logLikelihood: -1884711.734837
[00:00:26] [worker #2] Bootstrap tree #98, logLikelihood: -1886074.702880
[00:00:26] [worker #3] Bootstrap tree #89, logLikelihood: -1886830.013969
[00:00:26] [worker #1] Bootstrap tree #97, logLikelihood: -1886295.446040
[00:00:26] [worker #0] Bootstrap tree #91, logLikelihood: -1887698.337839
[00:00:27] [worker #4] Bootstrap tree #95, logLikelihood: -1886454.960227
[00:00:27] [worker #3] Bootstrap tree #94, logLikelihood: -1887125.503619
[00:00:27] [worker #4] Bootstrap tree #100, logLikelihood: -1885429.576975
[00:00:27] [worker #0] Bootstrap tree #96, logLikelihood: -1885478.280326
[00:00:28] [worker #3] Bootstrap tree #99, logLikelihood: -1886678.722487
[00:00:30] [worker #4] Bootstrap tree #105, logLikelihood: -1885817.819876
[00:00:30] [worker #2] Bootstrap tree #103, logLikelihood: -1885886.774286
[00:00:30] [worker #0] Bootstrap tree #101, logLikelihood: -1885261.404819
[00:00:30] [worker #1] Bootstrap tree #102, logLikelihood: -1887619.613762
[00:00:30] [worker #3] Bootstrap tree #104, logLikelihood: -1886885.466431
[00:00:31] [worker #2] Bootstrap tree #108, logLikelihood: -1886064.530524
[00:00:31] [worker #4] Bootstrap tree #110, logLikelihood: -1887024.311110
[00:00:31] [worker #3] Bootstrap tree #109, logLikelihood: -1886065.135972
[00:00:31] [worker #1] Bootstrap tree #107, logLikelihood: -1886575.340170
[00:00:31] [worker #0] Bootstrap tree #106, logLikelihood: -1885809.392395
[00:00:32] [worker #4] Bootstrap tree #115, logLikelihood: -1887872.632967
[00:00:32] [worker #1] Bootstrap tree #112, logLikelihood: -1886612.930802
[00:00:32] [worker #0] Bootstrap tree #111, logLikelihood: -1886003.075348
[00:00:32] [worker #3] Bootstrap tree #114, logLikelihood: -1886143.039185
[00:00:32] [worker #2] Bootstrap tree #113, logLikelihood: -1886745.657346
[00:00:33] [worker #1] Bootstrap tree #117, logLikelihood: -1886750.141041
[00:00:33] [worker #0] Bootstrap tree #116, logLikelihood: -1885425.243655
[00:00:33] [worker #3] Bootstrap tree #119, logLikelihood: -1886294.555728
[00:00:33] [worker #4] Bootstrap tree #120, logLikelihood: -1885580.805322
[00:00:33] [worker #2] Bootstrap tree #118, logLikelihood: -1885819.248185
[00:00:33] [worker #1] Bootstrap tree #122, logLikelihood: -1885910.002180
[00:00:34] [worker #4] Bootstrap tree #125, logLikelihood: -1886149.041118
[00:00:34] [worker #0] Bootstrap tree #121, logLikelihood: -1887287.772766
[00:00:34] [worker #3] Bootstrap tree #124, logLikelihood: -1887322.701368
[00:00:34] [worker #2] Bootstrap tree #123, logLikelihood: -1886990.229058
[00:00:34] [worker #1] Bootstrap tree #127, logLikelihood: -1885551.721362
[00:00:34] [worker #0] Bootstrap tree #126, logLikelihood: -1885259.842537
[00:00:34] [worker #3] Bootstrap tree #129, logLikelihood: -1885841.633098
[00:00:34] [worker #4] Bootstrap tree #130, logLikelihood: -1886015.326075
[00:00:35] [worker #2] Bootstrap tree #128, logLikelihood: -1886369.418734
[00:00:35] [worker #1] Bootstrap tree #132, logLikelihood: -1886082.558864
[00:00:35] [worker #4] Bootstrap tree #135, logLikelihood: -1885304.458452
[00:00:35] [worker #3] Bootstrap tree #134, logLikelihood: -1887254.938868
[00:00:35] [worker #2] Bootstrap tree #133, logLikelihood: -1885722.922336
[00:00:35] [worker #0] Bootstrap tree #131, logLikelihood: -1887038.863511
[00:00:36] [worker #1] Bootstrap tree #137, logLikelihood: -1886763.602446
[00:00:36] [worker #4] Bootstrap tree #140, logLikelihood: -1886308.756988
[00:00:36] [worker #3] Bootstrap tree #139, logLikelihood: -1886559.143678
[00:00:36] [worker #2] Bootstrap tree #138, logLikelihood: -1885189.074655
[00:00:37] [worker #1] Bootstrap tree #142, logLikelihood: -1885676.266367
[00:00:37] [worker #0] Bootstrap tree #136, logLikelihood: -1887318.994535
[00:00:37] [worker #4] Bootstrap tree #145, logLikelihood: -1887114.775150
[00:00:37] [worker #3] Bootstrap tree #144, logLikelihood: -1885415.125853
[00:00:37] [worker #2] Bootstrap tree #143, logLikelihood: -1887245.951826
[00:00:38] [worker #1] Bootstrap tree #147, logLikelihood: -1886178.167123
[00:00:38] [worker #4] Bootstrap tree #150, logLikelihood: -1886909.718449
[00:00:38] [worker #3] Bootstrap tree #149, logLikelihood: -1887205.456351
[00:00:38] [worker #0] Bootstrap tree #141, logLikelihood: -1886806.471599
[00:00:38] [worker #2] Bootstrap tree #148, logLikelihood: -1885450.830026
[00:00:39] [worker #0] Bootstrap tree #146, logLikelihood: -1885739.670287
[00:00:42] [worker #3] Bootstrap tree #154, logLikelihood: -1885804.189507
[00:00:42] [worker #0] Bootstrap tree #151, logLikelihood: -1884640.205704
[00:00:42] [worker #2] Bootstrap tree #153, logLikelihood: -1886169.836654
[00:00:42] [worker #4] Bootstrap tree #155, logLikelihood: -1886055.170479
[00:00:42] [worker #1] Bootstrap tree #152, logLikelihood: -1887340.035930
[00:00:43] [worker #3] Bootstrap tree #159, logLikelihood: -1885648.589131
[00:00:43] [worker #2] Bootstrap tree #158, logLikelihood: -1886215.966640
[00:00:43] [worker #0] Bootstrap tree #156, logLikelihood: -1885096.184363
[00:00:43] [worker #4] Bootstrap tree #160, logLikelihood: -1886156.247005
[00:00:43] [worker #1] Bootstrap tree #157, logLikelihood: -1886355.321599
[00:00:44] [worker #4] Bootstrap tree #165, logLikelihood: -1885421.622400
[00:00:44] [worker #3] Bootstrap tree #164, logLikelihood: -1888070.026445
[00:00:44] [worker #0] Bootstrap tree #161, logLikelihood: -1885856.583893
[00:00:44] [worker #1] Bootstrap tree #162, logLikelihood: -1886557.875693
[00:00:44] [worker #2] Bootstrap tree #163, logLikelihood: -1885287.051455
[00:00:44] [worker #3] Bootstrap tree #169, logLikelihood: -1886636.662717
[00:00:45] [worker #0] Bootstrap tree #166, logLikelihood: -1884711.476876
[00:00:45] [worker #1] Bootstrap tree #167, logLikelihood: -1887192.025941
[00:00:45] [worker #4] Bootstrap tree #170, logLikelihood: -1885453.127511
[00:00:45] [worker #3] Bootstrap tree #174, logLikelihood: -1886100.055618
[00:00:45] [worker #1] Bootstrap tree #172, logLikelihood: -1885990.196969
[00:00:46] [worker #0] Bootstrap tree #171, logLikelihood: -1886322.784822
[00:00:46] [worker #4] Bootstrap tree #175, logLikelihood: -1885617.777617
[00:00:46] [worker #2] Bootstrap tree #168, logLikelihood: -1887467.660961
[00:00:46] [worker #3] Bootstrap tree #179, logLikelihood: -1885945.123006
[00:00:46] [worker #1] Bootstrap tree #177, logLikelihood: -1885242.075767
[00:00:46] [worker #0] Bootstrap tree #176, logLikelihood: -1885587.981887
[00:00:47] [worker #2] Bootstrap tree #173, logLikelihood: -1887296.749937
[00:00:47] [worker #4] Bootstrap tree #180, logLikelihood: -1885754.940392
[00:00:47] [worker #3] Bootstrap tree #184, logLikelihood: -1885934.970988
[00:00:47] [worker #1] Bootstrap tree #182, logLikelihood: -1886455.326415
[00:00:47] [worker #2] Bootstrap tree #178, logLikelihood: -1885208.335350
[00:00:47] [worker #0] Bootstrap tree #181, logLikelihood: -1885891.393783
[00:00:48] [worker #4] Bootstrap tree #185, logLikelihood: -1885914.080782
[00:00:48] [worker #3] Bootstrap tree #189, logLikelihood: -1886585.161593
[00:00:48] [worker #1] Bootstrap tree #187, logLikelihood: -1886809.526518
[00:00:48] [worker #2] Bootstrap tree #183, logLikelihood: -1887034.119362
[00:00:48] [worker #0] Bootstrap tree #186, logLikelihood: -1885418.341239
[00:00:48] [worker #4] Bootstrap tree #190, logLikelihood: -1885792.662201
[00:00:49] [worker #3] Bootstrap tree #194, logLikelihood: -1886510.485340
[00:00:49] [worker #2] Bootstrap tree #188, logLikelihood: -1886476.795592
[00:00:49] [worker #1] Bootstrap tree #192, logLikelihood: -1885261.986902
[00:00:49] [worker #0] Bootstrap tree #191, logLikelihood: -1886569.187043
[00:00:49] [worker #4] Bootstrap tree #195, logLikelihood: -1887222.000808
[00:00:50] [worker #2] Bootstrap tree #193, logLikelihood: -1885988.365310
[00:00:50] [worker #3] Bootstrap tree #199, logLikelihood: -1886111.914650
[00:00:50] [worker #1] Bootstrap tree #197, logLikelihood: -1888684.303614
[00:00:50] [worker #0] Bootstrap tree #196, logLikelihood: -1886765.317777
[00:00:50] [worker #4] Bootstrap tree #200, logLikelihood: -1885547.171602
[00:00:51] [worker #2] Bootstrap tree #198, logLikelihood: -1886048.045541
[00:00:55] [worker #1] Bootstrap tree #202, logLikelihood: -1885364.477799
[00:00:55] [worker #4] Bootstrap tree #205, logLikelihood: -1885287.211965
[00:00:55] [worker #3] Bootstrap tree #204, logLikelihood: -1886707.191827
[00:00:55] [worker #2] Bootstrap tree #203, logLikelihood: -1886409.154576
[00:00:55] [worker #0] Bootstrap tree #201, logLikelihood: -1887496.257071
[00:00:56] [worker #4] Bootstrap tree #210, logLikelihood: -1887675.302594
[00:00:56] [worker #3] Bootstrap tree #209, logLikelihood: -1886803.751694
[00:00:56] [worker #2] Bootstrap tree #208, logLikelihood: -1885379.667114
[00:00:56] [worker #0] Bootstrap tree #206, logLikelihood: -1885881.270134
[00:00:57] [worker #1] Bootstrap tree #207, logLikelihood: -1887910.226899
[00:00:57] [worker #4] Bootstrap tree #215, logLikelihood: -1885331.400093
[00:00:57] [worker #3] Bootstrap tree #214, logLikelihood: -1886509.137186
[00:00:57] [worker #2] Bootstrap tree #213, logLikelihood: -1887941.221803
[00:00:57] [worker #0] Bootstrap tree #211, logLikelihood: -1887197.277158
[00:00:57] [worker #1] Bootstrap tree #212, logLikelihood: -1886655.994385
[00:00:58] [worker #4] Bootstrap tree #220, logLikelihood: -1887697.472198
[00:00:58] [worker #3] Bootstrap tree #219, logLikelihood: -1885308.792454
[00:00:58] [worker #2] Bootstrap tree #218, logLikelihood: -1886063.510084
[00:00:58] [worker #0] Bootstrap tree #216, logLikelihood: -1886960.509136
[00:00:58] [worker #4] Bootstrap tree #225, logLikelihood: -1885815.491360
[00:00:59] [worker #3] Bootstrap tree #224, logLikelihood: -1885876.537220
[00:00:59] [worker #2] Bootstrap tree #223, logLikelihood: -1886576.311141
[00:00:59] [worker #1] Bootstrap tree #217, logLikelihood: -1885265.876594
[00:00:59] [worker #0] Bootstrap tree #221, logLikelihood: -1884390.258667
[00:00:59] [worker #2] Bootstrap tree #228, logLikelihood: -1885578.694982
[00:00:59] [worker #3] Bootstrap tree #229, logLikelihood: -1886146.324473
[00:00:59] [worker #4] Bootstrap tree #230, logLikelihood: -1886691.416125
[00:00:59] [worker #1] Bootstrap tree #222, logLikelihood: -1886198.786430
[00:01:00] [worker #2] Bootstrap tree #233, logLikelihood: -1885185.442858
[00:01:00] [worker #0] Bootstrap tree #226, logLikelihood: -1885739.048196
[00:01:00] [worker #3] Bootstrap tree #234, logLikelihood: -1884907.970680
[00:01:00] [worker #1] Bootstrap tree #227, logLikelihood: -1885958.465586
[00:01:01] [worker #4] Bootstrap tree #235, logLikelihood: -1888092.080384
[00:01:01] [worker #2] Bootstrap tree #238, logLikelihood: -1887794.142242
[00:01:01] [worker #1] Bootstrap tree #232, logLikelihood: -1885498.536226
[00:01:01] [worker #3] Bootstrap tree #239, logLikelihood: -1886552.279955
[00:01:01] [worker #0] Bootstrap tree #231, logLikelihood: -1886075.201684
[00:01:02] [worker #4] Bootstrap tree #240, logLikelihood: -1885563.095137
[00:01:02] [worker #2] Bootstrap tree #243, logLikelihood: -1887149.010420
[00:01:02] [worker #3] Bootstrap tree #244, logLikelihood: -1885141.798141
[00:01:02] [worker #0] Bootstrap tree #236, logLikelihood: -1887185.397549
[00:01:03] [worker #4] Bootstrap tree #245, logLikelihood: -1886632.485986
[00:01:03] [worker #1] Bootstrap tree #237, logLikelihood: -1889026.485070
[00:01:03] [worker #2] Bootstrap tree #248, logLikelihood: -1886875.922868
[00:01:03] [worker #3] Bootstrap tree #249, logLikelihood: -1885812.041393
[00:01:03] [worker #0] Bootstrap tree #241, logLikelihood: -1885923.532494
[00:01:03] [worker #4] Bootstrap tree #250, logLikelihood: -1886037.830248
[00:01:03] [worker #1] Bootstrap tree #242, logLikelihood: -1886100.316419
[00:01:04] [worker #1] Bootstrap tree #247, logLikelihood: -1886550.117329
[00:01:05] [worker #0] Bootstrap tree #246, logLikelihood: -1887749.223570
[00:01:10] [worker #2] Bootstrap tree #253, logLikelihood: -1884974.502966
[00:01:10] [worker #1] Bootstrap tree #252, logLikelihood: -1885753.233866
[00:01:11] [worker #0] Bootstrap tree #251, logLikelihood: -1886315.656127
[00:01:11] [worker #3] Bootstrap tree #254, logLikelihood: -1885890.480971
[00:01:11] [worker #4] Bootstrap tree #255, logLikelihood: -1884942.970651
[00:01:11] [worker #1] Bootstrap tree #257, logLikelihood: -1885920.968689
[00:01:11] [worker #2] Bootstrap tree #258, logLikelihood: -1885606.884966
[00:01:11] [worker #3] Bootstrap tree #259, logLikelihood: -1887188.987135
[00:01:12] [worker #4] Bootstrap tree #260, logLikelihood: -1885600.140457
[00:01:12] [worker #0] Bootstrap tree #256, logLikelihood: -1886570.135279
[00:01:12] [worker #3] Bootstrap tree #264, logLikelihood: -1885686.176579
[00:01:12] [worker #1] Bootstrap tree #262, logLikelihood: -1886517.796046
[00:01:12] [worker #4] Bootstrap tree #265, logLikelihood: -1885860.364678
[00:01:13] [worker #0] Bootstrap tree #261, logLikelihood: -1886237.272559
[00:01:13] [worker #2] Bootstrap tree #263, logLikelihood: -1885935.531796
[00:01:13] [worker #1] Bootstrap tree #267, logLikelihood: -1886824.775834
[00:01:13] [worker #4] Bootstrap tree #270, logLikelihood: -1887756.340739
[00:01:13] [worker #3] Bootstrap tree #269, logLikelihood: -1888042.504731
[00:01:14] [worker #2] Bootstrap tree #268, logLikelihood: -1887218.067788
[00:01:14] [worker #0] Bootstrap tree #266, logLikelihood: -1885241.761880
[00:01:14] [worker #1] Bootstrap tree #272, logLikelihood: -1885585.853232
[00:01:14] [worker #4] Bootstrap tree #275, logLikelihood: -1885971.657669
[00:01:14] [worker #3] Bootstrap tree #274, logLikelihood: -1885786.939000
[00:01:14] [worker #2] Bootstrap tree #273, logLikelihood: -1886284.550013
[00:01:15] [worker #0] Bootstrap tree #271, logLikelihood: -1886954.145737
[00:01:15] [worker #1] Bootstrap tree #277, logLikelihood: -1885548.237616
[00:01:15] [worker #3] Bootstrap tree #279, logLikelihood: -1886415.649203
[00:01:15] [worker #4] Bootstrap tree #280, logLikelihood: -1886312.698665
[00:01:15] [worker #2] Bootstrap tree #278, logLikelihood: -1886375.947962
[00:01:16] [worker #3] Bootstrap tree #284, logLikelihood: -1886280.167421
[00:01:16] [worker #0] Bootstrap tree #276, logLikelihood: -1886889.140950
[00:01:16] [worker #4] Bootstrap tree #285, logLikelihood: -1886928.107704
[00:01:16] [worker #2] Bootstrap tree #283, logLikelihood: -1886829.615467
[00:01:16] [worker #1] Bootstrap tree #282, logLikelihood: -1886490.972537
[00:01:17] [worker #3] Bootstrap tree #289, logLikelihood: -1886198.581373
[00:01:17] [worker #0] Bootstrap tree #281, logLikelihood: -1885997.449726
[00:01:17] [worker #4] Bootstrap tree #290, logLikelihood: -1886676.294398
[00:01:17] [worker #1] Bootstrap tree #287, logLikelihood: -1885019.818856
[00:01:17] [worker #2] Bootstrap tree #288, logLikelihood: -1887264.202655
[00:01:17] [worker #3] Bootstrap tree #294, logLikelihood: -1885777.877142
[00:01:18] [worker #0] Bootstrap tree #286, logLikelihood: -1885890.745956
[00:01:18] [worker #4] Bootstrap tree #295, logLikelihood: -1886148.912445
[00:01:18] [worker #1] Bootstrap tree #292, logLikelihood: -1884476.044693
[00:01:18] [worker #2] Bootstrap tree #293, logLikelihood: -1885439.838758
[00:01:18] [worker #1] Bootstrap tree #297, logLikelihood: -1885499.093459
[00:01:19] [worker #0] Bootstrap tree #291, logLikelihood: -1885707.594666
[00:01:19] [worker #2] Bootstrap tree #298, logLikelihood: -1887766.831807
[00:01:19] [worker #3] Bootstrap tree #299, logLikelihood: -1887101.162846
[00:01:19] [worker #4] Bootstrap tree #300, logLikelihood: -1887587.879023
[00:01:20] [worker #0] Bootstrap tree #296, logLikelihood: -1886288.281176
[00:01:27] [worker #1] Bootstrap tree #302, logLikelihood: -1886209.074407
[00:01:27] [worker #4] Bootstrap tree #305, logLikelihood: -1885893.081582
[00:01:27] [worker #2] Bootstrap tree #303, logLikelihood: -1887141.371188
[00:01:27] [worker #0] Bootstrap tree #301, logLikelihood: -1886326.562546
[00:01:27] [worker #3] Bootstrap tree #304, logLikelihood: -1886798.665858
[00:01:27] [worker #1] Bootstrap tree #307, logLikelihood: -1884568.759339
[00:01:28] [worker #2] Bootstrap tree #308, logLikelihood: -1884859.234661
[00:01:28] [worker #4] Bootstrap tree #310, logLikelihood: -1886077.370834
[00:01:28] [worker #0] Bootstrap tree #306, logLikelihood: -1887001.088098
[00:01:28] [worker #3] Bootstrap tree #309, logLikelihood: -1886019.747241
[00:01:28] [worker #1] Bootstrap tree #312, logLikelihood: -1884845.866547
[00:01:28] [worker #4] Bootstrap tree #315, logLikelihood: -1886420.535779
[00:01:28] [worker #2] Bootstrap tree #313, logLikelihood: -1885793.807334
[00:01:29] [worker #0] Bootstrap tree #311, logLikelihood: -1886968.665492
[00:01:29] [worker #3] Bootstrap tree #314, logLikelihood: -1886064.689464
[00:01:29] [worker #4] Bootstrap tree #320, logLikelihood: -1886198.600433
[00:01:30] [worker #2] Bootstrap tree #318, logLikelihood: -1886116.739344
[00:01:30] [worker #1] Bootstrap tree #317, logLikelihood: -1886106.935195
[00:01:30] [worker #0] Bootstrap tree #316, logLikelihood: -1886058.858833
[00:01:30] [worker #4] Bootstrap tree #325, logLikelihood: -1887016.579067
[00:01:30] [worker #3] Bootstrap tree #319, logLikelihood: -1886658.869711
[00:01:30] [worker #1] Bootstrap tree #322, logLikelihood: -1886025.955302
[00:01:31] [worker #2] Bootstrap tree #323, logLikelihood: -1887019.051761
[00:01:31] [worker #0] Bootstrap tree #321, logLikelihood: -1887310.601742
[00:01:31] [worker #3] Bootstrap tree #324, logLikelihood: -1885929.760125
[00:01:31] [worker #1] Bootstrap tree #327, logLikelihood: -1887025.650362
[00:01:31] [worker #4] Bootstrap tree #330, logLikelihood: -1887102.366289
[00:01:32] [worker #2] Bootstrap tree #328, logLikelihood: -1886872.857301
[00:01:32] [worker #3] Bootstrap tree #329, logLikelihood: -1885800.093988
[00:01:32] [worker #0] Bootstrap tree #326, logLikelihood: -1886899.950477
[00:01:32] [worker #1] Bootstrap tree #332, logLikelihood: -1886010.662869
[00:01:32] [worker #4] Bootstrap tree #335, logLikelihood: -1886290.410751
[00:01:32] [worker #2] Bootstrap tree #333, logLikelihood: -1885043.335547
[00:01:33] [worker #1] Bootstrap tree #337, logLikelihood: -1885630.561526
[00:01:33] [worker #0] Bootstrap tree #331, logLikelihood: -1886071.057615
[00:01:33] [worker #3] Bootstrap tree #334, logLikelihood: -1885922.034772
[00:01:33] [worker #4] Bootstrap tree #340, logLikelihood: -1887475.203846
[00:01:33] [worker #2] Bootstrap tree #338, logLikelihood: -1887569.178441
[00:01:34] [worker #1] Bootstrap tree #342, logLikelihood: -1886003.096638
[00:01:34] [worker #3] Bootstrap tree #339, logLikelihood: -1887439.168899
[00:01:34] [worker #0] Bootstrap tree #336, logLikelihood: -1884896.673902
[00:01:34] [worker #4] Bootstrap tree #345, logLikelihood: -1886289.503325
[00:01:34] [worker #2] Bootstrap tree #343, logLikelihood: -1886283.325458
[00:01:34] [worker #1] Bootstrap tree #347, logLikelihood: -1887009.863685
[00:01:35] [worker #3] Bootstrap tree #344, logLikelihood: -1887081.934647
[00:01:35] [worker #0] Bootstrap tree #341, logLikelihood: -1885545.953842
[00:01:35] [worker #2] Bootstrap tree #348, logLikelihood: -1886170.118428
[00:01:36] [worker #3] Bootstrap tree #349, logLikelihood: -1885509.074116
[00:01:37] [worker #0] Bootstrap tree #346, logLikelihood: -1888120.875440
[00:01:37] [worker #4] Bootstrap tree #350, logLikelihood: -1887164.254434
[00:01:46] [worker #3] Bootstrap tree #354, logLikelihood: -1886148.887659
[00:01:46] [worker #4] Bootstrap tree #355, logLikelihood: -1885946.837999
[00:01:46] [worker #2] Bootstrap tree #353, logLikelihood: -1885124.842146
[00:01:46] [worker #1] Bootstrap tree #352, logLikelihood: -1886403.076520
[00:01:46] [worker #0] Bootstrap tree #351, logLikelihood: -1885930.738236
[00:01:47] [worker #4] Bootstrap tree #360, logLikelihood: -1886305.746041
[00:01:47] [worker #2] Bootstrap tree #358, logLikelihood: -1885549.650317
[00:01:47] [worker #3] Bootstrap tree #359, logLikelihood: -1885079.524693
[00:01:47] [worker #1] Bootstrap tree #357, logLikelihood: -1887586.720998
[00:01:47] [worker #0] Bootstrap tree #356, logLikelihood: -1886282.337436
[00:01:48] [worker #4] Bootstrap tree #365, logLikelihood: -1887003.881828
[00:01:48] [worker #3] Bootstrap tree #364, logLikelihood: -1885380.129661
[00:01:48] [worker #2] Bootstrap tree #363, logLikelihood: -1886661.341238
[00:01:48] [worker #1] Bootstrap tree #362, logLikelihood: -1885513.347966
[00:01:48] [worker #0] Bootstrap tree #361, logLikelihood: -1886828.756130
[00:01:48] [worker #2] Bootstrap tree #368, logLikelihood: -1886918.695632
[00:01:49] [worker #3] Bootstrap tree #369, logLikelihood: -1885563.738662
[00:01:49] [worker #4] Bootstrap tree #370, logLikelihood: -1885634.634753
[00:01:49] [worker #1] Bootstrap tree #367, logLikelihood: -1886105.107716
[00:01:49] [worker #2] Bootstrap tree #373, logLikelihood: -1886795.843070
[00:01:49] [worker #3] Bootstrap tree #374, logLikelihood: -1886609.307259
[00:01:49] [worker #1] Bootstrap tree #372, logLikelihood: -1885707.461854
[00:01:50] [worker #0] Bootstrap tree #366, logLikelihood: -1886849.595649
[00:01:50] [worker #4] Bootstrap tree #375, logLikelihood: -1887527.909571
[00:01:50] [worker #1] Bootstrap tree #377, logLikelihood: -1884359.784500
[00:01:50] [worker #2] Bootstrap tree #378, logLikelihood: -1886388.109065
[00:01:51] [worker #0] Bootstrap tree #371, logLikelihood: -1886541.058085
[00:01:51] [worker #4] Bootstrap tree #380, logLikelihood: -1887405.473896
[00:01:51] [worker #3] Bootstrap tree #379, logLikelihood: -1887155.102856
[00:01:51] [worker #1] Bootstrap tree #382, logLikelihood: -1885908.002361
[00:01:51] [worker #2] Bootstrap tree #383, logLikelihood: -1885095.169064
[00:01:51] [worker #3] Bootstrap tree #384, logLikelihood: -1886258.536678
[00:01:51] [worker #4] Bootstrap tree #385, logLikelihood: -1886451.908549
[00:01:51] [worker #0] Bootstrap tree #376, logLikelihood: -1886047.535876
[00:01:52] [worker #2] Bootstrap tree #388, logLikelihood: -1885590.615198
[00:01:52] [worker #1] Bootstrap tree #387, logLikelihood: -1886425.710614
[00:01:52] [worker #4] Bootstrap tree #390, logLikelihood: -1885988.716060
[00:01:52] [worker #3] Bootstrap tree #389, logLikelihood: -1886278.612424
[00:01:53] [worker #2] Bootstrap tree #393, logLikelihood: -1885524.574923
[00:01:53] [worker #0] Bootstrap tree #381, logLikelihood: -1887474.918721
[00:01:53] [worker #1] Bootstrap tree #392, logLikelihood: -1885282.735934
[00:01:53] [worker #3] Bootstrap tree #394, logLikelihood: -1886238.536116
[00:01:53] [worker #4] Bootstrap tree #395, logLikelihood: -1887065.024227
[00:01:54] [worker #2] Bootstrap tree #398, logLikelihood: -1886952.511918
[00:01:54] [worker #1] Bootstrap tree #397, logLikelihood: -1885463.775788
[00:01:54] [worker #4] Bootstrap tree #400, logLikelihood: -1886614.434120
[00:01:54] [worker #3] Bootstrap tree #399, logLikelihood: -1886894.420395
[00:01:54] [worker #0] Bootstrap tree #386, logLikelihood: -1887504.087545
[00:01:55] [worker #0] Bootstrap tree #391, logLikelihood: -1885507.706236
[00:01:56] [worker #0] Bootstrap tree #396, logLikelihood: -1888258.293447
[00:02:07] [worker #1] Bootstrap tree #402, logLikelihood: -1886346.660535
[00:02:07] [worker #4] Bootstrap tree #405, logLikelihood: -1886653.053824
[00:02:07] [worker #3] Bootstrap tree #404, logLikelihood: -1886977.266721
[00:02:07] [worker #2] Bootstrap tree #403, logLikelihood: -1886310.392139
[00:02:08] [worker #4] Bootstrap tree #410, logLikelihood: -1884759.973581
[00:02:08] [worker #1] Bootstrap tree #407, logLikelihood: -1884650.592520
[00:02:08] [worker #3] Bootstrap tree #409, logLikelihood: -1886523.918608
[00:02:08] [worker #0] Bootstrap tree #401, logLikelihood: -1886355.401807
[00:02:08] [worker #2] Bootstrap tree #408, logLikelihood: -1885673.737961
[00:02:09] [worker #4] Bootstrap tree #415, logLikelihood: -1886104.591633
[00:02:09] [worker #1] Bootstrap tree #412, logLikelihood: -1885578.353720
[00:02:09] [worker #3] Bootstrap tree #414, logLikelihood: -1886318.340061
[00:02:09] [worker #2] Bootstrap tree #413, logLikelihood: -1885534.846413
[00:02:09] [worker #0] Bootstrap tree #406, logLikelihood: -1885948.448172
[00:02:09] [worker #4] Bootstrap tree #420, logLikelihood: -1886168.283800
[00:02:10] [worker #1] Bootstrap tree #417, logLikelihood: -1886524.338595
[00:02:10] [worker #3] Bootstrap tree #419, logLikelihood: -1886456.063528
[00:02:10] [worker #2] Bootstrap tree #418, logLikelihood: -1885860.766761
[00:02:10] [worker #0] Bootstrap tree #411, logLikelihood: -1886466.508886
[00:02:10] [worker #1] Bootstrap tree #422, logLikelihood: -1885866.705710
[00:02:10] [worker #4] Bootstrap tree #425, logLikelihood: -1886113.509291
[00:02:10] [worker #3] Bootstrap tree #424, logLikelihood: -1885711.535916
[00:02:11] [worker #2] Bootstrap tree #423, logLikelihood: -1887589.688605
[00:02:11] [worker #0] Bootstrap tree #416, logLikelihood: -1885807.463666
[00:02:11] [worker #3] Bootstrap tree #429, logLikelihood: -1884977.644541
[00:02:11] [worker #4] Bootstrap tree #430, logLikelihood: -1886806.521954
[00:02:12] [worker #1] Bootstrap tree #427, logLikelihood: -1886490.744812
[00:02:12] [worker #2] Bootstrap tree #428, logLikelihood: -1885497.477373
[00:02:12] [worker #0] Bootstrap tree #421, logLikelihood: -1887088.652760
[00:02:12] [worker #4] Bootstrap tree #435, logLikelihood: -1885603.364239
[00:02:12] [worker #3] Bootstrap tree #434, logLikelihood: -1887187.934058
[00:02:12] [worker #1] Bootstrap tree #432, logLikelihood: -1886233.815188
[00:02:12] [worker #2] Bootstrap tree #433, logLikelihood: -1886189.954722
[00:02:13] [worker #4] Bootstrap tree #440, logLikelihood: -1887443.634999
[00:02:13] [worker #0] Bootstrap tree #426, logLikelihood: -1886536.352435
[00:02:13] [worker #3] Bootstrap tree #439, logLikelihood: -1887371.368088
[00:02:13] [worker #2] Bootstrap tree #438, logLikelihood: -1886127.192168
[00:02:13] [worker #1] Bootstrap tree #437, logLikelihood: -1887389.587653
[00:02:14] [worker #4] Bootstrap tree #445, logLikelihood: -1886480.534277
[00:02:14] [worker #0] Bootstrap tree #431, logLikelihood: -1887041.378010
[00:02:14] [worker #2] Bootstrap tree #443, logLikelihood: -1887823.017414
[00:02:14] [worker #3] Bootstrap tree #444, logLikelihood: -1887226.507126
[00:02:15] [worker #1] Bootstrap tree #442, logLikelihood: -1886198.877913
[00:02:15] [worker #4] Bootstrap tree #450, logLikelihood: -1886625.786111
[00:02:15] [worker #2] Bootstrap tree #448, logLikelihood: -1886052.510695
[00:02:15] [worker #0] Bootstrap tree #436, logLikelihood: -1886331.352256
[00:02:15] [worker #1] Bootstrap tree #447, logLikelihood: -1886319.092315
[00:02:16] [worker #3] Bootstrap tree #449, logLikelihood: -1886823.512262
[00:02:16] [worker #0] Bootstrap tree #441, logLikelihood: -1886735.233142
[00:02:17] [worker #0] Bootstrap tree #446, logLikelihood: -1886171.138815
[00:02:30] [worker #3] Bootstrap tree #454, logLikelihood: -1885663.619888
[00:02:30] [worker #4] Bootstrap tree #455, logLikelihood: -1886523.055745
[00:02:30] [worker #1] Bootstrap tree #452, logLikelihood: -1887929.990756
[00:02:30] [worker #2] Bootstrap tree #453, logLikelihood: -1885983.079395
[00:02:31] [worker #0] Bootstrap tree #451, logLikelihood: -1885444.968127
[00:02:31] [worker #4] Bootstrap tree #460, logLikelihood: -1885658.762814
[00:02:31] [worker #3] Bootstrap tree #459, logLikelihood: -1886960.689862
[00:02:31] [worker #1] Bootstrap tree #457, logLikelihood: -1885876.525630
[00:02:32] [worker #2] Bootstrap tree #458, logLikelihood: -1885639.601819
[00:02:32] [worker #0] Bootstrap tree #456, logLikelihood: -1885976.549776
[00:02:32] [worker #4] Bootstrap tree #465, logLikelihood: -1886820.782460
[00:02:32] [worker #3] Bootstrap tree #464, logLikelihood: -1886045.233246
[00:02:32] [worker #1] Bootstrap tree #462, logLikelihood: -1885209.184531
[00:02:32] [worker #2] Bootstrap tree #463, logLikelihood: -1886366.022963
[00:02:33] [worker #0] Bootstrap tree #461, logLikelihood: -1887057.834588
[00:02:33] [worker #3] Bootstrap tree #469, logLikelihood: -1886629.090972
[00:02:33] [worker #4] Bootstrap tree #470, logLikelihood: -1887693.112021
[00:02:33] [worker #1] Bootstrap tree #467, logLikelihood: -1886182.106808
[00:02:34] [worker #2] Bootstrap tree #468, logLikelihood: -1886238.338126
[00:02:34] [worker #3] Bootstrap tree #474, logLikelihood: -1885875.775648
[00:02:34] [worker #4] Bootstrap tree #475, logLikelihood: -1886328.963543
[00:02:34] [worker #0] Bootstrap tree #466, logLikelihood: -1886750.690335
[00:02:34] [worker #1] Bootstrap tree #472, logLikelihood: -1885567.983645
[00:02:35] [worker #2] Bootstrap tree #473, logLikelihood: -1886203.237712
[00:02:35] [worker #4] Bootstrap tree #480, logLikelihood: -1885805.359272
[00:02:35] [worker #3] Bootstrap tree #479, logLikelihood: -1886342.739887
[00:02:35] [worker #1] Bootstrap tree #477, logLikelihood: -1885966.454084
[00:02:35] [worker #0] Bootstrap tree #471, logLikelihood: -1887597.997072
[00:02:36] [worker #2] Bootstrap tree #478, logLikelihood: -1886551.285397
[00:02:36] [worker #1] Bootstrap tree #482, logLikelihood: -1885319.247506
[00:02:36] [worker #4] Bootstrap tree #485, logLikelihood: -1887950.364487
[00:02:36] [worker #3] Bootstrap tree #484, logLikelihood: -1885807.865047
[00:02:36] [worker #0] Bootstrap tree #476, logLikelihood: -1886145.961205
[00:02:36] [worker #2] Bootstrap tree #483, logLikelihood: -1887730.463715
[00:02:37] [worker #4] Bootstrap tree #490, logLikelihood: -1885940.543105
[00:02:37] [worker #1] Bootstrap tree #487, logLikelihood: -1885295.157469
[00:02:37] [worker #3] Bootstrap tree #489, logLikelihood: -1886400.358434
[00:02:37] [worker #2] Bootstrap tree #488, logLikelihood: -1885687.842474
[00:02:37] [worker #4] Bootstrap tree #495, logLikelihood: -1886005.822191
[00:02:37] [worker #3] Bootstrap tree #494, logLikelihood: -1886971.535126
[00:02:38] [worker #0] Bootstrap tree #481, logLikelihood: -1887357.117761
[00:02:38] [worker #1] Bootstrap tree #492, logLikelihood: -1887871.405318
[00:02:38] [worker #2] Bootstrap tree #493, logLikelihood: -1886444.198988
[00:02:38] [worker #4] Bootstrap tree #500, logLikelihood: -1885915.257512
[00:02:38] [worker #3] Bootstrap tree #499, logLikelihood: -1885035.058251
[00:02:38] [worker #1] Bootstrap tree #497, logLikelihood: -1885612.617155
[00:02:39] [worker #0] Bootstrap tree #486, logLikelihood: -1887102.508350
[00:02:39] [worker #2] Bootstrap tree #498, logLikelihood: -1885889.637250
[00:02:40] [worker #0] Bootstrap tree #491, logLikelihood: -1885656.836258
[00:02:41] [worker #0] Bootstrap tree #496, logLikelihood: -1886119.454846
[00:02:56] [worker #2] Bootstrap tree #503, logLikelihood: -1885021.648575
[00:02:56] [worker #1] Bootstrap tree #502, logLikelihood: -1886545.318690
[00:02:56] [worker #4] Bootstrap tree #505, logLikelihood: -1886757.902296
[00:02:56] [worker #3] Bootstrap tree #504, logLikelihood: -1887572.830422
[00:02:57] [worker #0] Bootstrap tree #501, logLikelihood: -1885442.379863
[00:02:57] [worker #2] Bootstrap tree #508, logLikelihood: -1886176.581502
[00:02:57] [worker #1] Bootstrap tree #507, logLikelihood: -1885584.493061
[00:02:57] [worker #4] Bootstrap tree #510, logLikelihood: -1885953.397282
[00:02:57] [worker #3] Bootstrap tree #509, logLikelihood: -1886125.327430
[00:02:57] [worker #0] Bootstrap tree #506, logLikelihood: -1885478.674493
[00:02:58] [worker #1] Bootstrap tree #512, logLikelihood: -1886047.642086
[00:02:58] [worker #3] Bootstrap tree #514, logLikelihood: -1886461.761014
[00:02:58] [worker #2] Bootstrap tree #513, logLikelihood: -1886055.331875
[00:02:58] [worker #4] Bootstrap tree #515, logLikelihood: -1887247.306015
[00:02:59] [worker #1] Bootstrap tree #517, logLikelihood: -1885733.895141
[00:02:59] [worker #0] Bootstrap tree #511, logLikelihood: -1887121.483533
[00:02:59] [worker #2] Bootstrap tree #518, logLikelihood: -1886634.437147
[00:02:59] [worker #3] Bootstrap tree #519, logLikelihood: -1888249.740122
[00:02:59] [worker #4] Bootstrap tree #520, logLikelihood: -1886778.751197
[00:03:00] [worker #1] Bootstrap tree #522, logLikelihood: -1887348.426835
[00:03:00] [worker #0] Bootstrap tree #516, logLikelihood: -1886011.776758
[00:03:00] [worker #2] Bootstrap tree #523, logLikelihood: -1885122.371253
[00:03:00] [worker #4] Bootstrap tree #525, logLikelihood: -1887114.582305
[00:03:00] [worker #3] Bootstrap tree #524, logLikelihood: -1887379.446002
[00:03:00] [worker #1] Bootstrap tree #527, logLikelihood: -1886031.314255
[00:03:01] [worker #0] Bootstrap tree #521, logLikelihood: -1885367.442505
[00:03:01] [worker #2] Bootstrap tree #528, logLikelihood: -1886454.144461
[00:03:01] [worker #4] Bootstrap tree #530, logLikelihood: -1886894.616203
[00:03:01] [worker #1] Bootstrap tree #532, logLikelihood: -1887029.445031
[00:03:02] [worker #3] Bootstrap tree #529, logLikelihood: -1885374.639631
[00:03:02] [worker #2] Bootstrap tree #533, logLikelihood: -1885731.066645
[00:03:02] [worker #0] Bootstrap tree #526, logLikelihood: -1886376.301784
[00:03:02] [worker #4] Bootstrap tree #535, logLikelihood: -1887258.133811
[00:03:02] [worker #1] Bootstrap tree #537, logLikelihood: -1886440.390438
[00:03:02] [worker #3] Bootstrap tree #534, logLikelihood: -1886172.381747
[00:03:03] [worker #2] Bootstrap tree #538, logLikelihood: -1885417.372250
[00:03:03] [worker #0] Bootstrap tree #531, logLikelihood: -1885823.044662
[00:03:03] [worker #4] Bootstrap tree #540, logLikelihood: -1887194.337332
[00:03:03] [worker #1] Bootstrap tree #542, logLikelihood: -1885859.925903
[00:03:03] [worker #3] Bootstrap tree #539, logLikelihood: -1886670.963304
[00:03:04] [worker #0] Bootstrap tree #536, logLikelihood: -1885315.255598
[00:03:04] [worker #4] Bootstrap tree #545, logLikelihood: -1886346.890329
[00:03:04] [worker #2] Bootstrap tree #543, logLikelihood: -1885955.198069
[00:03:04] [worker #1] Bootstrap tree #547, logLikelihood: -1887157.135781
[00:03:04] [worker #3] Bootstrap tree #544, logLikelihood: -1886001.603456
[00:03:05] [worker #4] Bootstrap tree #550, logLikelihood: -1886454.411844
[00:03:05] [worker #0] Bootstrap tree #541, logLikelihood: -1886561.345117
[00:03:05] [worker #2] Bootstrap tree #548, logLikelihood: -1887829.460734
[00:03:05] [worker #3] Bootstrap tree #549, logLikelihood: -1885676.093395
[00:03:06] [worker #0] Bootstrap tree #546, logLikelihood: -1886757.574312
[00:03:23] [worker #2] Bootstrap tree #553, logLikelihood: -1886024.698516
[00:03:23] [worker #3] Bootstrap tree #554, logLikelihood: -1885787.696503
[00:03:23] [worker #0] Bootstrap tree #551, logLikelihood: -1886464.084471
[00:03:23] [worker #4] Bootstrap tree #555, logLikelihood: -1887530.808264
[00:03:23] [worker #1] Bootstrap tree #552, logLikelihood: -1887131.414923
[00:03:24] [worker #2] Bootstrap tree #558, logLikelihood: -1886831.264931
[00:03:24] [worker #3] Bootstrap tree #559, logLikelihood: -1885899.929148
[00:03:24] [worker #1] Bootstrap tree #557, logLikelihood: -1886165.715047
[00:03:24] [worker #0] Bootstrap tree #556, logLikelihood: -1885961.898771
[00:03:24] [worker #4] Bootstrap tree #560, logLikelihood: -1886262.426290
[00:03:25] [worker #2] Bootstrap tree #563, logLikelihood: -1887997.875565
[00:03:25] [worker #3] Bootstrap tree #564, logLikelihood: -1886305.157886
[00:03:25] [worker #4] Bootstrap tree #565, logLikelihood: -1885411.590747
[00:03:25] [worker #1] Bootstrap tree #562, logLikelihood: -1888167.923188
[00:03:25] [worker #0] Bootstrap tree #561, logLikelihood: -1886769.724711
[00:03:26] [worker #2] Bootstrap tree #568, logLikelihood: -1887568.391904
[00:03:26] [worker #3] Bootstrap tree #569, logLikelihood: -1886171.298603
[00:03:26] [worker #4] Bootstrap tree #570, logLikelihood: -1885658.943617
[00:03:26] [worker #1] Bootstrap tree #567, logLikelihood: -1887533.793409
[00:03:26] [worker #0] Bootstrap tree #566, logLikelihood: -1886466.613380
[00:03:27] [worker #2] Bootstrap tree #573, logLikelihood: -1885894.373123
[00:03:27] [worker #4] Bootstrap tree #575, logLikelihood: -1886891.068670
[00:03:27] [worker #3] Bootstrap tree #574, logLikelihood: -1887308.238505
[00:03:27] [worker #1] Bootstrap tree #572, logLikelihood: -1886463.810868
[00:03:28] [worker #2] Bootstrap tree #578, logLikelihood: -1888014.152216
[00:03:28] [worker #0] Bootstrap tree #571, logLikelihood: -1887231.225240
[00:03:28] [worker #3] Bootstrap tree #579, logLikelihood: -1886873.896514
[00:03:28] [worker #4] Bootstrap tree #580, logLikelihood: -1885266.724664
[00:03:28] [worker #1] Bootstrap tree #577, logLikelihood: -1886124.076310
[00:03:29] [worker #2] Bootstrap tree #583, logLikelihood: -1886523.331645
[00:03:29] [worker #0] Bootstrap tree #576, logLikelihood: -1886252.850340
[00:03:29] [worker #3] Bootstrap tree #584, logLikelihood: -1885634.929455
[00:03:29] [worker #4] Bootstrap tree #585, logLikelihood: -1887158.770849
[00:03:29] [worker #1] Bootstrap tree #582, logLikelihood: -1885687.678249
[00:03:29] [worker #2] Bootstrap tree #588, logLikelihood: -1886326.443418
[00:03:30] [worker #3] Bootstrap tree #589, logLikelihood: -1885333.873084
[00:03:30] [worker #4] Bootstrap tree #590, logLikelihood: -1886935.151097
[00:03:30] [worker #1] Bootstrap tree #587, logLikelihood: -1886595.998829
[00:03:30] [worker #2] Bootstrap tree #593, logLikelihood: -1886576.516030
[00:03:30] [worker #0] Bootstrap tree #581, logLikelihood: -1885765.224949
[00:03:31] [worker #3] Bootstrap tree #594, logLikelihood: -1886402.358187
[00:03:31] [worker #1] Bootstrap tree #592, logLikelihood: -1884781.889886
[00:03:31] [worker #4] Bootstrap tree #595, logLikelihood: -1885922.988572
[00:03:31] [worker #2] Bootstrap tree #598, logLikelihood: -1884141.252782
[00:03:31] [worker #0] Bootstrap tree #586, logLikelihood: -1885963.485203
[00:03:32] [worker #1] Bootstrap tree #597, logLikelihood: -1886414.030268
[00:03:32] [worker #3] Bootstrap tree #599, logLikelihood: -1886805.565679
[00:03:32] [worker #4] Bootstrap tree #600, logLikelihood: -1886821.967732
[00:03:33] [worker #0] Bootstrap tree #591, logLikelihood: -1886454.427352
[00:03:34] [worker #0] Bootstrap tree #596, logLikelihood: -1886221.888195
[00:03:54] [worker #4] Bootstrap tree #605, logLikelihood: -1886947.481860
[00:03:54] [worker #3] Bootstrap tree #604, logLikelihood: -1887730.522938
[00:03:54] [worker #1] Bootstrap tree #602, logLikelihood: -1886915.076561
[00:03:54] [worker #2] Bootstrap tree #603, logLikelihood: -1886268.175674
[00:03:54] [worker #0] Bootstrap tree #601, logLikelihood: -1887286.376574
[00:03:55] [worker #1] Bootstrap tree #607, logLikelihood: -1886108.222890
[00:03:55] [worker #4] Bootstrap tree #610, logLikelihood: -1887794.245434
[00:03:55] [worker #3] Bootstrap tree #609, logLikelihood: -1886906.279112
[00:03:55] [worker #0] Bootstrap tree #606, logLikelihood: -1887585.404632
[00:03:56] [worker #2] Bootstrap tree #608, logLikelihood: -1886937.343291
[00:03:56] [worker #4] Bootstrap tree #615, logLikelihood: -1886617.727855
[00:03:56] [worker #1] Bootstrap tree #612, logLikelihood: -1887171.440581
[00:03:56] [worker #3] Bootstrap tree #614, logLikelihood: -1885531.361044
[00:03:56] [worker #2] Bootstrap tree #613, logLikelihood: -1886303.952458
[00:03:57] [worker #0] Bootstrap tree #611, logLikelihood: -1886445.440864
[00:03:57] [worker #4] Bootstrap tree #620, logLikelihood: -1886624.822217
[00:03:57] [worker #1] Bootstrap tree #617, logLikelihood: -1886321.031865
[00:03:57] [worker #3] Bootstrap tree #619, logLikelihood: -1885769.341649
[00:03:57] [worker #2] Bootstrap tree #618, logLikelihood: -1886536.408166
[00:03:58] [worker #1] Bootstrap tree #622, logLikelihood: -1885468.004327
[00:03:58] [worker #0] Bootstrap tree #616, logLikelihood: -1887515.563884
[00:03:58] [worker #3] Bootstrap tree #624, logLikelihood: -1886084.027461
[00:03:58] [worker #4] Bootstrap tree #625, logLikelihood: -1887581.471275
[00:03:58] [worker #2] Bootstrap tree #623, logLikelihood: -1885997.592618
[00:03:58] [worker #1] Bootstrap tree #627, logLikelihood: -1885485.389547
[00:03:59] [worker #3] Bootstrap tree #629, logLikelihood: -1885957.143805
[00:03:59] [worker #4] Bootstrap tree #630, logLikelihood: -1886638.239779
[00:03:59] [worker #0] Bootstrap tree #621, logLikelihood: -1887406.727749
[00:03:59] [worker #2] Bootstrap tree #628, logLikelihood: -1885866.140752
[00:03:59] [worker #1] Bootstrap tree #632, logLikelihood: -1887193.981627
[00:03:59] [worker #3] Bootstrap tree #634, logLikelihood: -1886411.220769
[00:04:00] [worker #4] Bootstrap tree #635, logLikelihood: -1887084.174085
[00:04:00] [worker #2] Bootstrap tree #633, logLikelihood: -1886147.738201
[00:04:00] [worker #0] Bootstrap tree #626, logLikelihood: -1885275.392349
[00:04:00] [worker #3] Bootstrap tree #639, logLikelihood: -1885429.531764
[00:04:00] [worker #1] Bootstrap tree #637, logLikelihood: -1886937.397588
[00:04:01] [worker #2] Bootstrap tree #638, logLikelihood: -1885527.059263
[00:04:01] [worker #4] Bootstrap tree #640, logLikelihood: -1888338.328579
[00:04:01] [worker #1] Bootstrap tree #642, logLikelihood: -1886475.428253
[00:04:01] [worker #0] Bootstrap tree #631, logLikelihood: -1885538.923123
[00:04:01] [worker #3] Bootstrap tree #644, logLikelihood: -1887790.072126
[00:04:01] [worker #2] Bootstrap tree #643, logLikelihood: -1887209.970461
[00:04:02] [worker #4] Bootstrap tree #645, logLikelihood: -1887392.824266
[00:04:02] [worker #3] Bootstrap tree #649, logLikelihood: -1886111.703494
[00:04:02] [worker #2] Bootstrap tree #648, logLikelihood: -1885926.906414
[00:04:02] [worker #1] Bootstrap tree #647, logLikelihood: -1885851.572682
[00:04:02] [worker #0] Bootstrap tree #636, logLikelihood: -1887020.227692
[00:04:02] [worker #4] Bootstrap tree #650, logLikelihood: -1885178.184882
[00:04:03] [worker #0] Bootstrap tree #641, logLikelihood: -1886044.441699
[00:04:04] [worker #0] Bootstrap tree #646, logLikelihood: -1887012.039021
[00:04:27] [worker #2] Bootstrap tree #653, logLikelihood: -1884983.157135
[00:04:27] [worker #4] Bootstrap tree #655, logLikelihood: -1885440.358320
[00:04:27] [worker #1] Bootstrap tree #652, logLikelihood: -1885962.799030
[00:04:28] [worker #3] Bootstrap tree #654, logLikelihood: -1887460.423131
[00:04:28] [worker #0] Bootstrap tree #651, logLikelihood: -1887128.151643
[00:04:28] [worker #2] Bootstrap tree #658, logLikelihood: -1885754.825854
[00:04:28] [worker #4] Bootstrap tree #660, logLikelihood: -1887425.705830
[00:04:28] [worker #3] Bootstrap tree #659, logLikelihood: -1886323.687091
[00:04:29] [worker #1] Bootstrap tree #657, logLikelihood: -1886612.118528
[00:04:29] [worker #0] Bootstrap tree #656, logLikelihood: -1887014.298356
[00:04:29] [worker #2] Bootstrap tree #663, logLikelihood: -1886204.662461
[00:04:29] [worker #4] Bootstrap tree #665, logLikelihood: -1887476.287587
[00:04:30] [worker #1] Bootstrap tree #662, logLikelihood: -1886586.867855
[00:04:30] [worker #0] Bootstrap tree #661, logLikelihood: -1887079.865161
[00:04:30] [worker #3] Bootstrap tree #664, logLikelihood: -1886392.306338
[00:04:30] [worker #2] Bootstrap tree #668, logLikelihood: -1885535.802261
[00:04:30] [worker #4] Bootstrap tree #670, logLikelihood: -1887088.742134
[00:04:30] [worker #1] Bootstrap tree #667, logLikelihood: -1887142.814941
[00:04:31] [worker #2] Bootstrap tree #673, logLikelihood: -1886821.937369
[00:04:31] [worker #3] Bootstrap tree #669, logLikelihood: -1887844.462425
[00:04:31] [worker #0] Bootstrap tree #666, logLikelihood: -1886640.943463
[00:04:32] [worker #1] Bootstrap tree #672, logLikelihood: -1885724.891828
[00:04:32] [worker #4] Bootstrap tree #675, logLikelihood: -1885448.756464
[00:04:32] [worker #2] Bootstrap tree #678, logLikelihood: -1885682.131360
[00:04:32] [worker #3] Bootstrap tree #674, logLikelihood: -1888203.632857
[00:04:32] [worker #0] Bootstrap tree #671, logLikelihood: -1884935.358804
[00:04:32] [worker #1] Bootstrap tree #677, logLikelihood: -1885760.012845
[00:04:32] [worker #4] Bootstrap tree #680, logLikelihood: -1886457.447325
[00:04:33] [worker #2] Bootstrap tree #683, logLikelihood: -1887723.249513
[00:04:33] [worker #3] Bootstrap tree #679, logLikelihood: -1886670.740552
[00:04:33] [worker #0] Bootstrap tree #676, logLikelihood: -1886098.737184
[00:04:33] [worker #1] Bootstrap tree #682, logLikelihood: -1885864.085091
[00:04:33] [worker #2] Bootstrap tree #688, logLikelihood: -1886233.545728
[00:04:34] [worker #4] Bootstrap tree #685, logLikelihood: -1886281.816542
[00:04:34] [worker #3] Bootstrap tree #684, logLikelihood: -1886057.014674
[00:04:34] [worker #0] Bootstrap tree #681, logLikelihood: -1886374.336190
[00:04:34] [worker #1] Bootstrap tree #687, logLikelihood: -1887404.318147
[00:04:34] [worker #2] Bootstrap tree #693, logLikelihood: -1886654.476242
[00:04:34] [worker #4] Bootstrap tree #690, logLikelihood: -1886155.408427
[00:04:35] [worker #3] Bootstrap tree #689, logLikelihood: -1887305.820853
[00:04:35] [worker #1] Bootstrap tree #692, logLikelihood: -1886659.422645
[00:04:35] [worker #4] Bootstrap tree #695, logLikelihood: -1886343.920272
[00:04:35] [worker #2] Bootstrap tree #698, logLikelihood: -1886592.589126
[00:04:36] [worker #0] Bootstrap tree #686, logLikelihood: -1887109.828198
[00:04:36] [worker #3] Bootstrap tree #694, logLikelihood: -1885775.014231
[00:04:36] [worker #1] Bootstrap tree #697, logLikelihood: -1885361.675300
[00:04:36] [worker #4] Bootstrap tree #700, logLikelihood: -1885939.359054
[00:04:36] [worker #3] Bootstrap tree #699, logLikelihood: -1886517.722575
[00:04:37] [worker #0] Bootstrap tree #691, logLikelihood: -1886061.000960
[00:04:38] [worker #0] Bootstrap tree #696, logLikelihood: -1888200.334680
[00:05:04] [worker #2] Bootstrap tree #703, logLikelihood: -1884279.315072
[00:05:04] [worker #4] Bootstrap tree #705, logLikelihood: -1885331.061936
[00:05:04] [worker #3] Bootstrap tree #704, logLikelihood: -1886365.763852
[00:05:04] [worker #1] Bootstrap tree #702, logLikelihood: -1886774.089666
[00:05:04] [worker #0] Bootstrap tree #701, logLikelihood: -1887731.156279
[00:05:05] [worker #2] Bootstrap tree #708, logLikelihood: -1886876.379102
[00:05:05] [worker #4] Bootstrap tree #710, logLikelihood: -1885132.810516
[00:05:05] [worker #3] Bootstrap tree #709, logLikelihood: -1885825.176385
[00:05:05] [worker #1] Bootstrap tree #707, logLikelihood: -1886555.652307
[00:05:05] [worker #0] Bootstrap tree #706, logLikelihood: -1886523.458143
[00:05:06] [worker #2] Bootstrap tree #713, logLikelihood: -1886365.550581
[00:05:06] [worker #4] Bootstrap tree #715, logLikelihood: -1887261.610926
[00:05:06] [worker #3] Bootstrap tree #714, logLikelihood: -1887081.579675
[00:05:06] [worker #1] Bootstrap tree #712, logLikelihood: -1885978.837963
[00:05:06] [worker #4] Bootstrap tree #720, logLikelihood: -1885655.483003
[00:05:07] [worker #2] Bootstrap tree #718, logLikelihood: -1886791.711392
[00:05:07] [worker #0] Bootstrap tree #711, logLikelihood: -1885123.966121
[00:05:07] [worker #3] Bootstrap tree #719, logLikelihood: -1885343.607594
[00:05:07] [worker #1] Bootstrap tree #717, logLikelihood: -1885811.711570
[00:05:07] [worker #2] Bootstrap tree #723, logLikelihood: -1886084.039158
[00:05:07] [worker #4] Bootstrap tree #725, logLikelihood: -1886415.936715
[00:05:08] [worker #3] Bootstrap tree #724, logLikelihood: -1887032.676788
[00:05:08] [worker #1] Bootstrap tree #722, logLikelihood: -1885800.449637
[00:05:08] [worker #0] Bootstrap tree #716, logLikelihood: -1886390.355434
[00:05:08] [worker #4] Bootstrap tree #730, logLikelihood: -1886150.647179
[00:05:08] [worker #2] Bootstrap tree #728, logLikelihood: -1887592.899749
[00:05:08] [worker #3] Bootstrap tree #729, logLikelihood: -1887743.284427
[00:05:09] [worker #1] Bootstrap tree #727, logLikelihood: -1886659.077401
[00:05:09] [worker #4] Bootstrap tree #735, logLikelihood: -1886902.186261
[00:05:09] [worker #0] Bootstrap tree #721, logLikelihood: -1886426.332198
[00:05:09] [worker #3] Bootstrap tree #734, logLikelihood: -1885344.274004
[00:05:09] [worker #2] Bootstrap tree #733, logLikelihood: -1885919.220002
[00:05:10] [worker #1] Bootstrap tree #732, logLikelihood: -1887467.488792
[00:05:10] [worker #4] Bootstrap tree #740, logLikelihood: -1885800.565781
[00:05:10] [worker #2] Bootstrap tree #738, logLikelihood: -1884566.658188
[00:05:10] [worker #0] Bootstrap tree #726, logLikelihood: -1886758.898078
[00:05:10] [worker #3] Bootstrap tree #739, logLikelihood: -1887765.267073
[00:05:11] [worker #1] Bootstrap tree #737, logLikelihood: -1885203.416060
[00:05:11] [worker #4] Bootstrap tree #745, logLikelihood: -1885831.458160
[00:05:11] [worker #0] Bootstrap tree #731, logLikelihood: -1886424.655712
[00:05:11] [worker #2] Bootstrap tree #743, logLikelihood: -1886656.338810
[00:05:12] [worker #3] Bootstrap tree #744, logLikelihood: -1886862.772755
[00:05:12] [worker #1] Bootstrap tree #742, logLikelihood: -1885564.142822
[00:05:12] [worker #4] Bootstrap tree #750, logLikelihood: -1885414.868652
[00:05:12] [worker #0] Bootstrap tree #736, logLikelihood: -1884549.164692
[00:05:12] [worker #2] Bootstrap tree #748, logLikelihood: -1885566.996289
[00:05:12] [worker #3] Bootstrap tree #749, logLikelihood: -1886538.282706
[00:05:12] [worker #1] Bootstrap tree #747, logLikelihood: -1885707.756339
[00:05:13] [worker #0] Bootstrap tree #741, logLikelihood: -1886468.166631
[00:05:14] [worker #0] Bootstrap tree #746, logLikelihood: -1887810.128458
[00:05:44] [worker #3] Bootstrap tree #754, logLikelihood: -1886281.885873
[00:05:44] [worker #0] Bootstrap tree #751, logLikelihood: -1887006.912227
[00:05:45] [worker #2] Bootstrap tree #753, logLikelihood: -1885984.829345
[00:05:45] [worker #4] Bootstrap tree #755, logLikelihood: -1886494.922658
[00:05:45] [worker #1] Bootstrap tree #752, logLikelihood: -1887222.651884
[00:05:45] [worker #3] Bootstrap tree #759, logLikelihood: -1885298.160471
[00:05:45] [worker #0] Bootstrap tree #756, logLikelihood: -1886542.433488
[00:05:45] [worker #4] Bootstrap tree #760, logLikelihood: -1886062.794225
[00:05:46] [worker #1] Bootstrap tree #757, logLikelihood: -1886949.236812
[00:05:46] [worker #2] Bootstrap tree #758, logLikelihood: -1886777.993271
[00:05:46] [worker #3] Bootstrap tree #764, logLikelihood: -1887443.415502
[00:05:46] [worker #4] Bootstrap tree #765, logLikelihood: -1885431.707952
[00:05:47] [worker #1] Bootstrap tree #762, logLikelihood: -1886023.318494
[00:05:47] [worker #2] Bootstrap tree #763, logLikelihood: -1887151.251059
[00:05:47] [worker #0] Bootstrap tree #761, logLikelihood: -1886866.382010
[00:05:47] [worker #3] Bootstrap tree #769, logLikelihood: -1886086.904361
[00:05:47] [worker #4] Bootstrap tree #770, logLikelihood: -1884951.873722
[00:05:47] [worker #2] Bootstrap tree #768, logLikelihood: -1884514.670305
[00:05:48] [worker #1] Bootstrap tree #767, logLikelihood: -1886633.149918
[00:05:48] [worker #3] Bootstrap tree #774, logLikelihood: -1884522.968762
[00:05:48] [worker #0] Bootstrap tree #766, logLikelihood: -1887056.119635
[00:05:48] [worker #4] Bootstrap tree #775, logLikelihood: -1886043.857203
[00:05:48] [worker #2] Bootstrap tree #773, logLikelihood: -1887495.780922
[00:05:49] [worker #1] Bootstrap tree #772, logLikelihood: -1884774.486542
[00:05:49] [worker #4] Bootstrap tree #780, logLikelihood: -1887114.193069
[00:05:49] [worker #3] Bootstrap tree #779, logLikelihood: -1886799.626712
[00:05:49] [worker #0] Bootstrap tree #771, logLikelihood: -1886363.411470
[00:05:49] [worker #2] Bootstrap tree #778, logLikelihood: -1887758.453138
[00:05:49] [worker #1] Bootstrap tree #777, logLikelihood: -1885639.656518
[00:05:50] [worker #3] Bootstrap tree #784, logLikelihood: -1885813.323862
[00:05:50] [worker #4] Bootstrap tree #785, logLikelihood: -1886613.467586
[00:05:50] [worker #0] Bootstrap tree #776, logLikelihood: -1887035.176300
[00:05:50] [worker #2] Bootstrap tree #783, logLikelihood: -1887866.990920
[00:05:50] [worker #1] Bootstrap tree #782, logLikelihood: -1887049.300756
[00:05:51] [worker #3] Bootstrap tree #789, logLikelihood: -1885654.250054
[00:05:51] [worker #4] Bootstrap tree #790, logLikelihood: -1886714.171260
[00:05:51] [worker #2] Bootstrap tree #788, logLikelihood: -1886858.399135
[00:05:51] [worker #0] Bootstrap tree #781, logLikelihood: -1887638.470764
[00:05:51] [worker #1] Bootstrap tree #787, logLikelihood: -1887120.407895
[00:05:52] [worker #3] Bootstrap tree #794, logLikelihood: -1886342.233916
[00:05:52] [worker #4] Bootstrap tree #795, logLikelihood: -1886091.926358
[00:05:52] [worker #2] Bootstrap tree #793, logLikelihood: -1885435.459451
[00:05:52] [worker #1] Bootstrap tree #792, logLikelihood: -1887561.031973
[00:05:52] [worker #3] Bootstrap tree #799, logLikelihood: -1885965.271466
[00:05:52] [worker #0] Bootstrap tree #786, logLikelihood: -1886698.660166
[00:05:53] [worker #4] Bootstrap tree #800, logLikelihood: -1886010.995079
[00:05:53] [worker #2] Bootstrap tree #798, logLikelihood: -1886248.174754
[00:05:53] [worker #1] Bootstrap tree #797, logLikelihood: -1886761.934683
[00:05:53] [worker #0] Bootstrap tree #791, logLikelihood: -1885863.806813
[00:05:55] [worker #0] Bootstrap tree #796, logLikelihood: -1888212.941729
[00:06:28] [worker #3] Bootstrap tree #804, logLikelihood: -1887602.752710
[00:06:28] [worker #1] Bootstrap tree #802, logLikelihood: -1886619.581957
[00:06:28] [worker #2] Bootstrap tree #803, logLikelihood: -1886505.790135
[00:06:28] [worker #4] Bootstrap tree #805, logLikelihood: -1886952.432422
[00:06:28] [worker #0] Bootstrap tree #801, logLikelihood: -1886100.881671
[00:06:29] [worker #3] Bootstrap tree #809, logLikelihood: -1885815.886725
[00:06:29] [worker #2] Bootstrap tree #808, logLikelihood: -1886693.322644
[00:06:29] [worker #1] Bootstrap tree #807, logLikelihood: -1886329.942735
[00:06:29] [worker #4] Bootstrap tree #810, logLikelihood: -1885961.477280
[00:06:30] [worker #0] Bootstrap tree #806, logLikelihood: -1886427.611390
[00:06:30] [worker #3] Bootstrap tree #814, logLikelihood: -1886643.107685
[00:06:30] [worker #1] Bootstrap tree #812, logLikelihood: -1885644.609752
[00:06:30] [worker #2] Bootstrap tree #813, logLikelihood: -1886851.652129
[00:06:30] [worker #4] Bootstrap tree #815, logLikelihood: -1887103.428372
[00:06:31] [worker #0] Bootstrap tree #811, logLikelihood: -1886418.594992
[00:06:31] [worker #3] Bootstrap tree #819, logLikelihood: -1886311.638102
[00:06:31] [worker #1] Bootstrap tree #817, logLikelihood: -1886076.663091
[00:06:31] [worker #2] Bootstrap tree #818, logLikelihood: -1886029.566531
[00:06:31] [worker #4] Bootstrap tree #820, logLikelihood: -1885778.586447
[00:06:32] [worker #3] Bootstrap tree #824, logLikelihood: -1885851.560740
[00:06:32] [worker #1] Bootstrap tree #822, logLikelihood: -1885884.985619
[00:06:32] [worker #2] Bootstrap tree #823, logLikelihood: -1885894.684349
[00:06:32] [worker #0] Bootstrap tree #816, logLikelihood: -1885153.986537
[00:06:32] [worker #4] Bootstrap tree #825, logLikelihood: -1886730.925082
[00:06:33] [worker #3] Bootstrap tree #829, logLikelihood: -1885894.184002
[00:06:33] [worker #2] Bootstrap tree #828, logLikelihood: -1886683.594739
[00:06:33] [worker #1] Bootstrap tree #827, logLikelihood: -1886312.137373
[00:06:33] [worker #4] Bootstrap tree #830, logLikelihood: -1885598.660152
[00:06:33] [worker #0] Bootstrap tree #821, logLikelihood: -1887820.502410
[00:06:33] [worker #3] Bootstrap tree #834, logLikelihood: -1886029.375413
[00:06:33] [worker #2] Bootstrap tree #833, logLikelihood: -1885474.259555
[00:06:34] [worker #1] Bootstrap tree #832, logLikelihood: -1885610.227579
[00:06:34] [worker #4] Bootstrap tree #835, logLikelihood: -1885547.497377
[00:06:34] [worker #0] Bootstrap tree #826, logLikelihood: -1885893.236419
[00:06:34] [worker #2] Bootstrap tree #838, logLikelihood: -1885072.010602
[00:06:34] [worker #3] Bootstrap tree #839, logLikelihood: -1886354.972788
[00:06:35] [worker #1] Bootstrap tree #837, logLikelihood: -1885970.454841
[00:06:35] [worker #4] Bootstrap tree #840, logLikelihood: -1886664.345482
[00:06:35] [worker #2] Bootstrap tree #843, logLikelihood: -1885788.964952
[00:06:35] [worker #3] Bootstrap tree #844, logLikelihood: -1886989.414427
[00:06:35] [worker #0] Bootstrap tree #831, logLikelihood: -1887140.305429
[00:06:35] [worker #1] Bootstrap tree #842, logLikelihood: -1885616.138634
[00:06:36] [worker #2] Bootstrap tree #848, logLikelihood: -1888029.060278
[00:06:36] [worker #3] Bootstrap tree #849, logLikelihood: -1886323.604765
[00:06:36] [worker #4] Bootstrap tree #845, logLikelihood: -1887284.185313
[00:06:36] [worker #1] Bootstrap tree #847, logLikelihood: -1887702.027768
[00:06:37] [worker #0] Bootstrap tree #836, logLikelihood: -1887109.277769
[00:06:37] [worker #4] Bootstrap tree #850, logLikelihood: -1886356.854278
[00:06:38] [worker #0] Bootstrap tree #841, logLikelihood: -1885776.216637
[00:06:39] [worker #0] Bootstrap tree #846, logLikelihood: -1886128.691165
[00:07:14] Bootstrapping converged after 850 replicates.

Optimized model parameters:

   Partition 0: noname
   Rate heterogeneity: GAMMA (4 cats, mean),  alpha: 0.020139 (ML),  weights&rates: (0.250000,0.000000) (0.250000,0.000000) (0.250000,0.000001) (0.250000,3.999999) 
   Base frequencies (ML): 0.269754 0.234212 0.232148 0.263886 
   Substitution rates (ML): 1.249790 1.760430 0.630415 2.126531 2.576913 1.000000 


Final LogLikelihood: -1887174.323281

AIC score: 3774640.646562 / AICc score: 3774640.678140 / BIC score: 3776410.545565
Free parameters (model + branch lengths): 146

WARNING: Best ML tree contains 21 near-zero branches!

Best ML tree with collapsed near-zero branches saved to: /scratch/mjb51923/Ab10_Global_Survey/Ab10-Global-Survey/8_SNPs/HigginsN10_Shared1.raxml.bestTreeCollapsed
Best ML tree saved to: /scratch/mjb51923/Ab10_Global_Survey/Ab10-Global-Survey/8_SNPs/HigginsN10_Shared1.raxml.bestTree
All ML trees saved to: /scratch/mjb51923/Ab10_Global_Survey/Ab10-Global-Survey/8_SNPs/HigginsN10_Shared1.raxml.mlTrees
Best ML tree with Felsenstein bootstrap (FBP) support values saved to: /scratch/mjb51923/Ab10_Global_Survey/Ab10-Global-Survey/8_SNPs/HigginsN10_Shared1.raxml.support
Optimized model saved to: /scratch/mjb51923/Ab10_Global_Survey/Ab10-Global-Survey/8_SNPs/HigginsN10_Shared1.raxml.bestModel
Bootstrap trees saved to: /scratch/mjb51923/Ab10_Global_Survey/Ab10-Global-Survey/8_SNPs/HigginsN10_Shared1.raxml.bootstraps

Execution log saved to: /scratch/mjb51923/Ab10_Global_Survey/Ab10-Global-Survey/8_SNPs/HigginsN10_Shared1.raxml.log

Analysis started: 11-Dec-2024 15:20:00 / finished: 11-Dec-2024 15:27:15

Elapsed time: 434.993 seconds

Consumed energy: 13.472 Wh

