working on file
K10L2_MaxEntStand4
K10L2
Current_Full
Loading required package: sp

Attaching package: ‘spatialEco’

The following object is masked from ‘package:raster’:

    shift

[1] "This is the mean:"
[1] -0.3437109
[1] "This is the sd:"
[1] 0.2343889
[1] "This is the max value:"
[1] 0.9152948
[1] "This is the min value:"
[1] -0.9870619
Error in h(simpleError(msg, call)) : 
  error in evaluating the argument 'filename' in selecting a method for function 'writeStart': missing value where TRUE/FALSE needed
Calls: [<- ... as.character -> as.character.POSIXt -> .handleSimpleError -> h
Execution halted
