working on file
K10L2_MaxEntStand4_SSP126
K10L2
SSP126
Loading required package: sp

Attaching package: ‘spatialEco’

The following object is masked from ‘package:raster’:

    shift

[1] "This is the mean:"
[1] -0.3028314
[1] "This is the sd:"
[1] 0.1921689
[1] "This is the max value:"
[1] 0.5975768
[1] "This is the min value:"
[1] -0.9879396
Error in h(simpleError(msg, call)) : 
  error in evaluating the argument 'filename' in selecting a method for function 'writeStart': missing value where TRUE/FALSE needed
Calls: [<- ... as.character -> as.character.POSIXt -> .handleSimpleError -> h
Execution halted
