working on file
Ab10_MaxEntStand4_SSP245
Ab10
SSP245
Loading required package: sp

Attaching package: ‘spatialEco’

The following object is masked from ‘package:raster’:

    shift

[1] "This is the mean:"
[1] -0.2780703
[1] "This is the sd:"
[1] 0.2014283
[1] "This is the max value:"
[1] 0.2776023
[1] "This is the min value:"
[1] -0.958021
Error in h(simpleError(msg, call)) : 
  error in evaluating the argument 'filename' in selecting a method for function 'writeStart': missing value where TRUE/FALSE needed
Calls: [<- ... as.character -> as.character.POSIXt -> .handleSimpleError -> h
Execution halted
