To execute Beagle-5.4.22Jul22.46e run: java -jar ${EBROOTBEAGLE}/beagle.jar
############ working on chr9
beagle.22Jul22.46e.jar (version 5.4)
Copyright (C) 2014-2022 Brian L. Browning
Enter "java -jar beagle.22Jul22.46e.jar" to list command line argument
Start time: 05:43 PM EDT on 18 Mar 2025

Command line: java -Xmx92160m -jar beagle.22Jul22.46e.jar
  gt=/scratch/mjb51923/Ab10_Global_Survey/out/AlignGBS_HiFiAb10Corrected_v2/GWAS_Mo17_Ab10.chr.filt2_chr9.vcf.gz
  out=/scratch/mjb51923/Ab10_Global_Survey/out/AlignGBS_HiFiAb10Corrected_v2/GWAS_Mo17_Ab10.chr.filt2_chr9.imputed
  nthreads=24

No genetic map is specified: using 1 cM = 1 Mb

Reference samples:                    0
Study     samples:               10,567

Window 1 [9:829787-40810818]
Study     markers:                7,945

Burnin  iteration 1:           37 seconds
Burnin  iteration 2:           40 seconds
Burnin  iteration 3:           43 seconds

Estimated ne:                  2931222
Estimated err:                 2.5e-03

Phasing iteration 1:           41 seconds
Phasing iteration 2:           37 seconds
Phasing iteration 3:           41 seconds
Phasing iteration 4:           45 seconds
Phasing iteration 5:           41 seconds
Phasing iteration 6:           30 seconds
Phasing iteration 7:           31 seconds
Phasing iteration 8:           31 seconds
Phasing iteration 9:           30 seconds
Phasing iteration 10:          29 seconds
Phasing iteration 11:          26 seconds
Phasing iteration 12:          20 seconds

Window 2 [9:38797734-78827892]
Study     markers:                2,826

Burnin  iteration 1:           9 seconds
Burnin  iteration 2:           8 seconds
Burnin  iteration 3:           7 seconds

Estimated ne:                  977164
Estimated err:                 1.7e-03

Phasing iteration 1:           7 seconds
Phasing iteration 2:           7 seconds
Phasing iteration 3:           7 seconds
Phasing iteration 4:           7 seconds
Phasing iteration 5:           7 seconds
Phasing iteration 6:           7 seconds
Phasing iteration 7:           7 seconds
Phasing iteration 8:           7 seconds
Phasing iteration 9:           7 seconds
Phasing iteration 10:          7 seconds
Phasing iteration 11:          7 seconds
Phasing iteration 12:          6 seconds

Window 3 [9:76816957-116823004]
Study     markers:                4,891

Burnin  iteration 1:           15 seconds
Burnin  iteration 2:           13 seconds
Burnin  iteration 3:           13 seconds

Estimated ne:                  1623586
Estimated err:                 2.0e-03

Phasing iteration 1:           14 seconds
Phasing iteration 2:           13 seconds
Phasing iteration 3:           13 seconds
Phasing iteration 4:           12 seconds
Phasing iteration 5:           12 seconds
Phasing iteration 6:           12 seconds
Phasing iteration 7:           13 seconds
Phasing iteration 8:           12 seconds
Phasing iteration 9:           12 seconds
Phasing iteration 10:          12 seconds
Phasing iteration 11:          15 seconds
Phasing iteration 12:          15 seconds

Window 4 [9:114799637-154779021]
Study     markers:                9,615

Burnin  iteration 1:           41 seconds
Burnin  iteration 2:           36 seconds
Burnin  iteration 3:           36 seconds

Estimated ne:                  3415575
Estimated err:                 2.0e-03

Phasing iteration 1:           34 seconds
Phasing iteration 2:           35 seconds
Phasing iteration 3:           33 seconds
Phasing iteration 4:           38 seconds
Phasing iteration 5:           42 seconds
Phasing iteration 6:           44 seconds
Phasing iteration 7:           51 seconds
Phasing iteration 8:           45 seconds
Phasing iteration 9:           37 seconds
Phasing iteration 10:          37 seconds
Phasing iteration 11:          36 seconds
Phasing iteration 12:          34 seconds

Window 5 [9:152692586-167873056]
Study     markers:                6,072

Burnin  iteration 1:           28 seconds
Burnin  iteration 2:           22 seconds
Burnin  iteration 3:           21 seconds

Estimated ne:                  5544819
Estimated err:                 2.2e-03

Phasing iteration 1:           20 seconds
Phasing iteration 2:           20 seconds
Phasing iteration 3:           15 seconds
Phasing iteration 4:           15 seconds
Phasing iteration 5:           15 seconds
Phasing iteration 6:           14 seconds
Phasing iteration 7:           15 seconds
Phasing iteration 8:           15 seconds
Phasing iteration 9:           15 seconds
Phasing iteration 10:          14 seconds
Phasing iteration 11:          14 seconds
Phasing iteration 12:          14 seconds

Cumulative Statistics:

Study     markers:               29,734

Haplotype phasing time:        27 minutes 41 seconds
Total time:                    28 minutes 28 seconds

End time: 06:12 PM EDT on 18 Mar 2025
beagle.22Jul22.46e.jar finished
[W::vcf_parse] Contig '9' is not defined in the header. (Quick workaround: index the file with tabix.)
