To execute Beagle-5.4.22Jul22.46e run: java -jar ${EBROOTBEAGLE}/beagle.jar
############ working on chr3
beagle.22Jul22.46e.jar (version 5.4)
Copyright (C) 2014-2022 Brian L. Browning
Enter "java -jar beagle.22Jul22.46e.jar" to list command line argument
Start time: 07:03 PM EDT on 18 Mar 2025

Command line: java -Xmx92160m -jar beagle.22Jul22.46e.jar
  gt=/scratch/mjb51923/Ab10_Global_Survey/out/AlignGBS_HiFiAb10Corrected_v2/GWAS_Mo17_Ab10.chr.filt2_chr3.vcf.gz
  out=/scratch/mjb51923/Ab10_Global_Survey/out/AlignGBS_HiFiAb10Corrected_v2/GWAS_Mo17_Ab10.chr.filt2_chr3.imputed
  nthreads=24

No genetic map is specified: using 1 cM = 1 Mb

Reference samples:                    0
Study     samples:               10,567

Window 1 [3:81708-40055393]
Study     markers:                9,876

Burnin  iteration 1:           23 seconds
Burnin  iteration 2:           21 seconds
Burnin  iteration 3:           18 seconds

Estimated ne:                  3639881
Estimated err:                 2.8e-03

Phasing iteration 1:           18 seconds
Phasing iteration 2:           19 seconds
Phasing iteration 3:           20 seconds
Phasing iteration 4:           21 seconds
Phasing iteration 5:           18 seconds
Phasing iteration 6:           18 seconds
Phasing iteration 7:           17 seconds
Phasing iteration 8:           17 seconds
Phasing iteration 9:           20 seconds
Phasing iteration 10:          18 seconds
Phasing iteration 11:          18 seconds
Phasing iteration 12:          19 seconds

Window 2 [3:37944126-77854022]
Study     markers:                3,466

Burnin  iteration 1:           7 seconds
Burnin  iteration 2:           6 seconds
Burnin  iteration 3:           6 seconds

Estimated ne:                  1232046
Estimated err:                 1.9e-03

Phasing iteration 1:           6 seconds
Phasing iteration 2:           6 seconds
Phasing iteration 3:           6 seconds
Phasing iteration 4:           6 seconds
Phasing iteration 5:           6 seconds
Phasing iteration 6:           5 seconds
Phasing iteration 7:           6 seconds
Phasing iteration 8:           6 seconds
Phasing iteration 9:           6 seconds
Phasing iteration 10:          5 seconds
Phasing iteration 11:          5 seconds
Phasing iteration 12:          5 seconds

Window 3 [3:75633224-116025969]
Study     markers:                2,139

Burnin  iteration 1:           4 seconds
Burnin  iteration 2:           4 seconds
Burnin  iteration 3:           4 seconds

Estimated ne:                  751960
Estimated err:                 1.2e-03

Phasing iteration 1:           4 seconds
Phasing iteration 2:           4 seconds
Phasing iteration 3:           3 seconds
Phasing iteration 4:           3 seconds
Phasing iteration 5:           3 seconds
Phasing iteration 6:           3 seconds
Phasing iteration 7:           3 seconds
Phasing iteration 8:           3 seconds
Phasing iteration 9:           3 seconds
Phasing iteration 10:          3 seconds
Phasing iteration 11:          3 seconds
Phasing iteration 12:          3 seconds

Window 4 [3:113889443-154000296]
Study     markers:                5,400

Burnin  iteration 1:           11 seconds
Burnin  iteration 2:           10 seconds
Burnin  iteration 3:           10 seconds

Estimated ne:                  1782016
Estimated err:                 2.0e-03

Phasing iteration 1:           11 seconds
Phasing iteration 2:           9 seconds
Phasing iteration 3:           9 seconds
Phasing iteration 4:           9 seconds
Phasing iteration 5:           9 seconds
Phasing iteration 6:           11 seconds
Phasing iteration 7:           9 seconds
Phasing iteration 8:           9 seconds
Phasing iteration 9:           9 seconds
Phasing iteration 10:          10 seconds
Phasing iteration 11:          9 seconds
Phasing iteration 12:          9 seconds

Window 5 [3:151998363-192076611]
Study     markers:                8,673

Burnin  iteration 1:           18 seconds
Burnin  iteration 2:           18 seconds
Burnin  iteration 3:           19 seconds

Estimated ne:                  2972354
Estimated err:                 2.4e-03

Phasing iteration 1:           19 seconds
Phasing iteration 2:           18 seconds
Phasing iteration 3:           19 seconds
Phasing iteration 4:           18 seconds
Phasing iteration 5:           18 seconds
Phasing iteration 6:           17 seconds
Phasing iteration 7:           16 seconds
Phasing iteration 8:           15 seconds
Phasing iteration 9:           15 seconds
Phasing iteration 10:          15 seconds
Phasing iteration 11:          15 seconds
Phasing iteration 12:          14 seconds

Window 6 [3:190074166-230014128]
Study     markers:               11,652

Burnin  iteration 1:           24 seconds
Burnin  iteration 2:           23 seconds
Burnin  iteration 3:           24 seconds

Estimated ne:                  4026471
Estimated err:                 2.4e-03

Phasing iteration 1:           21 seconds
Phasing iteration 2:           21 seconds
Phasing iteration 3:           23 seconds
Phasing iteration 4:           21 seconds
Phasing iteration 5:           21 seconds
Phasing iteration 6:           22 seconds
Phasing iteration 7:           20 seconds
Phasing iteration 8:           21 seconds
Phasing iteration 9:           23 seconds
Phasing iteration 10:          21 seconds
Phasing iteration 11:          26 seconds
Phasing iteration 12:          21 seconds

Window 7 [3:227981698-242693285]
Study     markers:                4,445

Burnin  iteration 1:           9 seconds
Burnin  iteration 2:           8 seconds
Burnin  iteration 3:           8 seconds

Estimated ne:                  4327944
Estimated err:                 2.0e-03

Phasing iteration 1:           8 seconds
Phasing iteration 2:           8 seconds
Phasing iteration 3:           7 seconds
Phasing iteration 4:           7 seconds
Phasing iteration 5:           7 seconds
Phasing iteration 6:           7 seconds
Phasing iteration 7:           7 seconds
Phasing iteration 8:           7 seconds
Phasing iteration 9:           7 seconds
Phasing iteration 10:          7 seconds
Phasing iteration 11:          7 seconds
Phasing iteration 12:          7 seconds

Cumulative Statistics:

Study     markers:               43,229

Haplotype phasing time:        21 minutes 5 seconds
Total time:                    21 minutes 41 seconds

End time: 07:25 PM EDT on 18 Mar 2025
beagle.22Jul22.46e.jar finished
[W::vcf_parse] Contig '3' is not defined in the header. (Quick workaround: index the file with tabix.)
