To execute Beagle-5.4.22Jul22.46e run: java -jar ${EBROOTBEAGLE}/beagle.jar
############ working on chr1
beagle.22Jul22.46e.jar (version 5.4)
Copyright (C) 2014-2022 Brian L. Browning
Enter "java -jar beagle.22Jul22.46e.jar" to list command line argument
Start time: 04:32 PM EDT on 18 Mar 2025

Command line: java -Xmx92160m -jar beagle.22Jul22.46e.jar
  gt=/scratch/mjb51923/Ab10_Global_Survey/out/AlignGBS_HiFiAb10Corrected_v2/GWAS_Mo17_Ab10.chr.filt2_chr1.vcf.gz
  out=/scratch/mjb51923/Ab10_Global_Survey/out/AlignGBS_HiFiAb10Corrected_v2/GWAS_Mo17_Ab10.chr.filt2_chr1.imputed
  nthreads=24

No genetic map is specified: using 1 cM = 1 Mb

Reference samples:                    0
Study     samples:               10,567

Window 1 [1:205484-40169906]
Study     markers:               12,636

Burnin  iteration 1:           58 seconds
Burnin  iteration 2:           40 seconds
Burnin  iteration 3:           38 seconds

Estimated ne:                  4604055
Estimated err:                 2.5e-03

Phasing iteration 1:           36 seconds
Phasing iteration 2:           36 seconds
Phasing iteration 3:           36 seconds
Phasing iteration 4:           35 seconds
Phasing iteration 5:           35 seconds
Phasing iteration 6:           36 seconds
Phasing iteration 7:           35 seconds
Phasing iteration 8:           34 seconds
Phasing iteration 9:           33 seconds
Phasing iteration 10:          33 seconds
Phasing iteration 11:          34 seconds
Phasing iteration 12:          33 seconds

Window 2 [1:37995766-78048916]
Study     markers:                8,477

Burnin  iteration 1:           27 seconds
Burnin  iteration 2:           24 seconds
Burnin  iteration 3:           26 seconds

Estimated ne:                  2938775
Estimated err:                 2.2e-03

Phasing iteration 1:           24 seconds
Phasing iteration 2:           24 seconds
Phasing iteration 3:           24 seconds
Phasing iteration 4:           23 seconds
Phasing iteration 5:           23 seconds
Phasing iteration 6:           23 seconds
Phasing iteration 7:           23 seconds
Phasing iteration 8:           23 seconds
Phasing iteration 9:           23 seconds
Phasing iteration 10:          22 seconds
Phasing iteration 11:          22 seconds
Phasing iteration 12:          22 seconds

Window 3 [1:76034716-116086105]
Study     markers:                5,115
slurmstepd: error: *** JOB 35703259 ON ra2-2 CANCELLED AT 2025-03-18T16:48:03 ***
