To execute Beagle-5.4.22Jul22.46e run: java -jar ${EBROOTBEAGLE}/beagle.jar
############ working on chr7
beagle.22Jul22.46e.jar (version 5.4)
Copyright (C) 2014-2022 Brian L. Browning
Enter "java -jar beagle.22Jul22.46e.jar" to list command line argument
Start time: 04:48 PM EDT on 18 Mar 2025

Command line: java -Xmx92160m -jar beagle.22Jul22.46e.jar
  gt=/scratch/mjb51923/Ab10_Global_Survey/out/AlignGBS_HiFiAb10Corrected_v2/GWAS_Mo17_Ab10.chr.filt2_chr7.vcf.gz
  out=/scratch/mjb51923/Ab10_Global_Survey/out/AlignGBS_HiFiAb10Corrected_v2/GWAS_Mo17_Ab10.chr.filt2_chr7.imputed
  nthreads=24

No genetic map is specified: using 1 cM = 1 Mb

Reference samples:                    0
Study     samples:               10,567

Window 1 [7:269909-40240108]
Study     markers:                7,341

Burnin  iteration 1:           45 seconds
Burnin  iteration 2:           38 seconds
Burnin  iteration 3:           29 seconds

Estimated ne:                  2798583
Estimated err:                 3.1e-03

Phasing iteration 1:           21 seconds
Phasing iteration 2:           21 seconds
Phasing iteration 3:           20 seconds
Phasing iteration 4:           20 seconds
Phasing iteration 5:           20 seconds
Phasing iteration 6:           20 seconds
Phasing iteration 7:           20 seconds
Phasing iteration 8:           23 seconds
Phasing iteration 9:           23 seconds
Phasing iteration 10:          23 seconds
Phasing iteration 11:          23 seconds
Phasing iteration 12:          22 seconds

Window 2 [7:38228584-78263913]
Study     markers:                2,132

Burnin  iteration 1:           7 seconds
Burnin  iteration 2:           6 seconds
Burnin  iteration 3:           6 seconds

Estimated ne:                  741619
Estimated err:                 1.1e-03

Phasing iteration 1:           6 seconds
Phasing iteration 2:           6 seconds
Phasing iteration 3:           6 seconds
Phasing iteration 4:           6 seconds
Phasing iteration 5:           6 seconds
Phasing iteration 6:           6 seconds
Phasing iteration 7:           5 seconds
Phasing iteration 8:           6 seconds
Phasing iteration 9:           6 seconds
Phasing iteration 10:          5 seconds
Phasing iteration 11:          5 seconds
Phasing iteration 12:          5 seconds

Window 3 [7:76191907-116005063]
Study     markers:                3,664

Burnin  iteration 1:           13 seconds
Burnin  iteration 2:           12 seconds
Burnin  iteration 3:           11 seconds

Estimated ne:                  1300536
Estimated err:                 1.9e-03

Phasing iteration 1:           11 seconds
Phasing iteration 2:           10 seconds
Phasing iteration 3:           10 seconds
Phasing iteration 4:           10 seconds
Phasing iteration 5:           10 seconds
Phasing iteration 6:           10 seconds
Phasing iteration 7:           10 seconds
Phasing iteration 8:           10 seconds
Phasing iteration 9:           10 seconds
Phasing iteration 10:          15 seconds
Phasing iteration 11:          17 seconds
Phasing iteration 12:          16 seconds

Window 4 [7:113947715-154244141]
Study     markers:                8,848

Burnin  iteration 1:           51 seconds
Burnin  iteration 2:           47 seconds
Burnin  iteration 3:           46 seconds

Estimated ne:                  3135250
Estimated err:                 2.4e-03

Phasing iteration 1:           43 seconds
Phasing iteration 2:           37 seconds
Phasing iteration 3:           25 seconds
Phasing iteration 4:           25 seconds
Phasing iteration 5:           25 seconds
Phasing iteration 6:           25 seconds
Phasing iteration 7:           25 seconds
Phasing iteration 8:           25 seconds
Phasing iteration 9:           25 seconds
Phasing iteration 10:          24 seconds
Phasing iteration 11:          24 seconds
Phasing iteration 12:          23 seconds

Window 5 [7:152243306-181062921]
Study     markers:               11,536

Burnin  iteration 1:           39 seconds
Burnin  iteration 2:           36 seconds
Burnin  iteration 3:           35 seconds

Estimated ne:                  5731574
Estimated err:                 2.3e-03

Phasing iteration 1:           35 seconds
Phasing iteration 2:           33 seconds
Phasing iteration 3:           34 seconds
Phasing iteration 4:           46 seconds
Phasing iteration 5:           58 seconds
Phasing iteration 6:           56 seconds
Phasing iteration 7:           55 seconds
Phasing iteration 8:           55 seconds
Phasing iteration 9:           41 seconds
Phasing iteration 10:          32 seconds
Phasing iteration 11:          31 seconds
Phasing iteration 12:          31 seconds

Cumulative Statistics:

Study     markers:               32,701

Haplotype phasing time:        28 minutes 39 seconds
Total time:                    29 minutes 30 seconds

End time: 05:18 PM EDT on 18 Mar 2025
beagle.22Jul22.46e.jar finished
[W::bcf_hdr_check_sanity] PL should be declared as Number=G
[filter.c:2903 filters_init1] Error: the tag "DR2" is not defined in the VCF header
[tabix] the compression of '/scratch/mjb51923/Ab10_Global_Survey/out/AlignGBS_HiFiAb10Corrected_v2/GWAS_Mo17_Ab10.chr.filt2_chr7.imputed.vcf.gz' is not BGZF
Checking the headers and starting positions of 10 files
[E::bcf_hdr_read] Input is not detected as bcf or vcf format
Failed to parse header: /scratch/mjb51923/Ab10_Global_Survey/out/AlignGBS_HiFiAb10Corrected_v2/GWAS_Mo17_Ab10.chr.filt2_chr10.imputed.vcf.gz
