To execute Beagle-5.4.22Jul22.46e run: java -jar ${EBROOTBEAGLE}/beagle.jar
############ working on chr4
beagle.22Jul22.46e.jar (version 5.4)
Copyright (C) 2014-2022 Brian L. Browning
Enter "java -jar beagle.22Jul22.46e.jar" to list command line argument
Start time: 07:04 PM EDT on 18 Mar 2025

Command line: java -Xmx92160m -jar beagle.22Jul22.46e.jar
  gt=/scratch/mjb51923/Ab10_Global_Survey/out/AlignGBS_HiFiAb10Corrected_v2/GWAS_Mo17_Ab10.chr.filt2_chr4.vcf.gz
  out=/scratch/mjb51923/Ab10_Global_Survey/out/AlignGBS_HiFiAb10Corrected_v2/GWAS_Mo17_Ab10.chr.filt2_chr4.imputed
  nthreads=24

No genetic map is specified: using 1 cM = 1 Mb

Reference samples:                    0
Study     samples:               10,567

Window 1 [4:359661-40292875]
Study     markers:                7,980

Burnin  iteration 1:           22 seconds
Burnin  iteration 2:           18 seconds
Burnin  iteration 3:           17 seconds

Estimated ne:                  2932150
Estimated err:                 2.6e-03

Phasing iteration 1:           18 seconds
Phasing iteration 2:           18 seconds
Phasing iteration 3:           18 seconds
Phasing iteration 4:           17 seconds
Phasing iteration 5:           17 seconds
Phasing iteration 6:           18 seconds
Phasing iteration 7:           17 seconds
Phasing iteration 8:           17 seconds
Phasing iteration 9:           17 seconds
Phasing iteration 10:          16 seconds
Phasing iteration 11:          18 seconds
Phasing iteration 12:          17 seconds

Window 2 [4:38139570-78340128]
Study     markers:                3,928

Burnin  iteration 1:           10 seconds
Burnin  iteration 2:           10 seconds
Burnin  iteration 3:           8 seconds

Estimated ne:                  1348817
Estimated err:                 1.6e-03

Phasing iteration 1:           8 seconds
Phasing iteration 2:           7 seconds
Phasing iteration 3:           8 seconds
Phasing iteration 4:           8 seconds
Phasing iteration 5:           9 seconds
Phasing iteration 6:           8 seconds
Phasing iteration 7:           8 seconds
Phasing iteration 8:           8 seconds
Phasing iteration 9:           8 seconds
Phasing iteration 10:          7 seconds
Phasing iteration 11:          7 seconds
Phasing iteration 12:          7 seconds

Window 3 [4:76296416-116355637]
Study     markers:                2,119

Burnin  iteration 1:           5 seconds
Burnin  iteration 2:           4 seconds
Burnin  iteration 3:           5 seconds

Estimated ne:                  819135
Estimated err:                 1.6e-03

Phasing iteration 1:           4 seconds
Phasing iteration 2:           3 seconds
Phasing iteration 3:           4 seconds
Phasing iteration 4:           4 seconds
Phasing iteration 5:           4 seconds
Phasing iteration 6:           5 seconds
Phasing iteration 7:           3 seconds
Phasing iteration 8:           3 seconds
Phasing iteration 9:           4 seconds
Phasing iteration 10:          3 seconds
Phasing iteration 11:          3 seconds
Phasing iteration 12:          3 seconds

Window 4 [4:114315916-154336889]
Study     markers:                2,977

Burnin  iteration 1:           7 seconds
Burnin  iteration 2:           6 seconds
Burnin  iteration 3:           7 seconds

Estimated ne:                  1089407
Estimated err:                 2.0e-03

Phasing iteration 1:           5 seconds
Phasing iteration 2:           6 seconds
Phasing iteration 3:           5 seconds
Phasing iteration 4:           6 seconds
Phasing iteration 5:           6 seconds
Phasing iteration 6:           5 seconds
Phasing iteration 7:           5 seconds
Phasing iteration 8:           5 seconds
Phasing iteration 9:           5 seconds
Phasing iteration 10:          6 seconds
Phasing iteration 11:          6 seconds
Phasing iteration 12:          5 seconds

Window 5 [4:152316365-192357396]
Study     markers:                9,134

Burnin  iteration 1:           25 seconds
Burnin  iteration 2:           20 seconds
Burnin  iteration 3:           21 seconds

Estimated ne:                  3015228
Estimated err:                 2.1e-03

Phasing iteration 1:           20 seconds
Phasing iteration 2:           21 seconds
Phasing iteration 3:           22 seconds
Phasing iteration 4:           18 seconds
Phasing iteration 5:           18 seconds
Phasing iteration 6:           21 seconds
Phasing iteration 7:           24 seconds
Phasing iteration 8:           19 seconds
Phasing iteration 9:           19 seconds
Phasing iteration 10:          22 seconds
Phasing iteration 11:          18 seconds
Phasing iteration 12:          19 seconds

Window 6 [4:190308453-230353971]
Study     markers:                7,238

Burnin  iteration 1:           20 seconds
Burnin  iteration 2:           18 seconds
Burnin  iteration 3:           17 seconds

Estimated ne:                  2648425
Estimated err:                 2.1e-03

Phasing iteration 1:           15 seconds
Phasing iteration 2:           16 seconds
Phasing iteration 3:           17 seconds
Phasing iteration 4:           15 seconds
Phasing iteration 5:           16 seconds
Phasing iteration 6:           18 seconds
Phasing iteration 7:           17 seconds
Phasing iteration 8:           17 seconds
Phasing iteration 9:           17 seconds
Phasing iteration 10:          17 seconds
Phasing iteration 11:          17 seconds
Phasing iteration 12:          17 seconds

Window 7 [4:228298680-250816141]
Study     markers:                6,071

Burnin  iteration 1:           17 seconds
Burnin  iteration 2:           14 seconds
Burnin  iteration 3:           15 seconds

Estimated ne:                  4215109
Estimated err:                 2.6e-03

Phasing iteration 1:           14 seconds
Phasing iteration 2:           13 seconds
Phasing iteration 3:           13 seconds
Phasing iteration 4:           15 seconds
Phasing iteration 5:           13 seconds
Phasing iteration 6:           11 seconds
Phasing iteration 7:           15 seconds
Phasing iteration 8:           13 seconds
Phasing iteration 9:           12 seconds
Phasing iteration 10:          14 seconds
Phasing iteration 11:          14 seconds
Phasing iteration 12:          12 seconds

Cumulative Statistics:

Study     markers:               37,967

Haplotype phasing time:        21 minutes 36 seconds
Total time:                    22 minutes 11 seconds

End time: 07:27 PM EDT on 18 Mar 2025
beagle.22Jul22.46e.jar finished
[W::vcf_parse] Contig '4' is not defined in the header. (Quick workaround: index the file with tabix.)
