To execute Beagle-5.4.22Jul22.46e run: java -jar ${EBROOTBEAGLE}/beagle.jar
############ working on chr10
beagle.22Jul22.46e.jar (version 5.4)
Copyright (C) 2014-2022 Brian L. Browning
Enter "java -jar beagle.22Jul22.46e.jar" to list command line argument
Start time: 06:24 PM EDT on 18 Mar 2025

Command line: java -Xmx92160m -jar beagle.22Jul22.46e.jar
  gt=/scratch/mjb51923/Ab10_Global_Survey/out/AlignGBS_HiFiAb10Corrected_v2/GWAS_Mo17_Bchr.chr.filt2_chr10.vcf.gz
  out=/scratch/mjb51923/Ab10_Global_Survey/out/AlignGBS_HiFiAb10Corrected_v2/GWAS_Mo17_Bchr.chr.filt2_chr10.imputed
  nthreads=24

No genetic map is specified: using 1 cM = 1 Mb
Phasing iteration 6:           3 seconds
Phasing iteration 8:           14 seconds
Phasing iteration 8:           11 seconds
Phasing iteration 7:           3 seconds

Reference samples:                    0
Study     samples:               10,567

Window 1 [10:166686-40029151]
Study     markers:                6,029
Phasing iteration 8:           3 seconds
Phasing iteration 9:           3 seconds

Burnin  iteration 1:           19 seconds
Phasing iteration 9:           12 seconds
Phasing iteration 9:           10 seconds
Phasing iteration 10:          3 seconds
Phasing iteration 11:          3 seconds
Phasing iteration 12:          3 seconds

Window 3 [7:76191907-116346278]
Study     markers:                3,636

Burnin  iteration 1:           15 seconds
Phasing iteration 10:          12 seconds
Phasing iteration 10:          12 seconds
Burnin  iteration 2:           16 seconds

Burnin  iteration 1:           8 seconds
Phasing iteration 11:          11 seconds
Burnin  iteration 2:           11 seconds
Burnin  iteration 2:           7 seconds
Phasing iteration 11:          13 seconds
Burnin  iteration 3:           15 seconds
Burnin  iteration 3:           7 seconds
Burnin  iteration 3:           12 seconds
Phasing iteration 12:          12 seconds

Window 3 [5:75881584-116117658]
Study     markers:                3,425
Phasing iteration 12:          12 seconds

Window 2 [8:38151519-78285377]
Study     markers:                2,867

Estimated ne:                  1265104
Estimated err:                 1.8e-03

Phasing iteration 1:           6 seconds

Burnin  iteration 1:           7 seconds

Estimated ne:                  2318057
Estimated err:                 3.4e-03

Phasing iteration 1:           10 seconds
Phasing iteration 2:           7 seconds

Burnin  iteration 1:           6 seconds

Estimated ne:                  2904312
Estimated err:                 2.5e-03

Phasing iteration 1:           19 seconds
Burnin  iteration 2:           6 seconds
Burnin  iteration 2:           5 seconds
Phasing iteration 3:           7 seconds
Phasing iteration 2:           10 seconds
Burnin  iteration 3:           5 seconds
Burnin  iteration 3:           6 seconds
Phasing iteration 4:           6 seconds

Estimated ne:                  896021
Estimated err:                 1.7e-03

Phasing iteration 1:           4 seconds

Estimated ne:                  1214782
Estimated err:                 1.8e-03

Phasing iteration 1:           5 seconds
Phasing iteration 2:           17 seconds
Phasing iteration 3:           11 seconds
Phasing iteration 2:           4 seconds
Phasing iteration 5:           8 seconds
Phasing iteration 2:           5 seconds
Phasing iteration 3:           5 seconds
Phasing iteration 6:           7 seconds
Phasing iteration 3:           5 seconds
Phasing iteration 4:           4 seconds
Phasing iteration 4:           11 seconds
Phasing iteration 5:           4 seconds
Phasing iteration 3:           15 seconds
Phasing iteration 4:           6 seconds
Phasing iteration 7:           7 seconds
Phasing iteration 6:           5 seconds
Phasing iteration 5:           6 seconds
Phasing iteration 5:           10 seconds
Phasing iteration 8:           6 seconds
Phasing iteration 7:           4 seconds
Phasing iteration 6:           5 seconds
Phasing iteration 8:           4 seconds
Phasing iteration 9:           6 seconds
Phasing iteration 7:           5 seconds
Phasing iteration 9:           4 seconds
Phasing iteration 6:           11 seconds
Phasing iteration 4:           18 seconds
Phasing iteration 10:          4 seconds
Phasing iteration 10:          7 seconds
Phasing iteration 8:           5 seconds
Phasing iteration 11:          4 seconds
Phasing iteration 9:           5 seconds
Phasing iteration 11:          6 seconds
Phasing iteration 7:           11 seconds
Phasing iteration 12:          4 seconds

Window 3 [8:76256096-116282614]
Study     markers:                4,569
Phasing iteration 10:          5 seconds
Phasing iteration 5:           15 seconds
Phasing iteration 12:          6 seconds

Window 4 [7:114317329-154342183]
Study     markers:                8,823
Phasing iteration 11:          5 seconds
Phasing iteration 8:           10 seconds

Burnin  iteration 1:           10 seconds
Phasing iteration 12:          5 seconds

Window 4 [5:114102999-154040010]
Study     markers:                2,683
Phasing iteration 6:           14 seconds
Phasing iteration 9:           10 seconds
Burnin  iteration 2:           9 seconds

Burnin  iteration 1:           5 seconds
Burnin  iteration 2:           5 seconds
Phasing iteration 10:          9 seconds
Burnin  iteration 3:           9 seconds

Burnin  iteration 1:           22 seconds
Burnin  iteration 3:           5 seconds
Phasing iteration 7:           14 seconds

Estimated ne:                  1026171
Estimated err:                 1.5e-03

Phasing iteration 1:           4 seconds

Estimated ne:                  1624584
Estimated err:                 1.7e-03

Phasing iteration 1:           8 seconds
Phasing iteration 11:          10 seconds
Phasing iteration 2:           4 seconds
Phasing iteration 2:           7 seconds
Phasing iteration 3:           5 seconds
Phasing iteration 12:          10 seconds
Phasing iteration 8:           17 seconds

Window 2 [10:37604458-77963372]
Study     markers:                3,181
Phasing iteration 4:           5 seconds
Burnin  iteration 2:           18 seconds
Phasing iteration 3:           8 seconds
Phasing iteration 5:           5 seconds
Phasing iteration 6:           5 seconds

Burnin  iteration 1:           6 seconds
Phasing iteration 4:           8 seconds
Phasing iteration 9:           14 seconds
Phasing iteration 7:           4 seconds
Burnin  iteration 2:           6 seconds
Phasing iteration 8:           4 seconds
Burnin  iteration 3:           19 seconds
Phasing iteration 5:           8 seconds
Burnin  iteration 3:           6 seconds
Phasing iteration 9:           4 seconds

Estimated ne:                  1164245
Estimated err:                 1.6e-03

Phasing iteration 1:           5 seconds
Phasing iteration 10:          4 seconds
Phasing iteration 6:           8 seconds
Phasing iteration 10:          14 seconds
Phasing iteration 2:           5 seconds
Phasing iteration 11:          4 seconds
Phasing iteration 12:          4 seconds
Phasing iteration 7:           9 seconds

Window 5 [5:152008464-192044879]
Study     markers:                8,283
Phasing iteration 3:           5 seconds

Estimated ne:                  3154179
Estimated err:                 2.4e-03

Phasing iteration 1:           20 seconds
Phasing iteration 11:          13 seconds
Phasing iteration 4:           5 seconds
Phasing iteration 8:           8 seconds
Phasing iteration 5:           5 seconds
Phasing iteration 6:           5 seconds
Phasing iteration 9:           8 seconds
Phasing iteration 12:          15 seconds

Window 2 [9:38797734-78827892]
Study     markers:                2,794
Phasing iteration 7:           5 seconds

Burnin  iteration 1:           18 seconds
Phasing iteration 10:          8 seconds
Phasing iteration 8:           5 seconds
Phasing iteration 2:           22 seconds

Burnin  iteration 1:           5 seconds
Phasing iteration 9:           5 seconds
Phasing iteration 11:          7 seconds
Burnin  iteration 2:           5 seconds
Phasing iteration 10:          5 seconds
Burnin  iteration 3:           4 seconds
Phasing iteration 12:          8 seconds

Window 4 [8:114214233-154299066]
Study     markers:                6,815
Phasing iteration 11:          5 seconds
Burnin  iteration 2:           19 seconds
Phasing iteration 3:           17 seconds

Estimated ne:                  969113
Estimated err:                 1.7e-03

Phasing iteration 1:           4 seconds
Phasing iteration 12:          5 seconds

Window 3 [10:75873761-116164301]
Study     markers:                5,861
Phasing iteration 2:           4 seconds
Phasing iteration 3:           4 seconds
Phasing iteration 4:           4 seconds

Burnin  iteration 1:           15 seconds
Phasing iteration 4:           16 seconds

Burnin  iteration 1:           12 seconds
Phasing iteration 5:           4 seconds
Burnin  iteration 3:           19 seconds
Phasing iteration 6:           4 seconds
Phasing iteration 7:           4 seconds
Burnin  iteration 2:           12 seconds
Phasing iteration 8:           4 seconds
Burnin  iteration 2:           15 seconds
Phasing iteration 5:           16 seconds

Estimated ne:                  2972918
Estimated err:                 2.5e-03

Phasing iteration 1:           15 seconds
Phasing iteration 9:           4 seconds
Phasing iteration 10:          4 seconds
Burnin  iteration 3:           10 seconds
Phasing iteration 11:          4 seconds
Burnin  iteration 3:           12 seconds
Phasing iteration 12:          4 seconds

Window 3 [9:76816957-116823004]
Study     markers:                4,825
Phasing iteration 2:           14 seconds

Estimated ne:                  1970675
Estimated err:                 1.6e-03

Phasing iteration 1:           10 seconds
Phasing iteration 6:           17 seconds

Estimated ne:                  2443769
Estimated err:                 2.1e-03

Phasing iteration 1:           13 seconds

Burnin  iteration 1:           10 seconds
Phasing iteration 2:           10 seconds
Phasing iteration 3:           14 seconds
Phasing iteration 7:           18 seconds
Burnin  iteration 2:           10 seconds
Phasing iteration 2:           Phasing iteration 3:           13 seconds11 seconds

Burnin  iteration 3:           9 seconds
Phasing iteration 4:           16 seconds
Phasing iteration 4:           10 seconds
Phasing iteration 3:           12 seconds
Phasing iteration 8:           16 seconds

Estimated ne:                  1604834
Estimated err:                 2.0e-03

Phasing iteration 1:           8 seconds
Phasing iteration 5:           9 seconds
Phasing iteration 5:           14 seconds
Phasing iteration 4:           12 seconds
Phasing iteration 2:           9 seconds
Phasing iteration 6:           9 seconds
Phasing iteration 9:           16 seconds
Phasing iteration 3:           8 seconds
Phasing iteration 6:           14 seconds
Phasing iteration 5:           13 seconds
Phasing iteration 7:           9 seconds
Phasing iteration 4:           9 seconds
Phasing iteration 10:          16 seconds
Phasing iteration 8:           9 seconds
Phasing iteration 5:           8 seconds
Phasing iteration 6:           14 seconds
Phasing iteration 7:           16 seconds
Phasing iteration 9:           9 seconds
Phasing iteration 6:           10 seconds
Phasing iteration 11:          17 seconds
Phasing iteration 7:           12 seconds
Phasing iteration 10:          9 seconds
Phasing iteration 7:           8 seconds
Phasing iteration 8:           16 seconds
Phasing iteration 8:           11 seconds
Phasing iteration 11:          10 seconds
Phasing iteration 8:           8 seconds
Phasing iteration 12:          18 seconds

Window 5 [7:152315698-181062921]
Study     markers:               11,495
Phasing iteration 9:           8 seconds
Phasing iteration 12:          9 seconds
Phasing iteration 9:           16 seconds

Window 4 [10:114131476-149673064]
Study     markers:               12,478
Phasing iteration 9:           12 seconds
Phasing iteration 10:          8 seconds
Phasing iteration 10:          12 seconds
Phasing iteration 10:          15 seconds
Phasing iteration 11:          7 seconds
Phasing iteration 12:          9 seconds

Window 4 [9:114799637-154779021]
Study     markers:                9,570
Phasing iteration 11:          13 seconds
Phasing iteration 11:          13 seconds

Burnin  iteration 1:           27 seconds

Burnin  iteration 1:           26 seconds
Phasing iteration 12:          12 seconds

Window 5 [8:152245177-192298795]
Study     markers:                5,324
Phasing iteration 12:          13 seconds

Window 6 [5:189986666-220112182]
Study     markers:               12,195

Burnin  iteration 1:           22 seconds

Burnin  iteration 1:           11 seconds
Burnin  iteration 2:           25 seconds
Burnin  iteration 2:           23 seconds
Burnin  iteration 2:           10 seconds
Burnin  iteration 2:           23 seconds
Burnin  iteration 3:           10 seconds
Burnin  iteration 3:           24 seconds

Burnin  iteration 1:           30 seconds
Burnin  iteration 3:           24 seconds

Estimated ne:                  1239213
Estimated err:                 3.4e-03

Phasing iteration 1:           9 seconds
Phasing iteration 2:           10 seconds
Burnin  iteration 3:           20 seconds

Estimated ne:                  5718547
Estimated err:                 2.3e-03

Phasing iteration 1:           23 seconds

Estimated ne:                  4943418
Estimated err:                 2.5e-03

Phasing iteration 1:           21 seconds
Phasing iteration 3:           10 seconds
Burnin  iteration 2:           27 seconds
Phasing iteration 4:           9 seconds

Estimated ne:                  3390510
Estimated err:                 2.1e-03

Phasing iteration 1:           23 seconds
Phasing iteration 5:           10 seconds
Phasing iteration 2:           22 seconds
Phasing iteration 2:           24 seconds
Phasing iteration 6:           8 seconds
Burnin  iteration 3:           24 seconds
Phasing iteration 2:           18 seconds
Phasing iteration 7:           10 seconds
Phasing iteration 3:           21 seconds
Phasing iteration 3:           23 seconds
Phasing iteration 8:           9 seconds

Estimated ne:                  5644775
Estimated err:                 2.5e-03

Phasing iteration 1:           21 seconds
Phasing iteration 9:           8 seconds
Phasing iteration 3:           22 seconds
Phasing iteration 10:          9 seconds
Phasing iteration 4:           22 seconds
Phasing iteration 4:           22 seconds
Phasing iteration 11:          8 seconds
Phasing iteration 2:           23 seconds
Phasing iteration 4:           21 seconds
Phasing iteration 12:          8 seconds

Window 6 [8:190149572-208378064]
Study     markers:                7,996
Phasing iteration 5:           19 seconds
Phasing iteration 5:           22 seconds
Phasing iteration 5:           17 seconds
Phasing iteration 3:           24 seconds
Phasing iteration 6:           20 seconds

Burnin  iteration 1:           18 seconds
Phasing iteration 6:           17 seconds
Phasing iteration 6:           22 seconds
Burnin  iteration 2:           15 seconds
Phasing iteration 4:           24 seconds
Phasing iteration 7:           19 seconds
Phasing iteration 7:           16 seconds
Phasing iteration 7:           22 seconds
Burnin  iteration 3:           16 seconds
Phasing iteration 8:           19 seconds
Phasing iteration 5:           23 seconds
Phasing iteration 8:           20 seconds

Estimated ne:                  6249825
Estimated err:                 2.2e-03

Phasing iteration 1:           16 seconds
Phasing iteration 8:           23 seconds
Phasing iteration 9:           20 seconds
Phasing iteration 2:           15 seconds
Phasing iteration 6:           22 seconds
Phasing iteration 9:           20 seconds
Phasing iteration 9:           25 seconds
Phasing iteration 3:           14 seconds
Phasing iteration 10:          20 seconds
Phasing iteration 10:          20 seconds
Phasing iteration 7:           21 seconds
Phasing iteration 4:           14 seconds
Phasing iteration 11:          20 seconds
Phasing iteration 10:          25 seconds
Phasing iteration 11:          19 seconds
Phasing iteration 8:           20 seconds
Phasing iteration 5:           15 seconds
Phasing iteration 12:          19 seconds

Cumulative Statistics:

Study     markers:               26,679

Haplotype phasing time:        11 minutes 40 seconds
Total time:                    12 minutes 6 seconds

End time: 06:36 PM EDT on 18 Mar 2025
beagle.22Jul22.46e.jar finished
[W::vcf_parse] Contig '10' is not defined in the header. (Quick workaround: index the file with tabix.)
Phasing iteration 6:           15 seconds
Phasing iteration 12:          23 seconds

Window 5 [9:152692586-167873056]
Study     markers:                6,033
Phasing iteration 11:          24 seconds
Checking the headers and starting positions of 5 files
Phasing iteration 9:           23 seconds
Concatenating /scratch/mjb51923/Ab10_Global_Survey/out/AlignGBS_HiFiAb10Corrected_v2/GWAS_Mo17_Bchr.chr.filt2_chr1.imputed.filt.vcf.gz	0.003954 seconds
Concatenating /scratch/mjb51923/Ab10_Global_Survey/out/AlignGBS_HiFiAb10Corrected_v2/GWAS_Mo17_Bchr.chr.filt2_chr10.imputed.filt.vcf.gz	0.002928 seconds
Concatenating /scratch/mjb51923/Ab10_Global_Survey/out/AlignGBS_HiFiAb10Corrected_v2/GWAS_Mo17_Bchr.chr.filt2_chr2.imputed.filt.vcf.gz	0.003176 seconds
Concatenating /scratch/mjb51923/Ab10_Global_Survey/out/AlignGBS_HiFiAb10Corrected_v2/GWAS_Mo17_Bchr.chr.filt2_chr3.imputed.filt.vcf.gz	0.003024 seconds
Concatenating /scratch/mjb51923/Ab10_Global_Survey/out/AlignGBS_HiFiAb10Corrected_v2/GWAS_Mo17_Bchr.chr.filt2_chr4.imputed.filt.vcf.gz	0.002968 seconds
Phasing iteration 7:           15 seconds

Burnin  iteration 1:           12 seconds
Phasing iteration 12:          21 seconds

Cumulative Statistics:

Study     markers:               32,505

Haplotype phasing time:        16 minutes 35 seconds
Total time:                    19 minutes 34 seconds

End time: 06:36 PM EDT on 18 Mar 2025
beagle.22Jul22.46e.jar finished
[W::vcf_parse] Contig '7' is not defined in the header. (Quick workaround: index the file with tabix.)
Phasing iteration 8:           14 seconds
Phasing iteration 10:          26 seconds
Burnin  iteration 2:           10 seconds
Checking the headers and starting positions of 6 files
Concatenating /scratch/mjb51923/Ab10_Global_Survey/out/AlignGBS_HiFiAb10Corrected_v2/GWAS_Mo17_Bchr.chr.filt2_chr1.imputed.filt.vcf.gz	0.004441 seconds
Concatenating /scratch/mjb51923/Ab10_Global_Survey/out/AlignGBS_HiFiAb10Corrected_v2/GWAS_Mo17_Bchr.chr.filt2_chr10.imputed.filt.vcf.gz	0.003885 seconds
Concatenating /scratch/mjb51923/Ab10_Global_Survey/out/AlignGBS_HiFiAb10Corrected_v2/GWAS_Mo17_Bchr.chr.filt2_chr2.imputed.filt.vcf.gz	0.003084 seconds
Concatenating /scratch/mjb51923/Ab10_Global_Survey/out/AlignGBS_HiFiAb10Corrected_v2/GWAS_Mo17_Bchr.chr.filt2_chr3.imputed.filt.vcf.gz	0.003229 seconds
Concatenating /scratch/mjb51923/Ab10_Global_Survey/out/AlignGBS_HiFiAb10Corrected_v2/GWAS_Mo17_Bchr.chr.filt2_chr4.imputed.filt.vcf.gz	0.003590 seconds
Concatenating /scratch/mjb51923/Ab10_Global_Survey/out/AlignGBS_HiFiAb10Corrected_v2/GWAS_Mo17_Bchr.chr.filt2_chr7.imputed.filt.vcf.gz	0.003120 seconds
Phasing iteration 9:           14 seconds
Burnin  iteration 3:           12 seconds
Phasing iteration 11:          20 seconds

Estimated ne:                  5460904
Estimated err:                 2.2e-03

Phasing iteration 1:           10 seconds
Phasing iteration 10:          13 seconds
Phasing iteration 2:           12 seconds
Phasing iteration 11:          12 seconds
Phasing iteration 12:          23 seconds

Cumulative Statistics:

Study     markers:               44,042

Haplotype phasing time:        21 minutes 30 seconds
Total time:                    24 minutes 48 seconds

End time: 06:37 PM EDT on 18 Mar 2025
beagle.22Jul22.46e.jar finished
[W::vcf_parse] Contig '5' is not defined in the header. (Quick workaround: index the file with tabix.)
Phasing iteration 3:           11 seconds
Phasing iteration 12:          15 seconds

Cumulative Statistics:

Study     markers:               32,457

Haplotype phasing time:        15 minutes 46 seconds
Total time:                    18 minutes 52 seconds

End time: 06:37 PM EDT on 18 Mar 2025
beagle.22Jul22.46e.jar finished
[W::vcf_parse] Contig '8' is not defined in the header. (Quick workaround: index the file with tabix.)
Phasing iteration 4:           9 seconds
Checking the headers and starting positions of 8 files
[E::bcf_hdr_read] Input is not detected as bcf or vcf format
Failed to parse header: /scratch/mjb51923/Ab10_Global_Survey/out/AlignGBS_HiFiAb10Corrected_v2/GWAS_Mo17_Bchr.chr.filt2_chr8.imputed.filt.vcf.gz
Checking the headers and starting positions of 8 files
Concatenating /scratch/mjb51923/Ab10_Global_Survey/out/AlignGBS_HiFiAb10Corrected_v2/GWAS_Mo17_Bchr.chr.filt2_chr1.imputed.filt.vcf.gz	0.003244 seconds
Concatenating /scratch/mjb51923/Ab10_Global_Survey/out/AlignGBS_HiFiAb10Corrected_v2/GWAS_Mo17_Bchr.chr.filt2_chr10.imputed.filt.vcf.gz	0.002987 seconds
Concatenating /scratch/mjb51923/Ab10_Global_Survey/out/AlignGBS_HiFiAb10Corrected_v2/GWAS_Mo17_Bchr.chr.filt2_chr2.imputed.filt.vcf.gz	0.003121 seconds
Concatenating /scratch/mjb51923/Ab10_Global_Survey/out/AlignGBS_HiFiAb10Corrected_v2/GWAS_Mo17_Bchr.chr.filt2_chr3.imputed.filt.vcf.gz	0.003129 seconds
Concatenating /scratch/mjb51923/Ab10_Global_Survey/out/AlignGBS_HiFiAb10Corrected_v2/GWAS_Mo17_Bchr.chr.filt2_chr4.imputed.filt.vcf.gz	0.002990 seconds
Concatenating /scratch/mjb51923/Ab10_Global_Survey/out/AlignGBS_HiFiAb10Corrected_v2/GWAS_Mo17_Bchr.chr.filt2_chr5.imputed.filt.vcf.gz	0.003051 seconds
Concatenating /scratch/mjb51923/Ab10_Global_Survey/out/AlignGBS_HiFiAb10Corrected_v2/GWAS_Mo17_Bchr.chr.filt2_chr7.imputed.filt.vcf.gz	0.002974 seconds
Concatenating /scratch/mjb51923/Ab10_Global_Survey/out/AlignGBS_HiFiAb10Corrected_v2/GWAS_Mo17_Bchr.chr.filt2_chr8.imputed.filt.vcf.gz	0.002732 seconds
Phasing iteration 5:           12 seconds
Phasing iteration 6:           10 seconds
Phasing iteration 7:           12 seconds
Phasing iteration 8:           9 seconds
Phasing iteration 9:           12 seconds
Phasing iteration 10:          9 seconds
Phasing iteration 11:          11 seconds
Phasing iteration 12:          9 seconds

Cumulative Statistics:

Study     markers:               29,490

Haplotype phasing time:        14 minutes 48 seconds
Total time:                    15 minutes 19 seconds

End time: 06:39 PM EDT on 18 Mar 2025
beagle.22Jul22.46e.jar finished
[W::vcf_parse] Contig '9' is not defined in the header. (Quick workaround: index the file with tabix.)
Checking the headers and starting positions of 9 files
Concatenating /scratch/mjb51923/Ab10_Global_Survey/out/AlignGBS_HiFiAb10Corrected_v2/GWAS_Mo17_Bchr.chr.filt2_chr1.imputed.filt.vcf.gz	0.003329 seconds
Concatenating /scratch/mjb51923/Ab10_Global_Survey/out/AlignGBS_HiFiAb10Corrected_v2/GWAS_Mo17_Bchr.chr.filt2_chr10.imputed.filt.vcf.gz	0.002988 seconds
Concatenating /scratch/mjb51923/Ab10_Global_Survey/out/AlignGBS_HiFiAb10Corrected_v2/GWAS_Mo17_Bchr.chr.filt2_chr2.imputed.filt.vcf.gz	0.002932 seconds
Concatenating /scratch/mjb51923/Ab10_Global_Survey/out/AlignGBS_HiFiAb10Corrected_v2/GWAS_Mo17_Bchr.chr.filt2_chr3.imputed.filt.vcf.gz	0.002985 seconds
Concatenating /scratch/mjb51923/Ab10_Global_Survey/out/AlignGBS_HiFiAb10Corrected_v2/GWAS_Mo17_Bchr.chr.filt2_chr4.imputed.filt.vcf.gz	0.003066 seconds
Concatenating /scratch/mjb51923/Ab10_Global_Survey/out/AlignGBS_HiFiAb10Corrected_v2/GWAS_Mo17_Bchr.chr.filt2_chr5.imputed.filt.vcf.gz	0.003454 seconds
Concatenating /scratch/mjb51923/Ab10_Global_Survey/out/AlignGBS_HiFiAb10Corrected_v2/GWAS_Mo17_Bchr.chr.filt2_chr7.imputed.filt.vcf.gz	0.002981 seconds
Concatenating /scratch/mjb51923/Ab10_Global_Survey/out/AlignGBS_HiFiAb10Corrected_v2/GWAS_Mo17_Bchr.chr.filt2_chr8.imputed.filt.vcf.gz	0.002883 seconds
Concatenating /scratch/mjb51923/Ab10_Global_Survey/out/AlignGBS_HiFiAb10Corrected_v2/GWAS_Mo17_Bchr.chr.filt2_chr9.imputed.filt.vcf.gz	0.002898 seconds
