To execute Beagle-5.4.22Jul22.46e run: java -jar ${EBROOTBEAGLE}/beagle.jar
############ working on chr9
beagle.22Jul22.46e.jar (version 5.4)
Copyright (C) 2014-2022 Brian L. Browning
Enter "java -jar beagle.22Jul22.46e.jar" to list command line argument
Start time: 04:48 PM EDT on 18 Mar 2025

Command line: java -Xmx92160m -jar beagle.22Jul22.46e.jar
  gt=/scratch/mjb51923/Ab10_Global_Survey/out/AlignGBS_HiFiAb10Corrected_v2/GWAS_Mo17_Ab10.chr.filt2_chr9.vcf.gz
  out=/scratch/mjb51923/Ab10_Global_Survey/out/AlignGBS_HiFiAb10Corrected_v2/GWAS_Mo17_Ab10.chr.filt2_chr9.imputed
  nthreads=24

No genetic map is specified: using 1 cM = 1 Mb

Reference samples:                    0
Study     samples:               10,567

Window 1 [9:829787-40810818]
Study     markers:                7,945

Burnin  iteration 1:           19 seconds
Burnin  iteration 2:           15 seconds
Burnin  iteration 3:           15 seconds

Estimated ne:                  2931222
Estimated err:                 2.5e-03

Phasing iteration 1:           14 seconds
Phasing iteration 2:           14 seconds
Phasing iteration 3:           14 seconds
Phasing iteration 4:           13 seconds
Phasing iteration 5:           15 seconds
Phasing iteration 6:           14 seconds
Phasing iteration 7:           15 seconds
Phasing iteration 8:           14 seconds
Phasing iteration 9:           15 seconds
Phasing iteration 10:          13 seconds
Phasing iteration 11:          14 seconds
Phasing iteration 12:          14 seconds

Window 2 [9:38797734-78827892]
Study     markers:                2,826

Burnin  iteration 1:           6 seconds
Burnin  iteration 2:           5 seconds
Burnin  iteration 3:           4 seconds

Estimated ne:                  977164
Estimated err:                 1.7e-03

Phasing iteration 1:           4 seconds
Phasing iteration 2:           4 seconds
Phasing iteration 3:           4 seconds
Phasing iteration 4:           4 seconds
Phasing iteration 5:           4 seconds
Phasing iteration 6:           4 seconds
Phasing iteration 7:           4 seconds
Phasing iteration 8:           4 seconds
Phasing iteration 9:           4 seconds
Phasing iteration 10:          4 seconds
Phasing iteration 11:          4 seconds
Phasing iteration 12:          4 seconds

Window 3 [9:76816957-116823004]
Study     markers:                4,891

Burnin  iteration 1:           10 seconds
Burnin  iteration 2:           9 seconds
Burnin  iteration 3:           8 seconds

Estimated ne:                  1623586
Estimated err:                 2.0e-03

Phasing iteration 1:           8 seconds
Phasing iteration 2:           8 seconds
Phasing iteration 3:           8 seconds
Phasing iteration 4:           9 seconds
Phasing iteration 5:           8 seconds
Phasing iteration 6:           8 seconds
Phasing iteration 7:           8 seconds
Phasing iteration 8:           8 seconds
Phasing iteration 9:           8 seconds
Phasing iteration 10:          8 seconds
Phasing iteration 11:          8 seconds
Phasing iteration 12:          8 seconds

Window 4 [9:114799637-154779021]
Study     markers:                9,615

Burnin  iteration 1:           21 seconds
Burnin  iteration 2:           19 seconds
Burnin  iteration 3:           19 seconds

Estimated ne:                  3415575
Estimated err:                 2.0e-03

Phasing iteration 1:           17 seconds
Phasing iteration 2:           21 seconds
Phasing iteration 3:           19 seconds
Phasing iteration 4:           17 seconds
Phasing iteration 5:           16 seconds
Phasing iteration 6:           16 seconds
Phasing iteration 7:           16 seconds
Phasing iteration 8:           16 seconds
Phasing iteration 9:           16 seconds
Phasing iteration 10:          16 seconds
Phasing iteration 11:          18 seconds
Phasing iteration 12:          17 seconds

Window 5 [9:152692586-167873056]
Study     markers:                6,072

Burnin  iteration 1:           12 seconds
Burnin  iteration 2:           10 seconds
Burnin  iteration 3:           10 seconds

Estimated ne:                  5544819
Estimated err:                 2.2e-03

Phasing iteration 1:           10 seconds
Phasing iteration 2:           10 seconds
Phasing iteration 3:           9 seconds
Phasing iteration 4:           9 seconds
Phasing iteration 5:           10 seconds
Phasing iteration 6:           9 seconds
Phasing iteration 7:           9 seconds
Phasing iteration 8:           9 seconds
Phasing iteration 9:           9 seconds
Phasing iteration 10:          9 seconds
Phasing iteration 11:          10 seconds
Phasing iteration 12:          9 seconds

Cumulative Statistics:

Study     markers:               29,734

Haplotype phasing time:        13 minutes 35 seconds
Total time:                    14 minutes 5 seconds

End time: 05:02 PM EDT on 18 Mar 2025
beagle.22Jul22.46e.jar finished
[W::bcf_hdr_check_sanity] PL should be declared as Number=G
[filter.c:2903 filters_init1] Error: the tag "DR2" is not defined in the VCF header
[tabix] the compression of '/scratch/mjb51923/Ab10_Global_Survey/out/AlignGBS_HiFiAb10Corrected_v2/GWAS_Mo17_Ab10.chr.filt2_chr9.imputed.vcf.gz' is not BGZF
Checking the headers and starting positions of 10 files
[E::bcf_hdr_read] Input is not detected as bcf or vcf format
Failed to parse header: /scratch/mjb51923/Ab10_Global_Survey/out/AlignGBS_HiFiAb10Corrected_v2/GWAS_Mo17_Ab10.chr.filt2_chr10.imputed.vcf.gz
