To execute Beagle-5.4.22Jul22.46e run: java -jar ${EBROOTBEAGLE}/beagle.jar
############ working on chr5
beagle.22Jul22.46e.jar (version 5.4)
Copyright (C) 2014-2022 Brian L. Browning
Enter "java -jar beagle.22Jul22.46e.jar" to list command line argument
Start time: 02:10 PM EDT on 18 Mar 2025

Command line: java -Xmx92160m -jar beagle.22Jul22.46e.jar
  gt=/scratch/mjb51923/Ab10_Global_Survey/out/AlignGBS_HiFiAb10Corrected_v2/GWAS_Mo17_Ab10.chr.filt2_chr5.vcf.gz
  out=/scratch/mjb51923/Ab10_Global_Survey/out/AlignGBS_HiFiAb10Corrected_v2GWAS_Mo17_Ab10.chr.filt2_chr5.imputed.vcf.gz
  nthreads=24

No genetic map is specified: using 1 cM = 1 Mb

Reference samples:                    0
Study     samples:               10,567

Window 1 [5:122876-40118069]
Study     markers:               12,732

Burnin  iteration 1:           45 seconds
Burnin  iteration 2:           50 seconds
Burnin  iteration 3:           51 seconds

Estimated ne:                  4701466
Estimated err:                 2.5e-03

Phasing iteration 1:           47 seconds
Phasing iteration 2:           48 seconds
Phasing iteration 3:           49 seconds
Phasing iteration 4:           48 seconds
Phasing iteration 5:           48 seconds
Phasing iteration 6:           46 seconds
Phasing iteration 7:           43 seconds
Phasing iteration 8:           42 seconds
Phasing iteration 9:           43 seconds
Phasing iteration 10:          44 seconds
Phasing iteration 11:          42 seconds
Phasing iteration 12:          42 seconds

Window 2 [5:38038484-78048576]
Study     markers:                6,455

Burnin  iteration 1:           27 seconds
Burnin  iteration 2:           25 seconds
Burnin  iteration 3:           24 seconds

Estimated ne:                  2214090
Estimated err:                 2.0e-03

Phasing iteration 1:           24 seconds
Phasing iteration 2:           23 seconds
Phasing iteration 3:           24 seconds
Phasing iteration 4:           22 seconds
Phasing iteration 5:           23 seconds
Phasing iteration 6:           22 seconds
Phasing iteration 7:           24 seconds
Phasing iteration 8:           23 seconds
Phasing iteration 9:           24 seconds
Phasing iteration 10:          23 seconds
Phasing iteration 11:          22 seconds
Phasing iteration 12:          24 seconds

Window 3 [5:75881584-116117658]
Study     markers:                3,474

Burnin  iteration 1:           15 seconds
Burnin  iteration 2:           14 seconds
Burnin  iteration 3:           13 seconds

Estimated ne:                  1223074
Estimated err:                 1.8e-03

Phasing iteration 1:           13 seconds
Phasing iteration 2:           13 seconds
Phasing iteration 3:           13 seconds
Phasing iteration 4:           13 seconds
Phasing iteration 5:           12 seconds
Phasing iteration 6:           13 seconds
Phasing iteration 7:           13 seconds
Phasing iteration 8:           12 seconds
Phasing iteration 9:           12 seconds
Phasing iteration 10:          12 seconds
Phasing iteration 11:          12 seconds
Phasing iteration 12:          12 seconds

Window 4 [5:114102999-154040010]
Study     markers:                2,762

Burnin  iteration 1:           11 seconds
Burnin  iteration 2:           11 seconds
Burnin  iteration 3:           10 seconds

Estimated ne:                  1041808
Estimated err:                 1.5e-03

Phasing iteration 1:           8 seconds
Phasing iteration 2:           9 seconds
Phasing iteration 3:           10 seconds
Phasing iteration 4:           10 seconds
Phasing iteration 5:           10 seconds
Phasing iteration 6:           11 seconds
Phasing iteration 7:           9 seconds
Phasing iteration 8:           10 seconds
Phasing iteration 9:           10 seconds
Phasing iteration 10:          9 seconds
Phasing iteration 11:          10 seconds
Phasing iteration 12:          9 seconds

Window 5 [5:152008464-192044879]
Study     markers:                8,331

Burnin  iteration 1:           37 seconds
Burnin  iteration 2:           34 seconds
Burnin  iteration 3:           33 seconds

Estimated ne:                  2988092
Estimated err:                 2.4e-03

Phasing iteration 1:           32 seconds
Phasing iteration 2:           30 seconds
Phasing iteration 3:           30 seconds
Phasing iteration 4:           32 seconds
Phasing iteration 5:           32 seconds
Phasing iteration 6:           33 seconds
Phasing iteration 7:           32 seconds
Phasing iteration 8:           31 seconds
Phasing iteration 9:           32 seconds
Phasing iteration 10:          31 seconds
Phasing iteration 11:          27 seconds
Phasing iteration 12:          31 seconds

Window 6 [5:189986666-220112182]
Study     markers:               12,216

Burnin  iteration 1:           57 seconds
Burnin  iteration 2:           43 seconds
Burnin  iteration 3:           36 seconds

Estimated ne:                  5646756
Estimated err:                 2.5e-03

Phasing iteration 1:           32 seconds
Phasing iteration 2:           32 seconds
Phasing iteration 3:           30 seconds
Phasing iteration 4:           26 seconds
Phasing iteration 5:           26 seconds
Phasing iteration 6:           27 seconds
Phasing iteration 7:           27 seconds
Phasing iteration 8:           27 seconds
Phasing iteration 9:           28 seconds
Phasing iteration 10:          25 seconds
Phasing iteration 11:          25 seconds
Phasing iteration 12:          24 seconds

Cumulative Statistics:

Study     markers:               44,278

Haplotype phasing time:        38 minutes 42 seconds
Total time:                    39 minutes 47 seconds

End time: 02:50 PM EDT on 18 Mar 2025
beagle.22Jul22.46e.jar finished
