To execute Beagle-5.4.22Jul22.46e run: java -jar ${EBROOTBEAGLE}/beagle.jar
/var/lib/slurmd/job35840477/slurm_script: line 25: GWAS_Mo17_Bchr.chr.landrace.filt_chr5.vcf.gz: command not found
############ working on chr2
beagle.22Jul22.46e.jar (version 5.4)
Copyright (C) 2014-2022 Brian L. Browning
Enter "java -jar beagle.22Jul22.46e.jar" to list command line argument
Start time: 09:53 AM EDT on 22 Mar 2025

Command line: java -Xmx92160m -jar beagle.22Jul22.46e.jar
  gt=/scratch/mjb51923/Ab10_Global_Survey/out/AlignGBS_HiFiAb10Corrected_v2/GWAS_Mo17_Bchr.chr.landrace.filt_chr2.vcf.gz
  out=/scratch/mjb51923/Ab10_Global_Survey/out/AlignGBS_HiFiAb10Corrected_v2/GWAS_Mo17_Bchr.chr.landrace.filt_chr2.imputed
  ne=1000
  nthreads=24

No genetic map is specified: using 1 cM = 1 Mb

Reference samples:                    0
Study     samples:                5,401

Window 1 [2:410660-40406545]
Study     markers:                6,258

Burnin  iteration 1:           13 seconds
Burnin  iteration 2:           8 seconds
Burnin  iteration 3:           8 seconds

Estimated ne:                  2278519
Estimated err:                 1.2e-02

Phasing iteration 1:           7 seconds
Phasing iteration 2:           7 seconds
Phasing iteration 3:           7 seconds
Phasing iteration 4:           7 seconds
Phasing iteration 5:           7 seconds
Phasing iteration 6:           7 seconds
Phasing iteration 7:           7 seconds
Phasing iteration 8:           7 seconds
Phasing iteration 9:           7 seconds
Phasing iteration 10:          7 seconds
Phasing iteration 11:          7 seconds
Phasing iteration 12:          6 seconds

Window 2 [2:38383353-77809693]
Study     markers:                2,591

Burnin  iteration 1:           4 seconds
Burnin  iteration 2:           3 seconds
Burnin  iteration 3:           3 seconds

Estimated ne:                  969637
Estimated err:                 8.5e-03

Phasing iteration 1:           3 seconds
Phasing iteration 2:           3 seconds
Phasing iteration 3:           3 seconds
Phasing iteration 4:           3 seconds
Phasing iteration 5:           3 seconds
Phasing iteration 6:           3 seconds
Phasing iteration 7:           3 seconds
Phasing iteration 8:           3 seconds
Phasing iteration 9:           3 seconds
Phasing iteration 10:          3 seconds
Phasing iteration 11:          3 seconds
Phasing iteration 12:          3 seconds

Window 3 [2:75781041-116403931]
Study     markers:                  870

Burnin  iteration 1:           1 second
Burnin  iteration 2:           1 second
Burnin  iteration 3:           1 second

Estimated ne:                  299083
Estimated err:                 8.7e-03

Phasing iteration 1:           1 second
Phasing iteration 2:           1 second
Phasing iteration 3:           1 second
Phasing iteration 4:           1 second
Phasing iteration 5:           1 second
Phasing iteration 6:           1 second
Phasing iteration 7:           1 second
Phasing iteration 8:           1 second
Phasing iteration 9:           1 second
Phasing iteration 10:          1 second
Phasing iteration 11:          1 second
Phasing iteration 12:          1 second

Window 4 [2:114327576-154303322]
Study     markers:                1,240

Burnin  iteration 1:           2 seconds
Burnin  iteration 2:           2 seconds
Burnin  iteration 3:           2 seconds

Estimated ne:                  448733
Estimated err:                 7.2e-03

Phasing iteration 1:           1 second
Phasing iteration 2:           1 second
Phasing iteration 3:           1 second
Phasing iteration 4:           1 second
Phasing iteration 5:           1 second
Phasing iteration 6:           1 second
Phasing iteration 7:           1 second
Phasing iteration 8:           1 second
Phasing iteration 9:           1 second
Phasing iteration 10:          1 second
Phasing iteration 11:          1 second
Phasing iteration 12:          1 second

Window 5 [2:152254311-192404777]
Study     markers:                2,450

Burnin  iteration 1:           4 seconds
Burnin  iteration 2:           3 seconds
Burnin  iteration 3:           3 seconds

Estimated ne:                  910794
Estimated err:                 8.1e-03

Phasing iteration 1:           3 seconds
Phasing iteration 2:           3 seconds
Phasing iteration 3:           3 seconds
Phasing iteration 4:           3 seconds
Phasing iteration 5:           3 seconds
Phasing iteration 6:           3 seconds
Phasing iteration 7:           3 seconds
Phasing iteration 8:           3 seconds
Phasing iteration 9:           3 seconds
Phasing iteration 10:          3 seconds
Phasing iteration 11:          3 seconds
Phasing iteration 12:          3 seconds

Window 6 [2:190252903-230318376]
Study     markers:                5,188

Burnin  iteration 1:           8 seconds
Burnin  iteration 2:           6 seconds
Burnin  iteration 3:           6 seconds

Estimated ne:                  1848111
Estimated err:                 9.8e-03

Phasing iteration 1:           6 seconds
Phasing iteration 2:           6 seconds
Phasing iteration 3:           6 seconds
Phasing iteration 4:           6 seconds
Phasing iteration 5:           6 seconds
Phasing iteration 6:           6 seconds
Phasing iteration 7:           6 seconds
Phasing iteration 8:           5 seconds
Phasing iteration 9:           5 seconds
Phasing iteration 10:          5 seconds
Phasing iteration 11:          5 seconds
Phasing iteration 12:          5 seconds

Window 7 [2:228230631-247153964]
Study     markers:                2,271

Burnin  iteration 1:           3 seconds
Burnin  iteration 2:           3 seconds
Burnin  iteration 3:           3 seconds

Estimated ne:                  1732904
Estimated err:                 9.7e-03

Phasing iteration 1:           2 seconds
Phasing iteration 2:           2 seconds
Phasing iteration 3:           2 seconds
Phasing iteration 4:           2 seconds
Phasing iteration 5:           2 seconds
Phasing iteration 6:           2 seconds
Phasing iteration 7:           2 seconds
Phasing iteration 8:           2 seconds
Phasing iteration 9:           2 seconds
Phasing iteration 10:          2 seconds
Phasing iteration 11:          2 seconds
Phasing iteration 12:          2 seconds

Cumulative Statistics:

Study     markers:               19,861

Haplotype phasing time:        5 minutes 54 seconds
Total time:                    6 minutes 14 seconds

End time: 10:00 AM EDT on 22 Mar 2025
beagle.22Jul22.46e.jar finished
[W::vcf_parse] Contig '2' is not defined in the header. (Quick workaround: index the file with tabix.)
Checking the headers and starting positions of 8 files
Concatenating /scratch/mjb51923/Ab10_Global_Survey/out/AlignGBS_HiFiAb10Corrected_v2/GWAS_Mo17_Bchr.chr.landrace.filt_chr10.imputed.filt.vcf.gz	0.003582 seconds
Concatenating /scratch/mjb51923/Ab10_Global_Survey/out/AlignGBS_HiFiAb10Corrected_v2/GWAS_Mo17_Bchr.chr.landrace.filt_chr2.imputed.filt.vcf.gz	0.002874 seconds
Concatenating /scratch/mjb51923/Ab10_Global_Survey/out/AlignGBS_HiFiAb10Corrected_v2/GWAS_Mo17_Bchr.chr.landrace.filt_chr4.imputed.filt.vcf.gz	0.002908 seconds
Concatenating /scratch/mjb51923/Ab10_Global_Survey/out/AlignGBS_HiFiAb10Corrected_v2/GWAS_Mo17_Bchr.chr.landrace.filt_chr5.imputed.filt.vcf.gz	0.002822 seconds
Concatenating /scratch/mjb51923/Ab10_Global_Survey/out/AlignGBS_HiFiAb10Corrected_v2/GWAS_Mo17_Bchr.chr.landrace.filt_chr6.imputed.filt.vcf.gz	0.002910 seconds
Concatenating /scratch/mjb51923/Ab10_Global_Survey/out/AlignGBS_HiFiAb10Corrected_v2/GWAS_Mo17_Bchr.chr.landrace.filt_chr7.imputed.filt.vcf.gz	0.003219 seconds
Concatenating /scratch/mjb51923/Ab10_Global_Survey/out/AlignGBS_HiFiAb10Corrected_v2/GWAS_Mo17_Bchr.chr.landrace.filt_chr8.imputed.filt.vcf.gz	0.002784 seconds
Concatenating /scratch/mjb51923/Ab10_Global_Survey/out/AlignGBS_HiFiAb10Corrected_v2/GWAS_Mo17_Bchr.chr.landrace.filt_chr9.imputed.filt.vcf.gz	0.003114 seconds
