To execute Beagle-5.4.22Jul22.46e run: java -jar ${EBROOTBEAGLE}/beagle.jar
############ working on chr6
beagle.22Jul22.46e.jar (version 5.4)
Copyright (C) 2014-2022 Brian L. Browning
Enter "java -jar beagle.22Jul22.46e.jar" to list command line argument
Start time: 07:09 PM EDT on 18 Mar 2025

Command line: java -Xmx92160m -jar beagle.22Jul22.46e.jar
  gt=/scratch/mjb51923/Ab10_Global_Survey/out/AlignGBS_HiFiAb10Corrected_v2/GWAS_Mo17_Ab10.chr.filt2_chr6.vcf.gz
  out=/scratch/mjb51923/Ab10_Global_Survey/out/AlignGBS_HiFiAb10Corrected_v2/GWAS_Mo17_Ab10.chr.filt2_chr6.imputed
  nthreads=24

No genetic map is specified: using 1 cM = 1 Mb

Reference samples:                    0
Study     samples:               10,567

Window 1 [6:37299-36374190]
Study     markers:                2,066

Burnin  iteration 1:           9 seconds
Burnin  iteration 2:           6 seconds
Burnin  iteration 3:           5 seconds

Estimated ne:                  608437
Estimated err:                 6.7e-03

Phasing iteration 1:           4 seconds
Phasing iteration 2:           4 seconds
Phasing iteration 3:           4 seconds
Phasing iteration 4:           4 seconds
Phasing iteration 5:           4 seconds
Phasing iteration 6:           4 seconds
Phasing iteration 7:           4 seconds
Phasing iteration 8:           4 seconds
Phasing iteration 9:           4 seconds
Phasing iteration 10:          4 seconds
Phasing iteration 11:          4 seconds
Phasing iteration 12:          4 seconds

Window 2 [6:32442098-78021847]
Study     markers:                2,764

Burnin  iteration 1:           8 seconds
Burnin  iteration 2:           7 seconds
Burnin  iteration 3:           7 seconds

Estimated ne:                  771327
Estimated err:                 3.0e-03

Phasing iteration 1:           6 seconds
Phasing iteration 2:           6 seconds
Phasing iteration 3:           7 seconds
Phasing iteration 4:           6 seconds
Phasing iteration 5:           6 seconds
Phasing iteration 6:           6 seconds
Phasing iteration 7:           6 seconds
Phasing iteration 8:           6 seconds
Phasing iteration 9:           6 seconds
Phasing iteration 10:          6 seconds
Phasing iteration 11:          8 seconds
Phasing iteration 12:          9 seconds

Window 3 [6:75857169-116034615]
Study     markers:                3,244

Burnin  iteration 1:           14 seconds
Burnin  iteration 2:           12 seconds
Burnin  iteration 3:           12 seconds

Estimated ne:                  1091122
Estimated err:                 2.1e-03

Phasing iteration 1:           12 seconds
Phasing iteration 2:           11 seconds
Phasing iteration 3:           12 seconds
Phasing iteration 4:           12 seconds
Phasing iteration 5:           11 seconds
Phasing iteration 6:           11 seconds
Phasing iteration 7:           11 seconds
Phasing iteration 8:           11 seconds
Phasing iteration 9:           11 seconds
Phasing iteration 10:          10 seconds
Phasing iteration 11:          11 seconds
Phasing iteration 12:          10 seconds

Window 4 [6:114008299-153947294]
Study     markers:                7,859

Burnin  iteration 1:           36 seconds
Burnin  iteration 2:           31 seconds
Burnin  iteration 3:           32 seconds

Estimated ne:                  2712782
Estimated err:                 2.1e-03

Phasing iteration 1:           31 seconds
Phasing iteration 2:           29 seconds
Phasing iteration 3:           31 seconds
Phasing iteration 4:           28 seconds
Phasing iteration 5:           27 seconds
Phasing iteration 6:           27 seconds
Phasing iteration 7:           26 seconds
Phasing iteration 8:           26 seconds
Phasing iteration 9:           24 seconds
Phasing iteration 10:          20 seconds
Phasing iteration 11:          29 seconds
Phasing iteration 12:          27 seconds

Window 5 [6:151935053-192019412]
Study     markers:               10,525

Burnin  iteration 1:           52 seconds
Burnin  iteration 2:           44 seconds
Burnin  iteration 3:           42 seconds

Estimated ne:                  4045597
Estimated err:                 2.2e-03

Phasing iteration 1:           41 seconds
Phasing iteration 2:           39 seconds
Phasing iteration 3:           29 seconds
Phasing iteration 4:           25 seconds
Phasing iteration 5:           25 seconds
Phasing iteration 6:           26 seconds
Phasing iteration 7:           25 seconds
Phasing iteration 8:           25 seconds
Phasing iteration 9:           31 seconds
Phasing iteration 10:          37 seconds
Phasing iteration 11:          38 seconds
Phasing iteration 12:          39 seconds

Window 6 [6:190006310-201513481]
Study     markers:                5,514

Burnin  iteration 1:           24 seconds
Burnin  iteration 2:           20 seconds
Burnin  iteration 3:           20 seconds

Estimated ne:                  6519229
Estimated err:                 2.2e-03

Phasing iteration 1:           20 seconds
Phasing iteration 2:           19 seconds
Phasing iteration 3:           21 seconds
Phasing iteration 4:           19 seconds
Phasing iteration 5:           20 seconds
Phasing iteration 6:           19 seconds
Phasing iteration 7:           19 seconds
Phasing iteration 8:           19 seconds
Phasing iteration 9:           19 seconds
Phasing iteration 10:          18 seconds
Phasing iteration 11:          19 seconds
Phasing iteration 12:          18 seconds

Cumulative Statistics:

Study     markers:               30,429

Haplotype phasing time:        26 minutes 16 seconds
Total time:                    27 minutes 12 seconds

End time: 07:36 PM EDT on 18 Mar 2025
beagle.22Jul22.46e.jar finished
[W::vcf_parse] Contig '6' is not defined in the header. (Quick workaround: index the file with tabix.)
