To execute Beagle-5.4.22Jul22.46e run: java -jar ${EBROOTBEAGLE}/beagle.jar
############ working on chr5
beagle.22Jul22.46e.jar (version 5.4)
Copyright (C) 2014-2022 Brian L. Browning
Enter "java -jar beagle.22Jul22.46e.jar" to list command line argument
Start time: 07:07 PM EDT on 18 Mar 2025

Command line: java -Xmx92160m -jar beagle.22Jul22.46e.jar
  gt=/scratch/mjb51923/Ab10_Global_Survey/out/AlignGBS_HiFiAb10Corrected_v2/GWAS_Mo17_Ab10.chr.filt2_chr5.vcf.gz
  out=/scratch/mjb51923/Ab10_Global_Survey/out/AlignGBS_HiFiAb10Corrected_v2/GWAS_Mo17_Ab10.chr.filt2_chr5.imputed
  nthreads=24

No genetic map is specified: using 1 cM = 1 Mb

Reference samples:                    0
Study     samples:               10,567

Window 1 [5:122876-40118069]
Study     markers:               12,732

Burnin  iteration 1:           42 seconds
Burnin  iteration 2:           37 seconds
Burnin  iteration 3:           36 seconds

Estimated ne:                  4701466
Estimated err:                 2.5e-03

Phasing iteration 1:           33 seconds
Phasing iteration 2:           35 seconds
Phasing iteration 3:           32 seconds
Phasing iteration 4:           35 seconds
Phasing iteration 5:           32 seconds
Phasing iteration 6:           35 seconds
Phasing iteration 7:           35 seconds
Phasing iteration 8:           32 seconds
Phasing iteration 9:           31 seconds
Phasing iteration 10:          34 seconds
Phasing iteration 11:          33 seconds
Phasing iteration 12:          31 seconds

Window 2 [5:38038484-78048576]
Study     markers:                6,455

Burnin  iteration 1:           21 seconds
Burnin  iteration 2:           17 seconds
Burnin  iteration 3:           17 seconds

Estimated ne:                  2214090
Estimated err:                 2.0e-03

Phasing iteration 1:           17 seconds
Phasing iteration 2:           18 seconds
Phasing iteration 3:           20 seconds
Phasing iteration 4:           25 seconds
Phasing iteration 5:           16 seconds
Phasing iteration 6:           21 seconds
Phasing iteration 7:           21 seconds
Phasing iteration 8:           20 seconds
Phasing iteration 9:           21 seconds
Phasing iteration 10:          19 seconds
Phasing iteration 11:          19 seconds
Phasing iteration 12:          17 seconds

Window 3 [5:75881584-116117658]
Study     markers:                3,474

Burnin  iteration 1:           11 seconds
Burnin  iteration 2:           9 seconds
Burnin  iteration 3:           10 seconds

Estimated ne:                  1223074
Estimated err:                 1.8e-03

Phasing iteration 1:           10 seconds
Phasing iteration 2:           9 seconds
Phasing iteration 3:           9 seconds
Phasing iteration 4:           9 seconds
Phasing iteration 5:           9 seconds
Phasing iteration 6:           9 seconds
Phasing iteration 7:           9 seconds
Phasing iteration 8:           9 seconds
Phasing iteration 9:           9 seconds
Phasing iteration 10:          8 seconds
Phasing iteration 11:          8 seconds
Phasing iteration 12:          8 seconds

Window 4 [5:114102999-154040010]
Study     markers:                2,762

Burnin  iteration 1:           10 seconds
Burnin  iteration 2:           7 seconds
Burnin  iteration 3:           7 seconds

Estimated ne:                  1041808
Estimated err:                 1.5e-03

Phasing iteration 1:           7 seconds
Phasing iteration 2:           7 seconds
Phasing iteration 3:           7 seconds
Phasing iteration 4:           7 seconds
Phasing iteration 5:           7 seconds
Phasing iteration 6:           7 seconds
Phasing iteration 7:           7 seconds
Phasing iteration 8:           7 seconds
Phasing iteration 9:           7 seconds
Phasing iteration 10:          7 seconds
Phasing iteration 11:          7 seconds
Phasing iteration 12:          6 seconds

Window 5 [5:152008464-192044879]
Study     markers:                8,331

Burnin  iteration 1:           28 seconds
Burnin  iteration 2:           23 seconds
Burnin  iteration 3:           23 seconds

Estimated ne:                  2988092
Estimated err:                 2.4e-03

Phasing iteration 1:           22 seconds
Phasing iteration 2:           22 seconds
Phasing iteration 3:           22 seconds
Phasing iteration 4:           26 seconds
Phasing iteration 5:           21 seconds
Phasing iteration 6:           21 seconds
Phasing iteration 7:           21 seconds
Phasing iteration 8:           21 seconds
Phasing iteration 9:           21 seconds
Phasing iteration 10:          20 seconds
Phasing iteration 11:          20 seconds
Phasing iteration 12:          20 seconds

Window 6 [5:189986666-220112182]
Study     markers:               12,216

Burnin  iteration 1:           38 seconds
Burnin  iteration 2:           38 seconds
Burnin  iteration 3:           34 seconds

Estimated ne:                  5646756
Estimated err:                 2.5e-03

Phasing iteration 1:           34 seconds
Phasing iteration 2:           33 seconds
Phasing iteration 3:           32 seconds
Phasing iteration 4:           30 seconds
Phasing iteration 5:           32 seconds
Phasing iteration 6:           32 seconds
Phasing iteration 7:           33 seconds
Phasing iteration 8:           30 seconds
Phasing iteration 9:           31 seconds
Phasing iteration 10:          30 seconds
Phasing iteration 11:          32 seconds
Phasing iteration 12:          28 seconds

Cumulative Statistics:

Study     markers:               44,278

Haplotype phasing time:        31 minutes 7 seconds
Total time:                    32 minutes 3 seconds

End time: 07:39 PM EDT on 18 Mar 2025
beagle.22Jul22.46e.jar finished
[W::vcf_parse] Contig '5' is not defined in the header. (Quick workaround: index the file with tabix.)
