To execute Beagle-5.4.22Jul22.46e run: java -jar ${EBROOTBEAGLE}/beagle.jar
############ working on chr1
beagle.22Jul22.46e.jar (version 5.4)
Copyright (C) 2014-2022 Brian L. Browning
Enter "java -jar beagle.22Jul22.46e.jar" to list command line argument
Start time: 02:08 PM EDT on 18 Mar 2025

Command line: java -Xmx92160m -jar beagle.22Jul22.46e.jar
  gt=/scratch/mjb51923/Ab10_Global_Survey/out/AlignGBS_HiFiAb10Corrected_v2/GWAS_Mo17_Ab10.chr.filt2_chr1.vcf.gz
  out=/scratch/mjb51923/Ab10_Global_Survey/out/AlignGBS_HiFiAb10Corrected_v2GWAS_Mo17_Ab10.chr.filt2_chr1.imputed.vcf.gz
  nthreads=24

No genetic map is specified: using 1 cM = 1 Mb

Reference samples:                    0
Study     samples:               10,567

Window 1 [1:205484-40169906]
Study     markers:               12,636

Burnin  iteration 1:           22 seconds
Burnin  iteration 2:           20 seconds
Burnin  iteration 3:           18 seconds

Estimated ne:                  4604055
Estimated err:                 2.5e-03

Phasing iteration 1:           18 seconds
Phasing iteration 2:           18 seconds
Phasing iteration 3:           18 seconds
Phasing iteration 4:           18 seconds
Phasing iteration 5:           18 seconds
Phasing iteration 6:           17 seconds
Phasing iteration 7:           18 seconds
Phasing iteration 8:           17 seconds
Phasing iteration 9:           17 seconds
Phasing iteration 10:          17 seconds
Phasing iteration 11:          17 seconds
Phasing iteration 12:          16 seconds

Window 2 [1:37995766-78048916]
Study     markers:                8,477

Burnin  iteration 1:           13 seconds
Burnin  iteration 2:           13 seconds
Burnin  iteration 3:           12 seconds

Estimated ne:                  2938775
Estimated err:                 2.2e-03

Phasing iteration 1:           12 seconds
Phasing iteration 2:           11 seconds
Phasing iteration 3:           12 seconds
Phasing iteration 4:           11 seconds
Phasing iteration 5:           11 seconds
Phasing iteration 6:           11 seconds
Phasing iteration 7:           11 seconds
Phasing iteration 8:           10 seconds
Phasing iteration 9:           11 seconds
Phasing iteration 10:          11 seconds
Phasing iteration 11:          10 seconds
Phasing iteration 12:          10 seconds

Window 3 [1:76034716-116086105]
Study     markers:                5,115

Burnin  iteration 1:           8 seconds
Burnin  iteration 2:           7 seconds
Burnin  iteration 3:           7 seconds

Estimated ne:                  1718982
Estimated err:                 1.7e-03

Phasing iteration 1:           6 seconds
Phasing iteration 2:           7 seconds
Phasing iteration 3:           7 seconds
Phasing iteration 4:           6 seconds
Phasing iteration 5:           6 seconds
Phasing iteration 6:           6 seconds
Phasing iteration 7:           6 seconds
Phasing iteration 8:           7 seconds
Phasing iteration 9:           7 seconds
Phasing iteration 10:          6 seconds
Phasing iteration 11:          6 seconds
Phasing iteration 12:          6 seconds

Window 4 [1:113997637-154194074]
Study     markers:                2,364

Burnin  iteration 1:           4 seconds
Burnin  iteration 2:           3 seconds
Burnin  iteration 3:           3 seconds

Estimated ne:                  842109
Estimated err:                 1.1e-03

Phasing iteration 1:           3 seconds
Phasing iteration 2:           3 seconds
Phasing iteration 3:           3 seconds
Phasing iteration 4:           3 seconds
Phasing iteration 5:           3 seconds
Phasing iteration 6:           3 seconds
Phasing iteration 7:           3 seconds
Phasing iteration 8:           3 seconds
Phasing iteration 9:           3 seconds
Phasing iteration 10:          3 seconds
Phasing iteration 11:          3 seconds
Phasing iteration 12:          3 seconds

Window 5 [1:152080987-192135867]
Study     markers:                6,135

Burnin  iteration 1:           10 seconds
Burnin  iteration 2:           9 seconds
Burnin  iteration 3:           9 seconds

Estimated ne:                  2131907
Estimated err:                 2.5e-03

Phasing iteration 1:           8 seconds
Phasing iteration 2:           8 seconds
Phasing iteration 3:           8 seconds
Phasing iteration 4:           8 seconds
Phasing iteration 5:           8 seconds
Phasing iteration 6:           8 seconds
Phasing iteration 7:           8 seconds
Phasing iteration 8:           8 seconds
Phasing iteration 9:           8 seconds
Phasing iteration 10:          8 seconds
Phasing iteration 11:          7 seconds
Phasing iteration 12:          7 seconds

Window 6 [1:190134783-230145115]
Study     markers:                9,017

Burnin  iteration 1:           14 seconds
Burnin  iteration 2:           12 seconds
Burnin  iteration 3:           12 seconds

Estimated ne:                  3159334
Estimated err:                 2.5e-03

Phasing iteration 1:           12 seconds
Phasing iteration 2:           12 seconds
Phasing iteration 3:           13 seconds
Phasing iteration 4:           13 seconds
Phasing iteration 5:           12 seconds
Phasing iteration 6:           11 seconds
Phasing iteration 7:           13 seconds
Phasing iteration 8:           12 seconds
Phasing iteration 9:           12 seconds
Phasing iteration 10:          12 seconds
Phasing iteration 11:          12 seconds
Phasing iteration 12:          12 seconds

Window 7 [1:228139820-268179376]
Study     markers:                8,481

Burnin  iteration 1:           15 seconds
Burnin  iteration 2:           12 seconds
Burnin  iteration 3:           12 seconds

Estimated ne:                  2900778
Estimated err:                 1.9e-03

Phasing iteration 1:           11 seconds
Phasing iteration 2:           11 seconds
Phasing iteration 3:           11 seconds
Phasing iteration 4:           11 seconds
Phasing iteration 5:           11 seconds
Phasing iteration 6:           12 seconds
Phasing iteration 7:           12 seconds
Phasing iteration 8:           10 seconds
Phasing iteration 9:           10 seconds
Phasing iteration 10:          11 seconds
Phasing iteration 11:          10 seconds
Phasing iteration 12:          10 seconds

Window 8 [1:266169516-306203622]
Study     markers:               11,192

Burnin  iteration 1:           19 seconds
Burnin  iteration 2:           16 seconds
Burnin  iteration 3:           16 seconds

Estimated ne:                  4066618
Estimated err:                 2.4e-03

Phasing iteration 1:           15 seconds
Phasing iteration 2:           16 seconds
Phasing iteration 3:           15 seconds
Phasing iteration 4:           16 seconds
Phasing iteration 5:           16 seconds
Phasing iteration 6:           16 seconds
Phasing iteration 7:           15 seconds
Phasing iteration 8:           14 seconds
Phasing iteration 9:           15 seconds
Phasing iteration 10:          14 seconds
Phasing iteration 11:          14 seconds
Phasing iteration 12:          14 seconds

Window 9 [1:304203330-307030069]
Study     markers:                  788

Burnin  iteration 1:           1 second
Burnin  iteration 2:           1 second
Burnin  iteration 3:           1 second

Estimated ne:                  3415457
Estimated err:                 2.0e-03

Phasing iteration 1:           1 second
Phasing iteration 2:           1 second
Phasing iteration 3:           1 second
Phasing iteration 4:           1 second
Phasing iteration 5:           1 second
Phasing iteration 6:           1 second
Phasing iteration 7:           1 second
Phasing iteration 8:           1 second
Phasing iteration 9:           1 second
Phasing iteration 10:          1 second
Phasing iteration 11:          1 second
Phasing iteration 12:          1 second

Cumulative Statistics:

Study     markers:               60,678

Haplotype phasing time:        21 minutes 41 seconds
Total time:                    22 minutes 19 seconds

End time: 02:30 PM EDT on 18 Mar 2025
beagle.22Jul22.46e.jar finished
