To execute Beagle-5.4.22Jul22.46e run: java -jar ${EBROOTBEAGLE}/beagle.jar
############ working on chr10
beagle.22Jul22.46e.jar (version 5.4)
Copyright (C) 2014-2022 Brian L. Browning
Enter "java -jar beagle.22Jul22.46e.jar" to list command line argument
Start time: 05:44 PM EDT on 18 Mar 2025

Command line: java -Xmx92160m -jar beagle.22Jul22.46e.jar
  gt=/scratch/mjb51923/Ab10_Global_Survey/out/AlignGBS_HiFiAb10Corrected_v2/GWAS_Mo17_Ab10.chr.filt2_chr10.vcf.gz
  out=/scratch/mjb51923/Ab10_Global_Survey/out/AlignGBS_HiFiAb10Corrected_v2/GWAS_Mo17_Ab10.chr.filt2_chr10.imputed
  nthreads=24

No genetic map is specified: using 1 cM = 1 Mb

Reference samples:                    0
Study     samples:               10,567

Window 1 [10:46182-40029151]
Study     markers:                6,115

Burnin  iteration 1:           15 seconds
Burnin  iteration 2:           12 seconds
Burnin  iteration 3:           11 seconds

Estimated ne:                  2339434
Estimated err:                 3.3e-03

Phasing iteration 1:           13 seconds
Phasing iteration 2:           10 seconds
Phasing iteration 3:           14 seconds
Phasing iteration 4:           10 seconds
Phasing iteration 5:           10 seconds
Phasing iteration 6:           11 seconds
Phasing iteration 7:           10 seconds
Phasing iteration 8:           10 seconds
Phasing iteration 9:           10 seconds
Phasing iteration 10:          11 seconds
Phasing iteration 11:          11 seconds
Phasing iteration 12:          9 seconds

Window 2 [10:37604458-78024665]
Study     markers:                3,247

Burnin  iteration 1:           6 seconds
Burnin  iteration 2:           6 seconds
Burnin  iteration 3:           6 seconds

Estimated ne:                  1180934
Estimated err:                 1.6e-03

Phasing iteration 1:           5 seconds
Phasing iteration 2:           5 seconds
Phasing iteration 3:           6 seconds
Phasing iteration 4:           5 seconds
Phasing iteration 5:           5 seconds
Phasing iteration 6:           5 seconds
Phasing iteration 7:           5 seconds
Phasing iteration 8:           5 seconds
Phasing iteration 9:           5 seconds
Phasing iteration 10:          5 seconds
Phasing iteration 11:          5 seconds
Phasing iteration 12:          5 seconds

Window 3 [10:76020060-116003855]
Study     markers:                5,805

Burnin  iteration 1:           12 seconds
Burnin  iteration 2:           11 seconds
Burnin  iteration 3:           10 seconds

Estimated ne:                  1970292
Estimated err:                 1.6e-03

Phasing iteration 1:           11 seconds
Phasing iteration 2:           10 seconds
Phasing iteration 3:           11 seconds
Phasing iteration 4:           10 seconds
Phasing iteration 5:           9 seconds
Phasing iteration 6:           11 seconds
Phasing iteration 7:           10 seconds
Phasing iteration 8:           9 seconds
Phasing iteration 9:           9 seconds
Phasing iteration 10:          10 seconds
Phasing iteration 11:          10 seconds
Phasing iteration 12:          9 seconds

Window 4 [10:113907853-138621319]
Study     markers:                6,524

Burnin  iteration 1:           16 seconds
Burnin  iteration 2:           12 seconds
Burnin  iteration 3:           11 seconds

Estimated ne:                  3723935
Estimated err:                 2.6e-03

Phasing iteration 1:           12 seconds
Phasing iteration 2:           11 seconds
Phasing iteration 3:           11 seconds
Phasing iteration 4:           11 seconds
Phasing iteration 5:           10 seconds
Phasing iteration 6:           11 seconds
Phasing iteration 7:           13 seconds
Phasing iteration 8:           11 seconds
Phasing iteration 9:           12 seconds
Phasing iteration 10:          10 seconds
Phasing iteration 11:          10 seconds
Phasing iteration 12:          10 seconds

Cumulative Statistics:

Study     markers:               20,861

Haplotype phasing time:        9 minutes 28 seconds
Total time:                    9 minutes 50 seconds

End time: 05:54 PM EDT on 18 Mar 2025
beagle.22Jul22.46e.jar finished
[W::vcf_parse] Contig '10' is not defined in the header. (Quick workaround: index the file with tabix.)
