To execute Beagle-5.4.22Jul22.46e run: java -jar ${EBROOTBEAGLE}/beagle.jar
############ working on chr6
beagle.22Jul22.46e.jar (version 5.4)
Copyright (C) 2014-2022 Brian L. Browning
Enter "java -jar beagle.22Jul22.46e.jar" to list command line argument
Start time: 02:11 PM EDT on 18 Mar 2025

Command line: java -Xmx92160m -jar beagle.22Jul22.46e.jar
  gt=/scratch/mjb51923/Ab10_Global_Survey/out/AlignGBS_HiFiAb10Corrected_v2/GWAS_Mo17_Ab10.chr.filt2_chr6.vcf.gz
  out=/scratch/mjb51923/Ab10_Global_Survey/out/AlignGBS_HiFiAb10Corrected_v2GWAS_Mo17_Ab10.chr.filt2_chr6.imputed.vcf.gz
  nthreads=24

No genetic map is specified: using 1 cM = 1 Mb

Reference samples:                    0
Study     samples:               10,567

Window 1 [6:37299-36374190]
Study     markers:                2,066

Burnin  iteration 1:           8 seconds
Burnin  iteration 2:           6 seconds
Burnin  iteration 3:           5 seconds

Estimated ne:                  608437
Estimated err:                 6.7e-03

Phasing iteration 1:           5 seconds
Phasing iteration 2:           5 seconds
Phasing iteration 3:           5 seconds
Phasing iteration 4:           5 seconds
Phasing iteration 5:           5 seconds
Phasing iteration 6:           5 seconds
Phasing iteration 7:           5 seconds
Phasing iteration 8:           5 seconds
Phasing iteration 9:           5 seconds
Phasing iteration 10:          5 seconds
Phasing iteration 11:          5 seconds
Phasing iteration 12:          4 seconds

Window 2 [6:32442098-78021847]
Study     markers:                2,764

Burnin  iteration 1:           10 seconds
Burnin  iteration 2:           8 seconds
Burnin  iteration 3:           8 seconds

Estimated ne:                  771327
Estimated err:                 3.0e-03

Phasing iteration 1:           7 seconds
Phasing iteration 2:           8 seconds
Phasing iteration 3:           7 seconds
Phasing iteration 4:           9 seconds
Phasing iteration 5:           7 seconds
Phasing iteration 6:           7 seconds
Phasing iteration 7:           7 seconds
Phasing iteration 8:           7 seconds
Phasing iteration 9:           9 seconds
Phasing iteration 10:          7 seconds
Phasing iteration 11:          7 seconds
Phasing iteration 12:          7 seconds

Window 3 [6:75857169-116034615]
Study     markers:                3,244

Burnin  iteration 1:           12 seconds
Burnin  iteration 2:           10 seconds
Burnin  iteration 3:           9 seconds

Estimated ne:                  1091122
Estimated err:                 2.1e-03

Phasing iteration 1:           8 seconds
Phasing iteration 2:           8 seconds
Phasing iteration 3:           9 seconds
Phasing iteration 4:           8 seconds
Phasing iteration 5:           8 seconds
Phasing iteration 6:           8 seconds
Phasing iteration 7:           8 seconds
Phasing iteration 8:           8 seconds
Phasing iteration 9:           8 seconds
Phasing iteration 10:          8 seconds
Phasing iteration 11:          8 seconds
Phasing iteration 12:          8 seconds

Window 4 [6:114008299-153947294]
Study     markers:                7,859

Burnin  iteration 1:           25 seconds
Burnin  iteration 2:           23 seconds
Burnin  iteration 3:           22 seconds

Estimated ne:                  2712782
Estimated err:                 2.1e-03

Phasing iteration 1:           20 seconds
Phasing iteration 2:           22 seconds
Phasing iteration 3:           21 seconds
Phasing iteration 4:           21 seconds
Phasing iteration 5:           20 seconds
Phasing iteration 6:           21 seconds
Phasing iteration 7:           22 seconds
Phasing iteration 8:           20 seconds
Phasing iteration 9:           20 seconds
Phasing iteration 10:          19 seconds
Phasing iteration 11:          21 seconds
Phasing iteration 12:          20 seconds

Window 5 [6:151935053-192019412]
Study     markers:               10,525

Burnin  iteration 1:           32 seconds
Burnin  iteration 2:           30 seconds
Burnin  iteration 3:           31 seconds

Estimated ne:                  4045597
Estimated err:                 2.2e-03

Phasing iteration 1:           28 seconds
Phasing iteration 2:           28 seconds
Phasing iteration 3:           28 seconds
Phasing iteration 4:           27 seconds
Phasing iteration 5:           27 seconds
Phasing iteration 6:           27 seconds
Phasing iteration 7:           27 seconds
Phasing iteration 8:           27 seconds
Phasing iteration 9:           33 seconds
Phasing iteration 10:          26 seconds
Phasing iteration 11:          27 seconds
Phasing iteration 12:          26 seconds

Window 6 [6:190006310-201513481]
Study     markers:                5,514

Burnin  iteration 1:           16 seconds
Burnin  iteration 2:           15 seconds
Burnin  iteration 3:           14 seconds

Estimated ne:                  6519229
Estimated err:                 2.2e-03

Phasing iteration 1:           14 seconds
Phasing iteration 2:           14 seconds
Phasing iteration 3:           14 seconds
Phasing iteration 4:           13 seconds
Phasing iteration 5:           13 seconds
Phasing iteration 6:           13 seconds
Phasing iteration 7:           14 seconds
Phasing iteration 8:           13 seconds
Phasing iteration 9:           13 seconds
Phasing iteration 10:          13 seconds
Phasing iteration 11:          13 seconds
Phasing iteration 12:          13 seconds

Cumulative Statistics:

Study     markers:               30,429

Haplotype phasing time:        21 minutes 3 seconds
Total time:                    21 minutes 45 seconds

End time: 02:32 PM EDT on 18 Mar 2025
beagle.22Jul22.46e.jar finished
