To execute Beagle-5.4.22Jul22.46e run: java -jar ${EBROOTBEAGLE}/beagle.jar
############ working on chr2
beagle.22Jul22.46e.jar (version 5.4)
Copyright (C) 2014-2022 Brian L. Browning
Enter "java -jar beagle.22Jul22.46e.jar" to list command line argument
Start time: 01:01 PM EDT on 19 Mar 2025

Command line: java -Xmx92160m -jar beagle.22Jul22.46e.jar
  gt=/scratch/mjb51923/Ab10_Global_Survey/out/AlignGBS_HiFiAb10Corrected_v2/GWAS_Mo17_Ab10.chr.filt2_chr2.vcf.gz
  out=/scratch/mjb51923/Ab10_Global_Survey/out/AlignGBS_HiFiAb10Corrected_v2/GWAS_Mo17_Ab10.chr.filt2_chr2.imputed
  ne=1000
  nthreads=24

No genetic map is specified: using 1 cM = 1 Mb

Reference samples:                    0
Study     samples:               10,567

Window 1 [2:411232-40406584]
Study     markers:                1,949

Burnin  iteration 1:           11 seconds
Burnin  iteration 2:           7 seconds
Burnin  iteration 3:           7 seconds

Estimated ne:                  943216
Estimated err:                 2.2e-03

Phasing iteration 1:           7 seconds
Phasing iteration 2:           7 seconds
Phasing iteration 3:           6 seconds
Phasing iteration 4:           7 seconds
Phasing iteration 5:           6 seconds
Phasing iteration 6:           6 seconds
Phasing iteration 7:           6 seconds
Phasing iteration 8:           6 seconds
Phasing iteration 9:           6 seconds
Phasing iteration 10:          6 seconds
Phasing iteration 11:          6 seconds
Phasing iteration 12:          5 seconds

Window 2 [2:38291394-77307178]
Study     markers:                  692

Burnin  iteration 1:           3 seconds
Burnin  iteration 2:           2 seconds
Burnin  iteration 3:           3 seconds

Estimated ne:                  381529
Estimated err:                 1.8e-03

Phasing iteration 1:           3 seconds
Phasing iteration 2:           2 seconds
Phasing iteration 3:           2 seconds
Phasing iteration 4:           2 seconds
Phasing iteration 5:           2 seconds
Phasing iteration 6:           2 seconds
Phasing iteration 7:           2 seconds
Phasing iteration 8:           2 seconds
Phasing iteration 9:           2 seconds
Phasing iteration 10:          2 seconds
Phasing iteration 11:          2 seconds
Phasing iteration 12:          2 seconds

Window 3 [2:74819543-116398813]
Study     markers:                  331

Burnin  iteration 1:           1 second
Burnin  iteration 2:           1 second
Burnin  iteration 3:           1 second

Estimated ne:                  128596
Estimated err:                 8.9e-04

Phasing iteration 1:           1 second
Phasing iteration 2:           1 second
Phasing iteration 3:           1 second
Phasing iteration 4:           1 second
Phasing iteration 5:           1 second
Phasing iteration 6:           1 second
Phasing iteration 7:           1 second
Phasing iteration 8:           1 second
Phasing iteration 9:           1 second
Phasing iteration 10:          1 second
Phasing iteration 11:          1 second
Phasing iteration 12:          0 seconds

Window 4 [2:114327255-154243494]
Study     markers:                  418

Burnin  iteration 1:           2 seconds
Burnin  iteration 2:           2 seconds
Burnin  iteration 3:           1 second

Estimated ne:                  196413
Estimated err:                 9.7e-04

Phasing iteration 1:           2 seconds
Phasing iteration 2:           1 second
Phasing iteration 3:           1 second
Phasing iteration 4:           1 second
Phasing iteration 5:           1 second
Phasing iteration 6:           1 second
Phasing iteration 7:           1 second
Phasing iteration 8:           1 second
Phasing iteration 9:           1 second
Phasing iteration 10:          1 second
Phasing iteration 11:          1 second
Phasing iteration 12:          1 second

Window 5 [2:151865690-192378230]
Study     markers:                  699

Burnin  iteration 1:           3 seconds
Burnin  iteration 2:           2 seconds
Burnin  iteration 3:           2 seconds

Estimated ne:                  331535
Estimated err:                 1.6e-03

Phasing iteration 1:           2 seconds
Phasing iteration 2:           2 seconds
Phasing iteration 3:           2 seconds
Phasing iteration 4:           2 seconds
Phasing iteration 5:           2 seconds
Phasing iteration 6:           2 seconds
Phasing iteration 7:           2 seconds
Phasing iteration 8:           2 seconds
Phasing iteration 9:           2 seconds
Phasing iteration 10:          2 seconds
Phasing iteration 11:          2 seconds
Phasing iteration 12:          2 seconds

Window 6 [2:189988281-230318425]
Study     markers:                1,480

Burnin  iteration 1:           6 seconds
Burnin  iteration 2:           5 seconds
Burnin  iteration 3:           5 seconds

Estimated ne:                  663319
Estimated err:                 1.7e-03

Phasing iteration 1:           4 seconds
Phasing iteration 2:           4 seconds
Phasing iteration 3:           4 seconds
Phasing iteration 4:           4 seconds
Phasing iteration 5:           5 seconds
Phasing iteration 6:           4 seconds
Phasing iteration 7:           4 seconds
Phasing iteration 8:           4 seconds
Phasing iteration 9:           4 seconds
Phasing iteration 10:          4 seconds
Phasing iteration 11:          4 seconds
Phasing iteration 12:          3 seconds

Window 7 [2:228230588-246910915]
Study     markers:                  701

Burnin  iteration 1:           2 seconds
Burnin  iteration 2:           2 seconds
Burnin  iteration 3:           2 seconds

Estimated ne:                  695076
Estimated err:                 2.1e-03

Phasing iteration 1:           2 seconds
Phasing iteration 2:           2 seconds
Phasing iteration 3:           2 seconds
Phasing iteration 4:           2 seconds
Phasing iteration 5:           2 seconds
Phasing iteration 6:           2 seconds
Phasing iteration 7:           2 seconds
Phasing iteration 8:           2 seconds
Phasing iteration 9:           2 seconds
Phasing iteration 10:          2 seconds
Phasing iteration 11:          2 seconds
Phasing iteration 12:          1 second

Cumulative Statistics:

Study     markers:                5,911

Haplotype phasing time:        4 minutes 43 seconds
Total time:                    4 minutes 59 seconds

End time: 01:06 PM EDT on 19 Mar 2025
beagle.22Jul22.46e.jar finished
[W::vcf_parse] Contig '2' is not defined in the header. (Quick workaround: index the file with tabix.)
