To execute Beagle-5.4.22Jul22.46e run: java -jar ${EBROOTBEAGLE}/beagle.jar
############ working on chr10
beagle.22Jul22.46e.jar (version 5.4)
Copyright (C) 2014-2022 Brian L. Browning
Enter "java -jar beagle.22Jul22.46e.jar" to list command line argument
Start time: 04:32 PM EDT on 18 Mar 2025

Command line: java -Xmx92160m -jar beagle.22Jul22.46e.jar
  gt=/scratch/mjb51923/Ab10_Global_Survey/out/AlignGBS_HiFiAb10Corrected_v2/GWAS_Mo17_Ab10.chr.filt2_chr10.vcf.gz
  out=/scratch/mjb51923/Ab10_Global_Survey/out/AlignGBS_HiFiAb10Corrected_v2/GWAS_Mo17_Ab10.chr.filt2_chr10.imputed
  nthreads=24

No genetic map is specified: using 1 cM = 1 Mb

Reference samples:                    0
Study     samples:               10,567

Window 1 [10:46182-40029151]
Study     markers:                6,115

Burnin  iteration 1:           25 seconds
Burnin  iteration 2:           17 seconds
Burnin  iteration 3:           16 seconds

Estimated ne:                  2339434
Estimated err:                 3.3e-03

Phasing iteration 1:           18 seconds
Phasing iteration 2:           16 seconds
Phasing iteration 3:           16 seconds
Phasing iteration 4:           15 seconds
Phasing iteration 5:           15 seconds
Phasing iteration 6:           15 seconds
Phasing iteration 7:           15 seconds
Phasing iteration 8:           14 seconds
Phasing iteration 9:           17 seconds
Phasing iteration 10:          15 seconds
Phasing iteration 11:          15 seconds
Phasing iteration 12:          14 seconds

Window 2 [10:37604458-78024665]
Study     markers:                3,247

Burnin  iteration 1:           10 seconds
Burnin  iteration 2:           9 seconds
Burnin  iteration 3:           9 seconds

Estimated ne:                  1180934
Estimated err:                 1.6e-03

Phasing iteration 1:           8 seconds
Phasing iteration 2:           9 seconds
Phasing iteration 3:           8 seconds
Phasing iteration 4:           10 seconds
Phasing iteration 5:           9 seconds
Phasing iteration 6:           8 seconds
Phasing iteration 7:           10 seconds
Phasing iteration 8:           8 seconds
Phasing iteration 9:           8 seconds
Phasing iteration 10:          10 seconds
Phasing iteration 11:          8 seconds
Phasing iteration 12:          8 seconds

Window 3 [10:76020060-116003855]
Study     markers:                5,805

Burnin  iteration 1:           17 seconds
Burnin  iteration 2:           18 seconds
Burnin  iteration 3:           16 seconds

Estimated ne:                  1970292
Estimated err:                 1.6e-03

Phasing iteration 1:           17 seconds
Phasing iteration 2:           15 seconds
Phasing iteration 3:           15 seconds
Phasing iteration 4:           15 seconds
Phasing iteration 5:           15 seconds
Phasing iteration 6:           14 seconds
Phasing iteration 7:           14 seconds
Phasing iteration 8:           14 seconds
Phasing iteration 9:           14 seconds
Phasing iteration 10:          16 seconds
Phasing iteration 11:          17 seconds
Phasing iteration 12:          13 seconds

Window 4 [10:113907853-138621319]
Study     markers:                6,524

Burnin  iteration 1:           19 seconds
Burnin  iteration 2:           18 seconds
Burnin  iteration 3:           17 seconds

Estimated ne:                  3723935
Estimated err:                 2.6e-03

Phasing iteration 1:           16 seconds
Phasing iteration 2:           16 seconds
Phasing iteration 3:           19 seconds
Phasing iteration 4:           19 seconds
Phasing iteration 5:           16 seconds
Phasing iteration 6:           16 seconds
Phasing iteration 7:           15 seconds
Phasing iteration 8:           17 seconds
Phasing iteration 9:           16 seconds
Phasing iteration 10:          16 seconds
Phasing iteration 11:          15 seconds
Phasing iteration 12:          15 seconds

Cumulative Statistics:

Study     markers:               20,861

Haplotype phasing time:        14 minutes 17 seconds
Total time:                    14 minutes 48 seconds

End time: 04:47 PM EDT on 18 Mar 2025
beagle.22Jul22.46e.jar finished
[W::bcf_hdr_check_sanity] PL should be declared as Number=G
[filter.c:2903 filters_init1] Error: the tag "R2" is not defined in the VCF header
[tabix] the compression of '/scratch/mjb51923/Ab10_Global_Survey/out/AlignGBS_HiFiAb10Corrected_v2/GWAS_Mo17_Ab10.chr.filt2_chr10.imputed.vcf.gz' is not BGZF
Checking the headers and starting positions of 10 files
[E::bcf_hdr_read] Input is not detected as bcf or vcf format
Failed to parse header: /scratch/mjb51923/Ab10_Global_Survey/out/AlignGBS_HiFiAb10Corrected_v2/GWAS_Mo17_Ab10.chr.filt2_chr10.imputed.vcf.gz
