To execute Beagle-5.4.22Jul22.46e run: java -jar ${EBROOTBEAGLE}/beagle.jar
############ working on chr3
beagle.22Jul22.46e.jar (version 5.4)
Copyright (C) 2014-2022 Brian L. Browning
Enter "java -jar beagle.22Jul22.46e.jar" to list command line argument
Start time: 02:09 PM EDT on 18 Mar 2025

Command line: java -Xmx92160m -jar beagle.22Jul22.46e.jar
  gt=/scratch/mjb51923/Ab10_Global_Survey/out/AlignGBS_HiFiAb10Corrected_v2/GWAS_Mo17_Ab10.chr.filt2_chr3.vcf.gz
  out=/scratch/mjb51923/Ab10_Global_Survey/out/AlignGBS_HiFiAb10Corrected_v2GWAS_Mo17_Ab10.chr.filt2_chr3.imputed.vcf.gz
  nthreads=24

No genetic map is specified: using 1 cM = 1 Mb

Reference samples:                    0
Study     samples:               10,567

Window 1 [3:81708-40055393]
Study     markers:                9,876

Burnin  iteration 1:           34 seconds
Burnin  iteration 2:           29 seconds
Burnin  iteration 3:           28 seconds

Estimated ne:                  3639881
Estimated err:                 2.8e-03

Phasing iteration 1:           28 seconds
Phasing iteration 2:           26 seconds
Phasing iteration 3:           26 seconds
Phasing iteration 4:           26 seconds
Phasing iteration 5:           26 seconds
Phasing iteration 6:           25 seconds
Phasing iteration 7:           26 seconds
Phasing iteration 8:           25 seconds
Phasing iteration 9:           26 seconds
Phasing iteration 10:          25 seconds
Phasing iteration 11:          25 seconds
Phasing iteration 12:          24 seconds

Window 2 [3:37944126-77854022]
Study     markers:                3,466

Burnin  iteration 1:           11 seconds
Burnin  iteration 2:           10 seconds
Burnin  iteration 3:           10 seconds

Estimated ne:                  1232046
Estimated err:                 1.9e-03

Phasing iteration 1:           10 seconds
Phasing iteration 2:           10 seconds
Phasing iteration 3:           9 seconds
Phasing iteration 4:           9 seconds
Phasing iteration 5:           9 seconds
Phasing iteration 6:           9 seconds
Phasing iteration 7:           9 seconds
Phasing iteration 8:           9 seconds
Phasing iteration 9:           9 seconds
Phasing iteration 10:          8 seconds
Phasing iteration 11:          9 seconds
Phasing iteration 12:          9 seconds

Window 3 [3:75633224-116025969]
Study     markers:                2,139

Burnin  iteration 1:           7 seconds
Burnin  iteration 2:           8 seconds
Burnin  iteration 3:           6 seconds

Estimated ne:                  751960
Estimated err:                 1.2e-03

Phasing iteration 1:           6 seconds
Phasing iteration 2:           5 seconds
Phasing iteration 3:           6 seconds
Phasing iteration 4:           6 seconds
Phasing iteration 5:           6 seconds
Phasing iteration 6:           5 seconds
Phasing iteration 7:           5 seconds
Phasing iteration 8:           5 seconds
Phasing iteration 9:           5 seconds
Phasing iteration 10:          6 seconds
Phasing iteration 11:          5 seconds
Phasing iteration 12:          5 seconds

Window 4 [3:113889443-154000296]
Study     markers:                5,400

Burnin  iteration 1:           18 seconds
Burnin  iteration 2:           19 seconds
Burnin  iteration 3:           16 seconds

Estimated ne:                  1782016
Estimated err:                 2.0e-03

Phasing iteration 1:           14 seconds
Phasing iteration 2:           15 seconds
Phasing iteration 3:           15 seconds
Phasing iteration 4:           14 seconds
Phasing iteration 5:           14 seconds
Phasing iteration 6:           14 seconds
Phasing iteration 7:           14 seconds
Phasing iteration 8:           17 seconds
Phasing iteration 9:           14 seconds
Phasing iteration 10:          13 seconds
Phasing iteration 11:          14 seconds
Phasing iteration 12:          13 seconds

Window 5 [3:151998363-192076611]
Study     markers:                8,673

Burnin  iteration 1:           28 seconds
Burnin  iteration 2:           24 seconds
Burnin  iteration 3:           33 seconds

Estimated ne:                  2972354
Estimated err:                 2.4e-03

Phasing iteration 1:           24 seconds
Phasing iteration 2:           28 seconds
Phasing iteration 3:           22 seconds
Phasing iteration 4:           28 seconds
Phasing iteration 5:           22 seconds
Phasing iteration 6:           24 seconds
Phasing iteration 7:           21 seconds
Phasing iteration 8:           23 seconds
Phasing iteration 9:           21 seconds
Phasing iteration 10:          23 seconds
Phasing iteration 11:          21 seconds
Phasing iteration 12:          23 seconds

Window 6 [3:190074166-230014128]
Study     markers:               11,652

Burnin  iteration 1:           40 seconds
Burnin  iteration 2:           36 seconds
Burnin  iteration 3:           35 seconds

Estimated ne:                  4026471
Estimated err:                 2.4e-03

Phasing iteration 1:           38 seconds
Phasing iteration 2:           31 seconds
Phasing iteration 3:           32 seconds
Phasing iteration 4:           30 seconds
Phasing iteration 5:           36 seconds
Phasing iteration 6:           30 seconds
Phasing iteration 7:           32 seconds
Phasing iteration 8:           29 seconds
Phasing iteration 9:           30 seconds
Phasing iteration 10:          29 seconds
Phasing iteration 11:          33 seconds
Phasing iteration 12:          28 seconds

Window 7 [3:227981698-242693285]
Study     markers:                4,445

Burnin  iteration 1:           13 seconds
Burnin  iteration 2:           12 seconds
Burnin  iteration 3:           11 seconds

Estimated ne:                  4327944
Estimated err:                 2.0e-03

Phasing iteration 1:           11 seconds
Phasing iteration 2:           11 seconds
Phasing iteration 3:           10 seconds
Phasing iteration 4:           13 seconds
Phasing iteration 5:           11 seconds
Phasing iteration 6:           12 seconds
Phasing iteration 7:           10 seconds
Phasing iteration 8:           10 seconds
Phasing iteration 9:           10 seconds
Phasing iteration 10:          10 seconds
Phasing iteration 11:          10 seconds
Phasing iteration 12:          11 seconds

Cumulative Statistics:

Study     markers:               43,229

Haplotype phasing time:        31 minutes 10 seconds
Total time:                    32 minutes 1 second

End time: 02:41 PM EDT on 18 Mar 2025
beagle.22Jul22.46e.jar finished
