To execute Beagle-5.4.22Jul22.46e run: java -jar ${EBROOTBEAGLE}/beagle.jar
############ working on chr2
beagle.22Jul22.46e.jar (version 5.4)
Copyright (C) 2014-2022 Brian L. Browning
Enter "java -jar beagle.22Jul22.46e.jar" to list command line argument
Start time: 07:02 PM EDT on 18 Mar 2025

Command line: java -Xmx92160m -jar beagle.22Jul22.46e.jar
  gt=/scratch/mjb51923/Ab10_Global_Survey/out/AlignGBS_HiFiAb10Corrected_v2/GWAS_Mo17_Ab10.chr.filt2_chr2.vcf.gz
  out=/scratch/mjb51923/Ab10_Global_Survey/out/AlignGBS_HiFiAb10Corrected_v2/GWAS_Mo17_Ab10.chr.filt2_chr2.imputed
  nthreads=24

No genetic map is specified: using 1 cM = 1 Mb

Reference samples:                    0
Study     samples:               10,567

Window 1 [2:410557-40406734]
Study     markers:               14,156

Burnin  iteration 1:           48 seconds
Burnin  iteration 2:           42 seconds
Burnin  iteration 3:           39 seconds

Estimated ne:                  5178084
Estimated err:                 2.5e-03

Phasing iteration 1:           39 seconds
Phasing iteration 2:           38 seconds
Phasing iteration 3:           39 seconds
Phasing iteration 4:           38 seconds
Phasing iteration 5:           38 seconds
Phasing iteration 6:           37 seconds
Phasing iteration 7:           38 seconds
Phasing iteration 8:           36 seconds
Phasing iteration 9:           37 seconds
Phasing iteration 10:          36 seconds
Phasing iteration 11:          38 seconds
Phasing iteration 12:          37 seconds

Window 2 [2:38379256-78071425]
Study     markers:                6,220

Burnin  iteration 1:           18 seconds
Burnin  iteration 2:           17 seconds
Burnin  iteration 3:           17 seconds

Estimated ne:                  2191157
Estimated err:                 2.4e-03

Phasing iteration 1:           16 seconds
Phasing iteration 2:           16 seconds
Phasing iteration 3:           16 seconds
Phasing iteration 4:           15 seconds
Phasing iteration 5:           16 seconds
Phasing iteration 6:           15 seconds
Phasing iteration 7:           15 seconds
Phasing iteration 8:           15 seconds
Phasing iteration 9:           15 seconds
Phasing iteration 10:          15 seconds
Phasing iteration 11:          15 seconds
Phasing iteration 12:          15 seconds

Window 3 [2:75966903-116403931]
Study     markers:                2,499

Burnin  iteration 1:           7 seconds
Burnin  iteration 2:           6 seconds
Burnin  iteration 3:           6 seconds

Estimated ne:                  868089
Estimated err:                 1.7e-03

Phasing iteration 1:           6 seconds
Phasing iteration 2:           6 seconds
Phasing iteration 3:           6 seconds
Phasing iteration 4:           5 seconds
Phasing iteration 5:           5 seconds
Phasing iteration 6:           5 seconds
Phasing iteration 7:           5 seconds
Phasing iteration 8:           5 seconds
Phasing iteration 9:           6 seconds
Phasing iteration 10:          5 seconds
Phasing iteration 11:          5 seconds
Phasing iteration 12:          5 seconds

Window 4 [2:114327806-154303322]
Study     markers:                3,278

Burnin  iteration 1:           10 seconds
Burnin  iteration 2:           8 seconds
Burnin  iteration 3:           8 seconds

Estimated ne:                  1131544
Estimated err:                 2.1e-03

Phasing iteration 1:           8 seconds
Phasing iteration 2:           7 seconds
Phasing iteration 3:           8 seconds
Phasing iteration 4:           7 seconds
Phasing iteration 5:           7 seconds
Phasing iteration 6:           7 seconds
Phasing iteration 7:           7 seconds
Phasing iteration 8:           7 seconds
Phasing iteration 9:           7 seconds
Phasing iteration 10:          7 seconds
Phasing iteration 11:          7 seconds
Phasing iteration 12:          7 seconds

Window 5 [2:152254311-192404777]
Study     markers:                5,865

Burnin  iteration 1:           18 seconds
Burnin  iteration 2:           17 seconds
Burnin  iteration 3:           18 seconds

Estimated ne:                  2089808
Estimated err:                 2.2e-03

Phasing iteration 1:           16 seconds
Phasing iteration 2:           15 seconds
Phasing iteration 3:           15 seconds
Phasing iteration 4:           15 seconds
Phasing iteration 5:           15 seconds
Phasing iteration 6:           15 seconds
Phasing iteration 7:           15 seconds
Phasing iteration 8:           15 seconds
Phasing iteration 9:           15 seconds
Phasing iteration 10:          14 seconds
Phasing iteration 11:          14 seconds
Phasing iteration 12:          14 seconds

Window 6 [2:190293235-230318425]
Study     markers:               11,854

Burnin  iteration 1:           37 seconds
Burnin  iteration 2:           33 seconds
Burnin  iteration 3:           33 seconds

Estimated ne:                  4048250
Estimated err:                 2.4e-03

Phasing iteration 1:           32 seconds
Phasing iteration 2:           31 seconds
Phasing iteration 3:           31 seconds
Phasing iteration 4:           31 seconds
Phasing iteration 5:           30 seconds
Phasing iteration 6:           31 seconds
Phasing iteration 7:           30 seconds
Phasing iteration 8:           31 seconds
Phasing iteration 9:           30 seconds
Phasing iteration 10:          30 seconds
Phasing iteration 11:          29 seconds
Phasing iteration 12:          28 seconds

Window 7 [2:228317644-247252456]
Study     markers:                5,073

Burnin  iteration 1:           14 seconds
Burnin  iteration 2:           13 seconds
Burnin  iteration 3:           13 seconds

Estimated ne:                  3882521
Estimated err:                 2.6e-03

Phasing iteration 1:           12 seconds
Phasing iteration 2:           12 seconds
Phasing iteration 3:           13 seconds
Phasing iteration 4:           12 seconds
Phasing iteration 5:           12 seconds
Phasing iteration 6:           12 seconds
Phasing iteration 7:           12 seconds
Phasing iteration 8:           12 seconds
Phasing iteration 9:           12 seconds
Phasing iteration 10:          12 seconds
Phasing iteration 11:          12 seconds
Phasing iteration 12:          11 seconds

Cumulative Statistics:

Study     markers:               46,734

Haplotype phasing time:        31 minutes 36 seconds
Total time:                    32 minutes 32 seconds

End time: 07:35 PM EDT on 18 Mar 2025
beagle.22Jul22.46e.jar finished
[W::vcf_parse] Contig '2' is not defined in the header. (Quick workaround: index the file with tabix.)
