To execute Beagle-5.4.22Jul22.46e run: java -jar ${EBROOTBEAGLE}/beagle.jar
############ working on chr3
beagle.22Jul22.46e.jar (version 5.4)
Copyright (C) 2014-2022 Brian L. Browning
Enter "java -jar beagle.22Jul22.46e.jar" to list command line argument
Start time: 04:48 PM EDT on 18 Mar 2025

Command line: java -Xmx92160m -jar beagle.22Jul22.46e.jar
  gt=/scratch/mjb51923/Ab10_Global_Survey/out/AlignGBS_HiFiAb10Corrected_v2/GWAS_Mo17_Ab10.chr.filt2_chr3.vcf.gz
  out=/scratch/mjb51923/Ab10_Global_Survey/out/AlignGBS_HiFiAb10Corrected_v2/GWAS_Mo17_Ab10.chr.filt2_chr3.imputed
  nthreads=24

No genetic map is specified: using 1 cM = 1 Mb

Reference samples:                    0
Study     samples:               10,567

Window 1 [3:81708-40055393]
Study     markers:                9,876

Burnin  iteration 1:           32 seconds
Burnin  iteration 2:           28 seconds
Burnin  iteration 3:           26 seconds

Estimated ne:                  3639881
Estimated err:                 2.8e-03

Phasing iteration 1:           29 seconds
Phasing iteration 2:           26 seconds
Phasing iteration 3:           25 seconds
Phasing iteration 4:           25 seconds
Phasing iteration 5:           25 seconds
Phasing iteration 6:           25 seconds
Phasing iteration 7:           25 seconds
Phasing iteration 8:           24 seconds
Phasing iteration 9:           30 seconds
Phasing iteration 10:          24 seconds
Phasing iteration 11:          36 seconds
Phasing iteration 12:          22 seconds

Window 2 [3:37944126-77854022]
Study     markers:                3,466

Burnin  iteration 1:           11 seconds
Burnin  iteration 2:           11 seconds
Burnin  iteration 3:           9 seconds

Estimated ne:                  1232046
Estimated err:                 1.9e-03

Phasing iteration 1:           14 seconds
Phasing iteration 2:           9 seconds
Phasing iteration 3:           13 seconds
Phasing iteration 4:           9 seconds
Phasing iteration 5:           14 seconds
Phasing iteration 6:           8 seconds
Phasing iteration 7:           11 seconds
Phasing iteration 8:           8 seconds
Phasing iteration 9:           9 seconds
Phasing iteration 10:          8 seconds
Phasing iteration 11:          8 seconds
Phasing iteration 12:          8 seconds

Window 3 [3:75633224-116025969]
Study     markers:                2,139

Burnin  iteration 1:           7 seconds
Burnin  iteration 2:           6 seconds
Burnin  iteration 3:           6 seconds

Estimated ne:                  751960
Estimated err:                 1.2e-03

Phasing iteration 1:           9 seconds
Phasing iteration 2:           5 seconds
Phasing iteration 3:           5 seconds
Phasing iteration 4:           9 seconds
Phasing iteration 5:           5 seconds
Phasing iteration 6:           5 seconds
Phasing iteration 7:           6 seconds
Phasing iteration 8:           5 seconds
Phasing iteration 9:           5 seconds
Phasing iteration 10:          5 seconds
Phasing iteration 11:          6 seconds
Phasing iteration 12:          5 seconds

Window 4 [3:113889443-154000296]
Study     markers:                5,400

Burnin  iteration 1:           16 seconds
Burnin  iteration 2:           15 seconds
Burnin  iteration 3:           14 seconds

Estimated ne:                  1782016
Estimated err:                 2.0e-03

Phasing iteration 1:           14 seconds
Phasing iteration 2:           18 seconds
Phasing iteration 3:           15 seconds
Phasing iteration 4:           13 seconds
Phasing iteration 5:           13 seconds
Phasing iteration 6:           19 seconds
Phasing iteration 7:           15 seconds
Phasing iteration 8:           16 seconds
Phasing iteration 9:           13 seconds
Phasing iteration 10:          13 seconds
Phasing iteration 11:          16 seconds
Phasing iteration 12:          22 seconds

Window 5 [3:151998363-192076611]
Study     markers:                8,673

Burnin  iteration 1:           28 seconds
Burnin  iteration 2:           24 seconds
Burnin  iteration 3:           26 seconds

Estimated ne:                  2972354
Estimated err:                 2.4e-03

Phasing iteration 1:           23 seconds
Phasing iteration 2:           23 seconds
Phasing iteration 3:           23 seconds
Phasing iteration 4:           21 seconds
Phasing iteration 5:           29 seconds
Phasing iteration 6:           21 seconds
Phasing iteration 7:           26 seconds
Phasing iteration 8:           21 seconds
Phasing iteration 9:           21 seconds
Phasing iteration 10:          27 seconds
Phasing iteration 11:          21 seconds
Phasing iteration 12:          19 seconds

Window 6 [3:190074166-230014128]
Study     markers:               11,652

Burnin  iteration 1:           34 seconds
Burnin  iteration 2:           32 seconds
Burnin  iteration 3:           35 seconds

Estimated ne:                  4026471
Estimated err:                 2.4e-03

Phasing iteration 1:           30 seconds
Phasing iteration 2:           31 seconds
Phasing iteration 3:           31 seconds
Phasing iteration 4:           29 seconds
Phasing iteration 5:           28 seconds
Phasing iteration 6:           39 seconds
Phasing iteration 7:           29 seconds
Phasing iteration 8:           27 seconds
Phasing iteration 9:           31 seconds
Phasing iteration 10:          31 seconds
Phasing iteration 11:          28 seconds
Phasing iteration 12:          36 seconds

Window 7 [3:227981698-242693285]
Study     markers:                4,445

Burnin  iteration 1:           12 seconds
Burnin  iteration 2:           17 seconds
Burnin  iteration 3:           11 seconds

Estimated ne:                  4327944
Estimated err:                 2.0e-03

Phasing iteration 1:           10 seconds
Phasing iteration 2:           17 seconds
Phasing iteration 3:           10 seconds
Phasing iteration 4:           11 seconds
Phasing iteration 5:           10 seconds
Phasing iteration 6:           10 seconds
Phasing iteration 7:           10 seconds
Phasing iteration 8:           10 seconds
Phasing iteration 9:           11 seconds
Phasing iteration 10:          10 seconds
Phasing iteration 11:          10 seconds
Phasing iteration 12:          9 seconds

Cumulative Statistics:

Study     markers:               43,229

Haplotype phasing time:        31 minutes 8 seconds
Total time:                    31 minutes 58 seconds

End time: 05:20 PM EDT on 18 Mar 2025
beagle.22Jul22.46e.jar finished
[W::bcf_hdr_check_sanity] PL should be declared as Number=G
[filter.c:2903 filters_init1] Error: the tag "DR2" is not defined in the VCF header
[tabix] the compression of '/scratch/mjb51923/Ab10_Global_Survey/out/AlignGBS_HiFiAb10Corrected_v2/GWAS_Mo17_Ab10.chr.filt2_chr3.imputed.vcf.gz' is not BGZF
Checking the headers and starting positions of 10 files
[E::bcf_hdr_read] Input is not detected as bcf or vcf format
Failed to parse header: /scratch/mjb51923/Ab10_Global_Survey/out/AlignGBS_HiFiAb10Corrected_v2/GWAS_Mo17_Ab10.chr.filt2_chr10.imputed.vcf.gz
