
OrthoFinder version 2.5.5 Copyright (C) 2014 David Emms

2025-02-14 14:32:03 : Starting OrthoFinder 2.5.5
30 thread(s) for highly parallel tasks (BLAST searches etc.)
3 thread(s) for OrthoFinder algorithm

Checking required programs are installed
----------------------------------------
Test can run "mcl -h" - ok
Test can run "fastme -i /scratch/mjb51923/Ab10_Global_Survey/out/OrthoFinder/Mo17_BChr_proteomes/OrthoFinder/Results_Feb14/WorkingDirectory/dependencies/SimpleTest.phy -o /scratch/mjb51923/Ab10_Global_Survey/out/OrthoFinder/Mo17_BChr_proteomes/OrthoFinder/Results_Feb14/WorkingDirectory/dependencies/SimpleTest.tre" - ok

Dividing up work for BLAST for parallel processing
--------------------------------------------------
2025-02-14 14:32:04 : Creating diamond database 1 of 2
2025-02-14 14:32:04 : Creating diamond database 2 of 2

Running diamond all-versus-all
------------------------------
Using 30 thread(s)
2025-02-14 14:32:04 : This may take some time....
2025-02-14 14:39:58 : Done all-versus-all sequence search

Running OrthoFinder algorithm
-----------------------------
2025-02-14 14:39:59 : Initial processing of each species
2025-02-14 14:39:59 : Initial processing of species 0 complete
2025-02-14 14:40:09 : Initial processing of species 1 complete
2025-02-14 14:40:12 : Connected putative homologues
2025-02-14 14:40:12 : Written final scores for species 0 to graph file
2025-02-14 14:40:14 : Written final scores for species 1 to graph file
2025-02-14 14:40:21 : Ran MCL

Writing orthogroups to file
---------------------------
OrthoFinder assigned 38666 genes (89.4% of total) to 5545 orthogroups. Fifty percent of all genes were in orthogroups with 10 or more genes (G50 was 10) and were contained in the largest 1017 orthogroups (O50 was 1017). There were 473 orthogroups with all species present and 189 of these consisted entirely of single-copy genes.

2025-02-14 14:40:41 : Done orthogroups

Analysing Orthogroups
=====================

Calculating gene distances
--------------------------
2025-02-14 14:41:08 : Done
2025-02-14 14:41:09 : Done 0 of 2935
2025-02-14 14:41:10 : Done 1000 of 2935
2025-02-14 14:41:10 : Done 2000 of 2935

Inferring gene and species trees
--------------------------------

Reconciling gene trees and species tree
---------------------------------------
2025-02-14 14:41:12 : Starting Recon and orthologues
2025-02-14 14:41:12 : Starting OF Orthologues
2025-02-14 14:41:12 : Done 0 of 2935
2025-02-14 14:41:16 : Done 1000 of 2935
2025-02-14 14:41:18 : Done 2000 of 2935
2025-02-14 14:41:21 : Done OF Orthologues

Writing results files
=====================
2025-02-14 14:41:23 : Done orthologues

Results:
    /scratch/mjb51923/Ab10_Global_Survey/out/OrthoFinder/Mo17_BChr_proteomes/OrthoFinder/Results_Feb14/

CITATION:
 When publishing work that uses OrthoFinder please cite:
 Emms D.M. & Kelly S. (2019), Genome Biology 20:238

 If you use the species tree in your work then please also cite:
 Emms D.M. & Kelly S. (2017), MBE 34(12): 3267-3278
 Emms D.M. & Kelly S. (2018), bioRxiv https://doi.org/10.1101/267914
