[W::bcf_hdr_check_sanity] PL should be declared as Number=G
Warn: subset called for sample that does not exist in header: "NSL68244.1.RY"... skipping
Warn: subset called for sample that does not exist in header: "PI639505.1.RY"... skipping
Warn: subset called for sample that does not exist in header: "RIMMA0396.1.SW"... skipping
Warn: subset called for sample that does not exist in header: "RIMMA0404.1.SW"... skipping
Warn: subset called for sample that does not exist in header: "RIMMA0433.1.SW"... skipping
Warn: subset called for sample that does not exist in header: "RIMMA0614.1.SW"... skipping
Warn: subset called for sample that does not exist in header: "RIMMA0680.1.SW"... skipping
Warn: subset called for sample that does not exist in header: "RIMMA0687.1.SW"... skipping
Warn: subset called for sample that does not exist in header: "RIMMA0701.1.SW"... skipping
Warn: subset called for sample that does not exist in header: "RIMMA0709.1.SW"... skipping
Warn: subset called for sample that does not exist in header: "RIMMA0729.1.SW"... skipping
Warn: subset called for sample that does not exist in header: "RIMMA0731.1.SW"... skipping
Warn: subset called for sample that does not exist in header: "Ab10-I-Jal_het.1.DC2"... skipping
Warn: subset called for sample that does not exist in header: "Ab10-I-Jal_het.2.DC2"... skipping
Warn: subset called for sample that does not exist in header: "Ab10-I-Jal_het.3.DC2"... skipping
Warn: subset called for sample that does not exist in header: "Ab10-I-Jal_het.4.DC2"... skipping
Warn: subset called for sample that does not exist in header: "Ab10-I-Jal_het.5.DC2"... skipping
Warn: subset called for sample that does not exist in header: "Ab10-I-MMR_het.1.DC2"... skipping
Warn: subset called for sample that does not exist in header: "Ab10-I-MMR_het.2.DC2"... skipping
Warn: subset called for sample that does not exist in header: "Ab10-I-MMR_het.3.DC2"... skipping
Warn: subset called for sample that does not exist in header: "Ab10-I-MMR_het.4.DC2"... skipping
Warn: subset called for sample that does not exist in header: "Ab10-I-MMR_het.5.DC2"... skipping
Warn: subset called for sample that does not exist in header: "Ab10-II-MMR_het.1.DC2"... skipping
Warn: subset called for sample that does not exist in header: "Ab10-II-MMR_het.2.DC2"... skipping
Warn: subset called for sample that does not exist in header: "Ab10-II-MMR_het.3.DC2"... skipping
Warn: subset called for sample that does not exist in header: "Ab10-II-MMR_het.4.DC2"... skipping
Warn: subset called for sample that does not exist in header: "Ab10-II-MMR_het.5.DC2"... skipping
Warn: subset called for sample that does not exist in header: "Ab10-II-Sal_het.1.DC2"... skipping
Warn: subset called for sample that does not exist in header: "Ab10-II-Sal_het.2.DC2"... skipping
Warn: subset called for sample that does not exist in header: "Ab10-II-Sal_het.3.DC2"... skipping
Warn: subset called for sample that does not exist in header: "Ab10-II-Sal_het.4.DC2"... skipping
Warn: subset called for sample that does not exist in header: "Ab10-II-Sal_het.5.DC2"... skipping
Warn: subset called for sample that does not exist in header: "Ab10-II-Tel_het.1.DC2"... skipping
Warn: subset called for sample that does not exist in header: "Ab10-II-Tel_het.2.DC2"... skipping
Warn: subset called for sample that does not exist in header: "Ab10-II-Tel_het.3.DC2"... skipping
Warn: subset called for sample that does not exist in header: "Ab10-II-Tel_het.4.DC2"... skipping
Warn: subset called for sample that does not exist in header: "Ab10-II-Tel_het.5.DC2"... skipping
Warn: subset called for sample that does not exist in header: "Ab10-III-Cag_het.1.DC2"... skipping
Warn: subset called for sample that does not exist in header: "Ab10-III-Cag_het.2.DC2"... skipping
Warn: subset called for sample that does not exist in header: "Ab10-III-Cag_het.3.DC2"... skipping
Warn: subset called for sample that does not exist in header: "Ab10-III-Cag_het.4.DC2"... skipping
Warn: subset called for sample that does not exist in header: "Ab10-III-Cag_het.5.DC2"... skipping
Warn: subset called for sample that does not exist in header: "Ab10-III-Gva_het.1.DC2"... skipping
Warn: subset called for sample that does not exist in header: "Ab10-III-Gva_het.2.DC2"... skipping
Warn: subset called for sample that does not exist in header: "Ab10-III-Gva_het.3.DC2"... skipping
Warn: subset called for sample that does not exist in header: "Ab10-III-Gva_het.4.DC2"... skipping
Warn: subset called for sample that does not exist in header: "Ab10-III-Gva_het.5.DC2"... skipping
Warn: subset called for sample that does not exist in header: "Ab10-III-Hui_het.1.DC2"... skipping
Warn: subset called for sample that does not exist in header: "Ab10-III-Hui_het.2.DC2"... skipping
Warn: subset called for sample that does not exist in header: "Ab10-III-Hui_het.3.DC2"... skipping
Warn: subset called for sample that does not exist in header: "Ab10-III-Hui_het.4.DC2"... skipping
Warn: subset called for sample that does not exist in header: "Ab10-III-Hui_het.5.DC2"... skipping
Warn: subset called for sample that does not exist in header: "Ab10-III-Oax_het.1.DC2"... skipping
Warn: subset called for sample that does not exist in header: "Ab10-III-Oax_het.2.DC2"... skipping
Warn: subset called for sample that does not exist in header: "Ab10-III-Oax_het.3.DC2"... skipping
Warn: subset called for sample that does not exist in header: "Ab10-III-Oax_het.4.DC2"... skipping
Warn: subset called for sample that does not exist in header: "Ab10-III-Oax_het.5.DC2"... skipping
[W::vcf_parse_info] INFO 'QualityScore' is not defined in the header, assuming Type=String
Undefined tags in the header, cannot proceed in the sample subset mode.
