/apps/eb/TASSEL/5.2.44-Java-1.8.0_241/lib/slf4j-api-1.7.10.jar:/apps/eb/TASSEL/5.2.44-Java-1.8.0_241/lib/slf4j-simple-1.7.10.jar:/apps/eb/TASSEL/5.2.44-Java-1.8.0_241/lib/commons-codec-1.10.jar:/apps/eb/TASSEL/5.2.44-Java-1.8.0_241/lib/json-simple-1.1.1.jar:/apps/eb/TASSEL/5.2.44-Java-1.8.0_241/lib/ejml-0.23.jar:/apps/eb/TASSEL/5.2.44-Java-1.8.0_241/lib/htsjdk-2.14.0.jar:/apps/eb/TASSEL/5.2.44-Java-1.8.0_241/lib/guava-22.0.jar:/apps/eb/TASSEL/5.2.44-Java-1.8.0_241/lib/snappy-java-1.1.1.6.jar:/apps/eb/TASSEL/5.2.44-Java-1.8.0_241/lib/ahocorasick-0.2.4.jar:/apps/eb/TASSEL/5.2.44-Java-1.8.0_241/lib/biojava-alignment-4.0.0.jar:/apps/eb/TASSEL/5.2.44-Java-1.8.0_241/lib/jcommon-1.0.23.jar:/apps/eb/TASSEL/5.2.44-Java-1.8.0_241/lib/jhdf5-14.12.5.jar:/apps/eb/TASSEL/5.2.44-Java-1.8.0_241/lib/forester-1.038.jar:/apps/eb/TASSEL/5.2.44-Java-1.8.0_241/lib/sqlite-jdbc-3.8.5-pre1.jar:/apps/eb/TASSEL/5.2.44-Java-1.8.0_241/lib/javax.json-1.0.4.jar:/apps/eb/TASSEL/5.2.44-Java-1.8.0_241/lib/jfreesvg-3.2.jar:/apps/eb/TASSEL/5.2.44-Java-1.8.0_241/lib/biojava-core-4.0.0.jar:/apps/eb/TASSEL/5.2.44-Java-1.8.0_241/lib/biojava-phylo-4.0.0.jar:/apps/eb/TASSEL/5.2.44-Java-1.8.0_241/lib/mail-1.4.jar:/apps/eb/TASSEL/5.2.44-Java-1.8.0_241/lib/jfreechart-1.0.19.jar:/apps/eb/TASSEL/5.2.44-Java-1.8.0_241/lib/itextpdf-5.1.0.jar:/apps/eb/TASSEL/5.2.44-Java-1.8.0_241/lib/colt-1.2.0.jar:/apps/eb/TASSEL/5.2.44-Java-1.8.0_241/lib/commons-math3-3.4.1.jar:/apps/eb/TASSEL/5.2.44-Java-1.8.0_241/lib/trove-3.0.3.jar:/apps/eb/TASSEL/5.2.44-Java-1.8.0_241/lib/postgresql-9.4-1201.jdbc41.jar:/apps/eb/TASSEL/5.2.44-Java-1.8.0_241/lib/junit-4.10.jar:/apps/eb/TASSEL/5.2.44-Java-1.8.0_241/lib/log4j-1.2.13.jar:/apps/eb/TASSEL/5.2.44-Java-1.8.0_241/sTASSEL.jar
Memory Settings: -Xms300G -Xmx850G
Tassel Pipeline Arguments: -fork1 -DiscoverySNPCallerPluginV2 -db /scratch/mjb51923/Ab10_Global_Survey/out/AlignGBS_HiFiAb10Corrected_v2/AllData_v5.db -ref /scratch/mjb51923/ref_genomes/Ab10_HiFi_v2_corrected_BChrom.noscaf.fa -endPlugin -runfork1
[main] INFO net.maizegenetics.tassel.TasselLogging - Tassel Version: 5.2.44  Date: May 17, 2018
[main] INFO net.maizegenetics.tassel.TasselLogging - Max Available Memory Reported by JVM: 841386 MB
[main] INFO net.maizegenetics.tassel.TasselLogging - Java Version: 1.8.0_241
[main] INFO net.maizegenetics.tassel.TasselLogging - OS: Linux
[main] INFO net.maizegenetics.tassel.TasselLogging - Number of Processors: 1
[main] INFO net.maizegenetics.pipeline.TasselPipeline - Tassel Pipeline Arguments: [-fork1, -DiscoverySNPCallerPluginV2, -db, /scratch/mjb51923/Ab10_Global_Survey/out/AlignGBS_HiFiAb10Corrected_v2/AllData_v5.db, -ref, /scratch/mjb51923/ref_genomes/Ab10_HiFi_v2_corrected_BChrom.noscaf.fa, -endPlugin, -runfork1]
net.maizegenetics.analysis.gbs.v2.DiscoverySNPCallerPluginV2
[pool-1-thread-1] INFO net.maizegenetics.plugindef.AbstractPlugin - Starting net.maizegenetics.analysis.gbs.v2.DiscoverySNPCallerPluginV2: time: Dec 3, 2024 13:18:35
Genome FASTA character conversion: ACGTNacgtn to ACGTNacgtn
[pool-1-thread-1] INFO net.maizegenetics.analysis.gbs.v2.DiscoverySNPCallerPluginV2 - MinMAF:0.0100000 

[pool-1-thread-1] INFO net.maizegenetics.plugindef.AbstractPlugin - 
DiscoverySNPCallerPluginV2 Parameters
db: /scratch/mjb51923/Ab10_Global_Survey/out/AlignGBS_HiFiAb10Corrected_v2/AllData_v5.db
mnMAF: 0.01
mnLCov: 0.1
ref: /scratch/mjb51923/ref_genomes/Ab10_HiFi_v2_corrected_BChrom.noscaf.fa
sC: null
eC: null
inclGaps: false
gapAlignRatio: 1.0
maxTagsCutSite: 64
deleteOldData: true

[pool-1-thread-1] INFO net.maizegenetics.analysis.gbs.v2.DiscoverySNPCallerPluginV2 - Finding SNPs in /scratch/mjb51923/Ab10_Global_Survey/out/AlignGBS_HiFiAb10Corrected_v2/AllData_v5.db.
[pool-1-thread-1] INFO net.maizegenetics.analysis.gbs.v2.DiscoverySNPCallerPluginV2 - StartChr:null EndChr:null 

size of all tags in tag table=10038688
size of all tissues in tissue table=0
size of all tags in mappingApproach table=2
size of all taxa in taxa table=22861
[pool-1-thread-1] INFO net.maizegenetics.analysis.gbs.v2.DiscoverySNPCallerPluginV2 - deleteOldData is TRUE: Clearing previous Discovery and SNPQuality data
[pool-1-thread-1] INFO net.maizegenetics.analysis.gbs.v2.DiscoverySNPCallerPluginV2 - Start processing chromosome 1

[pool-1-thread-1] INFO net.maizegenetics.analysis.gbs.v2.DiscoverySNPCallerPluginV2 - Calling getCutPosForStrand FORWARD strands...
size of all positions in cutPosition table=2880815
positionTagTaxaMap size, forwardStrand, true size:203315 totalTagsAdded:430584
[pool-1-thread-1] INFO net.maizegenetics.analysis.gbs.v2.DiscoverySNPCallerPluginV2 - 
Calling getCutPosForStrand REVERSE strands...
positionTagTaxaMap size, forwardStrand, false size:203863 totalTagsAdded:432374
[pool-1-thread-1] INFO net.maizegenetics.analysis.gbs.v2.DiscoverySNPCallerPluginV2 - Finished processing chromosome 1


size of all positions in snpPosition table=0
putSNPPositionsIfAbsent next10001
putSNPPositionsIfAbsent next10001
putSNPPositionsIfAbsent next10001
putSNPPositionsIfAbsent next10001
putSNPPositionsIfAbsent next10001
putSNPPositionsIfAbsent next10001
putSNPPositionsIfAbsent next10001
putSNPPositionsIfAbsent next10001
putSNPPositionsIfAbsent next10001
putSNPPositionsIfAbsent next10001
size of all positions in snpPosition table=103567
putAlleleIfAbsent next10001
putAlleleIfAbsent next10001
putAlleleIfAbsent next10001
putAlleleIfAbsent next10001
putAlleleIfAbsent next10001
putAlleleIfAbsent next10001
putAlleleIfAbsent next10001
putAlleleIfAbsent next10001
putAlleleIfAbsent next10001
putAlleleIfAbsent next10001
putAlleleIfAbsent next10001
putAlleleIfAbsent next10001
putAlleleIfAbsent next10001
putAlleleIfAbsent next10001
putAlleleIfAbsent next10001
putAlleleIfAbsent next10001
putAlleleIfAbsent next10001
putAlleleIfAbsent next10001
putAlleleIfAbsent next10001
putAlleleIfAbsent next10001
putAlleleIfAbsent next10001
size of all positions in snpPosition table=103567
size of all alleles in allele table=218324
alleleTagInsertPS next10001
alleleTagInsertPS next10001
alleleTagInsertPS next10001
alleleTagInsertPS next10001
alleleTagInsertPS next10001
alleleTagInsertPS next10001
alleleTagInsertPS next10001
alleleTagInsertPS next10001
alleleTagInsertPS next10001
alleleTagInsertPS next10001
alleleTagInsertPS next10001
alleleTagInsertPS next10001
alleleTagInsertPS next10001
alleleTagInsertPS next10001
alleleTagInsertPS next10001
alleleTagInsertPS next10001
alleleTagInsertPS next10001
alleleTagInsertPS next10001
alleleTagInsertPS next10001
alleleTagInsertPS next10001
alleleTagInsertPS next10001
alleleTagInsertPS next10001
alleleTagInsertPS next10001
alleleTagInsertPS next10001
alleleTagInsertPS next10001
alleleTagInsertPS next10001
alleleTagInsertPS next10001
alleleTagInsertPS next10001
alleleTagInsertPS next10001
alleleTagInsertPS next10001
alleleTagInsertPS next10001
alleleTagInsertPS next10001
alleleTagInsertPS next10001
alleleTagInsertPS next10001
alleleTagInsertPS next10001
alleleTagInsertPS next10001
alleleTagInsertPS next10001
alleleTagInsertPS next10001
alleleTagInsertPS next10001
alleleTagInsertPS next10001
alleleTagInsertPS next10001
alleleTagInsertPS next10001
alleleTagInsertPS next10001
alleleTagInsertPS next10001
alleleTagInsertPS next10001
alleleTagInsertPS next10001
alleleTagInsertPS next10001
alleleTagInsertPS next10001
alleleTagInsertPS next10001
alleleTagInsertPS next10001
alleleTagInsertPS next10001
alleleTagInsertPS next10001
alleleTagInsertPS next10001
alleleTagInsertPS next10001
alleleTagInsertPS next10001
alleleTagInsertPS next10001
alleleTagInsertPS next10001
alleleTagInsertPS next10001
alleleTagInsertPS next10001
alleleTagInsertPS next10001
alleleTagInsertPS next10001
alleleTagInsertPS next10001
alleleTagInsertPS next10001
alleleTagInsertPS next10001
alleleTagInsertPS next10001
alleleTagInsertPS next10001
alleleTagInsertPS next10001
alleleTagInsertPS next10001
alleleTagInsertPS next10001
alleleTagInsertPS next10001
alleleTagInsertPS next10001
alleleTagInsertPS next10001
alleleTagInsertPS next10001
alleleTagInsertPS next10001
alleleTagInsertPS next10001
alleleTagInsertPS next10001
alleleTagInsertPS next10001
alleleTagInsertPS next10001
alleleTagInsertPS next10001
alleleTagInsertPS next10001
alleleTagInsertPS next10001
alleleTagInsertPS next10001
alleleTagInsertPS next10001
alleleTagInsertPS next10001
alleleTagInsertPS next10001
alleleTagInsertPS next10001
[pool-1-thread-1] INFO net.maizegenetics.analysis.gbs.v2.DiscoverySNPCallerPluginV2 - Start processing chromosome 2

[pool-1-thread-1] INFO net.maizegenetics.analysis.gbs.v2.DiscoverySNPCallerPluginV2 - Calling getCutPosForStrand FORWARD strands...
positionTagTaxaMap size, forwardStrand, true size:160788 totalTagsAdded:340509
[pool-1-thread-1] INFO net.maizegenetics.analysis.gbs.v2.DiscoverySNPCallerPluginV2 - 
Calling getCutPosForStrand REVERSE strands...
positionTagTaxaMap size, forwardStrand, false size:160806 totalTagsAdded:340746
[pool-1-thread-1] INFO net.maizegenetics.analysis.gbs.v2.DiscoverySNPCallerPluginV2 - Finished processing chromosome 2


size of all positions in snpPosition table=103567
putSNPPositionsIfAbsent next10001
putSNPPositionsIfAbsent next10001
putSNPPositionsIfAbsent next10001
putSNPPositionsIfAbsent next10001
putSNPPositionsIfAbsent next10001
putSNPPositionsIfAbsent next10001
putSNPPositionsIfAbsent next10001
putSNPPositionsIfAbsent next10001
size of all positions in snpPosition table=185299
putAlleleIfAbsent next10001
putAlleleIfAbsent next10001
putAlleleIfAbsent next10001
putAlleleIfAbsent next10001
putAlleleIfAbsent next10001
putAlleleIfAbsent next10001
putAlleleIfAbsent next10001
putAlleleIfAbsent next10001
putAlleleIfAbsent next10001
putAlleleIfAbsent next10001
putAlleleIfAbsent next10001
putAlleleIfAbsent next10001
putAlleleIfAbsent next10001
putAlleleIfAbsent next10001
putAlleleIfAbsent next10001
putAlleleIfAbsent next10001
putAlleleIfAbsent next10001
size of all positions in snpPosition table=185299
size of all alleles in allele table=390347
alleleTagInsertPS next10001
alleleTagInsertPS next10001
alleleTagInsertPS next10001
alleleTagInsertPS next10001
alleleTagInsertPS next10001
alleleTagInsertPS next10001
alleleTagInsertPS next10001
alleleTagInsertPS next10001
alleleTagInsertPS next10001
alleleTagInsertPS next10001
alleleTagInsertPS next10001
alleleTagInsertPS next10001
alleleTagInsertPS next10001
alleleTagInsertPS next10001
alleleTagInsertPS next10001
alleleTagInsertPS next10001
alleleTagInsertPS next10001
alleleTagInsertPS next10001
alleleTagInsertPS next10001
alleleTagInsertPS next10001
alleleTagInsertPS next10001
alleleTagInsertPS next10001
alleleTagInsertPS next10001
alleleTagInsertPS next10001
alleleTagInsertPS next10001
alleleTagInsertPS next10001
alleleTagInsertPS next10001
alleleTagInsertPS next10001
alleleTagInsertPS next10001
alleleTagInsertPS next10001
alleleTagInsertPS next10001
alleleTagInsertPS next10001
alleleTagInsertPS next10001
alleleTagInsertPS next10001
alleleTagInsertPS next10001
alleleTagInsertPS next10001
alleleTagInsertPS next10001
alleleTagInsertPS next10001
alleleTagInsertPS next10001
alleleTagInsertPS next10001
alleleTagInsertPS next10001
alleleTagInsertPS next10001
alleleTagInsertPS next10001
alleleTagInsertPS next10001
alleleTagInsertPS next10001
alleleTagInsertPS next10001
alleleTagInsertPS next10001
alleleTagInsertPS next10001
alleleTagInsertPS next10001
alleleTagInsertPS next10001
alleleTagInsertPS next10001
alleleTagInsertPS next10001
alleleTagInsertPS next10001
alleleTagInsertPS next10001
alleleTagInsertPS next10001
alleleTagInsertPS next10001
alleleTagInsertPS next10001
alleleTagInsertPS next10001
alleleTagInsertPS next10001
alleleTagInsertPS next10001
alleleTagInsertPS next10001
alleleTagInsertPS next10001
alleleTagInsertPS next10001
alleleTagInsertPS next10001
alleleTagInsertPS next10001
alleleTagInsertPS next10001
alleleTagInsertPS next10001
alleleTagInsertPS next10001
[pool-1-thread-1] INFO net.maizegenetics.analysis.gbs.v2.DiscoverySNPCallerPluginV2 - Start processing chromosome 3

[pool-1-thread-1] INFO net.maizegenetics.analysis.gbs.v2.DiscoverySNPCallerPluginV2 - Calling getCutPosForStrand FORWARD strands...
positionTagTaxaMap size, forwardStrand, true size:155109 totalTagsAdded:320882
[pool-1-thread-1] INFO net.maizegenetics.analysis.gbs.v2.DiscoverySNPCallerPluginV2 - 
Calling getCutPosForStrand REVERSE strands...
positionTagTaxaMap size, forwardStrand, false size:155094 totalTagsAdded:321419
[pool-1-thread-1] INFO net.maizegenetics.analysis.gbs.v2.DiscoverySNPCallerPluginV2 - Finished processing chromosome 3


size of all positions in snpPosition table=185299
putSNPPositionsIfAbsent next10001
putSNPPositionsIfAbsent next10001
putSNPPositionsIfAbsent next10001
putSNPPositionsIfAbsent next10001
putSNPPositionsIfAbsent next10001
putSNPPositionsIfAbsent next10001
putSNPPositionsIfAbsent next10001
size of all positions in snpPosition table=261925
putAlleleIfAbsent next10001
putAlleleIfAbsent next10001
putAlleleIfAbsent next10001
putAlleleIfAbsent next10001
putAlleleIfAbsent next10001
putAlleleIfAbsent next10001
putAlleleIfAbsent next10001
putAlleleIfAbsent next10001
putAlleleIfAbsent next10001
putAlleleIfAbsent next10001
putAlleleIfAbsent next10001
putAlleleIfAbsent next10001
putAlleleIfAbsent next10001
putAlleleIfAbsent next10001
putAlleleIfAbsent next10001
putAlleleIfAbsent next10001
size of all positions in snpPosition table=261925
size of all alleles in allele table=551860
alleleTagInsertPS next10001
alleleTagInsertPS next10001
alleleTagInsertPS next10001
alleleTagInsertPS next10001
alleleTagInsertPS next10001
alleleTagInsertPS next10001
alleleTagInsertPS next10001
alleleTagInsertPS next10001
alleleTagInsertPS next10001
alleleTagInsertPS next10001
alleleTagInsertPS next10001
alleleTagInsertPS next10001
alleleTagInsertPS next10001
alleleTagInsertPS next10001
alleleTagInsertPS next10001
alleleTagInsertPS next10001
alleleTagInsertPS next10001
alleleTagInsertPS next10001
alleleTagInsertPS next10001
alleleTagInsertPS next10001
alleleTagInsertPS next10001
alleleTagInsertPS next10001
alleleTagInsertPS next10001
alleleTagInsertPS next10001
alleleTagInsertPS next10001
alleleTagInsertPS next10001
alleleTagInsertPS next10001
alleleTagInsertPS next10001
alleleTagInsertPS next10001
alleleTagInsertPS next10001
alleleTagInsertPS next10001
alleleTagInsertPS next10001
alleleTagInsertPS next10001
alleleTagInsertPS next10001
alleleTagInsertPS next10001
alleleTagInsertPS next10001
alleleTagInsertPS next10001
alleleTagInsertPS next10001
alleleTagInsertPS next10001
alleleTagInsertPS next10001
alleleTagInsertPS next10001
alleleTagInsertPS next10001
alleleTagInsertPS next10001
alleleTagInsertPS next10001
alleleTagInsertPS next10001
alleleTagInsertPS next10001
alleleTagInsertPS next10001
alleleTagInsertPS next10001
alleleTagInsertPS next10001
alleleTagInsertPS next10001
alleleTagInsertPS next10001
alleleTagInsertPS next10001
alleleTagInsertPS next10001
alleleTagInsertPS next10001
alleleTagInsertPS next10001
alleleTagInsertPS next10001
alleleTagInsertPS next10001
alleleTagInsertPS next10001
alleleTagInsertPS next10001
alleleTagInsertPS next10001
alleleTagInsertPS next10001
alleleTagInsertPS next10001
alleleTagInsertPS next10001
[pool-1-thread-1] INFO net.maizegenetics.analysis.gbs.v2.DiscoverySNPCallerPluginV2 - Start processing chromosome 4

[pool-1-thread-1] INFO net.maizegenetics.analysis.gbs.v2.DiscoverySNPCallerPluginV2 - Calling getCutPosForStrand FORWARD strands...
positionTagTaxaMap size, forwardStrand, true size:159180 totalTagsAdded:321300
[pool-1-thread-1] INFO net.maizegenetics.analysis.gbs.v2.DiscoverySNPCallerPluginV2 - 
Calling getCutPosForStrand REVERSE strands...
positionTagTaxaMap size, forwardStrand, false size:159383 totalTagsAdded:321357
[pool-1-thread-1] INFO net.maizegenetics.analysis.gbs.v2.DiscoverySNPCallerPluginV2 - Finished processing chromosome 4


size of all positions in snpPosition table=261925
putSNPPositionsIfAbsent next10001
putSNPPositionsIfAbsent next10001
putSNPPositionsIfAbsent next10001
putSNPPositionsIfAbsent next10001
putSNPPositionsIfAbsent next10001
putSNPPositionsIfAbsent next10001
size of all positions in snpPosition table=331683
putAlleleIfAbsent next10001
putAlleleIfAbsent next10001
putAlleleIfAbsent next10001
putAlleleIfAbsent next10001
putAlleleIfAbsent next10001
putAlleleIfAbsent next10001
putAlleleIfAbsent next10001
putAlleleIfAbsent next10001
putAlleleIfAbsent next10001
putAlleleIfAbsent next10001
putAlleleIfAbsent next10001
putAlleleIfAbsent next10001
putAlleleIfAbsent next10001
putAlleleIfAbsent next10001
size of all positions in snpPosition table=331683
size of all alleles in allele table=698613
alleleTagInsertPS next10001
alleleTagInsertPS next10001
alleleTagInsertPS next10001
alleleTagInsertPS next10001
alleleTagInsertPS next10001
alleleTagInsertPS next10001
alleleTagInsertPS next10001
alleleTagInsertPS next10001
alleleTagInsertPS next10001
alleleTagInsertPS next10001
alleleTagInsertPS next10001
alleleTagInsertPS next10001
alleleTagInsertPS next10001
alleleTagInsertPS next10001
alleleTagInsertPS next10001
alleleTagInsertPS next10001
alleleTagInsertPS next10001
alleleTagInsertPS next10001
alleleTagInsertPS next10001
alleleTagInsertPS next10001
alleleTagInsertPS next10001
alleleTagInsertPS next10001
alleleTagInsertPS next10001
alleleTagInsertPS next10001
alleleTagInsertPS next10001
alleleTagInsertPS next10001
alleleTagInsertPS next10001
alleleTagInsertPS next10001
alleleTagInsertPS next10001
alleleTagInsertPS next10001
alleleTagInsertPS next10001
alleleTagInsertPS next10001
alleleTagInsertPS next10001
alleleTagInsertPS next10001
alleleTagInsertPS next10001
alleleTagInsertPS next10001
alleleTagInsertPS next10001
alleleTagInsertPS next10001
alleleTagInsertPS next10001
alleleTagInsertPS next10001
alleleTagInsertPS next10001
alleleTagInsertPS next10001
alleleTagInsertPS next10001
alleleTagInsertPS next10001
alleleTagInsertPS next10001
alleleTagInsertPS next10001
alleleTagInsertPS next10001
alleleTagInsertPS next10001
alleleTagInsertPS next10001
alleleTagInsertPS next10001
alleleTagInsertPS next10001
alleleTagInsertPS next10001
alleleTagInsertPS next10001
alleleTagInsertPS next10001
alleleTagInsertPS next10001
alleleTagInsertPS next10001
alleleTagInsertPS next10001
alleleTagInsertPS next10001
[pool-1-thread-1] INFO net.maizegenetics.analysis.gbs.v2.DiscoverySNPCallerPluginV2 - Start processing chromosome 5

[pool-1-thread-1] INFO net.maizegenetics.analysis.gbs.v2.DiscoverySNPCallerPluginV2 - Calling getCutPosForStrand FORWARD strands...
positionTagTaxaMap size, forwardStrand, true size:150751 totalTagsAdded:318105
[pool-1-thread-1] INFO net.maizegenetics.analysis.gbs.v2.DiscoverySNPCallerPluginV2 - 
Calling getCutPosForStrand REVERSE strands...
positionTagTaxaMap size, forwardStrand, false size:150726 totalTagsAdded:316967
[pool-1-thread-1] INFO net.maizegenetics.analysis.gbs.v2.DiscoverySNPCallerPluginV2 - Finished processing chromosome 5


size of all positions in snpPosition table=331683
putSNPPositionsIfAbsent next10001
putSNPPositionsIfAbsent next10001
putSNPPositionsIfAbsent next10001
putSNPPositionsIfAbsent next10001
putSNPPositionsIfAbsent next10001
putSNPPositionsIfAbsent next10001
putSNPPositionsIfAbsent next10001
size of all positions in snpPosition table=407242
putAlleleIfAbsent next10001
putAlleleIfAbsent next10001
putAlleleIfAbsent next10001
putAlleleIfAbsent next10001
putAlleleIfAbsent next10001
putAlleleIfAbsent next10001
putAlleleIfAbsent next10001
putAlleleIfAbsent next10001
putAlleleIfAbsent next10001
putAlleleIfAbsent next10001
putAlleleIfAbsent next10001
putAlleleIfAbsent next10001
putAlleleIfAbsent next10001
putAlleleIfAbsent next10001
putAlleleIfAbsent next10001
size of all positions in snpPosition table=407242
size of all alleles in allele table=857921
alleleTagInsertPS next10001
alleleTagInsertPS next10001
alleleTagInsertPS next10001
alleleTagInsertPS next10001
alleleTagInsertPS next10001
alleleTagInsertPS next10001
alleleTagInsertPS next10001
alleleTagInsertPS next10001
alleleTagInsertPS next10001
alleleTagInsertPS next10001
alleleTagInsertPS next10001
alleleTagInsertPS next10001
alleleTagInsertPS next10001
alleleTagInsertPS next10001
alleleTagInsertPS next10001
alleleTagInsertPS next10001
alleleTagInsertPS next10001
alleleTagInsertPS next10001
alleleTagInsertPS next10001
alleleTagInsertPS next10001
alleleTagInsertPS next10001
alleleTagInsertPS next10001
alleleTagInsertPS next10001
alleleTagInsertPS next10001
alleleTagInsertPS next10001
alleleTagInsertPS next10001
alleleTagInsertPS next10001
alleleTagInsertPS next10001
alleleTagInsertPS next10001
alleleTagInsertPS next10001
alleleTagInsertPS next10001
alleleTagInsertPS next10001
alleleTagInsertPS next10001
alleleTagInsertPS next10001
alleleTagInsertPS next10001
alleleTagInsertPS next10001
alleleTagInsertPS next10001
alleleTagInsertPS next10001
alleleTagInsertPS next10001
alleleTagInsertPS next10001
alleleTagInsertPS next10001
alleleTagInsertPS next10001
alleleTagInsertPS next10001
alleleTagInsertPS next10001
alleleTagInsertPS next10001
alleleTagInsertPS next10001
alleleTagInsertPS next10001
alleleTagInsertPS next10001
alleleTagInsertPS next10001
alleleTagInsertPS next10001
alleleTagInsertPS next10001
alleleTagInsertPS next10001
alleleTagInsertPS next10001
alleleTagInsertPS next10001
alleleTagInsertPS next10001
alleleTagInsertPS next10001
alleleTagInsertPS next10001
alleleTagInsertPS next10001
alleleTagInsertPS next10001
alleleTagInsertPS next10001
alleleTagInsertPS next10001
alleleTagInsertPS next10001
[pool-1-thread-1] INFO net.maizegenetics.analysis.gbs.v2.DiscoverySNPCallerPluginV2 - Start processing chromosome 6

[pool-1-thread-1] INFO net.maizegenetics.analysis.gbs.v2.DiscoverySNPCallerPluginV2 - Calling getCutPosForStrand FORWARD strands...
positionTagTaxaMap size, forwardStrand, true size:118124 totalTagsAdded:249906
[pool-1-thread-1] INFO net.maizegenetics.analysis.gbs.v2.DiscoverySNPCallerPluginV2 - 
Calling getCutPosForStrand REVERSE strands...
positionTagTaxaMap size, forwardStrand, false size:117952 totalTagsAdded:250354
[pool-1-thread-1] INFO net.maizegenetics.analysis.gbs.v2.DiscoverySNPCallerPluginV2 - Finished processing chromosome 6


size of all positions in snpPosition table=407242
putSNPPositionsIfAbsent next10001
putSNPPositionsIfAbsent next10001
putSNPPositionsIfAbsent next10001
putSNPPositionsIfAbsent next10001
putSNPPositionsIfAbsent next10001
size of all positions in snpPosition table=465439
putAlleleIfAbsent next10001
putAlleleIfAbsent next10001
putAlleleIfAbsent next10001
putAlleleIfAbsent next10001
putAlleleIfAbsent next10001
putAlleleIfAbsent next10001
putAlleleIfAbsent next10001
putAlleleIfAbsent next10001
putAlleleIfAbsent next10001
putAlleleIfAbsent next10001
putAlleleIfAbsent next10001
putAlleleIfAbsent next10001
size of all positions in snpPosition table=465439
size of all alleles in allele table=980728
alleleTagInsertPS next10001
alleleTagInsertPS next10001
alleleTagInsertPS next10001
alleleTagInsertPS next10001
alleleTagInsertPS next10001
alleleTagInsertPS next10001
alleleTagInsertPS next10001
alleleTagInsertPS next10001
alleleTagInsertPS next10001
alleleTagInsertPS next10001
alleleTagInsertPS next10001
alleleTagInsertPS next10001
alleleTagInsertPS next10001
alleleTagInsertPS next10001
alleleTagInsertPS next10001
alleleTagInsertPS next10001
alleleTagInsertPS next10001
alleleTagInsertPS next10001
alleleTagInsertPS next10001
alleleTagInsertPS next10001
alleleTagInsertPS next10001
alleleTagInsertPS next10001
alleleTagInsertPS next10001
alleleTagInsertPS next10001
alleleTagInsertPS next10001
alleleTagInsertPS next10001
alleleTagInsertPS next10001
alleleTagInsertPS next10001
alleleTagInsertPS next10001
alleleTagInsertPS next10001
alleleTagInsertPS next10001
alleleTagInsertPS next10001
alleleTagInsertPS next10001
alleleTagInsertPS next10001
alleleTagInsertPS next10001
alleleTagInsertPS next10001
alleleTagInsertPS next10001
alleleTagInsertPS next10001
alleleTagInsertPS next10001
alleleTagInsertPS next10001
alleleTagInsertPS next10001
alleleTagInsertPS next10001
alleleTagInsertPS next10001
alleleTagInsertPS next10001
alleleTagInsertPS next10001
alleleTagInsertPS next10001
alleleTagInsertPS next10001
alleleTagInsertPS next10001
alleleTagInsertPS next10001
[pool-1-thread-1] INFO net.maizegenetics.analysis.gbs.v2.DiscoverySNPCallerPluginV2 - Start processing chromosome 7_CORRECTED

[pool-1-thread-1] INFO net.maizegenetics.analysis.gbs.v2.DiscoverySNPCallerPluginV2 - Calling getCutPosForStrand FORWARD strands...
positionTagTaxaMap size, forwardStrand, true size:117664 totalTagsAdded:243757
[pool-1-thread-1] INFO net.maizegenetics.analysis.gbs.v2.DiscoverySNPCallerPluginV2 - 
Calling getCutPosForStrand REVERSE strands...
positionTagTaxaMap size, forwardStrand, false size:117672 totalTagsAdded:243147
[pool-1-thread-1] INFO net.maizegenetics.analysis.gbs.v2.DiscoverySNPCallerPluginV2 - Finished processing chromosome 7_CORRECTED


size of all positions in snpPosition table=465439
putSNPPositionsIfAbsent next10001
putSNPPositionsIfAbsent next10001
putSNPPositionsIfAbsent next10001
putSNPPositionsIfAbsent next10001
putSNPPositionsIfAbsent next10001
size of all positions in snpPosition table=522326
putAlleleIfAbsent next10001
putAlleleIfAbsent next10001
putAlleleIfAbsent next10001
putAlleleIfAbsent next10001
putAlleleIfAbsent next10001
putAlleleIfAbsent next10001
putAlleleIfAbsent next10001
putAlleleIfAbsent next10001
putAlleleIfAbsent next10001
putAlleleIfAbsent next10001
putAlleleIfAbsent next10001
size of all positions in snpPosition table=522326
size of all alleles in allele table=1100500
alleleTagInsertPS next10001
alleleTagInsertPS next10001
alleleTagInsertPS next10001
alleleTagInsertPS next10001
alleleTagInsertPS next10001
alleleTagInsertPS next10001
alleleTagInsertPS next10001
alleleTagInsertPS next10001
alleleTagInsertPS next10001
alleleTagInsertPS next10001
alleleTagInsertPS next10001
alleleTagInsertPS next10001
alleleTagInsertPS next10001
alleleTagInsertPS next10001
alleleTagInsertPS next10001
alleleTagInsertPS next10001
alleleTagInsertPS next10001
alleleTagInsertPS next10001
alleleTagInsertPS next10001
alleleTagInsertPS next10001
alleleTagInsertPS next10001
alleleTagInsertPS next10001
alleleTagInsertPS next10001
alleleTagInsertPS next10001
alleleTagInsertPS next10001
alleleTagInsertPS next10001
alleleTagInsertPS next10001
alleleTagInsertPS next10001
alleleTagInsertPS next10001
alleleTagInsertPS next10001
alleleTagInsertPS next10001
alleleTagInsertPS next10001
alleleTagInsertPS next10001
alleleTagInsertPS next10001
alleleTagInsertPS next10001
alleleTagInsertPS next10001
alleleTagInsertPS next10001
alleleTagInsertPS next10001
alleleTagInsertPS next10001
alleleTagInsertPS next10001
alleleTagInsertPS next10001
alleleTagInsertPS next10001
alleleTagInsertPS next10001
alleleTagInsertPS next10001
alleleTagInsertPS next10001
alleleTagInsertPS next10001
[pool-1-thread-1] INFO net.maizegenetics.analysis.gbs.v2.DiscoverySNPCallerPluginV2 - Start processing chromosome 8_CORRECTED

[pool-1-thread-1] INFO net.maizegenetics.analysis.gbs.v2.DiscoverySNPCallerPluginV2 - Calling getCutPosForStrand FORWARD strands...
positionTagTaxaMap size, forwardStrand, true size:118338 totalTagsAdded:243977
[pool-1-thread-1] INFO net.maizegenetics.analysis.gbs.v2.DiscoverySNPCallerPluginV2 - 
Calling getCutPosForStrand REVERSE strands...
positionTagTaxaMap size, forwardStrand, false size:118266 totalTagsAdded:244013
[pool-1-thread-1] INFO net.maizegenetics.analysis.gbs.v2.DiscoverySNPCallerPluginV2 - Finished processing chromosome 8_CORRECTED


size of all positions in snpPosition table=522326
putSNPPositionsIfAbsent next10001
putSNPPositionsIfAbsent next10001
putSNPPositionsIfAbsent next10001
putSNPPositionsIfAbsent next10001
putSNPPositionsIfAbsent next10001
size of all positions in snpPosition table=578964
putAlleleIfAbsent next10001
putAlleleIfAbsent next10001
putAlleleIfAbsent next10001
putAlleleIfAbsent next10001
putAlleleIfAbsent next10001
putAlleleIfAbsent next10001
putAlleleIfAbsent next10001
putAlleleIfAbsent next10001
putAlleleIfAbsent next10001
putAlleleIfAbsent next10001
putAlleleIfAbsent next10001
size of all positions in snpPosition table=578964
size of all alleles in allele table=1219475
alleleTagInsertPS next10001
alleleTagInsertPS next10001
alleleTagInsertPS next10001
alleleTagInsertPS next10001
alleleTagInsertPS next10001
alleleTagInsertPS next10001
alleleTagInsertPS next10001
alleleTagInsertPS next10001
alleleTagInsertPS next10001
alleleTagInsertPS next10001
alleleTagInsertPS next10001
alleleTagInsertPS next10001
alleleTagInsertPS next10001
alleleTagInsertPS next10001
alleleTagInsertPS next10001
alleleTagInsertPS next10001
alleleTagInsertPS next10001
alleleTagInsertPS next10001
alleleTagInsertPS next10001
alleleTagInsertPS next10001
alleleTagInsertPS next10001
alleleTagInsertPS next10001
alleleTagInsertPS next10001
alleleTagInsertPS next10001
alleleTagInsertPS next10001
alleleTagInsertPS next10001
alleleTagInsertPS next10001
alleleTagInsertPS next10001
alleleTagInsertPS next10001
alleleTagInsertPS next10001
alleleTagInsertPS next10001
alleleTagInsertPS next10001
alleleTagInsertPS next10001
alleleTagInsertPS next10001
alleleTagInsertPS next10001
alleleTagInsertPS next10001
alleleTagInsertPS next10001
alleleTagInsertPS next10001
alleleTagInsertPS next10001
alleleTagInsertPS next10001
alleleTagInsertPS next10001
alleleTagInsertPS next10001
alleleTagInsertPS next10001
alleleTagInsertPS next10001
alleleTagInsertPS next10001
alleleTagInsertPS next10001
[pool-1-thread-1] INFO net.maizegenetics.analysis.gbs.v2.DiscoverySNPCallerPluginV2 - Start processing chromosome 9

[pool-1-thread-1] INFO net.maizegenetics.analysis.gbs.v2.DiscoverySNPCallerPluginV2 - Calling getCutPosForStrand FORWARD strands...
positionTagTaxaMap size, forwardStrand, true size:105931 totalTagsAdded:224511
[pool-1-thread-1] INFO net.maizegenetics.analysis.gbs.v2.DiscoverySNPCallerPluginV2 - 
Calling getCutPosForStrand REVERSE strands...
positionTagTaxaMap size, forwardStrand, false size:105792 totalTagsAdded:224629
[pool-1-thread-1] INFO net.maizegenetics.analysis.gbs.v2.DiscoverySNPCallerPluginV2 - Finished processing chromosome 9


size of all positions in snpPosition table=578964
putSNPPositionsIfAbsent next10001
putSNPPositionsIfAbsent next10001
putSNPPositionsIfAbsent next10001
putSNPPositionsIfAbsent next10001
putSNPPositionsIfAbsent next10001
size of all positions in snpPosition table=631796
putAlleleIfAbsent next10001
putAlleleIfAbsent next10001
putAlleleIfAbsent next10001
putAlleleIfAbsent next10001
putAlleleIfAbsent next10001
putAlleleIfAbsent next10001
putAlleleIfAbsent next10001
putAlleleIfAbsent next10001
putAlleleIfAbsent next10001
putAlleleIfAbsent next10001
putAlleleIfAbsent next10001
size of all positions in snpPosition table=631796
size of all alleles in allele table=1331124
alleleTagInsertPS next10001
alleleTagInsertPS next10001
alleleTagInsertPS next10001
alleleTagInsertPS next10001
alleleTagInsertPS next10001
alleleTagInsertPS next10001
alleleTagInsertPS next10001
alleleTagInsertPS next10001
alleleTagInsertPS next10001
alleleTagInsertPS next10001
alleleTagInsertPS next10001
alleleTagInsertPS next10001
alleleTagInsertPS next10001
alleleTagInsertPS next10001
alleleTagInsertPS next10001
alleleTagInsertPS next10001
alleleTagInsertPS next10001
alleleTagInsertPS next10001
alleleTagInsertPS next10001
alleleTagInsertPS next10001
alleleTagInsertPS next10001
alleleTagInsertPS next10001
alleleTagInsertPS next10001
alleleTagInsertPS next10001
alleleTagInsertPS next10001
alleleTagInsertPS next10001
alleleTagInsertPS next10001
alleleTagInsertPS next10001
alleleTagInsertPS next10001
alleleTagInsertPS next10001
alleleTagInsertPS next10001
alleleTagInsertPS next10001
alleleTagInsertPS next10001
alleleTagInsertPS next10001
alleleTagInsertPS next10001
alleleTagInsertPS next10001
alleleTagInsertPS next10001
alleleTagInsertPS next10001
alleleTagInsertPS next10001
alleleTagInsertPS next10001
alleleTagInsertPS next10001
alleleTagInsertPS next10001
alleleTagInsertPS next10001
alleleTagInsertPS next10001
alleleTagInsertPS next10001
alleleTagInsertPS next10001
[pool-1-thread-1] INFO net.maizegenetics.analysis.gbs.v2.DiscoverySNPCallerPluginV2 - Start processing chromosome 10

[pool-1-thread-1] INFO net.maizegenetics.analysis.gbs.v2.DiscoverySNPCallerPluginV2 - Calling getCutPosForStrand FORWARD strands...
positionTagTaxaMap size, forwardStrand, true size:111691 totalTagsAdded:225179
[pool-1-thread-1] INFO net.maizegenetics.analysis.gbs.v2.DiscoverySNPCallerPluginV2 - 
Calling getCutPosForStrand REVERSE strands...
positionTagTaxaMap size, forwardStrand, false size:111852 totalTagsAdded:225333
[pool-1-thread-1] INFO net.maizegenetics.analysis.gbs.v2.DiscoverySNPCallerPluginV2 - Finished processing chromosome 10


size of all positions in snpPosition table=631796
putSNPPositionsIfAbsent next10001
putSNPPositionsIfAbsent next10001
putSNPPositionsIfAbsent next10001
putSNPPositionsIfAbsent next10001
size of all positions in snpPosition table=681518
putAlleleIfAbsent next10001
putAlleleIfAbsent next10001
putAlleleIfAbsent next10001
putAlleleIfAbsent next10001
putAlleleIfAbsent next10001
putAlleleIfAbsent next10001
putAlleleIfAbsent next10001
putAlleleIfAbsent next10001
putAlleleIfAbsent next10001
putAlleleIfAbsent next10001
size of all positions in snpPosition table=681518
size of all alleles in allele table=1435726
alleleTagInsertPS next10001
alleleTagInsertPS next10001
alleleTagInsertPS next10001
alleleTagInsertPS next10001
alleleTagInsertPS next10001
alleleTagInsertPS next10001
alleleTagInsertPS next10001
alleleTagInsertPS next10001
alleleTagInsertPS next10001
alleleTagInsertPS next10001
alleleTagInsertPS next10001
alleleTagInsertPS next10001
alleleTagInsertPS next10001
alleleTagInsertPS next10001
alleleTagInsertPS next10001
alleleTagInsertPS next10001
alleleTagInsertPS next10001
alleleTagInsertPS next10001
alleleTagInsertPS next10001
alleleTagInsertPS next10001
alleleTagInsertPS next10001
alleleTagInsertPS next10001
alleleTagInsertPS next10001
alleleTagInsertPS next10001
alleleTagInsertPS next10001
alleleTagInsertPS next10001
alleleTagInsertPS next10001
alleleTagInsertPS next10001
alleleTagInsertPS next10001
alleleTagInsertPS next10001
alleleTagInsertPS next10001
alleleTagInsertPS next10001
alleleTagInsertPS next10001
alleleTagInsertPS next10001
alleleTagInsertPS next10001
alleleTagInsertPS next10001
alleleTagInsertPS next10001
alleleTagInsertPS next10001
alleleTagInsertPS next10001
alleleTagInsertPS next10001
alleleTagInsertPS next10001
alleleTagInsertPS next10001
[pool-1-thread-1] INFO net.maizegenetics.analysis.gbs.v2.DiscoverySNPCallerPluginV2 - Start processing chromosome B

[pool-1-thread-1] INFO net.maizegenetics.analysis.gbs.v2.DiscoverySNPCallerPluginV2 - Calling getCutPosForStrand FORWARD strands...
positionTagTaxaMap size, forwardStrand, true size:39138 totalTagsAdded:67781
[pool-1-thread-1] INFO net.maizegenetics.analysis.gbs.v2.DiscoverySNPCallerPluginV2 - 
Calling getCutPosForStrand REVERSE strands...
positionTagTaxaMap size, forwardStrand, false size:39380 totalTagsAdded:68017
[pool-1-thread-1] INFO net.maizegenetics.analysis.gbs.v2.DiscoverySNPCallerPluginV2 - Finished processing chromosome B


size of all positions in snpPosition table=681518
size of all positions in snpPosition table=689481
putAlleleIfAbsent next10001
size of all positions in snpPosition table=689481
size of all alleles in allele table=1452699
alleleTagInsertPS next10001
alleleTagInsertPS next10001
alleleTagInsertPS next10001
alleleTagInsertPS next10001
alleleTagInsertPS next10001
alleleTagInsertPS next10001
alleleTagInsertPS next10001
alleleTagInsertPS next10001
alleleTagInsertPS next10001
Closing SQLDB
[pool-1-thread-1] INFO net.maizegenetics.plugindef.AbstractPlugin - Finished net.maizegenetics.analysis.gbs.v2.DiscoverySNPCallerPluginV2: time: Dec 3, 2024 14:03:4
[pool-1-thread-1] INFO net.maizegenetics.pipeline.TasselPipeline - net.maizegenetics.analysis.gbs.v2.DiscoverySNPCallerPluginV2: time: Dec 3, 2024 14:03:4: progress: 100%
[pool-1-thread-1] INFO net.maizegenetics.plugindef.AbstractPlugin - net.maizegenetics.analysis.gbs.v2.DiscoverySNPCallerPluginV2  Citation: Bradbury PJ, Zhang Z, Kroon DE, Casstevens TM, Ramdoss Y, Buckler ES. (2007) TASSEL: Software for association mapping of complex traits in diverse samples. Bioinformatics 23:2633-2635.
