working on file
BChrom_MaxEntStand4_SSP585
BChrom
SSP585
Loading required package: sp

Attaching package: ‘spatialEco’

The following object is masked from ‘package:raster’:

    shift

[1] "This is the mean:"
[1] -0.1986662
[1] "This is the sd:"
[1] 0.202132
[1] "This is the max value:"
[1] 0.7016318
[1] "This is the min value:"
[1] -0.937623
Error in h(simpleError(msg, call)) : 
  error in evaluating the argument 'filename' in selecting a method for function 'writeStart': missing value where TRUE/FALSE needed
Calls: [<- ... as.character -> as.character.POSIXt -> .handleSimpleError -> h
Execution halted
