working on file
BChrom_MaxEntStand4_SSP245
BChrom
SSP245
Loading required package: sp

Attaching package: ‘spatialEco’

The following object is masked from ‘package:raster’:

    shift

[1] "This is the mean:"
[1] -0.212745
[1] "This is the sd:"
[1] 0.2011276
[1] "This is the max value:"
[1] 0.5799418
[1] "This is the min value:"
[1] -0.9121271
Error in h(simpleError(msg, call)) : 
  error in evaluating the argument 'filename' in selecting a method for function 'writeStart': missing value where TRUE/FALSE needed
Calls: [<- ... as.character -> as.character.POSIXt -> .handleSimpleError -> h
Execution halted
