working on file
BChrom_MaxEntStand4_SSPCurrent
BChrom
Current_SSP
Loading required package: sp

Attaching package: ‘spatialEco’

The following object is masked from ‘package:raster’:

    shift

[1] "This is the mean:"
[1] -0.2352446
[1] "This is the sd:"
[1] 0.19462
[1] "This is the max value:"
[1] 0.4482811
[1] "This is the min value:"
[1] -0.8665476
Error in h(simpleError(msg, call)) : 
  error in evaluating the argument 'filename' in selecting a method for function 'writeStart': missing value where TRUE/FALSE needed
Calls: [<- ... as.character -> as.character.POSIXt -> .handleSimpleError -> h
Execution halted
