working on file
Ab10_MaxEntStand4
Ab10
Current_Full
Loading required package: sp

Attaching package: ‘spatialEco’

The following object is masked from ‘package:raster’:

    shift

[1] "This is the mean:"
[1] -0.2513057
[1] "This is the sd:"
[1] 0.2304656
[1] "This is the max value:"
[1] 0.2851813
[1] "This is the min value:"
[1] -0.8984382
Error in h(simpleError(msg, call)) : 
  error in evaluating the argument 'filename' in selecting a method for function 'writeStart': missing value where TRUE/FALSE needed
Calls: [<- ... as.character -> as.character.POSIXt -> .handleSimpleError -> h
Execution halted
