working on file
BChrom_MaxEntStand4_SSP126
BChrom
SSP126
Loading required package: sp

Attaching package: ‘spatialEco’

The following object is masked from ‘package:raster’:

    shift

[1] "This is the mean:"
[1] -0.2028543
[1] "This is the sd:"
[1] 0.2062272
[1] "This is the max value:"
[1] 0.7933944
[1] "This is the min value:"
[1] -0.8810656
Error in h(simpleError(msg, call)) : 
  error in evaluating the argument 'filename' in selecting a method for function 'writeStart': missing value where TRUE/FALSE needed
Calls: [<- ... as.character -> as.character.POSIXt -> .handleSimpleError -> h
Execution halted
